
                                DATE:  4/ 1/2018
                                  TIME: 22:45


                          L I S R E L  9.30 (64 Bit)

                                       BY

                         Karl G. Jöreskog & Dag Sörbom



                    This program is published exclusively by
                    Scientific Software International, Inc.
                         http://www.ssicentral.com

        Copyright by Scientific Software International, Inc., 1981-2017
          Use of this program is subject to the terms specified in the
                        Universal Copyright Convention.

 The following lines were read from file C:\SEM\Ch05\LISREL\ch5a.LIS:

 Title ch5a Confirmatory Factor Analysis using LISREL syntax
 DATA  NI=18 NO=313 MA=CM
 CM SY FI=ch5a.cov
 LA; A1 A2 A3 B1 B2 B3 C1 C2 C3 D1 D2 D3 E1 E2 E3 F1 F2 F3
 MODEL  NX=18 NK=6 LX=FU,FI TD=DI,FR
 LK; VALUE JOBSTYLE TEAMWORK LEADERSHIP LEARNING ENVIRONMENT
 FREE  LX(1,1) LX(2,1) LX(3,1) LX(4,2) LX(5,2) LX(6,2) LX(7,3)
 FREE  LX(8,3) LX(9,3) LX(10,4) LX(11,4) LX(12,4) LX(13,5) LX(14,5)
 FREE  LX(15,5) LX(16,6) LX(17,6) LX(18,6)
 FIX   PH(1,1) PH(2,2) PH(3,3) PH(4,4) PH(5,5) PH(6,6)
 VALUE 1 PH(1,1) PH(2,2) PH(3,3) PH(4,4) PH(5,5) PH(6,6)
 PD
 OUTPUT  SE TV RS MR FS SS SC MI FT

 ch5a Confirmatory Factor Analysis using LISREL syntax                          

                           Number of Input Variables 18
                           Number of Y - Variables    0
                           Number of X - Variables   18
                           Number of ETA - Variables  0
                           Number of KSI - Variables  6
                           Number of Observations   313

 ch5a Confirmatory Factor Analysis using LISREL syntax                          

         Covariance Matrix       

                  A1         A2         A3         B1         B2         B3   
            --------   --------   --------   --------   --------   --------
       A1      0.968
       A2      0.574      1.047
       A3      0.524      0.397      0.940
       B1      0.269      0.360      0.300      1.343
       B2      0.417      0.474      0.263      0.762      1.337
       B3      0.358      0.381      0.274      0.679      0.824      1.183
       C1      0.197      0.266      0.158      0.407      0.485      0.442
       C2      0.279      0.296      0.122      0.411      0.475      0.399
       C3      0.352      0.411      0.291      0.380      0.470      0.422
       D1      0.306      0.352      0.160      0.275      0.375      0.354
       D2      0.220      0.240      0.119      0.232      0.279      0.256
       D3      0.213      0.269      0.118      0.227      0.340      0.319
       E1      0.329      0.315      0.348      0.387      0.519      0.460
       E2      0.344      0.441      0.327      0.386      0.471      0.426
       E3      0.237      0.400      0.246      0.329      0.425      0.409
       F1      0.346      0.256      0.332      0.163      0.339      0.236
       F2      0.463      0.365      0.290      0.134      0.252      0.282
       F3      0.478      0.381      0.355      0.216      0.337      0.279

         Covariance Matrix       

                  C1         C2         C3         D1         D2         D3   
            --------   --------   --------   --------   --------   --------
       C1      0.953
       C2      0.559      1.064
       C3      0.438      0.510      1.106
       D1      0.245      0.306      0.318      0.876
       D2      0.195      0.283      0.288      0.610      0.703
       D3      0.335      0.367      0.356      0.504      0.491      0.831
       E1      0.340      0.282      0.387      0.420      0.347      0.378
       E2      0.410      0.372      0.400      0.392      0.323      0.408
       E3      0.340      0.349      0.379      0.363      0.308      0.335
       F1      0.340      0.403      0.380      0.272      0.281      0.320
       F2      0.268      0.319      0.469      0.197      0.189      0.210
       F3      0.325      0.291      0.353      0.169      0.141      0.191

         Covariance Matrix       

                  E1         E2         E3         F1         F2         F3   
            --------   --------   --------   --------   --------   --------
       E1      0.945
       E2      0.736      1.016
       E3      0.623      0.734      0.954
       F1      0.306      0.369      0.323      1.364
       F2      0.240      0.324      0.272      0.551      1.196
       F3      0.265      0.320      0.260      0.473      0.662      0.885

 Total Variance = 18.711 Generalized Variance = 0.174810D-03                            

 Largest Eigenvalue = 7.154 Smallest Eigenvalue = 0.156                                   

 Condition Number = 6.767


 ch5a Confirmatory Factor Analysis using LISREL syntax                          

 Parameter Specifications

         LAMBDA-X    

               VALUE   JOBSTYLE   TEAMWORK   LEADERSH   LEARNING   ENVIRONM
            --------   --------   --------   --------   --------   --------
       A1          1          0          0          0          0          0
       A2          2          0          0          0          0          0
       A3          3          0          0          0          0          0
       B1          0          4          0          0          0          0
       B2          0          5          0          0          0          0
       B3          0          6          0          0          0          0
       C1          0          0          7          0          0          0
       C2          0          0          8          0          0          0
       C3          0          0          9          0          0          0
       D1          0          0          0         10          0          0
       D2          0          0          0         11          0          0
       D3          0          0          0         12          0          0
       E1          0          0          0          0         13          0
       E2          0          0          0          0         14          0
       E3          0          0          0          0         15          0
       F1          0          0          0          0          0         16
       F2          0          0          0          0          0         17
       F3          0          0          0          0          0         18

         PHI         

               VALUE   JOBSTYLE   TEAMWORK   LEADERSH   LEARNING   ENVIRONM
            --------   --------   --------   --------   --------   --------
    VALUE          0
 JOBSTYLE         19          0
 TEAMWORK         20         21          0
 LEADERSH         22         23         24          0
 LEARNING         25         26         27         28          0
 ENVIRONM         29         30         31         32         33          0

         THETA-DELTA 

                  A1         A2         A3         B1         B2         B3
            --------   --------   --------   --------   --------   --------
                  34         35         36         37         38         39

         THETA-DELTA 

                  C1         C2         C3         D1         D2         D3
            --------   --------   --------   --------   --------   --------
                  40         41         42         43         44         45

         THETA-DELTA 

                  E1         E2         E3         F1         F2         F3
            --------   --------   --------   --------   --------   --------
                  46         47         48         49         50         51
 


 ch5a Confirmatory Factor Analysis using LISREL syntax                          

 Number of Iterations = 8           

 LISREL Estimates (Maximum Likelihood)                           

         LAMBDA-X    

               VALUE   JOBSTYLE   TEAMWORK   LEADERSH   LEARNING   ENVIRONM   
            --------   --------   --------   --------   --------   --------
       A1      0.816       - -        - -        - -        - -        - - 
             (0.051)
              15.963
 
       A2      0.707       - -        - -        - -        - -        - - 
             (0.056)
              12.728
 
       A3      0.615       - -        - -        - -        - -        - - 
             (0.054)
              11.431
 
       B1       - -       0.790       - -        - -        - -        - - 
                        (0.062)
                         12.759
 
       B2       - -       0.963       - -        - -        - -        - - 
                        (0.058)
                         16.587
 
       B3       - -       0.857       - -        - -        - -        - - 
                        (0.056)
                         15.404
 
       C1       - -        - -       0.700       - -        - -        - - 
                                   (0.053)
                                    13.173
 
       C2       - -        - -       0.737       - -        - -        - - 
                                   (0.056)
                                    13.121
 
       C3       - -        - -       0.697       - -        - -        - - 
                                   (0.058)
                                    11.945
 
       D1       - -        - -        - -       0.812       - -        - - 
                                              (0.045)
                                               18.176
 
       D2       - -        - -        - -       0.742       - -        - - 
                                              (0.040)
                                               18.731
 
       D3       - -        - -        - -       0.656       - -        - - 
                                              (0.047)
                                               14.073
 
       E1       - -        - -        - -        - -       0.807       - - 
                                                         (0.046)
                                                          17.395
 
       E2       - -        - -        - -        - -       0.913       - - 
                                                         (0.046)
                                                          19.858
 
       E3       - -        - -        - -        - -       0.792       - - 
                                                         (0.047)
                                                          16.802
 
       F1       - -        - -        - -        - -        - -       0.642
                                                                    (0.066)
                                                                      9.659
 
       F2       - -        - -        - -        - -        - -       0.829
                                                                    (0.058)
                                                                     14.293
 
       F3       - -        - -        - -        - -        - -       0.788
                                                                    (0.049)
                                                                     16.153
 

         PHI         

               VALUE   JOBSTYLE   TEAMWORK   LEADERSH   LEARNING   ENVIRONM   
            --------   --------   --------   --------   --------   --------
    VALUE      1.000
 
 JOBSTYLE      0.542      1.000
             (0.054)
               9.978
 
 TEAMWORK      0.494      0.697      1.000
             (0.061)    (0.047)
               8.100     14.891
 
 LEADERSH      0.417      0.448      0.522      1.000
             (0.058)    (0.055)    (0.055)
               7.172      8.130      9.484
 
 LEARNING      0.526      0.574      0.603      0.557      1.000
             (0.052)    (0.048)    (0.050)    (0.046)
              10.072     12.087     12.128     12.057
 
 ENVIRONM      0.696      0.391      0.600      0.316      0.443      1.000
             (0.046)    (0.061)    (0.054)    (0.062)    (0.056)
              15.155      6.401     11.021      5.140      7.946
 

         THETA-DELTA 

                  A1         A2         A3         B1         B2         B3   
            --------   --------   --------   --------   --------   --------
               0.302      0.547      0.562      0.718      0.410      0.449
             (0.046)    (0.055)    (0.053)    (0.068)    (0.057)    (0.052)
               6.510      9.982     10.698     10.523      7.211      8.601
 

         THETA-DELTA 

                  C1         C2         C3         D1         D2         D3   
            --------   --------   --------   --------   --------   --------
               0.463      0.520      0.620      0.217      0.152      0.401
             (0.050)    (0.056)    (0.061)    (0.031)    (0.024)    (0.037)
               9.305      9.349     10.172      7.042      6.221     10.800
 

         THETA-DELTA 

                  E1         E2         E3         F1         F2         F3   
            --------   --------   --------   --------   --------   --------
               0.293      0.182      0.327      0.952      0.509      0.265
             (0.032)    (0.030)    (0.034)    (0.083)    (0.058)    (0.042)
               9.242      6.104      9.741     11.402      8.705      6.263
 

         Squared Multiple Correlations for X - Variables         

                  A1         A2         A3         B1         B2         B3   
            --------   --------   --------   --------   --------   --------
               0.688      0.478      0.402      0.465      0.694      0.621

         Squared Multiple Correlations for X - Variables         

                  C1         C2         C3         D1         D2         D3   
            --------   --------   --------   --------   --------   --------
               0.514      0.511      0.439      0.752      0.784      0.518

         Squared Multiple Correlations for X - Variables         

                  E1         E2         E3         F1         F2         F3   
            --------   --------   --------   --------   --------   --------
               0.690      0.821      0.658      0.302      0.575      0.701

                                 Log-likelihood Values

                        Estimated Model          Saturated Model
                        ---------------          ---------------
 Number of free parameters(t)        51                      171
 -2ln(L)                       3168.281                 2925.983
 AIC (Akaike, 1974)*           3270.281                 3267.983
 BIC (Schwarz, 1978)*          3461.337                 3908.584

*LISREL uses AIC= 2t - 2ln(L) and BIC = tln(N)- 2ln(L)


                           Goodness-of-Fit Statistics

 Degrees of Freedom for (C1)-(C2)                      120
 Maximum Likelihood Ratio Chi-Square (C1)              242.298 (P = 0.0000)
 Browne's (1984) ADF Chi-Square (C2_NT)                230.062 (P = 0.0000)
 
 Estimated Non-centrality Parameter (NCP)              122.298
 90 Percent Confidence Interval for NCP                (81.721 ; 170.655)
 
 Minimum Fit Function Value                            0.774
 Population Discrepancy Function Value (F0)            0.391
 90 Percent Confidence Interval for F0                 (0.261 ; 0.545)
 Root Mean Square Error of Approximation (RMSEA)       0.0571
 90 Percent Confidence Interval for RMSEA              (0.0466 ; 0.0674)
 P-Value for Test of Close Fit (RMSEA < 0.05)          0.128
 
 Expected Cross-Validation Index (ECVI)                1.100
 90 Percent Confidence Interval for ECVI               (0.970 ; 1.254)
 ECVI for Saturated Model                              1.093
 ECVI for Independence Model                           9.196
 
 Chi-Square for Independence Model (153 df)        2842.325
 
 Normed Fit Index (NFI)                                0.915
 Non-Normed Fit Index (NNFI)                           0.942
 Parsimony Normed Fit Index (PNFI)                     0.717
 Comparative Fit Index (CFI)                           0.955
 Incremental Fit Index (IFI)                           0.955
 Relative Fit Index (RFI)                              0.891
 
 Critical N (CN)                                     205.676
 
 
 Root Mean Square Residual (RMR)                       0.0536
 Standardized RMR                                      0.0518
 Goodness of Fit Index (GFI)                           0.924
 Adjusted Goodness of Fit Index (AGFI)                 0.892
 Parsimony Goodness of Fit Index (PGFI)                0.649

 ch5a Confirmatory Factor Analysis using LISREL syntax                          

         Fitted Covariance Matrix

                  A1         A2         A3         B1         B2         B3   
            --------   --------   --------   --------   --------   --------
       A1      0.968
       A2      0.578      1.047
       A3      0.502      0.435      0.940
       B1      0.349      0.303      0.263      1.343
       B2      0.426      0.369      0.321      0.761      1.337
       B3      0.379      0.328      0.285      0.677      0.825      1.183
       C1      0.282      0.245      0.213      0.386      0.470      0.418
       C2      0.297      0.258      0.224      0.406      0.495      0.440
       C3      0.281      0.244      0.212      0.384      0.468      0.416
       D1      0.276      0.239      0.208      0.287      0.350      0.311
       D2      0.253      0.219      0.190      0.263      0.320      0.285
       D3      0.223      0.193      0.168      0.232      0.283      0.252
       E1      0.346      0.300      0.261      0.367      0.447      0.397
       E2      0.392      0.340      0.295      0.415      0.505      0.450
       E3      0.340      0.294      0.256      0.360      0.438      0.390
       F1      0.364      0.316      0.274      0.198      0.242      0.215
       F2      0.471      0.408      0.354      0.256      0.312      0.278
       F3      0.447      0.388      0.337      0.243      0.296      0.264

         Fitted Covariance Matrix

                  C1         C2         C3         D1         D2         D3   
            --------   --------   --------   --------   --------   --------
       C1      0.953
       C2      0.516      1.064
       C3      0.488      0.514      1.106
       D1      0.297      0.313      0.295      0.876
       D2      0.271      0.286      0.270      0.602      0.703
       D3      0.240      0.253      0.239      0.532      0.487      0.831
       E1      0.341      0.359      0.340      0.365      0.334      0.295
       E2      0.386      0.406      0.384      0.413      0.378      0.334
       E3      0.335      0.352      0.333      0.358      0.327      0.289
       F1      0.269      0.284      0.268      0.165      0.151      0.133
       F2      0.348      0.367      0.347      0.213      0.195      0.172
       F3      0.331      0.348      0.329      0.202      0.185      0.163

         Fitted Covariance Matrix

                  E1         E2         E3         F1         F2         F3   
            --------   --------   --------   --------   --------   --------
       E1      0.945
       E2      0.737      1.016
       E3      0.639      0.723      0.954
       F1      0.230      0.260      0.225      1.364
       F2      0.297      0.336      0.291      0.532      1.196
       F3      0.282      0.319      0.277      0.505      0.653      0.885

         Fitted Residuals

                  A1         A2         A3         B1         B2         B3   
            --------   --------   --------   --------   --------   --------
       A1      0.000
       A2     -0.004      0.000
       A3      0.022     -0.038      0.000
       B1     -0.080      0.057      0.037      0.000
       B2     -0.009      0.105     -0.058      0.001      0.000
       B3     -0.021      0.053     -0.011      0.002     -0.001      0.000
       C1     -0.085      0.021     -0.055      0.021      0.015      0.024
       C2     -0.018      0.038     -0.102      0.005     -0.020     -0.041
       C3      0.071      0.167      0.079     -0.004      0.002      0.006
       D1      0.030      0.113     -0.048     -0.012      0.025      0.043
       D2     -0.033      0.021     -0.071     -0.031     -0.041     -0.029
       D3     -0.010      0.076     -0.050     -0.005      0.057      0.067
       E1     -0.017      0.015      0.087      0.020      0.072      0.063
       E2     -0.048      0.101      0.032     -0.029     -0.034     -0.024
       E3     -0.103      0.106     -0.010     -0.031     -0.013      0.019
       F1     -0.018     -0.060      0.058     -0.035      0.097      0.021
       F2     -0.008     -0.043     -0.064     -0.122     -0.060      0.004
       F3      0.031     -0.007      0.018     -0.027      0.041      0.015

         Fitted Residuals

                  C1         C2         C3         D1         D2         D3   
            --------   --------   --------   --------   --------   --------
       C1      0.000
       C2      0.043      0.000
       C3     -0.050     -0.004      0.000
       D1     -0.052     -0.007      0.023      0.000
       D2     -0.076     -0.003      0.018      0.008      0.000
       D3      0.095      0.114      0.117     -0.028      0.004      0.000
       E1     -0.001     -0.077      0.047      0.055      0.013      0.083
       E2      0.024     -0.034      0.016     -0.021     -0.055      0.074
       E3      0.005     -0.003      0.046      0.005     -0.019      0.046
       F1      0.071      0.119      0.112      0.107      0.130      0.187
       F2     -0.080     -0.048      0.122     -0.016     -0.006      0.038
       F3     -0.006     -0.057      0.024     -0.033     -0.044      0.028

         Fitted Residuals

                  E1         E2         E3         F1         F2         F3   
            --------   --------   --------   --------   --------   --------
       E1      0.000
       E2     -0.001      0.000
       E3     -0.016      0.011      0.000
       F1      0.076      0.109      0.098      0.000
       F2     -0.057     -0.012     -0.019      0.019      0.000
       F3     -0.017      0.001     -0.017     -0.032      0.009      0.000

 Summary Statistics for Fitted Residuals

 Smallest Fitted Residual =   -0.122
   Median Fitted Residual =    0.000
  Largest Fitted Residual =    0.187

 Stemleaf Plot

 -12|2 
 -10|32 
 - 8|500 
 - 6|761400 
 - 4|877552008884311 
 - 2|85443321199874110 
 - 0|998877766322100987766544433111000000000000000000 
   0|1122445556891355568899 
   2|011112344458012788 
   4|13366735778 
   6|371124669 
   8|37578 
  10|1567923479 
  12|20 
  14| 
  16|7 
  18|7

         Standardized Residuals  

                  A1         A2         A3         B1         B2         B3   
            --------   --------   --------   --------   --------   --------
       A1       - - 
       A2     -0.060      0.000
       A3      0.373     -0.646      0.000
       B1     -1.194      0.852      0.593      0.000
       B2     -0.133      1.499     -0.875      0.009      0.000
       B3     -0.445      0.987     -0.195      0.023     -0.015      0.000
       C1     -1.643      0.366     -1.016      0.361      0.245      0.385
       C2     -0.308      0.694     -2.279      0.072     -0.301     -0.791
       C3      1.169      2.739      1.456     -0.059      0.030      0.085
       D1      0.698      2.131     -0.948     -0.234      0.561      0.753
       D2     -0.668      0.455     -1.651     -0.535     -0.822     -0.558
       D3     -0.217      1.583     -1.258     -0.100      0.943      1.167
       E1     -0.335      0.268      1.578      0.330      1.355      1.007
       E2     -0.950      1.753      0.623     -0.424     -0.478     -0.389
       E3     -1.858      1.920     -0.192     -0.469     -0.233      0.315
       F1     -0.323     -0.962      0.866     -0.466      1.359      0.299
       F2     -0.182     -0.718     -1.142     -1.720     -0.816      0.071
       F3      1.531     -0.137      0.395     -0.483      0.629      0.330

         Standardized Residuals  

                  C1         C2         C3         D1         D2         D3   
            --------   --------   --------   --------   --------   --------
       C1      0.000
       C2      0.900      0.000
       C3     -0.794     -0.059      0.000
       D1     -1.124     -0.171      0.389      0.000
       D2     -1.765     -0.068      0.353      0.141      0.000
       D3      2.258      2.139      2.402     -0.497      0.167      0.000
       E1     -0.021     -1.323      0.959      1.055      0.310      1.576
       E2      0.509     -0.930      0.308     -0.429     -1.164      1.410
       E3      0.096     -0.067      0.801      0.101     -0.556      1.057
       F1      1.072      1.756      1.662      2.059      2.443      3.082
       F2     -1.262     -0.806      1.857     -0.284     -0.108      0.680
       F3     -0.105     -0.983      0.447     -0.647     -1.427      0.613

         Standardized Residuals  

                  E1         E2         E3         F1         F2         F3   
            --------   --------   --------   --------   --------   --------
       E1      0.000
       E2     -0.025      0.000
       E3     -0.270      0.166      0.000
       F1      1.190      1.733      1.626      0.000
       F2     -1.024     -0.231     -0.367      0.243      0.000
       F3     -0.353      0.019     -0.316     -0.508      0.139      0.000

 Summary Statistics for Standardized Residuals

 Smallest Standardized Residual =   -2.279
   Median Standardized Residual =    0.000
  Largest Standardized Residual =    3.082

 Stemleaf Plot

 - 2|3 
 - 1|98776 
 - 1|4333221100000 
 - 0|999888887766665555555 
 - 0|44444433333332222222211111111110000000000000000000000000 
   0|11111112222333333344444444 
   0|5566666777889999 
   1|000111222444 
   1|5556666778899 
   2|111344 
   2|7 
   3|1
 Largest Positive Standardized Residuals
 Residual for       C3 and       A2   2.739
 Residual for       F1 and       D3   3.082

 ch5a Confirmatory Factor Analysis using LISREL syntax                          

                         Qplot of Standardized Residuals

  3.5..........................................................................
     .                                                                       ..
     .                                                                      . .
     .                                                                    .   .
     .                                                                  .     .
     .                                                                 .      .
     .                                                               .        .
     .                                                             .      x   .
     .                                                            .   x       .
     .                                                          .  x          .
     .                                                        .    x          .
     .                                                       .   x            .
     .                                                     .   x*             .
     .                                                   .  xxx               .
     .                                                  . xx*                 .
 N   .                                                .  *x                   .
 o   .                                              . * xx                    .
 r   .                                             xx*x                       .
 m   .                                           x*x                          .
 a   .                                        ***x                            .
 l   .                                       xx                               .
     .                                     xxx                                .
 Q   .                                    **                                  .
 u   .                                   x*                                   .
 a   .                                 xxx                                    .
 n   .                               .xx                                      .
 t   .                              .x*                                       .
 i   .                            . **                                        .
 l   .                          .xxx*                                         .
 e   .                         .**                                            .
 s   .                       . x*                                             .
     .                     . x*x                                              .
     .                    . *x                                                .
     .                  x  xx                                                 .
     .                . x                                                     .
     .               .  x                                                     .
     .             .   x                                                      .
     .           .    x                                                       .
     .          . x                                                           .
     .        .                                                               .
     .      .                                                                 .
     .     .                                                                  .
     .   .                                                                    .
     . .                                                                      .
 -3.5..........................................................................
   -3.5                                                                      3.5
                             Standardized Residuals

 ch5a Confirmatory Factor Analysis using LISREL syntax                          

 Modification Indices and Expected Change

         Modification Indices for LAMBDA-X       

               VALUE   JOBSTYLE   TEAMWORK   LEADERSH   LEARNING   ENVIRONM   
            --------   --------   --------   --------   --------   --------
       A1       - -       4.685      3.295      0.511     14.067      0.794
       A2       - -       9.708      9.832      7.182     10.420      0.639
       A3       - -       0.588      1.552      4.304      1.094      0.030
       B1      1.059       - -       0.077      0.426      0.340      2.384
       B2      0.438       - -       0.021      0.003      0.000      0.659
       B3      0.032       - -       0.009      0.367      0.251      0.197
       C1      5.219      0.562       - -       3.985      0.192      1.740
       C2      1.752      1.369       - -       0.335      3.268      2.183
       C3     14.815      0.196       - -       2.315      2.112      8.963
       D1      3.802      1.793      0.489       - -       0.244      0.070
       D2      5.858      8.643      7.011       - -       7.752      1.639
       D3      0.485      4.849     19.844       - -       8.996      4.646
       E1      0.676      6.883      0.000      5.458       - -       0.672
       E2      0.172      4.665      0.244      4.360       - -       0.932
       E3      1.798      0.059      0.303      0.000       - -       0.078
       F1      0.001      1.902      9.588     11.654      6.371       - - 
       F2      3.730      3.330      0.946      0.047      1.222       - - 
       F3      3.539      0.704      1.357      3.891      0.366       - - 

         Expected Change for LAMBDA-X    

               VALUE   JOBSTYLE   TEAMWORK   LEADERSH   LEARNING   ENVIRONM   
            --------   --------   --------   --------   --------   --------
       A1       - -      -0.157     -0.138     -0.043     -0.258      0.091
       A2       - -       0.218      0.227      0.160      0.215     -0.076
       A3       - -      -0.051     -0.086     -0.119      0.066     -0.015
       B1     -0.078       - -      -0.028     -0.043     -0.044     -0.103
       B2      0.050       - -       0.016     -0.004      0.000      0.053
       B3      0.013       - -       0.009      0.037      0.035      0.027
       C1     -0.162      0.071       - -      -0.133      0.033     -0.100
       C2     -0.099     -0.117       - -       0.041     -0.144     -0.119
       C3      0.290      0.044       - -       0.108      0.116      0.243
       D1      0.087      0.061     -0.036       - -       0.025     -0.011
       D2     -0.097     -0.121     -0.122       - -      -0.126     -0.047
       D3      0.034      0.108      0.242       - -       0.157      0.099
       E1      0.041      0.138      0.001      0.116       - -      -0.038
       E2      0.021     -0.117     -0.029     -0.105       - -       0.045
       E3     -0.069     -0.013      0.032     -0.001       - -      -0.013
       F1      0.003      0.100      0.281      0.228      0.182       - - 
       F2     -0.207     -0.118     -0.080     -0.012     -0.071       - - 
       F3      0.189      0.049     -0.088     -0.103     -0.035       - - 

         Standardized Expected Change for LAMBDA-X       

               VALUE   JOBSTYLE   TEAMWORK   LEADERSH   LEARNING   ENVIRONM   
            --------   --------   --------   --------   --------   --------
       A1       - -      -0.157     -0.138     -0.043     -0.258      0.091
       A2       - -       0.218      0.227      0.160      0.215     -0.076
       A3       - -      -0.051     -0.086     -0.119      0.066     -0.015
       B1     -0.078       - -      -0.028     -0.043     -0.044     -0.103
       B2      0.050       - -       0.016     -0.004      0.000      0.053
       B3      0.013       - -       0.009      0.037      0.035      0.027
       C1     -0.162      0.071       - -      -0.133      0.033     -0.100
       C2     -0.099     -0.117       - -       0.041     -0.144     -0.119
       C3      0.290      0.044       - -       0.108      0.116      0.243
       D1      0.087      0.061     -0.036       - -       0.025     -0.011
       D2     -0.097     -0.121     -0.122       - -      -0.126     -0.047
       D3      0.034      0.108      0.242       - -       0.157      0.099
       E1      0.041      0.138      0.001      0.116       - -      -0.038
       E2      0.021     -0.117     -0.029     -0.105       - -       0.045
       E3     -0.069     -0.013      0.032     -0.001       - -      -0.013
       F1      0.003      0.100      0.281      0.228      0.182       - - 
       F2     -0.207     -0.118     -0.080     -0.012     -0.071       - - 
       F3      0.189      0.049     -0.088     -0.103     -0.035       - - 

         Completely Standardized Expected Change for LAMBDA-X    

               VALUE   JOBSTYLE   TEAMWORK   LEADERSH   LEARNING   ENVIRONM   
            --------   --------   --------   --------   --------   --------
       A1       - -      -0.159     -0.141     -0.044     -0.263      0.092
       A2       - -       0.214      0.222      0.156      0.210     -0.074
       A3       - -      -0.053     -0.088     -0.123      0.069     -0.016
       B1     -0.068       - -      -0.024     -0.037     -0.038     -0.089
       B2      0.043       - -       0.013     -0.003      0.000      0.046
       B3      0.012       - -       0.008      0.034      0.032      0.025
       C1     -0.166      0.073       - -      -0.137      0.034     -0.103
       C2     -0.096     -0.114       - -       0.040     -0.140     -0.115
       C3      0.276      0.042       - -       0.103      0.111      0.231
       D1      0.093      0.065     -0.038       - -       0.026     -0.012
       D2     -0.115     -0.144     -0.145       - -      -0.150     -0.056
       D3      0.037      0.119      0.265       - -       0.172      0.108
       E1      0.043      0.142      0.001      0.119       - -      -0.039
       E2      0.021     -0.116     -0.029     -0.104       - -       0.044
       E3     -0.071     -0.013      0.033     -0.001       - -      -0.014
       F1      0.003      0.086      0.240      0.196      0.156       - - 
       F2     -0.189     -0.108     -0.073     -0.011     -0.065       - - 
       F3      0.200      0.052     -0.094     -0.110     -0.037       - - 

 No Non-Zero Modification Indices for PHI         

         Modification Indices for THETA-DELTA    

                  A1         A2         A3         B1         B2         B3   
            --------   --------   --------   --------   --------   --------
       A1       - - 
       A2      0.132       - - 
       A3      3.573      2.604       - - 
       B1      2.840      0.338      5.269       - - 
       B2      0.620      1.233      4.746      0.003       - - 
       B3      0.004      0.568      0.032      0.007      0.020       - - 
       C1      4.394      0.008      0.009      0.375      0.022      0.436
       C2      2.176      0.017      5.410      0.752      0.019      1.555
       C3      0.055      2.372      1.892      0.041      0.132      0.014
       D1      2.349      3.458      0.835      0.336      0.340      1.166
       D2      0.000      1.997      0.153      1.041      0.518      0.901
       D3      1.480      0.230      0.617      1.788      0.025      0.199
       E1      1.159     12.257      7.880      0.010      3.785      0.818
       E2      0.234      2.801      0.024      0.173      1.642      1.561
       E3      9.562      8.402      0.649      0.307      0.323      0.785
       F1      1.174      2.019      2.523      1.253      1.262      1.316
       F2      0.420      0.179      3.117      2.203      2.541      2.928
       F3      1.637      0.177      0.530      0.076      1.935      0.072

         Modification Indices for THETA-DELTA    

                  C1         C2         C3         D1         D2         D3   
            --------   --------   --------   --------   --------   --------
       C1       - - 
       C2      7.052       - - 
       C3      6.240      0.036       - - 
       D1      0.483      0.588      0.110       - - 
       D2      5.331      0.496      0.229     13.912       - - 
       D3      6.092      1.630      0.428     13.386      0.517       - - 
       E1      0.246      7.171      0.845      1.723      0.312      0.117
       E2      3.274      0.100      1.126      1.202      2.902      4.480
       E3      0.222      1.045      0.240      0.000      0.270      0.520
       F1      0.191      3.291      0.042      0.635      2.518      2.100
       F2      4.650      0.130      8.805      0.272      1.463      0.148
       F3      3.256      2.823      2.400      0.172      0.985      0.005

         Modification Indices for THETA-DELTA    

                  E1         E2         E3         F1         F2         F3   
            --------   --------   --------   --------   --------   --------
       E1       - - 
       E2      0.108       - - 
       E3      3.056      4.720       - - 
       F1      0.001      0.043      0.373       - - 
       F2      1.404      0.118      0.201      0.438       - - 
       F3      0.094      0.004      0.165      3.960      2.305       - - 

         Expected Change for THETA-DELTA 

                  A1         A2         A3         B1         B2         B3   
            --------   --------   --------   --------   --------   --------
       A1       - - 
       A2     -0.020       - - 
       A3      0.087     -0.068       - - 
       B1     -0.061      0.024      0.094       - - 
       B2      0.026      0.040     -0.078      0.003       - - 
       B3      0.002     -0.027      0.006      0.004     -0.010       - - 
       C1     -0.065      0.003     -0.003      0.024      0.005      0.023
       C2      0.048      0.005     -0.085      0.036     -0.005     -0.045
       C3      0.008      0.060      0.053     -0.009     -0.014     -0.005
       D1      0.035      0.048     -0.024     -0.017      0.015      0.027
       D2      0.000     -0.032     -0.009      0.026     -0.016     -0.021
       D3     -0.032      0.015     -0.024     -0.046      0.005      0.013
       E1      0.026     -0.097      0.077     -0.003      0.053      0.024
       E2     -0.011      0.044      0.004      0.012     -0.033     -0.031
       E3     -0.078      0.084     -0.023     -0.018     -0.016      0.025
       F1     -0.044     -0.066      0.073     -0.058      0.051     -0.051
       F2      0.022     -0.016     -0.066     -0.062     -0.058      0.061
       F3      0.037     -0.013      0.022      0.009      0.042     -0.008

         Expected Change for THETA-DELTA 

                  C1         C2         C3         D1         D2         D3   
            --------   --------   --------   --------   --------   --------
       C1       - - 
       C2      0.128       - - 
       C3     -0.115     -0.009       - - 
       D1     -0.017     -0.020     -0.009       - - 
       D2     -0.051      0.016      0.012      0.193       - - 
       D3      0.072      0.039      0.021     -0.132      0.024       - - 
       E1     -0.013     -0.075      0.027      0.026      0.010     -0.008
       E2      0.045      0.008     -0.029     -0.020     -0.028      0.046
       E3     -0.013      0.030      0.015      0.000      0.009     -0.017
       F1      0.019      0.084     -0.010     -0.026      0.046      0.056
       F2     -0.077     -0.014      0.118     -0.014      0.028     -0.012
       F3      0.054     -0.053     -0.051     -0.009     -0.019      0.002

         Expected Change for THETA-DELTA 

                  E1         E2         E3         F1         F2         F3   
            --------   --------   --------   --------   --------   --------
       E1       - - 
       E2     -0.014       - - 
       E3     -0.057      0.085       - - 
       F1      0.001      0.007      0.022       - - 
       F2     -0.033      0.009      0.013      0.036       - - 
       F3      0.007     -0.001     -0.010     -0.099      0.109       - - 

         Completely Standardized Expected Change for THETA-DELTA 

                  A1         A2         A3         B1         B2         B3   
            --------   --------   --------   --------   --------   --------
       A1       - - 
       A2     -0.020       - - 
       A3      0.091     -0.068       - - 
       B1     -0.054      0.020      0.084       - - 
       B2      0.022      0.034     -0.070      0.002       - - 
       B3      0.002     -0.024      0.006      0.003     -0.008       - - 
       C1     -0.068      0.003     -0.004      0.021      0.005      0.021
       C2      0.048      0.005     -0.085      0.030     -0.004     -0.040
       C3      0.008      0.056      0.052     -0.007     -0.012     -0.004
       D1      0.038      0.051     -0.026     -0.016      0.014      0.026
       D2      0.000     -0.038     -0.011      0.027     -0.017     -0.023
       D3     -0.036      0.016     -0.027     -0.044      0.004      0.013
       E1      0.027     -0.098      0.082     -0.003      0.047      0.023
       E2     -0.011      0.042      0.004      0.010     -0.028     -0.029
       E3     -0.081      0.084     -0.024     -0.016     -0.014      0.023
       F1     -0.038     -0.055      0.064     -0.043      0.038     -0.040
       F2      0.021     -0.014     -0.062     -0.049     -0.046      0.051
       F3      0.040     -0.014      0.025      0.009      0.039     -0.008

         Completely Standardized Expected Change for THETA-DELTA 

                  C1         C2         C3         D1         D2         D3   
            --------   --------   --------   --------   --------   --------
       C1       - - 
       C2      0.127       - - 
       C3     -0.112     -0.008       - - 
       D1     -0.019     -0.021     -0.009       - - 
       D2     -0.062      0.019      0.013      0.246       - - 
       D3      0.081      0.042      0.022     -0.155      0.031       - - 
       E1     -0.014     -0.075      0.027      0.028      0.012     -0.009
       E2      0.046      0.008     -0.028     -0.022     -0.033      0.050
       E3     -0.014      0.029      0.015      0.000      0.011     -0.020
       F1      0.017      0.070     -0.008     -0.024      0.047      0.053
       F2     -0.072     -0.012      0.103     -0.013      0.030     -0.012
       F3      0.059     -0.055     -0.052     -0.010     -0.024      0.002

         Completely Standardized Expected Change for THETA-DELTA 

                  E1         E2         E3         F1         F2         F3   
            --------   --------   --------   --------   --------   --------
       E1       - - 
       E2     -0.014       - - 
       E3     -0.060      0.087       - - 
       F1      0.001      0.006      0.019       - - 
       F2     -0.031      0.008      0.012      0.028       - - 
       F3      0.008     -0.002     -0.010     -0.090      0.106       - - 

 Maximum Modification Index is   19.84 for Element (12, 3) of LAMBDA-X

 ch5a Confirmatory Factor Analysis using LISREL syntax                          

 Covariances

         X - KSI 

                  A1         A2         A3         B1         B2         B3   
            --------   --------   --------   --------   --------   --------
    VALUE      0.816      0.707      0.615      0.428      0.522      0.464
 JOBSTYLE      0.442      0.383      0.333      0.790      0.963      0.857
 TEAMWORK      0.403      0.350      0.304      0.551      0.671      0.597
 LEADERSH      0.340      0.295      0.256      0.354      0.431      0.383
 LEARNING      0.429      0.372      0.323      0.454      0.553      0.492
 ENVIRONM      0.568      0.492      0.427      0.309      0.376      0.335

         X - KSI 

                  C1         C2         C3         D1         D2         D3   
            --------   --------   --------   --------   --------   --------
    VALUE      0.346      0.364      0.344      0.338      0.309      0.273
 JOBSTYLE      0.488      0.514      0.486      0.363      0.332      0.293
 TEAMWORK      0.700      0.737      0.697      0.424      0.388      0.342
 LEADERSH      0.366      0.385      0.364      0.812      0.742      0.656
 LEARNING      0.423      0.445      0.421      0.452      0.413      0.365
 ENVIRONM      0.420      0.442      0.418      0.257      0.235      0.207

         X - KSI 

                  E1         E2         E3         F1         F2         F3   
            --------   --------   --------   --------   --------   --------
    VALUE      0.424      0.480      0.416      0.446      0.577      0.548
 JOBSTYLE      0.464      0.525      0.455      0.251      0.324      0.308
 TEAMWORK      0.487      0.551      0.478      0.385      0.497      0.472
 LEADERSH      0.450      0.509      0.441      0.203      0.262      0.249
 LEARNING      0.807      0.913      0.792      0.285      0.368      0.349
 ENVIRONM      0.358      0.405      0.351      0.642      0.829      0.788

 ch5a Confirmatory Factor Analysis using LISREL syntax                          

 Factor Scores Regressions

          W_A_R_N_I_N_G: Fitted Covariance Matrix not positive definite.

                         Factor Scores Regressions can not be computed.

 ch5a Confirmatory Factor Analysis using LISREL syntax                          

 Standardized Solution           

         LAMBDA-X    

               VALUE   JOBSTYLE   TEAMWORK   LEADERSH   LEARNING   ENVIRONM   
            --------   --------   --------   --------   --------   --------
       A1      0.816       - -        - -        - -        - -        - - 
       A2      0.707       - -        - -        - -        - -        - - 
       A3      0.615       - -        - -        - -        - -        - - 
       B1       - -       0.790       - -        - -        - -        - - 
       B2       - -       0.963       - -        - -        - -        - - 
       B3       - -       0.857       - -        - -        - -        - - 
       C1       - -        - -       0.700       - -        - -        - - 
       C2       - -        - -       0.737       - -        - -        - - 
       C3       - -        - -       0.697       - -        - -        - - 
       D1       - -        - -        - -       0.812       - -        - - 
       D2       - -        - -        - -       0.742       - -        - - 
       D3       - -        - -        - -       0.656       - -        - - 
       E1       - -        - -        - -        - -       0.807       - - 
       E2       - -        - -        - -        - -       0.913       - - 
       E3       - -        - -        - -        - -       0.792       - - 
       F1       - -        - -        - -        - -        - -       0.642
       F2       - -        - -        - -        - -        - -       0.829
       F3       - -        - -        - -        - -        - -       0.788

         PHI                                     

               VALUE   JOBSTYLE   TEAMWORK   LEADERSH   LEARNING   ENVIRONM   
            --------   --------   --------   --------   --------   --------
    VALUE      1.000
 JOBSTYLE      0.542      1.000
 TEAMWORK      0.494      0.697      1.000
 LEADERSH      0.417      0.448      0.522      1.000
 LEARNING      0.526      0.574      0.603      0.557      1.000
 ENVIRONM      0.696      0.391      0.600      0.316      0.443      1.000

 ch5a Confirmatory Factor Analysis using LISREL syntax                          

 Completely Standardized Solution

         LAMBDA-X    

               VALUE   JOBSTYLE   TEAMWORK   LEADERSH   LEARNING   ENVIRONM   
            --------   --------   --------   --------   --------   --------
       A1      0.830       - -        - -        - -        - -        - - 
       A2      0.691       - -        - -        - -        - -        - - 
       A3      0.634       - -        - -        - -        - -        - - 
       B1       - -       0.682       - -        - -        - -        - - 
       B2       - -       0.833       - -        - -        - -        - - 
       B3       - -       0.788       - -        - -        - -        - - 
       C1       - -        - -       0.717       - -        - -        - - 
       C2       - -        - -       0.715       - -        - -        - - 
       C3       - -        - -       0.663       - -        - -        - - 
       D1       - -        - -        - -       0.867       - -        - - 
       D2       - -        - -        - -       0.885       - -        - - 
       D3       - -        - -        - -       0.719       - -        - - 
       E1       - -        - -        - -        - -       0.830       - - 
       E2       - -        - -        - -        - -       0.906       - - 
       E3       - -        - -        - -        - -       0.811       - - 
       F1       - -        - -        - -        - -        - -       0.550
       F2       - -        - -        - -        - -        - -       0.758
       F3       - -        - -        - -        - -        - -       0.837

         PHI                                     

               VALUE   JOBSTYLE   TEAMWORK   LEADERSH   LEARNING   ENVIRONM   
            --------   --------   --------   --------   --------   --------
    VALUE      1.000
 JOBSTYLE      0.542      1.000
 TEAMWORK      0.494      0.697      1.000
 LEADERSH      0.417      0.448      0.522      1.000
 LEARNING      0.526      0.574      0.603      0.557      1.000
 ENVIRONM      0.696      0.391      0.600      0.316      0.443      1.000

         THETA-DELTA 

                  A1         A2         A3         B1         B2         B3   
            --------   --------   --------   --------   --------   --------
               0.312      0.522      0.598      0.535      0.306      0.379

         THETA-DELTA 

                  C1         C2         C3         D1         D2         D3   
            --------   --------   --------   --------   --------   --------
               0.486      0.489      0.561      0.248      0.216      0.482

         THETA-DELTA 

                  E1         E2         E3         F1         F2         F3   
            --------   --------   --------   --------   --------   --------
               0.310      0.179      0.342      0.698      0.425      0.299

                           Time used 0.062 seconds
