
                                DATE:  4/ 1/2018
                                  TIME: 12:26


                          L I S R E L  9.30 (64 Bit)

                                       BY

                         Karl G. Jöreskog & Dag Sörbom



                    This program is published exclusively by
                    Scientific Software International, Inc.
                         http://www.ssicentral.com

        Copyright by Scientific Software International, Inc., 1981-2017
          Use of this program is subject to the terms specified in the
                        Universal Copyright Convention.

 The following lines were read from file C:\SEM\Ch05\LISREL\ch5a_MO.Spl:

 Ch5a_MO Confirmatory Factor Analysis using SIMPLIS syntax
 Observed Variables: A1 A2 A3 B1 B2 B3 C1 C2 C3 D1-D3 E1-E3 F1-F3
 Covariance Matrix from File ch5a.cov
 Sample Size equal to 313
 Latent Variables  VALUE JOBSTYLE TEAMWORK LEADERSH LEARNING ENVIRONM
 Relationships
 A1-A3 = VALUE
 B1-B3 = JOBSTYLE
 C1-C3 = TEAMWORK
 D1-D3 = LEADERSH
 E1-E3 = LEARNING
 F1-F3 = ENVIRONM
 C3=VALUE
 Set the Variance of VALUE-ENVIRONM equal 1
 Path Diagram
 LISREL Output SE TV RS MR FS SS SC MI
 End of Program

 Ch5a_MO Confirmatory Factor Analysis using SIMPLIS syntax                      

         Covariance Matrix       

                  A1         A2         A3         B1         B2         B3   
            --------   --------   --------   --------   --------   --------
       A1      0.968
       A2      0.574      1.047
       A3      0.524      0.397      0.940
       B1      0.269      0.360      0.300      1.343
       B2      0.417      0.474      0.263      0.762      1.337
       B3      0.358      0.381      0.274      0.679      0.824      1.183
       C1      0.197      0.266      0.158      0.407      0.485      0.442
       C2      0.279      0.296      0.122      0.411      0.475      0.399
       C3      0.352      0.411      0.291      0.380      0.470      0.422
       D1      0.306      0.352      0.160      0.275      0.375      0.354
       D2      0.220      0.240      0.119      0.232      0.279      0.256
       D3      0.213      0.269      0.118      0.227      0.340      0.319
       E1      0.329      0.315      0.348      0.387      0.519      0.460
       E2      0.344      0.441      0.327      0.386      0.471      0.426
       E3      0.237      0.400      0.246      0.329      0.425      0.409
       F1      0.346      0.256      0.332      0.163      0.339      0.236
       F2      0.463      0.365      0.290      0.134      0.252      0.282
       F3      0.478      0.381      0.355      0.216      0.337      0.279

         Covariance Matrix       

                  C1         C2         C3         D1         D2         D3   
            --------   --------   --------   --------   --------   --------
       C1      0.953
       C2      0.559      1.064
       C3      0.438      0.510      1.106
       D1      0.245      0.306      0.318      0.876
       D2      0.195      0.283      0.288      0.610      0.703
       D3      0.335      0.367      0.356      0.504      0.491      0.831
       E1      0.340      0.282      0.387      0.420      0.347      0.378
       E2      0.410      0.372      0.400      0.392      0.323      0.408
       E3      0.340      0.349      0.379      0.363      0.308      0.335
       F1      0.340      0.403      0.380      0.272      0.281      0.320
       F2      0.268      0.319      0.469      0.197      0.189      0.210
       F3      0.325      0.291      0.353      0.169      0.141      0.191

         Covariance Matrix       

                  E1         E2         E3         F1         F2         F3   
            --------   --------   --------   --------   --------   --------
       E1      0.945
       E2      0.736      1.016
       E3      0.623      0.734      0.954
       F1      0.306      0.369      0.323      1.364
       F2      0.240      0.324      0.272      0.551      1.196
       F3      0.265      0.320      0.260      0.473      0.662      0.885

 Total Variance = 18.711 Generalized Variance = 0.174810D-03                            

 Largest Eigenvalue = 7.154 Smallest Eigenvalue = 0.156                                   

 Condition Number = 6.767


 Ch5a_MO Confirmatory Factor Analysis using SIMPLIS syntax                      

 Parameter Specifications

         LAMBDA-X    

               VALUE   JOBSTYLE   TEAMWORK   LEADERSH   LEARNING   ENVIRONM
            --------   --------   --------   --------   --------   --------
       A1          1          0          0          0          0          0
       A2          2          0          0          0          0          0
       A3          3          0          0          0          0          0
       B1          0          4          0          0          0          0
       B2          0          5          0          0          0          0
       B3          0          6          0          0          0          0
       C1          0          0          7          0          0          0
       C2          0          0          8          0          0          0
       C3          9          0         10          0          0          0
       D1          0          0          0         11          0          0
       D2          0          0          0         12          0          0
       D3          0          0          0         13          0          0
       E1          0          0          0          0         14          0
       E2          0          0          0          0         15          0
       E3          0          0          0          0         16          0
       F1          0          0          0          0          0         17
       F2          0          0          0          0          0         18
       F3          0          0          0          0          0         19

         PHI         

               VALUE   JOBSTYLE   TEAMWORK   LEADERSH   LEARNING   ENVIRONM
            --------   --------   --------   --------   --------   --------
    VALUE          0
 JOBSTYLE         20          0
 TEAMWORK         21         22          0
 LEADERSH         23         24         25          0
 LEARNING         26         27         28         29          0
 ENVIRONM         30         31         32         33         34          0

         THETA-DELTA 

                  A1         A2         A3         B1         B2         B3
            --------   --------   --------   --------   --------   --------
                  35         36         37         38         39         40

         THETA-DELTA 

                  C1         C2         C3         D1         D2         D3
            --------   --------   --------   --------   --------   --------
                  41         42         43         44         45         46

         THETA-DELTA 

                  E1         E2         E3         F1         F2         F3
            --------   --------   --------   --------   --------   --------
                  47         48         49         50         51         52
 


 Ch5a_MO Confirmatory Factor Analysis using SIMPLIS syntax                      

 Number of Iterations = 8           

 LISREL Estimates (Maximum Likelihood)                           

         LAMBDA-X    

               VALUE   JOBSTYLE   TEAMWORK   LEADERSH   LEARNING   ENVIRONM   
            --------   --------   --------   --------   --------   --------
       A1      0.806       - -        - -        - -        - -        - - 
             (0.051)
              15.798
 
       A2      0.712       - -        - -        - -        - -        - - 
             (0.055)
              12.855
 
       A3      0.617       - -        - -        - -        - -        - - 
             (0.054)
              11.510
 
       B1       - -       0.791       - -        - -        - -        - - 
                        (0.062)
                         12.766
 
       B2       - -       0.963       - -        - -        - -        - - 
                        (0.058)
                         16.587
 
       B3       - -       0.857       - -        - -        - -        - - 
                        (0.056)
                         15.405
 
       C1       - -        - -       0.730       - -        - -        - - 
                                   (0.054)
                                    13.600
 
       C2       - -        - -       0.756       - -        - -        - - 
                                   (0.057)
                                    13.286
 
       C3      0.269       - -       0.534       - -        - -        - - 
             (0.065)               (0.066)
               4.133                 8.074
 
       D1       - -        - -        - -       0.812       - -        - - 
                                              (0.045)
                                               18.185
 
       D2       - -        - -        - -       0.742       - -        - - 
                                              (0.040)
                                               18.724
 
       D3       - -        - -        - -       0.656       - -        - - 
                                              (0.047)
                                               14.066
 
       E1       - -        - -        - -        - -       0.807       - - 
                                                         (0.046)
                                                          17.393
 
       E2       - -        - -        - -        - -       0.914       - - 
                                                         (0.046)
                                                          19.865
 
       E3       - -        - -        - -        - -       0.792       - - 
                                                         (0.047)
                                                          16.802
 
       F1       - -        - -        - -        - -        - -       0.641
                                                                    (0.066)
                                                                      9.652
 
       F2       - -        - -        - -        - -        - -       0.830
                                                                    (0.058)
                                                                     14.303
 
       F3       - -        - -        - -        - -        - -       0.787
                                                                    (0.049)
                                                                     16.147
 

         PHI         

               VALUE   JOBSTYLE   TEAMWORK   LEADERSH   LEARNING   ENVIRONM   
            --------   --------   --------   --------   --------   --------
    VALUE      1.000
 
 JOBSTYLE      0.544      1.000
             (0.054)
              10.037
 
 TEAMWORK      0.409      0.668      1.000
             (0.067)    (0.049)
               6.075     13.540
 
 LEADERSH      0.424      0.448      0.491      1.000
             (0.058)    (0.055)    (0.057)
               7.317      8.131      8.605
 
 LEARNING      0.533      0.574      0.569      0.557      1.000
             (0.052)    (0.048)    (0.052)    (0.046)
              10.277     12.085     10.855     12.056
 
 ENVIRONM      0.700      0.391      0.545      0.316      0.443      1.000
             (0.046)    (0.061)    (0.059)    (0.062)    (0.056)
              15.374      6.399      9.298      5.140      7.945
 

         THETA-DELTA 

                  A1         A2         A3         B1         B2         B3   
            --------   --------   --------   --------   --------   --------
               0.318      0.540      0.559      0.718      0.410      0.449
             (0.046)    (0.054)    (0.052)    (0.068)    (0.057)    (0.052)
               6.984      9.963     10.692     10.522      7.222      8.607
 

         THETA-DELTA 

                  C1         C2         C3         D1         D2         D3   
            --------   --------   --------   --------   --------   --------
               0.419      0.492      0.631      0.217      0.152      0.401
             (0.051)    (0.057)    (0.058)    (0.031)    (0.024)    (0.037)
               8.221      8.604     10.952      7.024      6.225     10.802
 

         THETA-DELTA 

                  E1         E2         E3         F1         F2         F3   
            --------   --------   --------   --------   --------   --------
               0.293      0.181      0.327      0.953      0.508      0.265
             (0.032)    (0.030)    (0.034)    (0.084)    (0.058)    (0.042)
               9.248      6.099      9.744     11.404      8.693      6.270
 

         Squared Multiple Correlations for X - Variables         

                  A1         A2         A3         B1         B2         B3   
            --------   --------   --------   --------   --------   --------
               0.671      0.484      0.406      0.466      0.693      0.621

         Squared Multiple Correlations for X - Variables         

                  C1         C2         C3         D1         D2         D3   
            --------   --------   --------   --------   --------   --------
               0.560      0.537      0.429      0.752      0.783      0.517

         Squared Multiple Correlations for X - Variables         

                  E1         E2         E3         F1         F2         F3   
            --------   --------   --------   --------   --------   --------
               0.689      0.821      0.658      0.302      0.575      0.700

                                 Log-likelihood Values

                        Estimated Model          Saturated Model
                        ---------------          ---------------
 Number of free parameters(t)        52                      171
 -2ln(L)                       3153.280                 2925.983
 AIC (Akaike, 1974)*           3257.280                 3267.983
 BIC (Schwarz, 1978)*          3452.083                 3908.584

*LISREL uses AIC= 2t - 2ln(L) and BIC = tln(N)- 2ln(L)


                           Goodness-of-Fit Statistics

 Degrees of Freedom for (C1)-(C2)                      119
 Maximum Likelihood Ratio Chi-Square (C1)              227.297 (P = 0.0000)
 Browne's (1984) ADF Chi-Square (C2_NT)                216.168 (P = 0.0000)
 
 Estimated Non-centrality Parameter (NCP)              108.297
 90 Percent Confidence Interval for NCP                (69.536 ; 154.866)
 
 Minimum Fit Function Value                            0.726
 Population Discrepancy Function Value (F0)            0.346
 90 Percent Confidence Interval for F0                 (0.222 ; 0.495)
 Root Mean Square Error of Approximation (RMSEA)       0.0539
 90 Percent Confidence Interval for RMSEA              (0.0432 ; 0.0645)
 P-Value for Test of Close Fit (RMSEA < 0.05)          0.262
 
 Expected Cross-Validation Index (ECVI)                1.058
 90 Percent Confidence Interval for ECVI               (0.935 ; 1.207)
 ECVI for Saturated Model                              1.093
 ECVI for Independence Model                           9.196
 
 Chi-Square for Independence Model (153 df)        2842.325
 
 Normed Fit Index (NFI)                                0.920
 Non-Normed Fit Index (NNFI)                           0.948
 Parsimony Normed Fit Index (PNFI)                     0.716
 Comparative Fit Index (CFI)                           0.960
 Incremental Fit Index (IFI)                           0.960
 Relative Fit Index (RFI)                              0.897
 
 Critical N (CN)                                     217.604
 
 
 Root Mean Square Residual (RMR)                       0.0497
 Standardized RMR                                      0.0482
 Goodness of Fit Index (GFI)                           0.929
 Adjusted Goodness of Fit Index (AGFI)                 0.898
 Parsimony Goodness of Fit Index (PGFI)                0.646

 Ch5a_MO Confirmatory Factor Analysis using SIMPLIS syntax                      

         Fitted Covariance Matrix

                  A1         A2         A3         B1         B2         B3   
            --------   --------   --------   --------   --------   --------
       A1      0.968
       A2      0.574      1.047
       A3      0.498      0.439      0.940
       B1      0.347      0.306      0.266      1.343
       B2      0.423      0.373      0.324      0.761      1.337
       B3      0.376      0.332      0.288      0.678      0.825      1.183
       C1      0.241      0.212      0.184      0.386      0.470      0.418
       C2      0.249      0.220      0.191      0.399      0.486      0.433
       C3      0.393      0.347      0.301      0.398      0.484      0.431
       D1      0.277      0.245      0.212      0.287      0.350      0.311
       D2      0.253      0.224      0.194      0.263      0.320      0.285
       D3      0.224      0.198      0.171      0.232      0.283      0.251
       E1      0.347      0.306      0.266      0.367      0.446      0.397
       E2      0.392      0.346      0.301      0.415      0.505      0.450
       E3      0.340      0.300      0.261      0.360      0.438      0.390
       F1      0.362      0.320      0.277      0.198      0.241      0.215
       F2      0.468      0.414      0.359      0.256      0.312      0.278
       F3      0.445      0.393      0.340      0.243      0.296      0.264

         Fitted Covariance Matrix

                  C1         C2         C3         D1         D2         D3   
            --------   --------   --------   --------   --------   --------
       C1      0.953
       C2      0.552      1.064
       C3      0.470      0.487      1.106
       D1      0.291      0.301      0.305      0.876
       D2      0.266      0.276      0.279      0.602      0.703
       D3      0.235      0.243      0.247      0.532      0.487      0.831
       E1      0.335      0.347      0.361      0.365      0.334      0.295
       E2      0.380      0.393      0.408      0.413      0.378      0.334
       E3      0.329      0.341      0.354      0.358      0.327      0.289
       F1      0.255      0.264      0.307      0.165      0.150      0.133
       F2      0.330      0.342      0.397      0.213      0.195      0.172
       F3      0.313      0.324      0.377      0.202      0.185      0.163

         Fitted Covariance Matrix

                  E1         E2         E3         F1         F2         F3   
            --------   --------   --------   --------   --------   --------
       E1      0.945
       E2      0.737      1.016
       E3      0.639      0.724      0.954
       F1      0.230      0.260      0.225      1.364
       F2      0.297      0.336      0.291      0.532      1.196
       F3      0.282      0.319      0.277      0.505      0.653      0.885

         Fitted Residuals

                  A1         A2         A3         B1         B2         B3   
            --------   --------   --------   --------   --------   --------
       A1      0.000
       A2      0.000      0.000
       A3      0.026     -0.042      0.000
       B1     -0.078      0.054      0.034      0.000
       B2     -0.006      0.101     -0.061      0.001      0.000
       B3     -0.018      0.049     -0.014      0.001     -0.001      0.000
       C1     -0.044      0.054     -0.026      0.021      0.015      0.024
       C2      0.030      0.076     -0.069      0.012     -0.011     -0.034
       C3     -0.041      0.064     -0.010     -0.018     -0.014     -0.009
       D1      0.029      0.107     -0.052     -0.012      0.025      0.043
       D2     -0.033      0.016     -0.075     -0.031     -0.041     -0.029
       D3     -0.011      0.071     -0.053     -0.005      0.057      0.068
       E1     -0.018      0.009      0.082      0.020      0.073      0.063
       E2     -0.048      0.095      0.026     -0.029     -0.034     -0.024
       E3     -0.103      0.100     -0.015     -0.031     -0.013      0.019
       F1     -0.016     -0.064      0.055     -0.035      0.098      0.021
       F2     -0.005     -0.049     -0.069     -0.122     -0.060      0.004
       F3      0.033     -0.012      0.015     -0.027      0.041      0.015

         Fitted Residuals

                  C1         C2         C3         D1         D2         D3   
            --------   --------   --------   --------   --------   --------
       C1      0.000
       C2      0.007      0.000
       C3     -0.032      0.023      0.000
       D1     -0.046      0.005      0.013      0.000
       D2     -0.071      0.007      0.009      0.008      0.000
       D3      0.100      0.124      0.109     -0.028      0.004      0.000
       E1      0.005     -0.065      0.026      0.055      0.013      0.083
       E2      0.030     -0.021     -0.008     -0.021     -0.055      0.074
       E3      0.011      0.008      0.025      0.005     -0.019      0.046
       F1      0.085      0.139      0.073      0.107      0.131      0.187
       F2     -0.062     -0.023      0.072     -0.016     -0.006      0.038
       F3      0.012     -0.033     -0.024     -0.033     -0.044      0.028

         Fitted Residuals

                  E1         E2         E3         F1         F2         F3   
            --------   --------   --------   --------   --------   --------
       E1      0.000
       E2     -0.001      0.000
       E3     -0.016      0.010      0.000
       F1      0.076      0.109      0.098      0.000
       F2     -0.057     -0.012     -0.019      0.019      0.000
       F3     -0.017      0.001     -0.017     -0.032      0.009      0.000

 Summary Statistics for Fitted Residuals

 Smallest Fitted Residual =   -0.122
   Median Fitted Residual =    0.000
  Largest Fitted Residual =    0.187

 Stemleaf Plot

 -12|2 
 -10|3 
 - 8| 
 - 6|8519954210 
 - 4|753298644211 
 - 2|54433322119987644311 
 - 0|99888776665443222110986655110000000000000000000 
   0|111445557788999012233555699 
   2|01134556668900348 
   4|136944557 
   6|3481233466 
   8|235588 
  10|0017799 
  12|419 
  14| 
  16| 
  18|7

         Standardized Residuals  

                  A1         A2         A3         B1         B2         B3   
            --------   --------   --------   --------   --------   --------
       A1      0.000
       A2      0.003      0.000
       A3      0.448     -0.738      0.000
       B1     -1.311      0.917      0.533      0.000
       B2     -0.083      1.554     -0.960      0.008      0.000
       B3     -0.334      0.753     -0.241      0.018     -0.015      0.000
       C1     -0.836      0.973     -0.576      0.338      0.234      0.445
       C2      0.529      1.430     -1.280      0.191     -0.165     -0.507
       C3     -0.697      1.045     -0.190     -0.277     -0.209     -0.162
       D1      0.580      2.472     -1.001     -0.269      0.421      0.760
       D2     -0.772      0.324     -1.632     -0.685     -0.733     -0.594
       D3     -0.211      1.450     -1.129     -0.088      0.915      1.150
       E1     -0.327      0.156      1.527      0.316      1.774      1.231
       E2     -1.100      1.681      0.558     -0.449     -0.494     -0.377
       E3     -3.944      2.151     -0.320     -0.468     -0.237      0.309
       F1     -0.256     -1.013      0.829     -0.464      1.458      0.314
       F2     -0.088     -0.808     -1.229     -1.841     -0.862      0.067
       F3      0.662     -0.211      0.267     -0.525      0.677      0.333

         Standardized Residuals  

                  C1         C2         C3         D1         D2         D3   
            --------   --------   --------   --------   --------   --------
       C1      0.000
       C2      0.114      0.000
       C3     -0.486      0.352      0.000
       D1     -1.077      0.088      0.282      0.000
       D2     -1.583      0.155      0.187      0.194      0.000
       D3      2.512      2.616      2.151     -0.497      0.110      0.000
       E1      0.092     -1.187      0.528      0.994      0.303      1.977
       E2      0.552     -0.378     -0.147     -0.367     -1.175      1.348
       E3      0.241      0.151      0.438      0.101     -0.559      1.035
       F1      1.313      2.014      1.026      1.876      2.379      3.084
       F2     -1.155     -0.349      1.212     -0.269     -0.119      0.808
       F3      0.306     -0.685     -0.429     -0.699     -1.117      0.691

         Standardized Residuals  

                  E1         E2         E3         F1         F2         F3   
            --------   --------   --------   --------   --------   --------
       E1      0.000
       E2     -0.023      0.000
       E3     -0.347      0.159      0.000
       F1      1.245      1.709      1.532      0.000
       F2     -1.017     -0.194     -0.396      0.250      0.000
       F3     -0.330      0.021     -0.346     -0.480      0.130      0.000

 Summary Statistics for Standardized Residuals

 Smallest Standardized Residual =   -3.944
   Median Standardized Residual =    0.000
  Largest Standardized Residual =    3.084

 Stemleaf Plot

 - 3|9 
 - 3| 
 - 2| 
 - 2| 
 - 1|866 
 - 1|33222211110000 
 - 0|988877777766655555555 
 - 0|4444443333333333322222222211111000000000000000000000000 
   0|11111112222222222333333333344444 
   0|555666777888899 
   1|0000012223344 
   1|55567789 
   2|00224 
   2|556 
   3|1
 Largest Negative Standardized Residuals
 Residual for       E3 and       A1  -3.944
 Largest Positive Standardized Residuals
 Residual for       D3 and       C2   2.616
 Residual for       F1 and       D3   3.084

 Ch5a_MO Confirmatory Factor Analysis using SIMPLIS syntax                      

                         Qplot of Standardized Residuals

  3.5..........................................................................
     .                                                                       ..
     .                                                                      . .
     .                                                                    .   .
     .                                                                  .     .
     .                                                                 .      .
     .                                                               .        .
     .                                                             .      x   .
     .                                                            .  x        .
     .                                                          .   x         .
     .                                                        .    x          .
     .                                                       .    x           .
     .                                                     .  x *             .
     .                                                   .  xxx               .
     .                                                  .xx*                  .
 N   .                                                . *x                    .
 o   .                                              xxxx                      .
 r   .                                            x**                         .
 m   .                                         x**x                           .
 a   .                                       x**                              .
 l   .                                       *.                               .
     .                                     x*                                 .
 Q   .                                    xx                                  .
 u   .                                   x*                                   .
 a   .                                 *x                                     .
 n   .                               .**                                      .
 t   .                              .x*                                       .
 i   .                            . **                                        .
 l   .                          . **x                                         .
 e   .                         . **                                           .
 s   .                       . x *                                            .
     .                     .  xx                                              .
     .                    .  *x                                               .
     .                  .   x*                                                .
     .                .     x                                                 .
     .               .   x                                                    .
     .             .    x                                                     .
     .           .    x                                                       .
     x          .                                                             .
     .        .                                                               .
     .      .                                                                 .
     .     .                                                                  .
     .   .                                                                    .
     . .                                                                      .
 -3.5..........................................................................
   -3.5                                                                      3.5
                             Standardized Residuals

 Ch5a_MO Confirmatory Factor Analysis using SIMPLIS syntax                      

 Modification Indices and Expected Change

         Modification Indices for LAMBDA-X       

               VALUE   JOBSTYLE   TEAMWORK   LEADERSH   LEARNING   ENVIRONM   
            --------   --------   --------   --------   --------   --------
       A1       - -       3.320      1.978      0.509     12.290      1.121
       A2       - -       8.901      8.183      6.284      9.073      1.155
       A3       - -       0.789      2.073      5.063      0.746      0.126
       B1      1.067       - -       0.005      0.433      0.344      2.384
       B2      0.409       - -       0.002      0.003      0.000      0.655
       B3      0.043       - -       0.000      0.368      0.250      0.200
       C1      0.509      1.052       - -       3.605      0.823      0.069
       C2      0.509      0.415       - -       1.436      1.395      0.017
       C3       - -       0.258       - -       0.932      0.131      0.475
       D1      3.568      1.773      0.866       - -       0.235      0.072
       D2      5.612      8.642      6.265       - -       7.719      1.622
       D3      0.498      4.892     21.309       - -       9.020      4.630
       E1      0.842      6.830      0.080      5.481       - -       0.662
       E2      0.063      4.634      0.100      4.375       - -       0.911
       E3      1.558      0.058      0.434      0.000       - -       0.075
       F1      0.000      1.926      9.746     11.640      6.384       - - 
       F2      2.582      3.430      1.239      0.052      1.251       - - 
       F3      2.469      0.741      1.004      3.835      0.352       - - 

         Expected Change for LAMBDA-X    

               VALUE   JOBSTYLE   TEAMWORK   LEADERSH   LEARNING   ENVIRONM   
            --------   --------   --------   --------   --------   --------
       A1       - -      -0.129     -0.098     -0.043     -0.237      0.104
       A2       - -       0.209      0.193      0.150      0.201     -0.102
       A3       - -      -0.060     -0.092     -0.130      0.055     -0.032
       B1     -0.079       - -      -0.007     -0.044     -0.044     -0.103
       B2      0.048       - -       0.004     -0.004      0.000      0.053
       B3      0.014       - -       0.001      0.037      0.035      0.027
       C1     -0.054      0.101       - -      -0.129      0.070     -0.020
       C2      0.056     -0.066       - -       0.085     -0.095     -0.010
       C3       - -      -0.048       - -       0.065      0.028      0.068
       D1      0.084      0.061     -0.046       - -       0.024     -0.011
       D2     -0.095     -0.121     -0.112       - -      -0.126     -0.047
       D3      0.035      0.109      0.246       - -       0.157      0.098
       E1      0.047      0.138     -0.016      0.116       - -      -0.038
       E2      0.013     -0.116     -0.018     -0.105       - -       0.044
       E3     -0.065     -0.013      0.037     -0.001       - -      -0.013
       F1      0.002      0.101      0.266      0.228      0.182       - - 
       F2     -0.174     -0.119     -0.085     -0.013     -0.072       - - 
       F3      0.159      0.050     -0.070     -0.103     -0.035       - - 

         Standardized Expected Change for LAMBDA-X       

               VALUE   JOBSTYLE   TEAMWORK   LEADERSH   LEARNING   ENVIRONM   
            --------   --------   --------   --------   --------   --------
       A1       - -      -0.129     -0.098     -0.043     -0.237      0.104
       A2       - -       0.209      0.193      0.150      0.201     -0.102
       A3       - -      -0.060     -0.092     -0.130      0.055     -0.032
       B1     -0.079       - -      -0.007     -0.044     -0.044     -0.103
       B2      0.048       - -       0.004     -0.004      0.000      0.053
       B3      0.014       - -       0.001      0.037      0.035      0.027
       C1     -0.054      0.101       - -      -0.129      0.070     -0.020
       C2      0.056     -0.066       - -       0.085     -0.095     -0.010
       C3       - -      -0.048       - -       0.065      0.028      0.068
       D1      0.084      0.061     -0.046       - -       0.024     -0.011
       D2     -0.095     -0.121     -0.112       - -      -0.126     -0.047
       D3      0.035      0.109      0.246       - -       0.157      0.098
       E1      0.047      0.138     -0.016      0.116       - -      -0.038
       E2      0.013     -0.116     -0.018     -0.105       - -       0.044
       E3     -0.065     -0.013      0.037     -0.001       - -      -0.013
       F1      0.002      0.101      0.266      0.228      0.182       - - 
       F2     -0.174     -0.119     -0.085     -0.013     -0.072       - - 
       F3      0.159      0.050     -0.070     -0.103     -0.035       - - 

         Completely Standardized Expected Change for LAMBDA-X    

               VALUE   JOBSTYLE   TEAMWORK   LEADERSH   LEARNING   ENVIRONM   
            --------   --------   --------   --------   --------   --------
       A1       - -      -0.131     -0.099     -0.043     -0.241      0.106
       A2       - -       0.204      0.189      0.146      0.197     -0.100
       A3       - -      -0.061     -0.095     -0.134      0.057     -0.033
       B1     -0.068       - -      -0.006     -0.038     -0.038     -0.089
       B2      0.042       - -       0.004     -0.003      0.000      0.046
       B3      0.013       - -       0.001      0.034      0.032      0.025
       C1     -0.055      0.104       - -      -0.132      0.072     -0.021
       C2      0.054     -0.064       - -       0.082     -0.092     -0.010
       C3       - -      -0.046       - -       0.062      0.027      0.065
       D1      0.090      0.065     -0.049       - -       0.026     -0.012
       D2     -0.114     -0.144     -0.133       - -      -0.150     -0.056
       D3      0.038      0.119      0.269       - -       0.172      0.108
       E1      0.048      0.142     -0.016      0.119       - -      -0.039
       E2      0.013     -0.115     -0.018     -0.104       - -       0.044
       E3     -0.066     -0.013      0.038     -0.001       - -      -0.013
       F1      0.002      0.086      0.228      0.195      0.156       - - 
       F2     -0.159     -0.109     -0.078     -0.012     -0.065       - - 
       F3      0.169      0.054     -0.074     -0.109     -0.037       - - 

 No Non-Zero Modification Indices for PHI         

         Modification Indices for THETA-DELTA    

                  A1         A2         A3         B1         B2         B3   
            --------   --------   --------   --------   --------   --------
       A1       - - 
       A2      0.000       - - 
       A3      4.124      3.310       - - 
       B1      2.556      0.336      5.313       - - 
       B2      0.693      1.255      4.736      0.002       - - 
       B3      0.005      0.621      0.026      0.005      0.015       - - 
       C1      1.803      0.184      0.247      0.209      0.006      0.431
       C2      5.047      0.201      3.835      0.578      0.019      1.710
       C3      2.991      0.836      0.164      0.000      0.113      0.002
       D1      2.393      3.576      0.822      0.337      0.338      1.163
       D2      0.023      2.212      0.204      1.053      0.506      0.889
       D3      1.359      0.215      0.650      1.805      0.021      0.190
       E1      0.830     13.104      7.521      0.009      3.853      0.845
       E2      0.093      3.054      0.042      0.164      1.673      1.588
       E3      9.646      7.997      0.785      0.309      0.320      0.787
       F1      0.982      2.099      2.501      1.268      1.250      1.329
       F2      0.111      0.421      3.834      2.175      2.449      2.996
       F3      2.348      0.139      0.602      0.068      1.903      0.081

         Modification Indices for THETA-DELTA    

                  C1         C2         C3         D1         D2         D3   
            --------   --------   --------   --------   --------   --------
       C1       - - 
       C2      0.498       - - 
       C3      2.274      0.793       - - 
       D1      0.261      0.307      0.537       - - 
       D2      6.027      0.649      0.566     13.604       - - 
       D3      5.263      1.107      1.035     13.475      0.589       - - 
       E1      0.098      6.687      0.647      1.712      0.315      0.116
       E2      3.394      0.053      1.417      1.227      2.883      4.469
       E3      0.431      0.934      0.640      0.000      0.279      0.516
       F1      0.044      2.979      0.009      0.634      2.534      2.120
       F2      4.498      0.014      9.057      0.266      1.490      0.140
       F3      4.145      2.726      3.741      0.184      1.009      0.006

         Modification Indices for THETA-DELTA    

                  E1         E2         E3         F1         F2         F3   
            --------   --------   --------   --------   --------   --------
       E1       - - 
       E2      0.110       - - 
       E3      2.993      4.650       - - 
       F1      0.000      0.045      0.370       - - 
       F2      1.404      0.128      0.200      0.438       - - 
       F3      0.088      0.004      0.175      3.842      2.204       - - 

         Expected Change for THETA-DELTA 

                  A1         A2         A3         B1         B2         B3   
            --------   --------   --------   --------   --------   --------
       A1       - - 
       A2      0.001       - - 
       A3      0.089     -0.075       - - 
       B1     -0.058      0.024      0.095       - - 
       B2      0.027      0.041     -0.078      0.002       - - 
       B3      0.002     -0.028      0.006      0.004     -0.008       - - 
       C1     -0.042      0.015      0.017      0.018      0.003      0.022
       C2      0.075      0.017     -0.071      0.032     -0.005     -0.047
       C3     -0.065      0.036      0.016      0.000     -0.013     -0.002
       D1      0.035      0.049     -0.023     -0.017      0.015      0.027
       D2     -0.003     -0.034     -0.010      0.026     -0.016     -0.021
       D3     -0.031      0.014     -0.024     -0.047      0.004      0.013
       E1      0.022     -0.100      0.075     -0.003      0.054      0.025
       E2     -0.007      0.045      0.005      0.012     -0.033     -0.032
       E3     -0.078      0.081     -0.025     -0.018     -0.016      0.025
       F1     -0.040     -0.067      0.072     -0.059      0.051     -0.051
       F2      0.011     -0.025     -0.073     -0.062     -0.057      0.062
       F3      0.045     -0.012      0.024      0.009      0.042     -0.008

         Expected Change for THETA-DELTA 

                  C1         C2         C3         D1         D2         D3   
            --------   --------   --------   --------   --------   --------
       C1       - - 
       C2      0.050       - - 
       C3     -0.067      0.041       - - 
       D1     -0.013     -0.014     -0.020       - - 
       D2     -0.053      0.019      0.018      0.192       - - 
       D3      0.066      0.032      0.033     -0.133      0.026       - - 
       E1     -0.008     -0.072      0.023      0.026      0.010     -0.008
       E2      0.045      0.006     -0.032     -0.020     -0.028      0.046
       E3     -0.018      0.028      0.024      0.000      0.010     -0.017
       F1      0.009      0.080      0.005     -0.026      0.046      0.056
       F2     -0.075     -0.004      0.118     -0.014      0.028     -0.012
       F3      0.060     -0.052     -0.062     -0.009     -0.019      0.002

         Expected Change for THETA-DELTA 

                  E1         E2         E3         F1         F2         F3   
            --------   --------   --------   --------   --------   --------
       E1       - - 
       E2     -0.014       - - 
       E3     -0.056      0.084       - - 
       F1      0.001      0.007      0.022       - - 
       F2     -0.033      0.009      0.013      0.036       - - 
       F3      0.007     -0.001     -0.010     -0.097      0.107       - - 

         Completely Standardized Expected Change for THETA-DELTA 

                  A1         A2         A3         B1         B2         B3   
            --------   --------   --------   --------   --------   --------
       A1       - - 
       A2      0.001       - - 
       A3      0.094     -0.076       - - 
       B1     -0.051      0.020      0.084       - - 
       B2      0.024      0.034     -0.070      0.002       - - 
       B3      0.002     -0.025      0.005      0.003     -0.006       - - 
       C1     -0.044      0.015      0.018      0.016      0.002      0.021
       C2      0.074      0.016     -0.071      0.027     -0.004     -0.042
       C3     -0.063      0.034      0.015      0.000     -0.011     -0.001
       D1      0.038      0.051     -0.026     -0.016      0.014      0.026
       D2     -0.004     -0.040     -0.013      0.027     -0.017     -0.023
       D3     -0.035      0.015     -0.028     -0.044      0.004      0.013
       E1      0.023     -0.101      0.080     -0.003      0.048      0.023
       E2     -0.007      0.044      0.005      0.010     -0.029     -0.029
       E3     -0.081      0.081     -0.027     -0.016     -0.014      0.023
       F1     -0.035     -0.056      0.064     -0.043      0.037     -0.040
       F2      0.011     -0.022     -0.069     -0.049     -0.045      0.052
       F3      0.048     -0.012      0.026      0.008      0.038     -0.008

         Completely Standardized Expected Change for THETA-DELTA 

                  C1         C2         C3         D1         D2         D3   
            --------   --------   --------   --------   --------   --------
       C1       - - 
       C2      0.050       - - 
       C3     -0.065      0.038       - - 
       D1     -0.014     -0.015     -0.020       - - 
       D2     -0.065      0.022      0.020      0.244       - - 
       D3      0.074      0.034      0.034     -0.156      0.034       - - 
       E1     -0.009     -0.072      0.023      0.028      0.012     -0.009
       E2      0.046      0.006     -0.030     -0.022     -0.033      0.050
       E3     -0.019      0.028      0.023      0.000      0.012     -0.019
       F1      0.008      0.066      0.004     -0.024      0.047      0.053
       F2     -0.071     -0.004      0.102     -0.013      0.031     -0.012
       F3      0.066     -0.054     -0.063     -0.010     -0.024      0.002

         Completely Standardized Expected Change for THETA-DELTA 

                  E1         E2         E3         F1         F2         F3   
            --------   --------   --------   --------   --------   --------
       E1       - - 
       E2     -0.014       - - 
       E3     -0.060      0.086       - - 
       F1      0.001      0.006      0.019       - - 
       F2     -0.031      0.009      0.012      0.028       - - 
       F3      0.007     -0.001     -0.011     -0.088      0.104       - - 

 Maximum Modification Index is   21.31 for Element (12, 3) of LAMBDA-X

 Ch5a_MO Confirmatory Factor Analysis using SIMPLIS syntax                      

 Covariances

         X - KSI 

                  A1         A2         A3         B1         B2         B3   
            --------   --------   --------   --------   --------   --------
    VALUE      0.806      0.712      0.617      0.430      0.524      0.466
 JOBSTYLE      0.439      0.387      0.336      0.791      0.963      0.857
 TEAMWORK      0.329      0.291      0.252      0.528      0.643      0.572
 LEADERSH      0.341      0.302      0.262      0.354      0.431      0.384
 LEARNING      0.430      0.379      0.329      0.454      0.553      0.492
 ENVIRONM      0.565      0.499      0.432      0.309      0.376      0.335

         X - KSI 

                  C1         C2         C3         D1         D2         D3   
            --------   --------   --------   --------   --------   --------
    VALUE      0.298      0.309      0.487      0.344      0.314      0.278
 JOBSTYLE      0.488      0.505      0.503      0.363      0.332      0.293
 TEAMWORK      0.730      0.756      0.644      0.399      0.364      0.322
 LEADERSH      0.359      0.371      0.376      0.812      0.742      0.656
 LEARNING      0.416      0.430      0.447      0.452      0.413      0.365
 ENVIRONM      0.398      0.412      0.479      0.257      0.235      0.207

         X - KSI 

                  E1         E2         E3         F1         F2         F3   
            --------   --------   --------   --------   --------   --------
    VALUE      0.430      0.487      0.422      0.449      0.581      0.551
 JOBSTYLE      0.464      0.525      0.455      0.251      0.324      0.308
 TEAMWORK      0.459      0.520      0.451      0.349      0.452      0.429
 LEADERSH      0.449      0.509      0.441      0.203      0.262      0.249
 LEARNING      0.807      0.914      0.792      0.284      0.368      0.349
 ENVIRONM      0.358      0.405      0.351      0.641      0.830      0.787

 Ch5a_MO Confirmatory Factor Analysis using SIMPLIS syntax                      

 Factor Scores Regressions

         KSI 

                  A1         A2         A3         B1         B2         B3   
            --------   --------   --------   --------   --------   --------
    VALUE      0.429      0.223      0.187      0.019      0.041      0.033
 JOBSTYLE      0.044      0.023      0.019      0.164      0.349      0.284
 TEAMWORK     -0.056     -0.029     -0.024      0.036      0.076      0.062
 LEADERSH      0.013      0.007      0.006      0.003      0.006      0.005
 LEARNING      0.018      0.009      0.008      0.008      0.017      0.014
 ENVIRONM      0.097      0.051      0.042     -0.005     -0.011     -0.009

         KSI 

                  C1         C2         C3         D1         D2         D3   
            --------   --------   --------   --------   --------   --------
    VALUE     -0.038     -0.034      0.053      0.020      0.025      0.009
 JOBSTYLE      0.056      0.050      0.035      0.010      0.013      0.004
 TEAMWORK      0.348      0.307      0.160      0.033      0.044      0.015
 LEADERSH      0.016      0.014      0.010      0.405      0.527      0.177
 LEARNING      0.015      0.013      0.010      0.023      0.030      0.010
 ENVIRONM      0.049      0.043      0.040     -0.005     -0.006     -0.002

         KSI 

                  E1         E2         E3         F1         F2         F3   
            --------   --------   --------   --------   --------   --------
    VALUE      0.019      0.035      0.017      0.026      0.063      0.114
 JOBSTYLE      0.020      0.036      0.018     -0.003     -0.008     -0.014
 TEAMWORK      0.024      0.044      0.021      0.019      0.046      0.083
 LEADERSH      0.017      0.031      0.015     -0.001     -0.002     -0.004
 LEARNING      0.259      0.474      0.228      0.002      0.005      0.009
 ENVIRONM      0.008      0.015      0.007      0.111      0.270      0.490

 Ch5a_MO Confirmatory Factor Analysis using SIMPLIS syntax                      

 Standardized Solution           

         LAMBDA-X    

               VALUE   JOBSTYLE   TEAMWORK   LEADERSH   LEARNING   ENVIRONM   
            --------   --------   --------   --------   --------   --------
       A1      0.806       - -        - -        - -        - -        - - 
       A2      0.712       - -        - -        - -        - -        - - 
       A3      0.617       - -        - -        - -        - -        - - 
       B1       - -       0.791       - -        - -        - -        - - 
       B2       - -       0.963       - -        - -        - -        - - 
       B3       - -       0.857       - -        - -        - -        - - 
       C1       - -        - -       0.730       - -        - -        - - 
       C2       - -        - -       0.756       - -        - -        - - 
       C3      0.269       - -       0.534       - -        - -        - - 
       D1       - -        - -        - -       0.812       - -        - - 
       D2       - -        - -        - -       0.742       - -        - - 
       D3       - -        - -        - -       0.656       - -        - - 
       E1       - -        - -        - -        - -       0.807       - - 
       E2       - -        - -        - -        - -       0.914       - - 
       E3       - -        - -        - -        - -       0.792       - - 
       F1       - -        - -        - -        - -        - -       0.641
       F2       - -        - -        - -        - -        - -       0.830
       F3       - -        - -        - -        - -        - -       0.787

         PHI                                     

               VALUE   JOBSTYLE   TEAMWORK   LEADERSH   LEARNING   ENVIRONM   
            --------   --------   --------   --------   --------   --------
    VALUE      1.000
 JOBSTYLE      0.544      1.000
 TEAMWORK      0.409      0.668      1.000
 LEADERSH      0.424      0.448      0.491      1.000
 LEARNING      0.533      0.574      0.569      0.557      1.000
 ENVIRONM      0.700      0.391      0.545      0.316      0.443      1.000

 Ch5a_MO Confirmatory Factor Analysis using SIMPLIS syntax                      

 Completely Standardized Solution

         LAMBDA-X    

               VALUE   JOBSTYLE   TEAMWORK   LEADERSH   LEARNING   ENVIRONM   
            --------   --------   --------   --------   --------   --------
       A1      0.819       - -        - -        - -        - -        - - 
       A2      0.696       - -        - -        - -        - -        - - 
       A3      0.637       - -        - -        - -        - -        - - 
       B1       - -       0.682       - -        - -        - -        - - 
       B2       - -       0.833       - -        - -        - -        - - 
       B3       - -       0.788       - -        - -        - -        - - 
       C1       - -        - -       0.748       - -        - -        - - 
       C2       - -        - -       0.733       - -        - -        - - 
       C3      0.256       - -       0.508       - -        - -        - - 
       D1       - -        - -        - -       0.867       - -        - - 
       D2       - -        - -        - -       0.885       - -        - - 
       D3       - -        - -        - -       0.719       - -        - - 
       E1       - -        - -        - -        - -       0.830       - - 
       E2       - -        - -        - -        - -       0.906       - - 
       E3       - -        - -        - -        - -       0.811       - - 
       F1       - -        - -        - -        - -        - -       0.549
       F2       - -        - -        - -        - -        - -       0.758
       F3       - -        - -        - -        - -        - -       0.837

         PHI                                     

               VALUE   JOBSTYLE   TEAMWORK   LEADERSH   LEARNING   ENVIRONM   
            --------   --------   --------   --------   --------   --------
    VALUE      1.000
 JOBSTYLE      0.544      1.000
 TEAMWORK      0.409      0.668      1.000
 LEADERSH      0.424      0.448      0.491      1.000
 LEARNING      0.533      0.574      0.569      0.557      1.000
 ENVIRONM      0.700      0.391      0.545      0.316      0.443      1.000

         THETA-DELTA 

                  A1         A2         A3         B1         B2         B3   
            --------   --------   --------   --------   --------   --------
               0.329      0.516      0.594      0.534      0.307      0.379

         THETA-DELTA 

                  C1         C2         C3         D1         D2         D3   
            --------   --------   --------   --------   --------   --------
               0.440      0.463      0.571      0.248      0.217      0.483

         THETA-DELTA 

                  E1         E2         E3         F1         F2         F3   
            --------   --------   --------   --------   --------   --------
               0.311      0.179      0.342      0.698      0.425      0.300

                           Time used 0.078 seconds
