GROUP: MALE
DATA  NG=2 NI=18 NO=172
KM SY FI=Ch09m.cor; ME FI=Ch09m.cor; SD FI=Ch09m.cor
LA; A1 A2 A3 B1 B2 B3 C1 C2 C3 D1 D2 D3 E1 E2 E3 F1 F2 F3
MODEL  NX=18 NK=6 PH=SY,FR TD=DI,FR LX=FU,FI
LK; VALUE JOBSTYLE TEAMWORK LEADERSHIP LEARNING ENVIRONMENT
FREE  LX(1,1) LX(2,1) LX(3,1) LX(4,2) LX(5,2) LX(6,2) LX(7,3) LX(8,3) LX(9,3) 
FREE  LX(10,4) LX(11,4) LX(12,4) LX(13,5) LX(14,5) LX(15,5) LX(16,6)LX(17,6) LX(18,6)
VALUE 1 PH(1,1) PH(2,2) PH(3,3) PH(4,4) PH(5,5) PH(6,6)
PD
OUTPUT
GROUP: FEMALE
DATA  NO=140
KM SY FI=Ch09f.cor; ME FI=Ch09f.cor; SD FI=Ch09f.cor
LA; A1 A2 A3 B1 B2 B3 C1 C2 C3 D1 D2 D3 E1 E2 E3 F1 F2 F3
MO NX=18 NK=6 PH=SY,FR TD=DI,FR LX=IN
LK; VALUE JOBSTYLE TEAMWORK LEADERSHIP LEARNING ENVIRONMENT
VALUE 1 PH(1,1) PH(2,2) PH(3,3) PH(4,4) PH(5,5) PH(6,6)
PD
OUTPUT SS SC FT
End of Problem
