
                                DATE:  4/ 2/2018
                                  TIME: 23:41


                          L I S R E L  9.30 (64 Bit)

                                       BY

                         Karl G. Jöreskog & Dag Sörbom



                    This program is published exclusively by
                    Scientific Software International, Inc.
                         http://www.ssicentral.com

        Copyright by Scientific Software International, Inc., 1981-2017
          Use of this program is subject to the terms specified in the
                        Universal Copyright Convention.

 The following lines were read from file C:\SEM\Ch09\LISREL\Ch09m.LIS:

 Ch09a MALE data
 DATA  NI=18 NO=172
 KM SY FI=Ch09m.cor; ME FI=Ch09m.cor; SD FI=Ch09m.cor
 LA; A1 A2 A3 B1 B2 B3 C1 C2 C3 D1 D2 D3 E1 E2 E3 F1 F2 F3
 MODEL  NX=18 NK=6 PH=SY,FR TD=DI,FR LX=FU,FI
 LK; VALUE JOBSTYLE TEAMWORK LEADERSHIP LEARNING ENVIRONMENT
 FREE  LX(1,1) LX(2,1) LX(3,1) LX(4,2) LX(5,2) LX(6,2) LX(7,3) LX(8,3) LX(9,3)
 FREE  LX(10,4) LX(11,4) LX(12,4) LX(13,5) LX(14,5) LX(15,5) LX(16,6)LX(17,6) LX(18,6)
 VALUE 1 PH(1,1) PH(2,2) PH(3,3) PH(4,4) PH(5,5) PH(6,6)
 PD
 OUTPUT SS SC

 Ch09a MALE data                                                                

                           Number of Input Variables 18
                           Number of Y - Variables    0
                           Number of X - Variables   18
                           Number of ETA - Variables  0
                           Number of KSI - Variables  6
                           Number of Observations   172

 Ch09a MALE data                                                                

         Covariance Matrix       

                  A1         A2         A3         B1         B2         B3   
            --------   --------   --------   --------   --------   --------
       A1      0.828
       A2      0.419      0.922
       A3      0.336      0.276      0.810
       B1      0.199      0.276      0.248      1.322
       B2      0.363      0.460      0.277      0.669      1.300
       B3      0.288      0.294      0.220      0.598      0.733      1.040
       C1      0.174      0.175      0.123      0.230      0.384      0.213
       C2      0.319      0.250      0.189      0.287      0.479      0.316
       C3      0.274      0.270      0.236      0.178      0.398      0.267
       D1      0.335      0.406      0.166      0.159      0.304      0.300
       D2      0.258      0.272      0.153      0.186      0.240      0.149
       D3      0.254      0.315      0.118      0.094      0.262      0.125
       E1      0.235      0.188      0.304      0.266      0.416      0.254
       E2      0.259      0.273      0.272      0.215      0.365      0.209
       E3      0.214      0.262      0.288      0.259      0.418      0.297
       F1      0.295      0.265      0.400      0.097      0.315      0.159
       F2      0.319      0.221      0.198      0.057      0.194      0.214
       F3      0.359      0.218      0.265      0.126      0.297      0.214

         Covariance Matrix       

                  C1         C2         C3         D1         D2         D3   
            --------   --------   --------   --------   --------   --------
       C1      0.828
       C2      0.491      1.000
       C3      0.335      0.456      0.941
       D1      0.159      0.239      0.277      0.846
       D2      0.052      0.186      0.259      0.551      0.656
       D3      0.224      0.279      0.262      0.407      0.385      0.672
       E1      0.251      0.267      0.319      0.311      0.260      0.263
       E2      0.267      0.356      0.259      0.278      0.202      0.277
       E3      0.257      0.320      0.292      0.311      0.236      0.224
       F1      0.306      0.408      0.338      0.210      0.233      0.315
       F2      0.209      0.210      0.262      0.064      0.065      0.123
       F3      0.306      0.260      0.196      0.093      0.068      0.131

         Covariance Matrix       

                  E1         E2         E3         F1         F2         F3   
            --------   --------   --------   --------   --------   --------
       E1      0.792
       E2      0.586      0.792
       E3      0.619      0.619      0.884
       F1      0.288      0.288      0.350      1.440
       F2      0.125      0.125      0.141      0.396      1.000
       F3      0.142      0.150      0.142      0.302      0.462      0.706

 Total Variance = 16.779 Generalized Variance = 0.465890D-04                            

 Largest Eigenvalue = 5.723 Smallest Eigenvalue = 0.135                                   

 Condition Number = 6.517


 Ch09a MALE data                                                                

 Parameter Specifications

         LAMBDA-X    

               VALUE   JOBSTYLE   TEAMWORK   LEADERSH   LEARNING   ENVIRONM
            --------   --------   --------   --------   --------   --------
       A1          1          0          0          0          0          0
       A2          2          0          0          0          0          0
       A3          3          0          0          0          0          0
       B1          0          4          0          0          0          0
       B2          0          5          0          0          0          0
       B3          0          6          0          0          0          0
       C1          0          0          7          0          0          0
       C2          0          0          8          0          0          0
       C3          0          0          9          0          0          0
       D1          0          0          0         10          0          0
       D2          0          0          0         11          0          0
       D3          0          0          0         12          0          0
       E1          0          0          0          0         13          0
       E2          0          0          0          0         14          0
       E3          0          0          0          0         15          0
       F1          0          0          0          0          0         16
       F2          0          0          0          0          0         17
       F3          0          0          0          0          0         18

         PHI         

               VALUE   JOBSTYLE   TEAMWORK   LEADERSH   LEARNING   ENVIRONM
            --------   --------   --------   --------   --------   --------
    VALUE          0
 JOBSTYLE         19          0
 TEAMWORK         20         21          0
 LEADERSH         22         23         24          0
 LEARNING         25         26         27         28          0
 ENVIRONM         29         30         31         32         33          0

         THETA-DELTA 

                  A1         A2         A3         B1         B2         B3
            --------   --------   --------   --------   --------   --------
                  34         35         36         37         38         39

         THETA-DELTA 

                  C1         C2         C3         D1         D2         D3
            --------   --------   --------   --------   --------   --------
                  40         41         42         43         44         45

         THETA-DELTA 

                  E1         E2         E3         F1         F2         F3
            --------   --------   --------   --------   --------   --------
                  46         47         48         49         50         51
 


 Ch09a MALE data                                                                

 Number of Iterations = 11          

 LISREL Estimates (Maximum Likelihood)                           

         LAMBDA-X    

               VALUE   JOBSTYLE   TEAMWORK   LEADERSH   LEARNING   ENVIRONM   
            --------   --------   --------   --------   --------   --------
       A1      0.671       - -        - -        - -        - -        - - 
             (0.067)
               9.988
 
       A2      0.619       - -        - -        - -        - -        - - 
             (0.072)
               8.543
 
       A3      0.485       - -        - -        - -        - -        - - 
             (0.070)
               6.899
 
       B1       - -       0.697       - -        - -        - -        - - 
                        (0.086)
                          8.080
 
       B2       - -       0.989       - -        - -        - -        - - 
                        (0.079)
                         12.501
 
       B3       - -       0.749       - -        - -        - -        - - 
                        (0.074)
                         10.191
 
       C1       - -        - -       0.619       - -        - -        - - 
                                   (0.069)
                                     8.987
 
       C2       - -        - -       0.756       - -        - -        - - 
                                   (0.074)
                                    10.175
 
       C3       - -        - -       0.603       - -        - -        - - 
                                   (0.075)
                                     8.067
 
       D1       - -        - -        - -       0.797       - -        - - 
                                              (0.061)
                                               13.145
 
       D2       - -        - -        - -       0.684       - -        - - 
                                              (0.054)
                                               12.691
 
       D3       - -        - -        - -       0.545       - -        - - 
                                              (0.059)
                                                9.285
 
       E1       - -        - -        - -        - -       0.768       - - 
                                                         (0.056)
                                                          13.668
 
       E2       - -        - -        - -        - -       0.765       - - 
                                                         (0.056)
                                                          13.594
 
       E3       - -        - -        - -        - -       0.806       - - 
                                                         (0.060)
                                                          13.534
 
       F1       - -        - -        - -        - -        - -       0.557
                                                                    (0.098)
                                                                      5.682
 
       F2       - -        - -        - -        - -        - -       0.664
                                                                    (0.078)
                                                                      8.538
 
       F3       - -        - -        - -        - -        - -       0.662
                                                                    (0.065)
                                                                     10.238
 

         PHI         

               VALUE   JOBSTYLE   TEAMWORK   LEADERSH   LEARNING   ENVIRONM   
            --------   --------   --------   --------   --------   --------
    VALUE      1.000
 
 JOBSTYLE      0.602      1.000
             (0.076)
               7.944
 
 TEAMWORK      0.563      0.600      1.000
             (0.085)    (0.072)
               6.627      8.283
 
 LEADERSH      0.628      0.380      0.423      1.000
             (0.071)    (0.080)    (0.083)
               8.852      4.772      5.128
 
 LEARNING      0.521      0.489      0.552      0.480      1.000
             (0.077)    (0.071)    (0.072)    (0.070)
               6.740      6.886      7.693      6.896
 
 ENVIRONM      0.720      0.397      0.595      0.221      0.315      1.000
             (0.074)    (0.087)    (0.080)    (0.093)    (0.087)
               9.702      4.556      7.412      2.391      3.611
 

         THETA-DELTA 

                  A1         A2         A3         B1         B2         B3   
            --------   --------   --------   --------   --------   --------
               0.377      0.538      0.575      0.836      0.321      0.479
             (0.059)    (0.070)    (0.069)    (0.102)    (0.085)    (0.070)
               6.394      7.673      8.390      8.194      3.756      6.841
 

         THETA-DELTA 

                  C1         C2         C3         D1         D2         D3   
            --------   --------   --------   --------   --------   --------
               0.444      0.428      0.577      0.211      0.188      0.375
             (0.063)    (0.073)    (0.075)    (0.045)    (0.035)    (0.046)
               7.107      5.901      7.712      4.657      5.309      8.159
 

         THETA-DELTA 

                  E1         E2         E3         F1         F2         F3   
            --------   --------   --------   --------   --------   --------
               0.202      0.206      0.234      1.130      0.559      0.267
             (0.033)    (0.034)    (0.038)    (0.132)    (0.079)    (0.057)
               6.065      6.155      6.226      8.545      7.031      4.721
 

         Squared Multiple Correlations for X - Variables         

                  A1         A2         A3         B1         B2         B3   
            --------   --------   --------   --------   --------   --------
               0.544      0.416      0.290      0.368      0.753      0.540

         Squared Multiple Correlations for X - Variables         

                  C1         C2         C3         D1         D2         D3   
            --------   --------   --------   --------   --------   --------
               0.463      0.572      0.387      0.751      0.713      0.442

         Squared Multiple Correlations for X - Variables         

                  E1         E2         E3         F1         F2         F3   
            --------   --------   --------   --------   --------   --------
               0.745      0.740      0.735      0.215      0.441      0.621

                                 Log-likelihood Values

                        Estimated Model          Saturated Model
                        ---------------          ---------------
 Number of free parameters(t)        51                      171
 -2ln(L)                       1574.292                 1380.447
 AIC (Akaike, 1974)*           1676.292                 1722.447
 BIC (Schwarz, 1978)*          1836.814                 2260.669

*LISREL uses AIC= 2t - 2ln(L) and BIC = tln(N)- 2ln(L)


                           Goodness-of-Fit Statistics

 Degrees of Freedom for (C1)-(C2)                      120
 Maximum Likelihood Ratio Chi-Square (C1)              193.845 (P = 0.0000)
 Browne's (1984) ADF Chi-Square (C2_NT)                177.233 (P = 0.0005)
 
 Estimated Non-centrality Parameter (NCP)              73.845
 90 Percent Confidence Interval for NCP                (39.690 ; 115.914)
 
 Minimum Fit Function Value                            1.127
 Population Discrepancy Function Value (F0)            0.429
 90 Percent Confidence Interval for F0                 (0.231 ; 0.674)
 Root Mean Square Error of Approximation (RMSEA)       0.0598
 90 Percent Confidence Interval for RMSEA              (0.0439 ; 0.0749)
 P-Value for Test of Close Fit (RMSEA < 0.05)          0.147
 
 Expected Cross-Validation Index (ECVI)                1.720
 90 Percent Confidence Interval for ECVI               (1.521 ; 1.965)
 ECVI for Saturated Model                              1.988
 ECVI for Independence Model                           8.475
 
 Chi-Square for Independence Model (153 df)        1421.709
 
 Normed Fit Index (NFI)                                0.864
 Non-Normed Fit Index (NNFI)                           0.926
 Parsimony Normed Fit Index (PNFI)                     0.677
 Comparative Fit Index (CFI)                           0.942
 Incremental Fit Index (IFI)                           0.943
 Relative Fit Index (RFI)                              0.826
 
 Critical N (CN)                                     141.218
 
 
 Root Mean Square Residual (RMR)                       0.0604
 Standardized RMR                                      0.0637
 Goodness of Fit Index (GFI)                           0.897
 Adjusted Goodness of Fit Index (AGFI)                 0.854
 Parsimony Goodness of Fit Index (PGFI)                0.630

 Ch09a MALE data                                                                

 Standardized Solution           

         LAMBDA-X    

               VALUE   JOBSTYLE   TEAMWORK   LEADERSH   LEARNING   ENVIRONM   
            --------   --------   --------   --------   --------   --------
       A1      0.671       - -        - -        - -        - -        - - 
       A2      0.619       - -        - -        - -        - -        - - 
       A3      0.485       - -        - -        - -        - -        - - 
       B1       - -       0.697       - -        - -        - -        - - 
       B2       - -       0.989       - -        - -        - -        - - 
       B3       - -       0.749       - -        - -        - -        - - 
       C1       - -        - -       0.619       - -        - -        - - 
       C2       - -        - -       0.756       - -        - -        - - 
       C3       - -        - -       0.603       - -        - -        - - 
       D1       - -        - -        - -       0.797       - -        - - 
       D2       - -        - -        - -       0.684       - -        - - 
       D3       - -        - -        - -       0.545       - -        - - 
       E1       - -        - -        - -        - -       0.768       - - 
       E2       - -        - -        - -        - -       0.765       - - 
       E3       - -        - -        - -        - -       0.806       - - 
       F1       - -        - -        - -        - -        - -       0.557
       F2       - -        - -        - -        - -        - -       0.664
       F3       - -        - -        - -        - -        - -       0.662

         PHI                                     

               VALUE   JOBSTYLE   TEAMWORK   LEADERSH   LEARNING   ENVIRONM   
            --------   --------   --------   --------   --------   --------
    VALUE      1.000
 JOBSTYLE      0.602      1.000
 TEAMWORK      0.563      0.600      1.000
 LEADERSH      0.628      0.380      0.423      1.000
 LEARNING      0.521      0.489      0.552      0.480      1.000
 ENVIRONM      0.720      0.397      0.595      0.221      0.315      1.000

 Ch09a MALE data                                                                

 Completely Standardized Solution

         LAMBDA-X    

               VALUE   JOBSTYLE   TEAMWORK   LEADERSH   LEARNING   ENVIRONM   
            --------   --------   --------   --------   --------   --------
       A1      0.738       - -        - -        - -        - -        - - 
       A2      0.645       - -        - -        - -        - -        - - 
       A3      0.538       - -        - -        - -        - -        - - 
       B1       - -       0.606       - -        - -        - -        - - 
       B2       - -       0.868       - -        - -        - -        - - 
       B3       - -       0.735       - -        - -        - -        - - 
       C1       - -        - -       0.681       - -        - -        - - 
       C2       - -        - -       0.756       - -        - -        - - 
       C3       - -        - -       0.622       - -        - -        - - 
       D1       - -        - -        - -       0.866       - -        - - 
       D2       - -        - -        - -       0.845       - -        - - 
       D3       - -        - -        - -       0.665       - -        - - 
       E1       - -        - -        - -        - -       0.863       - - 
       E2       - -        - -        - -        - -       0.860       - - 
       E3       - -        - -        - -        - -       0.857       - - 
       F1       - -        - -        - -        - -        - -       0.464
       F2       - -        - -        - -        - -        - -       0.664
       F3       - -        - -        - -        - -        - -       0.788

         PHI                                     

               VALUE   JOBSTYLE   TEAMWORK   LEADERSH   LEARNING   ENVIRONM   
            --------   --------   --------   --------   --------   --------
    VALUE      1.000
 JOBSTYLE      0.602      1.000
 TEAMWORK      0.563      0.600      1.000
 LEADERSH      0.628      0.380      0.423      1.000
 LEARNING      0.521      0.489      0.552      0.480      1.000
 ENVIRONM      0.720      0.397      0.595      0.221      0.315      1.000

         THETA-DELTA 

                  A1         A2         A3         B1         B2         B3   
            --------   --------   --------   --------   --------   --------
               0.456      0.584      0.710      0.632      0.247      0.460

         THETA-DELTA 

                  C1         C2         C3         D1         D2         D3   
            --------   --------   --------   --------   --------   --------
               0.537      0.428      0.613      0.249      0.287      0.558

         THETA-DELTA 

                  E1         E2         E3         F1         F2         F3   
            --------   --------   --------   --------   --------   --------
               0.255      0.260      0.265      0.785      0.559      0.379

                           Time used 0.047 seconds
