
                                DATE:  4/ 2/2018
                                  TIME: 23:41


                          L I S R E L  9.30 (64 Bit)

                                       BY

                         Karl G. Jöreskog & Dag Sörbom



                    This program is published exclusively by
                    Scientific Software International, Inc.
                         http://www.ssicentral.com

        Copyright by Scientific Software International, Inc., 1981-2017
          Use of this program is subject to the terms specified in the
                        Universal Copyright Convention.

 The following lines were read from file C:\SEM\Ch09\LISREL\Ch09f.LIS:

 Ch09a FEMALE data
 DATA  NI=18 NO=140
 KM SY FI=Ch09f.cor; ME FI=Ch09f.cor; SD FI=Ch09f.cor
 LA; A1 A2 A3 B1 B2 B3 C1 C2 C3 D1 D2 D3 E1 E2 E3 F1 F2 F3
 MODEL  NX=18 NK=6 PH=SY,FR TD=DI,FR LX=FU,FI
 LK; VALUE JOBSTYLE TEAMWORK LEADERSHIP LEARNING ENVIRONMENT
 FREE  LX(1,1) LX(2,1) LX(3,1) LX(4,2) LX(5,2) LX(6,2) LX(7,3) LX(8,3) LX(9,3)
 FREE  LX(10,4) LX(11,4) LX(12,4) LX(13,5) LX(14,5) LX(15,5) LX(16,6)LX(17,6) LX(18,6)
 VALUE 1 PH(1,1) PH(2,2) PH(3,3) PH(4,4) PH(5,5) PH(6,6)
 PD
 OUTPUT SS SC

 Ch09a FEMALE data                                                              

                           Number of Input Variables 18
                           Number of Y - Variables    0
                           Number of X - Variables   18
                           Number of ETA - Variables  0
                           Number of KSI - Variables  6
                           Number of Observations   140

 Ch09a FEMALE data                                                              

         Covariance Matrix       

                  A1         A2         A3         B1         B2         B3   
            --------   --------   --------   --------   --------   --------
       A1      1.082
       A2      0.708      1.166
       A3      0.714      0.517      1.082
       B1      0.302      0.426      0.326      1.346
       B2      0.407      0.435      0.191      0.840      1.322
       B3      0.364      0.427      0.282      0.721      0.858      1.277
       C1      0.186      0.352      0.164      0.609      0.568      0.676
       C2      0.209      0.343      0.022      0.553      0.463      0.479
       C3      0.381      0.527      0.300      0.579      0.472      0.527
       D1      0.270      0.301      0.150      0.423      0.475      0.423
       D2      0.163      0.197      0.063      0.283      0.320      0.374
       D3      0.126      0.185      0.105      0.375      0.407      0.525
       E1      0.393      0.420      0.360      0.499      0.580      0.653
       E2      0.381      0.587      0.346      0.554      0.523      0.615
       E3      0.221      0.534      0.179      0.398      0.395      0.502
       F1      0.358      0.216      0.208      0.206      0.319      0.276
       F2      0.555      0.476      0.350      0.161      0.227      0.275
       F3      0.535      0.503      0.402      0.264      0.285      0.246

         Covariance Matrix       

                  C1         C2         C3         D1         D2         D3   
            --------   --------   --------   --------   --------   --------
       C1      1.103
       C2      0.634      1.124
       C3      0.524      0.553      1.232
       D1      0.353      0.387      0.373      0.922
       D2      0.365      0.397      0.309      0.685      0.757
       D3      0.456      0.482      0.437      0.630      0.624      1.020
       E1      0.419      0.289      0.408      0.564      0.448      0.498
       E2      0.548      0.388      0.505      0.543      0.464      0.538
       E3      0.424      0.385      0.448      0.427      0.395      0.449
       F1      0.361      0.377      0.394      0.341      0.319      0.314
       F2      0.292      0.443      0.631      0.356      0.323      0.281
       F3      0.291      0.315      0.451      0.257      0.215      0.220

         Covariance Matrix       

                  E1         E2         E3         F1         F2         F3   
            --------   --------   --------   --------   --------   --------
       E1      1.103
       E2      0.874      1.232
       E3      0.604      0.830      1.020
       F1      0.291      0.419      0.269      1.232
       F2      0.304      0.489      0.387      0.682      1.346
       F3      0.333      0.429      0.350      0.626      0.792      0.980

 Total Variance = 20.344 Generalized Variance = 0.100497D-03                            

 Largest Eigenvalue = 8.318 Smallest Eigenvalue = 0.123                                   

 Condition Number = 8.223


 Ch09a FEMALE data                                                              

 Parameter Specifications

         LAMBDA-X    

               VALUE   JOBSTYLE   TEAMWORK   LEADERSH   LEARNING   ENVIRONM
            --------   --------   --------   --------   --------   --------
       A1          1          0          0          0          0          0
       A2          2          0          0          0          0          0
       A3          3          0          0          0          0          0
       B1          0          4          0          0          0          0
       B2          0          5          0          0          0          0
       B3          0          6          0          0          0          0
       C1          0          0          7          0          0          0
       C2          0          0          8          0          0          0
       C3          0          0          9          0          0          0
       D1          0          0          0         10          0          0
       D2          0          0          0         11          0          0
       D3          0          0          0         12          0          0
       E1          0          0          0          0         13          0
       E2          0          0          0          0         14          0
       E3          0          0          0          0         15          0
       F1          0          0          0          0          0         16
       F2          0          0          0          0          0         17
       F3          0          0          0          0          0         18

         PHI         

               VALUE   JOBSTYLE   TEAMWORK   LEADERSH   LEARNING   ENVIRONM
            --------   --------   --------   --------   --------   --------
    VALUE          0
 JOBSTYLE         19          0
 TEAMWORK         20         21          0
 LEADERSH         22         23         24          0
 LEARNING         25         26         27         28          0
 ENVIRONM         29         30         31         32         33          0

         THETA-DELTA 

                  A1         A2         A3         B1         B2         B3
            --------   --------   --------   --------   --------   --------
                  34         35         36         37         38         39

         THETA-DELTA 

                  C1         C2         C3         D1         D2         D3
            --------   --------   --------   --------   --------   --------
                  40         41         42         43         44         45

         THETA-DELTA 

                  E1         E2         E3         F1         F2         F3
            --------   --------   --------   --------   --------   --------
                  46         47         48         49         50         51
 


 Ch09a FEMALE data                                                              

 Number of Iterations = 10          

 LISREL Estimates (Maximum Likelihood)                           

         LAMBDA-X    

               VALUE   JOBSTYLE   TEAMWORK   LEADERSH   LEARNING   ENVIRONM   
            --------   --------   --------   --------   --------   --------
       A1      0.941       - -        - -        - -        - -        - - 
             (0.076)
              12.461
 
       A2      0.761       - -        - -        - -        - -        - - 
             (0.085)
               8.971
 
       A3      0.738       - -        - -        - -        - -        - - 
             (0.082)
               9.047
 
       B1       - -       0.871       - -        - -        - -        - - 
                        (0.089)
                          9.836
 
       B2       - -       0.912       - -        - -        - -        - - 
                        (0.086)
                         10.613
 
       B3       - -       0.912       - -        - -        - -        - - 
                        (0.084)
                         10.872
 
       C1       - -        - -       0.788       - -        - -        - - 
                                   (0.082)
                                     9.595
 
       C2       - -        - -       0.751       - -        - -        - - 
                                   (0.084)
                                     8.908
 
       C3       - -        - -       0.734       - -        - -        - - 
                                   (0.090)
                                     8.162
 
       D1       - -        - -        - -       0.847       - -        - - 
                                              (0.066)
                                               12.827
 
       D2       - -        - -        - -       0.801       - -        - - 
                                              (0.058)
                                               13.725
 
       D3       - -        - -        - -       0.777       - -        - - 
                                              (0.074)
                                               10.497
 
       E1       - -        - -        - -        - -       0.847       - - 
                                                         (0.076)
                                                          11.171
 
       E2       - -        - -        - -        - -       1.032       - - 
                                                         (0.074)
                                                          13.864
 
       E3       - -        - -        - -        - -       0.784       - - 
                                                         (0.074)
                                                          10.570
 
       F1       - -        - -        - -        - -        - -       0.723
                                                                    (0.089)
                                                                      8.126
 
       F2       - -        - -        - -        - -        - -       0.949
                                                                    (0.086)
                                                                     10.971
 
       F3       - -        - -        - -        - -        - -       0.843
                                                                    (0.073)
                                                                     11.594
 

         PHI         

               VALUE   JOBSTYLE   TEAMWORK   LEADERSH   LEARNING   ENVIRONM   
            --------   --------   --------   --------   --------   --------
    VALUE      1.000
 
 JOBSTYLE      0.452      1.000
             (0.083)
               5.435
 
 TEAMWORK      0.382      0.805      1.000
             (0.093)    (0.057)
               4.113     14.189
 
 LEADERSH      0.255      0.522      0.611      1.000
             (0.090)    (0.075)    (0.072)
               2.844      6.994      8.510
 
 LEARNING      0.460      0.641      0.621      0.627      1.000
             (0.078)    (0.064)    (0.071)    (0.060)
               5.888     10.029      8.711     10.410
 
 ENVIRONM      0.630      0.327      0.576      0.399      0.494      1.000
             (0.067)    (0.092)    (0.080)    (0.083)    (0.077)
               9.382      3.541      7.242      4.796      6.444
 

         THETA-DELTA 

                  A1         A2         A3         B1         B2         B3   
            --------   --------   --------   --------   --------   --------
               0.196      0.587      0.538      0.587      0.490      0.445
             (0.068)    (0.084)    (0.078)    (0.088)    (0.080)    (0.076)
               2.903      6.979      6.935      6.648      6.089      5.857
 

         THETA-DELTA 

                  C1         C2         C3         D1         D2         D3   
            --------   --------   --------   --------   --------   --------
               0.481      0.559      0.693      0.205      0.116      0.416
             (0.078)    (0.083)    (0.097)    (0.039)    (0.031)    (0.058)
               6.192      6.709      7.109      5.192      3.784      7.214
 

         THETA-DELTA 

                  E1         E2         E3         F1         F2         F3   
            --------   --------   --------   --------   --------   --------
               0.385      0.167      0.406      0.709      0.446      0.270
             (0.058)    (0.052)    (0.058)    (0.096)    (0.082)    (0.058)
               6.642      3.206      7.018      7.374      5.441      4.650
 

         Squared Multiple Correlations for X - Variables         

                  A1         A2         A3         B1         B2         B3   
            --------   --------   --------   --------   --------   --------
               0.818      0.496      0.503      0.564      0.629      0.651

         Squared Multiple Correlations for X - Variables         

                  C1         C2         C3         D1         D2         D3   
            --------   --------   --------   --------   --------   --------
               0.564      0.502      0.438      0.778      0.847      0.592

         Squared Multiple Correlations for X - Variables         

                  E1         E2         E3         F1         F2         F3   
            --------   --------   --------   --------   --------   --------
               0.651      0.864      0.602      0.424      0.669      0.725

                                 Log-likelihood Values

                        Estimated Model          Saturated Model
                        ---------------          ---------------
 Number of free parameters(t)        51                      171
 -2ln(L)                       1452.309                 1231.247
 AIC (Akaike, 1974)*           1554.309                 1573.247
 BIC (Schwarz, 1978)*          1704.332                 2076.268

*LISREL uses AIC= 2t - 2ln(L) and BIC = tln(N)- 2ln(L)


                           Goodness-of-Fit Statistics

 Degrees of Freedom for (C1)-(C2)                      120
 Maximum Likelihood Ratio Chi-Square (C1)              221.062 (P = 0.0000)
 Browne's (1984) ADF Chi-Square (C2_NT)                210.657 (P = 0.0000)
 
 Estimated Non-centrality Parameter (NCP)              101.062
 90 Percent Confidence Interval for NCP                (63.175 ; 146.778)
 
 Minimum Fit Function Value                            1.579
 Population Discrepancy Function Value (F0)            0.722
 90 Percent Confidence Interval for F0                 (0.451 ; 1.048)
 Root Mean Square Error of Approximation (RMSEA)       0.0776
 90 Percent Confidence Interval for RMSEA              (0.0613 ; 0.0935)
 P-Value for Test of Close Fit (RMSEA < 0.05)          0.00369
 
 Expected Cross-Validation Index (ECVI)                2.308
 90 Percent Confidence Interval for ECVI               (2.037 ; 2.634)
 ECVI for Saturated Model                              2.443
 ECVI for Independence Model                           11.488
 
 Chi-Square for Independence Model (153 df)        1572.370
 
 Normed Fit Index (NFI)                                0.859
 Non-Normed Fit Index (NNFI)                           0.909
 Parsimony Normed Fit Index (PNFI)                     0.674
 Comparative Fit Index (CFI)                           0.929
 Incremental Fit Index (IFI)                           0.930
 Relative Fit Index (RFI)                              0.821
 
 Critical N (CN)                                     100.945
 
 
 Root Mean Square Residual (RMR)                       0.0749
 Standardized RMR                                      0.0656
 Goodness of Fit Index (GFI)                           0.857
 Adjusted Goodness of Fit Index (AGFI)                 0.796
 Parsimony Goodness of Fit Index (PGFI)                0.601

 Ch09a FEMALE data                                                              

 Standardized Solution           

         LAMBDA-X    

               VALUE   JOBSTYLE   TEAMWORK   LEADERSH   LEARNING   ENVIRONM   
            --------   --------   --------   --------   --------   --------
       A1      0.941       - -        - -        - -        - -        - - 
       A2      0.761       - -        - -        - -        - -        - - 
       A3      0.738       - -        - -        - -        - -        - - 
       B1       - -       0.871       - -        - -        - -        - - 
       B2       - -       0.912       - -        - -        - -        - - 
       B3       - -       0.912       - -        - -        - -        - - 
       C1       - -        - -       0.788       - -        - -        - - 
       C2       - -        - -       0.751       - -        - -        - - 
       C3       - -        - -       0.734       - -        - -        - - 
       D1       - -        - -        - -       0.847       - -        - - 
       D2       - -        - -        - -       0.801       - -        - - 
       D3       - -        - -        - -       0.777       - -        - - 
       E1       - -        - -        - -        - -       0.847       - - 
       E2       - -        - -        - -        - -       1.032       - - 
       E3       - -        - -        - -        - -       0.784       - - 
       F1       - -        - -        - -        - -        - -       0.723
       F2       - -        - -        - -        - -        - -       0.949
       F3       - -        - -        - -        - -        - -       0.843

         PHI                                     

               VALUE   JOBSTYLE   TEAMWORK   LEADERSH   LEARNING   ENVIRONM   
            --------   --------   --------   --------   --------   --------
    VALUE      1.000
 JOBSTYLE      0.452      1.000
 TEAMWORK      0.382      0.805      1.000
 LEADERSH      0.255      0.522      0.611      1.000
 LEARNING      0.460      0.641      0.621      0.627      1.000
 ENVIRONM      0.630      0.327      0.576      0.399      0.494      1.000

 Ch09a FEMALE data                                                              

 Completely Standardized Solution

         LAMBDA-X    

               VALUE   JOBSTYLE   TEAMWORK   LEADERSH   LEARNING   ENVIRONM   
            --------   --------   --------   --------   --------   --------
       A1      0.905       - -        - -        - -        - -        - - 
       A2      0.705       - -        - -        - -        - -        - - 
       A3      0.709       - -        - -        - -        - -        - - 
       B1       - -       0.751       - -        - -        - -        - - 
       B2       - -       0.793       - -        - -        - -        - - 
       B3       - -       0.807       - -        - -        - -        - - 
       C1       - -        - -       0.751       - -        - -        - - 
       C2       - -        - -       0.709       - -        - -        - - 
       C3       - -        - -       0.662       - -        - -        - - 
       D1       - -        - -        - -       0.882       - -        - - 
       D2       - -        - -        - -       0.921       - -        - - 
       D3       - -        - -        - -       0.770       - -        - - 
       E1       - -        - -        - -        - -       0.807       - - 
       E2       - -        - -        - -        - -       0.930       - - 
       E3       - -        - -        - -        - -       0.776       - - 
       F1       - -        - -        - -        - -        - -       0.651
       F2       - -        - -        - -        - -        - -       0.818
       F3       - -        - -        - -        - -        - -       0.851

         PHI                                     

               VALUE   JOBSTYLE   TEAMWORK   LEADERSH   LEARNING   ENVIRONM   
            --------   --------   --------   --------   --------   --------
    VALUE      1.000
 JOBSTYLE      0.452      1.000
 TEAMWORK      0.382      0.805      1.000
 LEADERSH      0.255      0.522      0.611      1.000
 LEARNING      0.460      0.641      0.621      0.627      1.000
 ENVIRONM      0.630      0.327      0.576      0.399      0.494      1.000

         THETA-DELTA 

                  A1         A2         A3         B1         B2         B3   
            --------   --------   --------   --------   --------   --------
               0.182      0.504      0.497      0.436      0.371      0.349

         THETA-DELTA 

                  C1         C2         C3         D1         D2         D3   
            --------   --------   --------   --------   --------   --------
               0.436      0.498      0.562      0.222      0.153      0.408

         THETA-DELTA 

                  E1         E2         E3         F1         F2         F3   
            --------   --------   --------   --------   --------   --------
               0.349      0.136      0.398      0.576      0.331      0.275

                           Time used 0.062 seconds
