
                                DATE:  4/ 4/2018
                                  TIME: 18:53


                          L I S R E L  9.30 (64 Bit)

                                       BY

                         Karl G. Jöreskog & Dag Sörbom



                    This program is published exclusively by
                    Scientific Software International, Inc.
                         http://www.ssicentral.com

        Copyright by Scientific Software International, Inc., 1981-2017
          Use of this program is subject to the terms specified in the
                        Universal Copyright Convention.

 The following lines were read from file C:\SEM\Ch09\LISREL\Ch09amg3.SPL:

 GROUP: MALE
 Observed variables: A1 A2 A3 B1 B2 B3 C1 C2 C3 D1 D2 D3 E1 E2 E3 F1 F2 F3
 correlation matrix from file Ch09m.cor
 means from file Ch09m.cor
 standard deviation from file Ch09m.cor
 Sample Size = 172
 Latent Variables  VALUE JOBSTYLE TEAMWORK LEADERSH LEARNING ENVIRONM
 Relationships
 A1-A3= VALUE
 B1-B3 = JOBSTYLE
 C1-C3 = TEAMWORK
 D1-D3 = LEADERSH
 E1-E3 = LEARNING
 F1 -F3= ENVIRONM
 Set the Variance of VALUE-ENVIRONM to 1.00
 Path Diagram
 GROUP: FEMALE
 Observed variables: A1 A2 A3 B1 B2 B3 C1 C2 C3 D1 D2 D3 E1 E2 E3 F1 F2 F3
 correlation matrix from file Ch09f.cor
 means from file Ch09f.cor
 standard deviation from file Ch09f.cor
 Sample Size = 140
 Latent Variables  VALUE JOBSTYLE TEAMWORK LEADERSH LEARNING ENVIRONM
 Relationships
 Set the Covariance of JOBSTYLE and VALUE Free
 Set the Covariance of TEAMWORK and VALUE Free
 Set the Covariance of TEAMWORK and JOBSTYLE Free
 Set the Covariance of LEADERSH and VALUE Free
 Set the Covariance of LEADERSH and JOBSTYLE Free
 Set the Covariance of LEADERSH and TEAMWORK Free
 Set the Covariance of LEARNING and VALUE Free
 Set the Covariance of LEARNING and JOBSTYLE Free
 Set the Covariance of LEARNING and TEAMWORK Free
 Set the Covariance of LEARNING and LEADERSH Free
 Set the Covariance of ENVIRONM and VALUE Free
 Set the Covariance of ENVIRONM and JOBSTYLE Free
 Set the Covariance of ENVIRONM and TEAMWORK Free
 Set the Covariance of ENVIRONM and LEADERSH Free
 Set the Covariance of ENVIRONM and LEARNING Free
 Path Diagram
 End of Problem

 Sample Size =   312

 GROUP: MALE                                                                    

         Covariance Matrix       

                  A1         A2         A3         B1         B2         B3   
            --------   --------   --------   --------   --------   --------
       A1      0.828
       A2      0.419      0.922
       A3      0.336      0.276      0.810
       B1      0.199      0.276      0.248      1.322
       B2      0.363      0.460      0.277      0.669      1.300
       B3      0.288      0.294      0.220      0.598      0.733      1.040
       C1      0.174      0.175      0.123      0.230      0.384      0.213
       C2      0.319      0.250      0.189      0.287      0.479      0.316
       C3      0.274      0.270      0.236      0.178      0.398      0.267
       D1      0.335      0.406      0.166      0.159      0.304      0.300
       D2      0.258      0.272      0.153      0.186      0.240      0.149
       D3      0.254      0.315      0.118      0.094      0.262      0.125
       E1      0.235      0.188      0.304      0.266      0.416      0.254
       E2      0.259      0.273      0.272      0.215      0.365      0.209
       E3      0.214      0.262      0.288      0.259      0.418      0.297
       F1      0.295      0.265      0.400      0.097      0.315      0.159
       F2      0.319      0.221      0.198      0.057      0.194      0.214
       F3      0.359      0.218      0.265      0.126      0.297      0.214

         Covariance Matrix       

                  C1         C2         C3         D1         D2         D3   
            --------   --------   --------   --------   --------   --------
       C1      0.828
       C2      0.491      1.000
       C3      0.335      0.456      0.941
       D1      0.159      0.239      0.277      0.846
       D2      0.052      0.186      0.259      0.551      0.656
       D3      0.224      0.279      0.262      0.407      0.385      0.672
       E1      0.251      0.267      0.319      0.311      0.260      0.263
       E2      0.267      0.356      0.259      0.278      0.202      0.277
       E3      0.257      0.320      0.292      0.311      0.236      0.224
       F1      0.306      0.408      0.338      0.210      0.233      0.315
       F2      0.209      0.210      0.262      0.064      0.065      0.123
       F3      0.306      0.260      0.196      0.093      0.068      0.131

         Covariance Matrix       

                  E1         E2         E3         F1         F2         F3   
            --------   --------   --------   --------   --------   --------
       E1      0.792
       E2      0.586      0.792
       E3      0.619      0.619      0.884
       F1      0.288      0.288      0.350      1.440
       F2      0.125      0.125      0.141      0.396      1.000
       F3      0.142      0.150      0.142      0.302      0.462      0.706

 Total Variance = 16.779 Generalized Variance = 0.465890D-04                            

 Largest Eigenvalue = 5.723 Smallest Eigenvalue = 0.135                                   

 Condition Number = 6.517

 GROUP: FEMALE                                                                  

         Covariance Matrix       

                  A1         A2         A3         B1         B2         B3   
            --------   --------   --------   --------   --------   --------
       A1      1.082
       A2      0.708      1.166
       A3      0.714      0.517      1.082
       B1      0.302      0.426      0.326      1.346
       B2      0.407      0.435      0.191      0.840      1.322
       B3      0.364      0.427      0.282      0.721      0.858      1.277
       C1      0.186      0.352      0.164      0.609      0.568      0.676
       C2      0.209      0.343      0.022      0.553      0.463      0.479
       C3      0.381      0.527      0.300      0.579      0.472      0.527
       D1      0.270      0.301      0.150      0.423      0.475      0.423
       D2      0.163      0.197      0.063      0.283      0.320      0.374
       D3      0.126      0.185      0.105      0.375      0.407      0.525
       E1      0.393      0.420      0.360      0.499      0.580      0.653
       E2      0.381      0.587      0.346      0.554      0.523      0.615
       E3      0.221      0.534      0.179      0.398      0.395      0.502
       F1      0.358      0.216      0.208      0.206      0.319      0.276
       F2      0.555      0.476      0.350      0.161      0.227      0.275
       F3      0.535      0.503      0.402      0.264      0.285      0.246

         Covariance Matrix       

                  C1         C2         C3         D1         D2         D3   
            --------   --------   --------   --------   --------   --------
       C1      1.103
       C2      0.634      1.124
       C3      0.524      0.553      1.232
       D1      0.353      0.387      0.373      0.922
       D2      0.365      0.397      0.309      0.685      0.757
       D3      0.456      0.482      0.437      0.630      0.624      1.020
       E1      0.419      0.289      0.408      0.564      0.448      0.498
       E2      0.548      0.388      0.505      0.543      0.464      0.538
       E3      0.424      0.385      0.448      0.427      0.395      0.449
       F1      0.361      0.377      0.394      0.341      0.319      0.314
       F2      0.292      0.443      0.631      0.356      0.323      0.281
       F3      0.291      0.315      0.451      0.257      0.215      0.220

         Covariance Matrix       

                  E1         E2         E3         F1         F2         F3   
            --------   --------   --------   --------   --------   --------
       E1      1.103
       E2      0.874      1.232
       E3      0.604      0.830      1.020
       F1      0.291      0.419      0.269      1.232
       F2      0.304      0.489      0.387      0.682      1.346
       F3      0.333      0.429      0.350      0.626      0.792      0.980

 Total Variance = 20.344 Generalized Variance = 0.100497D-03                            

 Largest Eigenvalue = 8.318 Smallest Eigenvalue = 0.123                                   

 Condition Number = 8.223
 


 GROUP: MALE                                                                    

 Number of Iterations = 12          

 LISREL Estimates (Maximum Likelihood)                           

         Measurement Equations

 
       A1 = 0.799*VALUE, Errorvar.= 0.321  , R² = 0.665
 Standerr  (0.0503)                (0.0440)            
 Z-values   15.891                  7.305              
 P-values   0.000                   0.000   
 
       A2 = 0.710*VALUE, Errorvar.= 0.541  , R² = 0.483
 Standerr  (0.0549)                (0.0536)            
 Z-values   12.930                  10.081             
 P-values   0.000                   0.000   
 
       A3 = 0.617*VALUE, Errorvar.= 0.561  , R² = 0.404
 Standerr  (0.0534)                (0.0522)            
 Z-values   11.545                  10.755             
 P-values   0.000                   0.000   
 
       B1 = 0.796*JOBSTYLE, Errorvar.= 0.706  , R² = 0.473
 Standerr  (0.0620)                   (0.0682)            
 Z-values   12.828                     10.356             
 P-values   0.000                      0.000   
 
       B2 = 0.937*JOBSTYLE, Errorvar.= 0.441  , R² = 0.665
 Standerr  (0.0583)                   (0.0574)            
 Z-values   16.072                     7.690              
 P-values   0.000                      0.000   
 
       B3 = 0.847*JOBSTYLE, Errorvar.= 0.436  , R² = 0.622
 Standerr  (0.0551)                   (0.0514)            
 Z-values   15.370                     8.473              
 P-values   0.000                      0.000   
 
       C1 = 0.709*TEAMWORK, Errorvar.= 0.461  , R² = 0.522
 Standerr  (0.0531)                   (0.0496)            
 Z-values   13.351                     9.295              
 P-values   0.000                      0.000   
 
       C2 = 0.759*TEAMWORK, Errorvar.= 0.494  , R² = 0.538
 Standerr  (0.0557)                   (0.0545)            
 Z-values   13.621                     9.062              
 P-values   0.000                      0.000   
 
       C3 = 0.674*TEAMWORK, Errorvar.= 0.629  , R² = 0.419
 Standerr  (0.0579)                   (0.0605)            
 Z-values   11.636                     10.403             
 P-values   0.000                      0.000   
 
       D1 = 0.821*LEADERSH, Errorvar.= 0.215  , R² = 0.758
 Standerr  (0.0444)                   (0.0301)            
 Z-values   18.481                     7.138              
 P-values   0.000                      0.000   
 
       D2 = 0.745*LEADERSH, Errorvar.= 0.154  , R² = 0.783
 Standerr  (0.0393)                   (0.0236)            
 Z-values   18.935                     6.495              
 P-values   0.000                      0.000   
 
       D3 = 0.662*LEADERSH, Errorvar.= 0.396  , R² = 0.525
 Standerr  (0.0464)                   (0.0368)            
 Z-values   14.246                     10.767             
 P-values   0.000                      0.000   
 
       E1 = 0.803*LEARNING, Errorvar.= 0.289  , R² = 0.690
 Standerr  (0.0463)                   (0.0318)            
 Z-values   17.336                     9.098              
 P-values   0.000                      0.000   
 
       E2 = 0.898*LEARNING, Errorvar.= 0.187  , R² = 0.811
 Standerr  (0.0458)                   (0.0299)            
 Z-values   19.595                     6.275              
 P-values   0.000                      0.000   
 
       E3 = 0.786*LEARNING, Errorvar.= 0.330  , R² = 0.651
 Standerr  (0.0473)                   (0.0341)            
 Z-values   16.615                     9.703              
 P-values   0.000                      0.000   
 
       F1 = 0.636*ENVIRONM, Errorvar.= 0.946  , R² = 0.300
 Standerr  (0.0667)                   (0.0836)            
 Z-values   9.543                      11.321             
 P-values   0.000                      0.000   
 
       F2 = 0.806*ENVIRONM, Errorvar.= 0.512  , R² = 0.559
 Standerr  (0.0577)                   (0.0580)            
 Z-values   13.961                     8.838              
 P-values   0.000                      0.000   
 
       F3 = 0.755*ENVIRONM, Errorvar.= 0.264  , R² = 0.683
 Standerr  (0.0478)                   (0.0405)            
 Z-values   15.795                     6.522              
 P-values   0.000                      0.000   
 

         Correlation Matrix of Independent Variables 

               VALUE   JOBSTYLE   TEAMWORK   LEADERSH   LEARNING   ENVIRONM   
            --------   --------   --------   --------   --------   --------
    VALUE      1.000
 
 JOBSTYLE      0.626      1.000
             (0.065)
               9.565
 
 TEAMWORK      0.625      0.636      1.000
             (0.070)    (0.067)
               8.895      9.496
 
 LEADERSH      0.643      0.430      0.481      1.000
             (0.060)    (0.074)    (0.075)
              10.800      5.844      6.448
 
 LEARNING      0.584      0.526      0.626      0.527      1.000
             (0.064)    (0.067)    (0.063)    (0.063)
               9.093      7.896      9.910      8.432
 
 ENVIRONM      0.751      0.449      0.662      0.305      0.398      1.000
             (0.056)    (0.078)    (0.067)    (0.081)    (0.076)
              13.384      5.791      9.903      3.748      5.215
 


                         Group Goodness of Fit Statistics

 Contribution to Chi-Square                            229.684
 Percentage Contribution to Chi-Square                 47.608
 
 Root Mean Square Residual (RMR)                       0.109
 Standardized RMR                                      0.109
 Goodness of Fit Index (GFI)                           0.901

        The Modification Indices Suggest to Add the
  Path to  from      Decrease in Chi-Square    New Estimate
 B2        TEAMWORK            7.9                 0.25 IN GROUP 1
 F1        LEARNING            7.9                 0.25 IN GROUP 1

 The Modification Indices Suggest to Add an Error Covariance
  Between    and     Decrease in Chi-Square    New Estimate
 D1        B3                 12.6                 0.12 IN GROUP 1
 D2        C1                 10.7                -0.10 IN GROUP 1
 E1        E1                  8.7                 0.21 IN GROUP 1
 F3        F1                  9.4                -0.17 IN GROUP 1


 GROUP: FEMALE                                                                  

 Number of Iterations = 12          

 LISREL Estimates (Maximum Likelihood)                           

         Measurement Equations

 
       A1 = 0.799*VALUE, Errorvar.= 0.321  , R² = 0.665
 Standerr  (0.0503)                (0.0440)            
 Z-values   15.891                  7.305              
 P-values   0.000                   0.000   
 
       A2 = 0.710*VALUE, Errorvar.= 0.541  , R² = 0.483
 Standerr  (0.0549)                (0.0536)            
 Z-values   12.930                  10.081             
 P-values   0.000                   0.000   
 
       A3 = 0.617*VALUE, Errorvar.= 0.561  , R² = 0.404
 Standerr  (0.0534)                (0.0522)            
 Z-values   11.545                  10.755             
 P-values   0.000                   0.000   
 
       B1 = 0.796*JOBSTYLE, Errorvar.= 0.706  , R² = 0.473
 Standerr  (0.0620)                   (0.0682)            
 Z-values   12.828                     10.356             
 P-values   0.000                      0.000   
 
       B2 = 0.937*JOBSTYLE, Errorvar.= 0.441  , R² = 0.665
 Standerr  (0.0583)                   (0.0574)            
 Z-values   16.072                     7.690              
 P-values   0.000                      0.000   
 
       B3 = 0.847*JOBSTYLE, Errorvar.= 0.436  , R² = 0.622
 Standerr  (0.0551)                   (0.0514)            
 Z-values   15.370                     8.473              
 P-values   0.000                      0.000   
 
       C1 = 0.709*TEAMWORK, Errorvar.= 0.461  , R² = 0.522
 Standerr  (0.0531)                   (0.0496)            
 Z-values   13.351                     9.295              
 P-values   0.000                      0.000   
 
       C2 = 0.759*TEAMWORK, Errorvar.= 0.494  , R² = 0.538
 Standerr  (0.0557)                   (0.0545)            
 Z-values   13.621                     9.062              
 P-values   0.000                      0.000   
 
       C3 = 0.674*TEAMWORK, Errorvar.= 0.629  , R² = 0.419
 Standerr  (0.0579)                   (0.0605)            
 Z-values   11.636                     10.403             
 P-values   0.000                      0.000   
 
       D1 = 0.821*LEADERSH, Errorvar.= 0.215  , R² = 0.758
 Standerr  (0.0444)                   (0.0301)            
 Z-values   18.481                     7.138              
 P-values   0.000                      0.000   
 
       D2 = 0.745*LEADERSH, Errorvar.= 0.154  , R² = 0.783
 Standerr  (0.0393)                   (0.0236)            
 Z-values   18.935                     6.495              
 P-values   0.000                      0.000   
 
       D3 = 0.662*LEADERSH, Errorvar.= 0.396  , R² = 0.525
 Standerr  (0.0464)                   (0.0368)            
 Z-values   14.246                     10.767             
 P-values   0.000                      0.000   
 
       E1 = 0.803*LEARNING, Errorvar.= 0.289  , R² = 0.690
 Standerr  (0.0463)                   (0.0318)            
 Z-values   17.336                     9.098              
 P-values   0.000                      0.000   
 
       E2 = 0.898*LEARNING, Errorvar.= 0.187  , R² = 0.811
 Standerr  (0.0458)                   (0.0299)            
 Z-values   19.595                     6.275              
 P-values   0.000                      0.000   
 
       E3 = 0.786*LEARNING, Errorvar.= 0.330  , R² = 0.651
 Standerr  (0.0473)                   (0.0341)            
 Z-values   16.615                     9.703              
 P-values   0.000                      0.000   
 
       F1 = 0.636*ENVIRONM, Errorvar.= 0.946  , R² = 0.300
 Standerr  (0.0667)                   (0.0836)            
 Z-values   9.543                      11.321             
 P-values   0.000                      0.000   
 
       F2 = 0.806*ENVIRONM, Errorvar.= 0.512  , R² = 0.559
 Standerr  (0.0577)                   (0.0580)            
 Z-values   13.961                     8.838              
 P-values   0.000                      0.000   
 
       F3 = 0.755*ENVIRONM, Errorvar.= 0.264  , R² = 0.683
 Standerr  (0.0478)                   (0.0405)            
 Z-values   15.795                     6.522              
 P-values   0.000                      0.000   
 

         Correlation Matrix of Independent Variables 

               VALUE   JOBSTYLE   TEAMWORK   LEADERSH   LEARNING   ENVIRONM   
            --------   --------   --------   --------   --------   --------
    VALUE      1.000
 
 JOBSTYLE      0.437      1.000
             (0.089)
               4.936
 
 TEAMWORK      0.358      0.758      1.000
             (0.098)    (0.062)
               3.650     12.307
 
 LEADERSH      0.226      0.495      0.577      1.000
             (0.095)    (0.076)    (0.074)
               2.371      6.515      7.739
 
 LEARNING      0.459      0.608      0.564      0.611      1.000
             (0.082)    (0.066)    (0.075)    (0.061)
               5.608      9.241      7.539     10.041
 
 ENVIRONM      0.619      0.270      0.524      0.350      0.438      1.000
             (0.075)    (0.096)    (0.086)    (0.089)    (0.083)
               8.201      2.804      6.064      3.944      5.300
 

                                 Log-likelihood Values

                        Estimated Model          Saturated Model
                        ---------------          ---------------
 Number of free parameters(t)        66                      342
 -2ln(L)                       3094.063                 2611.614
 AIC (Akaike, 1974)*           3226.063                 3295.614
 BIC (Schwarz, 1978)*          3472.890                 4574.624

*LISREL uses AIC= 2t - 2ln(L) and BIC = tln(N)- 2ln(L)


                        Global Goodness-of-Fit Statistics

 Degrees of Freedom for (C1)-(C2)                      276
 Maximum Likelihood Ratio Chi-Square (C1)              482.449 (P = 0.0000)
 Browne's (1984) ADF Chi-Square (C2_NT)                317.074 (P = 0.0449)
 
 Estimated Non-centrality Parameter (NCP)              206.449
 90 Percent Confidence Interval for NCP                (149.287 ; 271.470)
 
 Minimum Fit Function Value                            1.551
 Population Discrepancy Function Value (F0)            0.664
 90 Percent Confidence Interval for F0                 (0.480 ; 0.873)
 Root Mean Square Error of Approximation (RMSEA)       0.0694
 90 Percent Confidence Interval for RMSEA              (0.0590 ; 0.0795)
 P-Value for Test of Close Fit (RMSEA < 0.05)          0.00152
 
 Expected Cross-Validation Index (ECVI)                1.976
 90 Percent Confidence Interval for ECVI               (1.792 ; 2.185)
 ECVI for Saturated Model                              1.100
 ECVI for Independence Model                           9.743
 
 Chi-Square for Independence Model (306 df)        2994.079
 
 Normed Fit Index (NFI)                                0.921
 Non-Normed Fit Index (NNFI)                           0.960
 Parsimony Normed Fit Index (PNFI)                     0.830
 Comparative Fit Index (CFI)                           0.964
 Incremental Fit Index (IFI)                           0.964
 Relative Fit Index (RFI)                              0.912
 
 Critical N (CN)                                     215.343
 


                         Group Goodness of Fit Statistics

 Contribution to Chi-Square                            252.765
 Percentage Contribution to Chi-Square                 52.392
 
 Root Mean Square Residual (RMR)                       0.124
 Standardized RMR                                      0.122
 Goodness of Fit Index (GFI)                           0.812

        The Modification Indices Suggest to Add the
  Path to  from      Decrease in Chi-Square    New Estimate
 A2        TEAMWORK            9.9                 0.26 IN GROUP 2
 A2        LEARNING           12.3                 0.29 IN GROUP 2
 C3        VALUE              12.7                 0.32 IN GROUP 2
 C3        ENVIRONM           11.4                 0.31 IN GROUP 2
 D3        TEAMWORK           11.5                 0.24 IN GROUP 2

 The Modification Indices Suggest to Add an Error Covariance
  Between    and     Decrease in Chi-Square    New Estimate
 A3        A1                  9.6                 0.17 IN GROUP 2
 E1        A2                  8.1                -0.12 IN GROUP 2
 E1        E1                  8.7                 0.39 IN GROUP 2
 E3        A1                  8.1                -0.11 IN GROUP 2
 E3        A2                 14.9                 0.17 IN GROUP 2
 E3        E1                 21.9                -0.17 IN GROUP 2
 F2        C3                  8.0                 0.17 IN GROUP 2

                           Time used 0.078 seconds
