
                                DATE:  4/ 4/2018
                                  TIME: 18:55


                          L I S R E L  9.30 (64 Bit)

                                       BY

                         Karl G. Jöreskog & Dag Sörbom



                    This program is published exclusively by
                    Scientific Software International, Inc.
                         http://www.ssicentral.com

        Copyright by Scientific Software International, Inc., 1981-2017
          Use of this program is subject to the terms specified in the
                        Universal Copyright Convention.

 The following lines were read from file C:\SEM\Ch09\LISREL\Ch09amg1.SPL:

 GROUP: MALE
 Observed variables: A1 A2 A3 B1 B2 B3 C1 C2 C3 D1 D2 D3 E1 E2 E3 F1 F2 F3
 correlation matrix from file Ch09m.cor
 means from file Ch09m.cor
 standard deviation from file Ch09m.cor
 Sample Size = 172
 Latent Variables  VALUE JOBSTYLE TEAMWORK LEADERSH LEARNING ENVIRONM
 Relationships
 A1-A3= VALUE
 B1-B3 = JOBSTYLE
 C1-C3 = TEAMWORK
 D1-D3 = LEADERSH
 E1-E3 = LEARNING
 F1 -F3= ENVIRONM
 Set the Variance of VALUE-ENVIRONM to 1.00
 Path Diagram
 GROUP: FEMALE
 Observed variables: A1 A2 A3 B1 B2 B3 C1 C2 C3 D1 D2 D3 E1 E2 E3 F1 F2 F3
 correlation matrix from file Ch09f.cor
 means from file Ch09f.cor
 standard deviation from file Ch09f.cor
 Sample Size = 140
 Latent Variables  VALUE JOBSTYLE TEAMWORK LEADERSH LEARNING ENVIRONM
 Relationships
 A1-A3= VALUE
 B1-B3 = JOBSTYLE
 C1-C3 = TEAMWORK
 D1-D3 = LEADERSH
 E1-E3 = LEARNING
 F1 -F3= ENVIRONM
 Set the Variance of VALUE-ENVIRONM to 1.00
 Set the Covariance of JOBSTYLE and VALUE Free
 Set the Covariance of TEAMWORK and VALUE Free
 Set the Covariance of TEAMWORK and JOBSTYLE Free
 Set the Covariance of LEADERSH and VALUE Free
 Set the Covariance of LEADERSH and JOBSTYLE Free
 Set the Covariance of LEADERSH and TEAMWORK Free
 Set the Covariance of LEARNING and VALUE Free
 Set the Covariance of LEARNING and JOBSTYLE Free
 Set the Covariance of LEARNING and TEAMWORK Free
 Set the Covariance of LEARNING and LEADERSH Free
 Set the Covariance of ENVIRONM and VALUE Free
 Set the Covariance of ENVIRONM and JOBSTYLE Free
 Set the Covariance of ENVIRONM and TEAMWORK Free
 Set the Covariance of ENVIRONM and LEADERSH Free
 Set the Covariance of ENVIRONM and LEARNING Free
 Set the Error Variance of A1-F3 Free
 End of Problem

 Sample Size =   312

 GROUP: MALE                                                                    

         Covariance Matrix       

                  A1         A2         A3         B1         B2         B3   
            --------   --------   --------   --------   --------   --------
       A1      0.828
       A2      0.419      0.922
       A3      0.336      0.276      0.810
       B1      0.199      0.276      0.248      1.322
       B2      0.363      0.460      0.277      0.669      1.300
       B3      0.288      0.294      0.220      0.598      0.733      1.040
       C1      0.174      0.175      0.123      0.230      0.384      0.213
       C2      0.319      0.250      0.189      0.287      0.479      0.316
       C3      0.274      0.270      0.236      0.178      0.398      0.267
       D1      0.335      0.406      0.166      0.159      0.304      0.300
       D2      0.258      0.272      0.153      0.186      0.240      0.149
       D3      0.254      0.315      0.118      0.094      0.262      0.125
       E1      0.235      0.188      0.304      0.266      0.416      0.254
       E2      0.259      0.273      0.272      0.215      0.365      0.209
       E3      0.214      0.262      0.288      0.259      0.418      0.297
       F1      0.295      0.265      0.400      0.097      0.315      0.159
       F2      0.319      0.221      0.198      0.057      0.194      0.214
       F3      0.359      0.218      0.265      0.126      0.297      0.214

         Covariance Matrix       

                  C1         C2         C3         D1         D2         D3   
            --------   --------   --------   --------   --------   --------
       C1      0.828
       C2      0.491      1.000
       C3      0.335      0.456      0.941
       D1      0.159      0.239      0.277      0.846
       D2      0.052      0.186      0.259      0.551      0.656
       D3      0.224      0.279      0.262      0.407      0.385      0.672
       E1      0.251      0.267      0.319      0.311      0.260      0.263
       E2      0.267      0.356      0.259      0.278      0.202      0.277
       E3      0.257      0.320      0.292      0.311      0.236      0.224
       F1      0.306      0.408      0.338      0.210      0.233      0.315
       F2      0.209      0.210      0.262      0.064      0.065      0.123
       F3      0.306      0.260      0.196      0.093      0.068      0.131

         Covariance Matrix       

                  E1         E2         E3         F1         F2         F3   
            --------   --------   --------   --------   --------   --------
       E1      0.792
       E2      0.586      0.792
       E3      0.619      0.619      0.884
       F1      0.288      0.288      0.350      1.440
       F2      0.125      0.125      0.141      0.396      1.000
       F3      0.142      0.150      0.142      0.302      0.462      0.706

 Total Variance = 16.779 Generalized Variance = 0.465890D-04                            

 Largest Eigenvalue = 5.723 Smallest Eigenvalue = 0.135                                   

 Condition Number = 6.517

 GROUP: FEMALE                                                                  

         Covariance Matrix       

                  A1         A2         A3         B1         B2         B3   
            --------   --------   --------   --------   --------   --------
       A1      1.082
       A2      0.708      1.166
       A3      0.714      0.517      1.082
       B1      0.302      0.426      0.326      1.346
       B2      0.407      0.435      0.191      0.840      1.322
       B3      0.364      0.427      0.282      0.721      0.858      1.277
       C1      0.186      0.352      0.164      0.609      0.568      0.676
       C2      0.209      0.343      0.022      0.553      0.463      0.479
       C3      0.381      0.527      0.300      0.579      0.472      0.527
       D1      0.270      0.301      0.150      0.423      0.475      0.423
       D2      0.163      0.197      0.063      0.283      0.320      0.374
       D3      0.126      0.185      0.105      0.375      0.407      0.525
       E1      0.393      0.420      0.360      0.499      0.580      0.653
       E2      0.381      0.587      0.346      0.554      0.523      0.615
       E3      0.221      0.534      0.179      0.398      0.395      0.502
       F1      0.358      0.216      0.208      0.206      0.319      0.276
       F2      0.555      0.476      0.350      0.161      0.227      0.275
       F3      0.535      0.503      0.402      0.264      0.285      0.246

         Covariance Matrix       

                  C1         C2         C3         D1         D2         D3   
            --------   --------   --------   --------   --------   --------
       C1      1.103
       C2      0.634      1.124
       C3      0.524      0.553      1.232
       D1      0.353      0.387      0.373      0.922
       D2      0.365      0.397      0.309      0.685      0.757
       D3      0.456      0.482      0.437      0.630      0.624      1.020
       E1      0.419      0.289      0.408      0.564      0.448      0.498
       E2      0.548      0.388      0.505      0.543      0.464      0.538
       E3      0.424      0.385      0.448      0.427      0.395      0.449
       F1      0.361      0.377      0.394      0.341      0.319      0.314
       F2      0.292      0.443      0.631      0.356      0.323      0.281
       F3      0.291      0.315      0.451      0.257      0.215      0.220

         Covariance Matrix       

                  E1         E2         E3         F1         F2         F3   
            --------   --------   --------   --------   --------   --------
       E1      1.103
       E2      0.874      1.232
       E3      0.604      0.830      1.020
       F1      0.291      0.419      0.269      1.232
       F2      0.304      0.489      0.387      0.682      1.346
       F3      0.333      0.429      0.350      0.626      0.792      0.980

 Total Variance = 20.344 Generalized Variance = 0.100497D-03                            

 Largest Eigenvalue = 8.318 Smallest Eigenvalue = 0.123                                   

 Condition Number = 8.223
 


 GROUP: MALE                                                                    

 Number of Iterations = 27          

 LISREL Estimates (Maximum Likelihood)                           

         Measurement Equations

 
       A1 = 0.671*VALUE, Errorvar.= 0.377  , R² = 0.544
 Standerr  (0.0674)                (0.0592)            
 Z-values   9.959                   6.375              
 P-values   0.000                   0.000   
 
       A2 = 0.619*VALUE, Errorvar.= 0.538  , R² = 0.416
 Standerr  (0.0727)                (0.0703)            
 Z-values   8.518                   7.651              
 P-values   0.000                   0.000   
 
       A3 = 0.485*VALUE, Errorvar.= 0.575  , R² = 0.290
 Standerr  (0.0705)                (0.0687)            
 Z-values   6.879                   8.365              
 P-values   0.000                   0.000   
 
       B1 = 0.697*JOBSTYLE, Errorvar.= 0.836 , R² = 0.368
 Standerr  (0.0866)                   (0.102)            
 Z-values   8.056                      8.170             
 P-values   0.000                      0.000  
 
       B2 = 0.989*JOBSTYLE, Errorvar.= 0.321  , R² = 0.753
 Standerr  (0.0794)                   (0.0856)            
 Z-values   12.465                     3.745              
 P-values   0.000                      0.000   
 
       B3 = 0.749*JOBSTYLE, Errorvar.= 0.479  , R² = 0.540
 Standerr  (0.0738)                   (0.0702)            
 Z-values   10.161                     6.822              
 P-values   0.000                      0.000   
 
       C1 = 0.619*TEAMWORK, Errorvar.= 0.444  , R² = 0.463
 Standerr  (0.0691)                   (0.0627)            
 Z-values   8.961                      7.087              
 P-values   0.000                      0.000   
 
       C2 = 0.756*TEAMWORK, Errorvar.= 0.428  , R² = 0.572
 Standerr  (0.0745)                   (0.0728)            
 Z-values   10.146                     5.883              
 P-values   0.000                      0.000   
 
       C3 = 0.603*TEAMWORK, Errorvar.= 0.577  , R² = 0.387
 Standerr  (0.0750)                   (0.0750)            
 Z-values   8.043                      7.690              
 P-values   0.000                      0.000   
 
       D1 = 0.797*LEADERSH, Errorvar.= 0.211  , R² = 0.751
 Standerr  (0.0608)                   (0.0454)            
 Z-values   13.107                     4.643              
 P-values   0.000                      0.000   
 
       D2 = 0.684*LEADERSH, Errorvar.= 0.188  , R² = 0.713
 Standerr  (0.0541)                   (0.0355)            
 Z-values   12.654                     5.293              
 P-values   0.000                      0.000   
 
       D3 = 0.545*LEADERSH, Errorvar.= 0.375  , R² = 0.442
 Standerr  (0.0589)                   (0.0461)            
 Z-values   9.258                      8.135              
 P-values   0.000                      0.000   
 
       E1 = 0.768*LEARNING, Errorvar.= 0.202  , R² = 0.745
 Standerr  (0.0564)                   (0.0334)            
 Z-values   13.628                     6.047              
 P-values   0.000                      0.000   
 
       E2 = 0.765*LEARNING, Errorvar.= 0.206  , R² = 0.740
 Standerr  (0.0565)                   (0.0336)            
 Z-values   13.554                     6.137              
 P-values   0.000                      0.000   
 
       E3 = 0.806*LEARNING, Errorvar.= 0.234  , R² = 0.735
 Standerr  (0.0597)                   (0.0377)            
 Z-values   13.495                     6.208              
 P-values   0.000                      0.000   
 
       F1 = 0.557*ENVIRONM, Errorvar.= 1.130 , R² = 0.215
 Standerr  (0.0983)                   (0.133)            
 Z-values   5.666                      8.521             
 P-values   0.000                      0.000  
 
       F2 = 0.664*ENVIRONM, Errorvar.= 0.559  , R² = 0.441
 Standerr  (0.0780)                   (0.0797)            
 Z-values   8.513                      7.010              
 P-values   0.000                      0.000   
 
       F3 = 0.662*ENVIRONM, Errorvar.= 0.267  , R² = 0.621
 Standerr  (0.0649)                   (0.0568)            
 Z-values   10.208                     4.707              
 P-values   0.000                      0.000   
 

         Correlation Matrix of Independent Variables 

               VALUE   JOBSTYLE   TEAMWORK   LEADERSH   LEARNING   ENVIRONM   
            --------   --------   --------   --------   --------   --------
    VALUE      1.000
 
 JOBSTYLE      0.602      1.000
             (0.076)
               7.934
 
 TEAMWORK      0.563      0.600      1.000
             (0.085)    (0.073)
               6.618      8.272
 
 LEADERSH      0.628      0.380      0.423      1.000
             (0.071)    (0.080)    (0.083)
               8.840      4.766      5.121
 
 LEARNING      0.521      0.489      0.552      0.480      1.000
             (0.077)    (0.071)    (0.072)    (0.070)
               6.731      6.877      7.683      6.887
 
 ENVIRONM      0.720      0.397      0.595      0.221      0.315      1.000
             (0.074)    (0.087)    (0.080)    (0.093)    (0.087)
               9.689      4.550      7.402      2.388      3.607
 


                         Group Goodness of Fit Statistics

 Contribution to Chi-Square                            193.340
 Percentage Contribution to Chi-Square                 46.753
 
 Root Mean Square Residual (RMR)                       0.0604
 Standardized RMR                                      0.0637
 Goodness of Fit Index (GFI)                           0.897

        The Modification Indices Suggest to Add the
  Path to  from      Decrease in Chi-Square    New Estimate
 D3        TEAMWORK           10.4                 0.21 IN GROUP 1
 F1        TEAMWORK            9.5                 0.42 IN GROUP 1
 F1        LEARNING            9.0                 0.30 IN GROUP 1

 The Modification Indices Suggest to Add an Error Covariance
  Between    and     Decrease in Chi-Square    New Estimate
 D1        B3                 12.0                 0.12 IN GROUP 1
 D2        C1                 10.0                -0.09 IN GROUP 1


 GROUP: FEMALE                                                                  

 Number of Iterations = 27          

 LISREL Estimates (Maximum Likelihood)                           

         Measurement Equations

 
       A1 = 0.941*VALUE, Errorvar.= 0.196  , R² = 0.818
 Standerr  (0.0758)                (0.0679)            
 Z-values   12.417                  2.893              
 P-values   0.000                   0.004   
 
       A2 = 0.761*VALUE, Errorvar.= 0.587  , R² = 0.496
 Standerr  (0.0851)                (0.0845)            
 Z-values   8.939                   6.954              
 P-values   0.000                   0.000   
 
       A3 = 0.738*VALUE, Errorvar.= 0.538  , R² = 0.503
 Standerr  (0.0818)                (0.0778)            
 Z-values   9.014                   6.910              
 P-values   0.000                   0.000   
 
       B1 = 0.871*JOBSTYLE, Errorvar.= 0.587  , R² = 0.564
 Standerr  (0.0889)                   (0.0885)            
 Z-values   9.801                      6.624              
 P-values   0.000                      0.000   
 
       B2 = 0.912*JOBSTYLE, Errorvar.= 0.490  , R² = 0.629
 Standerr  (0.0863)                   (0.0808)            
 Z-values   10.575                     6.067              
 P-values   0.000                      0.000   
 
       B3 = 0.912*JOBSTYLE, Errorvar.= 0.445  , R² = 0.651
 Standerr  (0.0842)                   (0.0763)            
 Z-values   10.833                     5.836              
 P-values   0.000                      0.000   
 
       C1 = 0.788*TEAMWORK, Errorvar.= 0.481  , R² = 0.564
 Standerr  (0.0825)                   (0.0779)            
 Z-values   9.560                      6.170              
 P-values   0.000                      0.000   
 
       C2 = 0.751*TEAMWORK, Errorvar.= 0.559  , R² = 0.502
 Standerr  (0.0846)                   (0.0837)            
 Z-values   8.876                      6.685              
 P-values   0.000                      0.000   
 
       C3 = 0.734*TEAMWORK, Errorvar.= 0.693  , R² = 0.438
 Standerr  (0.0903)                   (0.0978)            
 Z-values   8.132                      7.084              
 P-values   0.000                      0.000   
 
       D1 = 0.847*LEADERSH, Errorvar.= 0.205  , R² = 0.778
 Standerr  (0.0662)                   (0.0396)            
 Z-values   12.781                     5.173              
 P-values   0.000                      0.000   
 
       D2 = 0.801*LEADERSH, Errorvar.= 0.116  , R² = 0.847
 Standerr  (0.0586)                   (0.0306)            
 Z-values   13.676                     3.770              
 P-values   0.000                      0.000   
 
       D3 = 0.777*LEADERSH, Errorvar.= 0.416  , R² = 0.592
 Standerr  (0.0743)                   (0.0579)            
 Z-values   10.459                     7.188              
 P-values   0.000                      0.000   
 
       E1 = 0.847*LEARNING, Errorvar.= 0.385  , R² = 0.651
 Standerr  (0.0761)                   (0.0582)            
 Z-values   11.131                     6.618              
 P-values   0.000                      0.000   
 
       E2 = 1.032*LEARNING, Errorvar.= 0.167  , R² = 0.864
 Standerr  (0.0747)                   (0.0523)            
 Z-values   13.814                     3.194              
 P-values   0.000                      0.001   
 
       E3 = 0.784*LEARNING, Errorvar.= 0.406  , R² = 0.602
 Standerr  (0.0744)                   (0.0581)            
 Z-values   10.532                     6.993              
 P-values   0.000                      0.000   
 
       F1 = 0.723*ENVIRONM, Errorvar.= 0.709  , R² = 0.424
 Standerr  (0.0893)                   (0.0965)            
 Z-values   8.097                      7.348              
 P-values   0.000                      0.000   
 
       F2 = 0.949*ENVIRONM, Errorvar.= 0.446  , R² = 0.669
 Standerr  (0.0868)                   (0.0822)            
 Z-values   10.931                     5.421              
 P-values   0.000                      0.000   
 
       F3 = 0.843*ENVIRONM, Errorvar.= 0.270  , R² = 0.725
 Standerr  (0.0729)                   (0.0582)            
 Z-values   11.553                     4.634              
 P-values   0.000                      0.000   
 

         Correlation Matrix of Independent Variables 

               VALUE   JOBSTYLE   TEAMWORK   LEADERSH   LEARNING   ENVIRONM   
            --------   --------   --------   --------   --------   --------
    VALUE      1.000
 
 JOBSTYLE      0.452      1.000
             (0.083)
               5.425
 
 TEAMWORK      0.382      0.805      1.000
             (0.093)    (0.057)
               4.105     14.161
 
 LEADERSH      0.255      0.522      0.611      1.000
             (0.090)    (0.075)    (0.072)
               2.839      6.980      8.493
 
 LEARNING      0.460      0.641      0.621      0.627      1.000
             (0.078)    (0.064)    (0.071)    (0.060)
               5.876     10.010      8.694     10.389
 
 ENVIRONM      0.630      0.327      0.576      0.399      0.494      1.000
             (0.067)    (0.092)    (0.080)    (0.083)    (0.077)
               9.364      3.534      7.227      4.786      6.432
 

                                 Log-likelihood Values

                        Estimated Model          Saturated Model
                        ---------------          ---------------
 Number of free parameters(t)       102                      342
 -2ln(L)                       3025.145                 2611.614
 AIC (Akaike, 1974)*           3229.145                 3295.614
 BIC (Schwarz, 1978)*          3610.604                 4574.624

*LISREL uses AIC= 2t - 2ln(L) and BIC = tln(N)- 2ln(L)


                        Global Goodness-of-Fit Statistics

 Degrees of Freedom for (C1)-(C2)                      240
 Maximum Likelihood Ratio Chi-Square (C1)              413.530 (P = 0.0000)
 Browne's (1984) ADF Chi-Square (C2_NT)                320.462 (P = 0.0004)
 
 Estimated Non-centrality Parameter (NCP)              173.530
 90 Percent Confidence Interval for NCP                (121.065 ; 233.865)
 
 Minimum Fit Function Value                            1.330
 Population Discrepancy Function Value (F0)            0.558
 90 Percent Confidence Interval for F0                 (0.389 ; 0.752)
 Root Mean Square Error of Approximation (RMSEA)       0.0682
 90 Percent Confidence Interval for RMSEA              (0.0570 ; 0.0792)
 P-Value for Test of Close Fit (RMSEA < 0.05)          0.00482
 
 Expected Cross-Validation Index (ECVI)                1.986
 90 Percent Confidence Interval for ECVI               (1.817 ; 2.180)
 ECVI for Saturated Model                              1.100
 ECVI for Independence Model                           9.743
 
 Chi-Square for Independence Model (306 df)        2994.079
 
 Normed Fit Index (NFI)                                0.932
 Non-Normed Fit Index (NNFI)                           0.962
 Parsimony Normed Fit Index (PNFI)                     0.731
 Comparative Fit Index (CFI)                           0.970
 Incremental Fit Index (IFI)                           0.970
 Relative Fit Index (RFI)                              0.913
 
 Critical N (CN)                                     221.312
 


                         Group Goodness of Fit Statistics

 Contribution to Chi-Square                            220.191
 Percentage Contribution to Chi-Square                 53.247
 
 Root Mean Square Residual (RMR)                       0.0749
 Standardized RMR                                      0.0656
 Goodness of Fit Index (GFI)                           0.857

        The Modification Indices Suggest to Add the
  Path to  from      Decrease in Chi-Square    New Estimate
 A1        LEARNING           10.1                -0.28 IN GROUP 2
 A2        JOBSTYLE            9.3                 0.27 IN GROUP 2
 A2        TEAMWORK           12.7                 0.32 IN GROUP 2
 A2        LEARNING           17.1                 0.37 IN GROUP 2
 C3        VALUE               9.0                 0.30 IN GROUP 2
 C3        ENVIRONM           10.2                 0.37 IN GROUP 2
 D2        JOBSTYLE            8.6                -0.18 IN GROUP 2

 The Modification Indices Suggest to Add an Error Covariance
  Between    and     Decrease in Chi-Square    New Estimate
 B3        B1                  8.0                -0.20 IN GROUP 2
 E3        A2                 14.7                 0.18 IN GROUP 2

                           Time used 0.062 seconds
