Mplus VERSION 8
MUTHEN & MUTHEN
04/04/2018   4:37 PM

INPUT INSTRUCTIONS

  TITLE:	Ch10a Mean Structure Model for Measurement Model
  DATA:   	
     NGROUPS=2;
     FILE (female) IS Ch10af.dat;
     FILE (male) IS Ch10am.dat;

  VARIABLE:	NAMES ARE a1-a3 b1-b3 c1-c3 d1-d3 e1-e3 f1-f3;

  MODEL:
   VALUE    by a1* a2-a3;
   JOBSTYLE by b1* b2-b3;
   TEAMWORK by c1* c2-c3;
   LEADERSH by d1* d2-d3;
   LEARNING by e1* e2-e3;
   ENVIRONM by f1* f2-f3;
   VALUE@1 JOBSTYLE@1 TEAMWORK@1 LEADERSH@1 LEARNING@1 ENVIRONM@1;
    a1(1); a2(2); a3(3); b1(4); b2(5); b3(6); c1(7); c2(8); c3(9);
    d1(10); d2(11); d3(12); e1(13); e2(14); e3(15); f1(16); f2(17); f3(18);

  OUTPUT:
  STANDARDIZED;



INPUT READING TERMINATED NORMALLY



Ch10a Mean Structure Model for Measurement Model

SUMMARY OF ANALYSIS

Number of groups                                                 2
Number of observations
   Group FEMALE                                                140
   Group MALE                                                  172
   Total sample size                                           312

Number of dependent variables                                   18
Number of independent variables                                  0
Number of continuous latent variables                            6

Observed dependent variables

  Continuous
   A1          A2          A3          B1          B2          B3
   C1          C2          C3          D1          D2          D3
   E1          E2          E3          F1          F2          F3

Continuous latent variables
   VALUE       JOBSTYLE    TEAMWORK    LEADERSH    LEARNING    ENVIRONM


Estimator                                                       ML
Information matrix                                        OBSERVED
Maximum number of iterations                                  1000
Convergence criterion                                    0.500D-04
Maximum number of steepest descent iterations                   20

Input data file(s)
  Ch10af.dat
  Ch10am.dat

Input data format  FREE



UNIVARIATE SAMPLE STATISTICS


     UNIVARIATE HIGHER-ORDER MOMENT DESCRIPTIVE STATISTICS FOR FEMALE

         Variable/         Mean/     Skewness/   Minimum/ % with                Percentiles
        Sample Size      Variance    Kurtosis    Maximum  Min/Max      20%/60%    40%/80%    Median

     A1                    4.236      -0.794       1.000    2.14%       3.000      4.000      4.000
             140.000       1.066       0.811       6.000    6.43%       5.000      5.000
     A2                    4.136      -0.477       1.000    0.71%       3.000      4.000      4.000
             140.000       1.160      -0.196       6.000    7.14%       5.000      5.000
     A3                    3.971      -0.485       1.000    2.86%       3.000      4.000      4.000
             140.000       1.071       0.718       6.000    5.71%       4.000      5.000
     B1                    3.893      -0.233       1.000    2.14%       3.000      3.000      4.000
             140.000       1.339      -0.662       6.000    5.00%       4.000      5.000
     B2                    4.050      -0.443       1.000    2.86%       3.000      4.000      4.000
             140.000       1.305      -0.051       6.000    7.86%       4.000      5.000
     B3                    4.043      -0.354       1.000    2.14%       3.000      4.000      4.000
             140.000       1.270      -0.199       6.000    7.86%       4.000      5.000
     C1                    4.279      -0.575       1.000    1.43%       3.000      4.000      4.000
             140.000       1.087       0.344       6.000    9.29%       5.000      5.000
     C2                    4.343      -0.537       1.000    0.71%       3.000      4.000      4.000
             140.000       1.125       0.001       6.000   11.43%       5.000      5.000
     C3                    4.136      -0.614       1.000    2.86%       3.000      4.000      4.000
             140.000       1.232       0.465       6.000    8.57%       4.000      5.000
     D1                    4.836      -0.904       1.000    0.71%       4.000      5.000      5.000
             140.000       0.909       1.379       6.000   25.00%       5.000      6.000
     D2                    4.936      -0.522       2.000    0.71%       4.000      5.000      5.000
             140.000       0.760      -0.084       6.000   28.57%       5.000      6.000
     D3                    4.736      -0.468       2.000    2.14%       4.000      5.000      5.000
             140.000       1.009      -0.326       6.000   25.71%       5.000      6.000
     E1                    4.479      -0.750       1.000    2.14%       4.000      4.000      5.000
             140.000       1.092       1.196       6.000   15.71%       5.000      5.000
     E2                    4.543      -0.586       1.000    0.71%       4.000      4.000      5.000
             140.000       1.220       0.024       6.000   20.71%       5.000      6.000
     E3                    4.579      -0.467       1.000    0.71%       4.000      4.000      5.000
             140.000       1.015       0.039       6.000   18.57%       5.000      5.000
     F1                    4.136      -0.238       1.000    2.14%       3.000      4.000      4.000
             140.000       1.232       0.054       6.000   12.14%       4.000      5.000
     F2                    4.393      -0.555       1.000    2.14%       4.000      4.000      4.000
             140.000       1.339       0.322       6.000   19.29%       5.000      5.000
     F3                    4.221      -0.409       1.000    1.43%       4.000      4.000      4.000
             140.000       0.972       0.772       6.000    9.29%       4.000      5.000


     UNIVARIATE HIGHER-ORDER MOMENT DESCRIPTIVE STATISTICS FOR MALE

         Variable/         Mean/     Skewness/   Minimum/ % with                Percentiles
        Sample Size      Variance    Kurtosis    Maximum  Min/Max      20%/60%    40%/80%    Median

     A1                    4.552      -0.433       2.000    1.74%       4.000      4.000      5.000
             172.000       0.829      -0.103       6.000   12.79%       5.000      5.000
     A2                    4.442      -0.497       2.000    3.49%       4.000      4.000      5.000
             172.000       0.909      -0.052       6.000   10.47%       5.000      5.000
     A3                    4.145      -0.337       1.000    0.58%       3.000      4.000      4.000
             172.000       0.799      -0.014       6.000    3.49%       4.000      5.000
     B1                    4.110      -0.240       1.000    1.74%       3.000      4.000      4.000
             172.000       1.319      -0.475       6.000   10.47%       5.000      5.000
     B2                    4.407      -0.533       1.000    1.16%       3.000      4.000      5.000
             172.000       1.288      -0.254       6.000   15.70%       5.000      5.000
     B3                    4.390      -0.538       1.000    0.58%       4.000      4.000      5.000
             172.000       1.040       0.027       6.000   11.05%       5.000      5.000
     C1                    4.442      -0.418       1.000    0.58%       4.000      4.000      5.000
             172.000       0.816       0.355       6.000    9.88%       5.000      5.000
     C2                    4.326      -0.231       2.000    4.07%       4.000      4.000      4.000
             172.000       0.999      -0.350       6.000   11.63%       5.000      5.000
     C3                    4.442      -0.634       1.000    1.16%       4.000      4.000      5.000
             172.000       0.944       0.731       6.000   11.05%       5.000      5.000
     D1                    4.831      -0.819       1.000    0.58%       4.000      5.000      5.000
             172.000       0.849       1.283       6.000   23.84%       5.000      6.000
     D2                    4.953      -0.583       2.000    1.16%       4.000      5.000      5.000
             172.000       0.649       0.710       6.000   25.58%       5.000      6.000
     D3                    4.913      -0.344       3.000    4.65%       4.000      5.000      5.000
             172.000       0.673      -0.477       6.000   25.00%       5.000      6.000
     E1                    4.750      -0.452       2.000    1.16%       4.000      5.000      5.000
             172.000       0.781       0.019       6.000   19.77%       5.000      5.000
     E2                    4.884      -0.667       2.000    1.74%       4.000      5.000      5.000
             172.000       0.789       0.528       6.000   25.58%       5.000      6.000
     E3                    4.797      -0.679       1.000    0.58%       4.000      5.000      5.000
             172.000       0.883       0.715       6.000   23.84%       5.000      6.000
     F1                    4.297      -0.544       1.000    1.74%       3.000      4.000      4.000
             172.000       1.441      -0.080       6.000   16.28%       5.000      5.000
     F2                    4.808      -0.739       1.000    0.58%       4.000      5.000      5.000
             172.000       0.992       0.654       6.000   27.33%       5.000      6.000
     F3                    4.703      -0.179       3.000    7.56%       4.000      5.000      5.000
             172.000       0.697      -0.544       6.000   16.86%       5.000      5.000


THE MODEL ESTIMATION TERMINATED NORMALLY



MODEL FIT INFORMATION

Number of Free Parameters                       90

Loglikelihood

          H0 Value                       -6698.093
          H1 Value                       -6447.803

Information Criteria

          Akaike (AIC)                   13576.187
          Bayesian (BIC)                 13913.057
          Sample-Size Adjusted BIC       13627.607
            (n* = (n + 2) / 24)

Chi-Square Test of Model Fit

          Value                            500.581
          Degrees of Freedom                   288
          P-Value                           0.0000

Chi-Square Contribution From Each Group

          FEMALE                           260.848
          MALE                             239.733

RMSEA (Root Mean Square Error Of Approximation)

          Estimate                           0.069
          90 Percent C.I.                    0.059  0.079
          Probability RMSEA <= .05           0.002

CFI/TLI

          CFI                                0.921
          TLI                                0.916

Chi-Square Test of Model Fit for the Baseline Model

          Value                           2997.338
          Degrees of Freedom                   306
          P-Value                           0.0000

SRMR (Standardized Root Mean Square Residual)

          Value                              0.132



MODEL RESULTS

                                                    Two-Tailed
                    Estimate       S.E.  Est./S.E.    P-Value

Group FEMALE

 VALUE    BY
    A1                 0.798      0.051     15.630      0.000
    A2                 0.712      0.055     12.925      0.000
    A3                 0.606      0.054     11.319      0.000

 JOBSTYLE BY
    B1                 0.784      0.062     12.743      0.000
    B2                 0.930      0.059     15.834      0.000
    B3                 0.852      0.055     15.538      0.000

 TEAMWORK BY
    C1                 0.706      0.054     12.972      0.000
    C2                 0.743      0.058     12.850      0.000
    C3                 0.685      0.060     11.487      0.000

 LEADERSH BY
    D1                 0.818      0.045     18.343      0.000
    D2                 0.744      0.039     18.889      0.000
    D3                 0.660      0.047     13.989      0.000

 LEARNING BY
    E1                 0.794      0.046     17.227      0.000
    E2                 0.900      0.046     19.690      0.000
    E3                 0.782      0.047     16.734      0.000

 ENVIRONM BY
    F1                 0.602      0.065      9.194      0.000
    F2                 0.797      0.056     14.140      0.000
    F3                 0.764      0.047     16.324      0.000

 JOBSTYLE WITH
    VALUE              0.439      0.082      5.347      0.000

 TEAMWORK WITH
    VALUE              0.364      0.091      4.002      0.000
    JOBSTYLE           0.765      0.061     12.516      0.000

 LEADERSH WITH
    VALUE              0.224      0.086      2.613      0.009
    JOBSTYLE           0.494      0.074      6.644      0.000
    TEAMWORK           0.574      0.072      7.974      0.000

 LEARNING WITH
    VALUE              0.458      0.075      6.084      0.000
    JOBSTYLE           0.606      0.064      9.414      0.000
    TEAMWORK           0.566      0.071      7.948      0.000
    LEADERSH           0.608      0.058     10.409      0.000

 ENVIRONM WITH
    VALUE              0.620      0.068      9.129      0.000
    JOBSTYLE           0.269      0.088      3.057      0.002
    TEAMWORK           0.524      0.081      6.433      0.000
    LEADERSH           0.349      0.080      4.334      0.000
    LEARNING           0.437      0.074      5.922      0.000

 Means
    VALUE              0.000      0.000    999.000    999.000
    JOBSTYLE           0.000      0.000    999.000    999.000
    TEAMWORK           0.000      0.000    999.000    999.000
    LEADERSH           0.000      0.000    999.000    999.000
    LEARNING           0.000      0.000    999.000    999.000
    ENVIRONM           0.000      0.000    999.000    999.000

 Intercepts
    A1                 4.241      0.079     53.466      0.000
    A2                 4.153      0.077     53.730      0.000
    A3                 3.939      0.070     56.374      0.000
    B1                 3.852      0.085     45.133      0.000
    B2                 4.056      0.092     44.261      0.000
    B3                 4.059      0.085     47.645      0.000
    C1                 4.294      0.076     56.662      0.000
    C2                 4.255      0.080     53.361      0.000
    C3                 4.232      0.078     54.123      0.000
    D1                 4.813      0.076     63.159      0.000
    D2                 4.927      0.069     71.682      0.000
    D3                 4.817      0.068     70.844      0.000
    E1                 4.476      0.076     58.948      0.000
    E2                 4.558      0.082     55.440      0.000
    E3                 4.549      0.076     60.099      0.000
    F1                 4.038      0.080     50.767      0.000
    F2                 4.375      0.083     52.524      0.000
    F3                 4.251      0.075     56.390      0.000

 Variances
    VALUE              1.000      0.000    999.000    999.000
    JOBSTYLE           1.000      0.000    999.000    999.000
    TEAMWORK           1.000      0.000    999.000    999.000
    LEADERSH           1.000      0.000    999.000    999.000
    LEARNING           1.000      0.000    999.000    999.000
    ENVIRONM           1.000      0.000    999.000    999.000

 Residual Variances
    A1                 0.317      0.045      6.989      0.000
    A2                 0.534      0.054      9.851      0.000
    A3                 0.558      0.052     10.756      0.000
    B1                 0.709      0.068     10.411      0.000
    B2                 0.440      0.058      7.586      0.000
    B3                 0.428      0.051      8.330      0.000
    C1                 0.454      0.051      8.954      0.000
    C2                 0.512      0.057      9.002      0.000
    C3                 0.635      0.063     10.117      0.000
    D1                 0.215      0.029      7.324      0.000
    D2                 0.151      0.023      6.585      0.000
    D3                 0.400      0.038     10.668      0.000
    E1                 0.291      0.032      9.053      0.000
    E2                 0.181      0.030      6.034      0.000
    E3                 0.327      0.033      9.854      0.000
    F1                 0.966      0.085     11.403      0.000
    F2                 0.511      0.057      8.911      0.000
    F3                 0.254      0.041      6.202      0.000

Group MALE

 VALUE    BY
    A1                 0.798      0.051     15.630      0.000
    A2                 0.712      0.055     12.925      0.000
    A3                 0.606      0.054     11.319      0.000

 JOBSTYLE BY
    B1                 0.784      0.062     12.743      0.000
    B2                 0.930      0.059     15.834      0.000
    B3                 0.852      0.055     15.538      0.000

 TEAMWORK BY
    C1                 0.706      0.054     12.972      0.000
    C2                 0.743      0.058     12.850      0.000
    C3                 0.685      0.060     11.487      0.000

 LEADERSH BY
    D1                 0.818      0.045     18.343      0.000
    D2                 0.744      0.039     18.889      0.000
    D3                 0.660      0.047     13.989      0.000

 LEARNING BY
    E1                 0.794      0.046     17.227      0.000
    E2                 0.900      0.046     19.690      0.000
    E3                 0.782      0.047     16.734      0.000

 ENVIRONM BY
    F1                 0.602      0.065      9.194      0.000
    F2                 0.797      0.056     14.140      0.000
    F3                 0.764      0.047     16.324      0.000

 JOBSTYLE WITH
    VALUE              0.627      0.071      8.875      0.000

 TEAMWORK WITH
    VALUE              0.626      0.077      8.157      0.000
    JOBSTYLE           0.638      0.070      9.134      0.000

 LEADERSH WITH
    VALUE              0.643      0.066      9.760      0.000
    JOBSTYLE           0.425      0.077      5.531      0.000
    TEAMWORK           0.482      0.081      5.924      0.000

 LEARNING WITH
    VALUE              0.585      0.072      8.142      0.000
    JOBSTYLE           0.525      0.070      7.477      0.000
    TEAMWORK           0.628      0.067      9.343      0.000
    LEADERSH           0.523      0.068      7.745      0.000

 ENVIRONM WITH
    VALUE              0.747      0.061     12.155      0.000
    JOBSTYLE           0.449      0.083      5.375      0.000
    TEAMWORK           0.663      0.073      9.129      0.000
    LEADERSH           0.302      0.091      3.302      0.001
    LEARNING           0.392      0.087      4.522      0.000

 Means
    VALUE              0.386      0.130      2.961      0.003
    JOBSTYLE           0.372      0.127      2.926      0.003
    TEAMWORK           0.192      0.133      1.437      0.151
    LEADERSH           0.046      0.121      0.382      0.703
    LEARNING           0.347      0.121      2.862      0.004
    ENVIRONM           0.561      0.131      4.288      0.000

 Intercepts
    A1                 4.241      0.079     53.466      0.000
    A2                 4.153      0.077     53.730      0.000
    A3                 3.939      0.070     56.374      0.000
    B1                 3.852      0.085     45.133      0.000
    B2                 4.056      0.092     44.261      0.000
    B3                 4.059      0.085     47.645      0.000
    C1                 4.294      0.076     56.662      0.000
    C2                 4.255      0.080     53.361      0.000
    C3                 4.232      0.078     54.123      0.000
    D1                 4.813      0.076     63.159      0.000
    D2                 4.927      0.069     71.682      0.000
    D3                 4.817      0.068     70.844      0.000
    E1                 4.476      0.076     58.948      0.000
    E2                 4.558      0.082     55.440      0.000
    E3                 4.549      0.076     60.099      0.000
    F1                 4.038      0.080     50.767      0.000
    F2                 4.375      0.083     52.524      0.000
    F3                 4.251      0.075     56.390      0.000

 Variances
    VALUE              1.000      0.000    999.000    999.000
    JOBSTYLE           1.000      0.000    999.000    999.000
    TEAMWORK           1.000      0.000    999.000    999.000
    LEADERSH           1.000      0.000    999.000    999.000
    LEARNING           1.000      0.000    999.000    999.000
    ENVIRONM           1.000      0.000    999.000    999.000

 Residual Variances
    A1                 0.317      0.045      6.989      0.000
    A2                 0.534      0.054      9.851      0.000
    A3                 0.558      0.052     10.756      0.000
    B1                 0.709      0.068     10.411      0.000
    B2                 0.440      0.058      7.586      0.000
    B3                 0.428      0.051      8.330      0.000
    C1                 0.454      0.051      8.954      0.000
    C2                 0.512      0.057      9.002      0.000
    C3                 0.635      0.063     10.117      0.000
    D1                 0.215      0.029      7.324      0.000
    D2                 0.151      0.023      6.585      0.000
    D3                 0.400      0.038     10.668      0.000
    E1                 0.291      0.032      9.053      0.000
    E2                 0.181      0.030      6.034      0.000
    E3                 0.327      0.033      9.854      0.000
    F1                 0.966      0.085     11.403      0.000
    F2                 0.511      0.057      8.911      0.000
    F3                 0.254      0.041      6.202      0.000


STANDARDIZED MODEL RESULTS


STDYX Standardization

                                                    Two-Tailed
                    Estimate       S.E.  Est./S.E.    P-Value

Group FEMALE

 VALUE    BY
    A1                 0.817      0.031     26.680      0.000
    A2                 0.698      0.037     18.991      0.000
    A3                 0.630      0.041     15.331      0.000

 JOBSTYLE BY
    B1                 0.682      0.037     18.637      0.000
    B2                 0.814      0.029     28.076      0.000
    B3                 0.793      0.029     26.990      0.000

 TEAMWORK BY
    C1                 0.723      0.038     19.237      0.000
    C2                 0.721      0.038     18.991      0.000
    C3                 0.652      0.042     15.695      0.000

 LEADERSH BY
    D1                 0.870      0.021     41.946      0.000
    D2                 0.886      0.020     44.759      0.000
    D3                 0.722      0.032     22.769      0.000

 LEARNING BY
    E1                 0.827      0.023     36.009      0.000
    E2                 0.904      0.018     50.516      0.000
    E3                 0.807      0.024     33.903      0.000

 ENVIRONM BY
    F1                 0.522      0.047     11.075      0.000
    F2                 0.744      0.034     21.854      0.000
    F3                 0.835      0.030     27.706      0.000

 JOBSTYLE WITH
    VALUE              0.439      0.082      5.347      0.000

 TEAMWORK WITH
    VALUE              0.364      0.091      4.002      0.000
    JOBSTYLE           0.765      0.061     12.516      0.000

 LEADERSH WITH
    VALUE              0.224      0.086      2.613      0.009
    JOBSTYLE           0.494      0.074      6.644      0.000
    TEAMWORK           0.574      0.072      7.974      0.000

 LEARNING WITH
    VALUE              0.458      0.075      6.084      0.000
    JOBSTYLE           0.606      0.064      9.414      0.000
    TEAMWORK           0.566      0.071      7.948      0.000
    LEADERSH           0.608      0.058     10.409      0.000

 ENVIRONM WITH
    VALUE              0.620      0.068      9.129      0.000
    JOBSTYLE           0.269      0.088      3.057      0.002
    TEAMWORK           0.524      0.081      6.433      0.000
    LEADERSH           0.349      0.080      4.334      0.000
    LEARNING           0.437      0.074      5.922      0.000

 Means
    VALUE              0.000      0.000    999.000    999.000
    JOBSTYLE           0.000      0.000    999.000    999.000
    TEAMWORK           0.000      0.000    999.000    999.000
    LEADERSH           0.000      0.000    999.000    999.000
    LEARNING           0.000      0.000    999.000    999.000
    ENVIRONM           0.000      0.000    999.000    999.000

 Intercepts
    A1                 4.342      0.194     22.359      0.000
    A2                 4.072      0.184     22.160      0.000
    A3                 4.096      0.184     22.256      0.000
    B1                 3.347      0.157     21.314      0.000
    B2                 3.550      0.166     21.409      0.000
    B3                 3.777      0.174     21.756      0.000
    C1                 4.400      0.196     22.489      0.000
    C2                 4.124      0.185     22.254      0.000
    C3                 4.028      0.181     22.276      0.000
    D1                 5.120      0.221     23.139      0.000
    D2                 5.866      0.250     23.504      0.000
    D3                 5.267      0.225     23.425      0.000
    E1                 4.660      0.205     22.726      0.000
    E2                 4.581      0.203     22.617      0.000
    E3                 4.695      0.206     22.766      0.000
    F1                 3.503      0.162     21.637      0.000
    F2                 4.086      0.184     22.157      0.000
    F3                 4.644      0.205     22.677      0.000

 Variances
    VALUE              1.000      0.000    999.000    999.000
    JOBSTYLE           1.000      0.000    999.000    999.000
    TEAMWORK           1.000      0.000    999.000    999.000
    LEADERSH           1.000      0.000    999.000    999.000
    LEARNING           1.000      0.000    999.000    999.000
    ENVIRONM           1.000      0.000    999.000    999.000

 Residual Variances
    A1                 0.332      0.050      6.644      0.000
    A2                 0.513      0.051     10.001      0.000
    A3                 0.603      0.052     11.648      0.000
    B1                 0.535      0.050     10.741      0.000
    B2                 0.337      0.047      7.141      0.000
    B3                 0.371      0.047      7.949      0.000
    C1                 0.477      0.054      8.773      0.000
    C2                 0.481      0.055      8.792      0.000
    C3                 0.575      0.054     10.628      0.000
    D1                 0.243      0.036      6.736      0.000
    D2                 0.215      0.035      6.117      0.000
    D3                 0.478      0.046     10.444      0.000
    E1                 0.316      0.038      8.314      0.000
    E2                 0.183      0.032      5.647      0.000
    E3                 0.348      0.038      9.063      0.000
    F1                 0.727      0.049     14.759      0.000
    F2                 0.446      0.051      8.796      0.000
    F3                 0.304      0.050      6.037      0.000

Group MALE

 VALUE    BY
    A1                 0.817      0.031     26.680      0.000
    A2                 0.698      0.037     18.991      0.000
    A3                 0.630      0.041     15.331      0.000

 JOBSTYLE BY
    B1                 0.682      0.037     18.637      0.000
    B2                 0.814      0.029     28.076      0.000
    B3                 0.793      0.029     26.990      0.000

 TEAMWORK BY
    C1                 0.723      0.038     19.237      0.000
    C2                 0.721      0.038     18.991      0.000
    C3                 0.652      0.042     15.695      0.000

 LEADERSH BY
    D1                 0.870      0.021     41.946      0.000
    D2                 0.886      0.020     44.759      0.000
    D3                 0.722      0.032     22.769      0.000

 LEARNING BY
    E1                 0.827      0.023     36.009      0.000
    E2                 0.904      0.018     50.516      0.000
    E3                 0.807      0.024     33.903      0.000

 ENVIRONM BY
    F1                 0.522      0.047     11.075      0.000
    F2                 0.744      0.034     21.854      0.000
    F3                 0.835      0.030     27.706      0.000

 JOBSTYLE WITH
    VALUE              0.627      0.071      8.875      0.000

 TEAMWORK WITH
    VALUE              0.626      0.077      8.157      0.000
    JOBSTYLE           0.638      0.070      9.134      0.000

 LEADERSH WITH
    VALUE              0.643      0.066      9.760      0.000
    JOBSTYLE           0.425      0.077      5.531      0.000
    TEAMWORK           0.482      0.081      5.924      0.000

 LEARNING WITH
    VALUE              0.585      0.072      8.142      0.000
    JOBSTYLE           0.525      0.070      7.477      0.000
    TEAMWORK           0.628      0.067      9.343      0.000
    LEADERSH           0.523      0.068      7.745      0.000

 ENVIRONM WITH
    VALUE              0.747      0.061     12.155      0.000
    JOBSTYLE           0.449      0.083      5.375      0.000
    TEAMWORK           0.663      0.073      9.129      0.000
    LEADERSH           0.302      0.091      3.302      0.001
    LEARNING           0.392      0.087      4.522      0.000

 Means
    VALUE              0.386      0.130      2.961      0.003
    JOBSTYLE           0.372      0.127      2.926      0.003
    TEAMWORK           0.192      0.133      1.437      0.151
    LEADERSH           0.046      0.121      0.382      0.703
    LEARNING           0.347      0.121      2.862      0.004
    ENVIRONM           0.561      0.131      4.288      0.000

 Intercepts
    A1                 4.342      0.194     22.359      0.000
    A2                 4.072      0.184     22.160      0.000
    A3                 4.096      0.184     22.256      0.000
    B1                 3.347      0.157     21.314      0.000
    B2                 3.550      0.166     21.409      0.000
    B3                 3.777      0.174     21.756      0.000
    C1                 4.400      0.196     22.489      0.000
    C2                 4.124      0.185     22.254      0.000
    C3                 4.028      0.181     22.276      0.000
    D1                 5.120      0.221     23.139      0.000
    D2                 5.866      0.250     23.504      0.000
    D3                 5.267      0.225     23.425      0.000
    E1                 4.660      0.205     22.726      0.000
    E2                 4.581      0.203     22.617      0.000
    E3                 4.695      0.206     22.766      0.000
    F1                 3.503      0.162     21.637      0.000
    F2                 4.086      0.184     22.157      0.000
    F3                 4.644      0.205     22.677      0.000

 Variances
    VALUE              1.000      0.000    999.000    999.000
    JOBSTYLE           1.000      0.000    999.000    999.000
    TEAMWORK           1.000      0.000    999.000    999.000
    LEADERSH           1.000      0.000    999.000    999.000
    LEARNING           1.000      0.000    999.000    999.000
    ENVIRONM           1.000      0.000    999.000    999.000

 Residual Variances
    A1                 0.332      0.050      6.644      0.000
    A2                 0.513      0.051     10.001      0.000
    A3                 0.603      0.052     11.648      0.000
    B1                 0.535      0.050     10.741      0.000
    B2                 0.337      0.047      7.141      0.000
    B3                 0.371      0.047      7.949      0.000
    C1                 0.477      0.054      8.773      0.000
    C2                 0.481      0.055      8.792      0.000
    C3                 0.575      0.054     10.628      0.000
    D1                 0.243      0.036      6.736      0.000
    D2                 0.215      0.035      6.117      0.000
    D3                 0.478      0.046     10.444      0.000
    E1                 0.316      0.038      8.314      0.000
    E2                 0.183      0.032      5.647      0.000
    E3                 0.348      0.038      9.063      0.000
    F1                 0.727      0.049     14.759      0.000
    F2                 0.446      0.051      8.796      0.000
    F3                 0.304      0.050      6.037      0.000


STDY Standardization

                                                    Two-Tailed
                    Estimate       S.E.  Est./S.E.    P-Value

Group FEMALE

 VALUE    BY
    A1                 0.817      0.031     26.680      0.000
    A2                 0.698      0.037     18.991      0.000
    A3                 0.630      0.041     15.331      0.000

 JOBSTYLE BY
    B1                 0.682      0.037     18.637      0.000
    B2                 0.814      0.029     28.076      0.000
    B3                 0.793      0.029     26.990      0.000

 TEAMWORK BY
    C1                 0.723      0.038     19.237      0.000
    C2                 0.721      0.038     18.991      0.000
    C3                 0.652      0.042     15.695      0.000

 LEADERSH BY
    D1                 0.870      0.021     41.946      0.000
    D2                 0.886      0.020     44.759      0.000
    D3                 0.722      0.032     22.769      0.000

 LEARNING BY
    E1                 0.827      0.023     36.009      0.000
    E2                 0.904      0.018     50.516      0.000
    E3                 0.807      0.024     33.903      0.000

 ENVIRONM BY
    F1                 0.522      0.047     11.075      0.000
    F2                 0.744      0.034     21.854      0.000
    F3                 0.835      0.030     27.706      0.000

 JOBSTYLE WITH
    VALUE              0.439      0.082      5.347      0.000

 TEAMWORK WITH
    VALUE              0.364      0.091      4.002      0.000
    JOBSTYLE           0.765      0.061     12.516      0.000

 LEADERSH WITH
    VALUE              0.224      0.086      2.613      0.009
    JOBSTYLE           0.494      0.074      6.644      0.000
    TEAMWORK           0.574      0.072      7.974      0.000

 LEARNING WITH
    VALUE              0.458      0.075      6.084      0.000
    JOBSTYLE           0.606      0.064      9.414      0.000
    TEAMWORK           0.566      0.071      7.948      0.000
    LEADERSH           0.608      0.058     10.409      0.000

 ENVIRONM WITH
    VALUE              0.620      0.068      9.129      0.000
    JOBSTYLE           0.269      0.088      3.057      0.002
    TEAMWORK           0.524      0.081      6.433      0.000
    LEADERSH           0.349      0.080      4.334      0.000
    LEARNING           0.437      0.074      5.922      0.000

 Means
    VALUE              0.000      0.000    999.000    999.000
    JOBSTYLE           0.000      0.000    999.000    999.000
    TEAMWORK           0.000      0.000    999.000    999.000
    LEADERSH           0.000      0.000    999.000    999.000
    LEARNING           0.000      0.000    999.000    999.000
    ENVIRONM           0.000      0.000    999.000    999.000

 Intercepts
    A1                 4.342      0.194     22.359      0.000
    A2                 4.072      0.184     22.160      0.000
    A3                 4.096      0.184     22.256      0.000
    B1                 3.347      0.157     21.314      0.000
    B2                 3.550      0.166     21.409      0.000
    B3                 3.777      0.174     21.756      0.000
    C1                 4.400      0.196     22.489      0.000
    C2                 4.124      0.185     22.254      0.000
    C3                 4.028      0.181     22.276      0.000
    D1                 5.120      0.221     23.139      0.000
    D2                 5.866      0.250     23.504      0.000
    D3                 5.267      0.225     23.425      0.000
    E1                 4.660      0.205     22.726      0.000
    E2                 4.581      0.203     22.617      0.000
    E3                 4.695      0.206     22.766      0.000
    F1                 3.503      0.162     21.637      0.000
    F2                 4.086      0.184     22.157      0.000
    F3                 4.644      0.205     22.677      0.000

 Variances
    VALUE              1.000      0.000    999.000    999.000
    JOBSTYLE           1.000      0.000    999.000    999.000
    TEAMWORK           1.000      0.000    999.000    999.000
    LEADERSH           1.000      0.000    999.000    999.000
    LEARNING           1.000      0.000    999.000    999.000
    ENVIRONM           1.000      0.000    999.000    999.000

 Residual Variances
    A1                 0.332      0.050      6.644      0.000
    A2                 0.513      0.051     10.001      0.000
    A3                 0.603      0.052     11.648      0.000
    B1                 0.535      0.050     10.741      0.000
    B2                 0.337      0.047      7.141      0.000
    B3                 0.371      0.047      7.949      0.000
    C1                 0.477      0.054      8.773      0.000
    C2                 0.481      0.055      8.792      0.000
    C3                 0.575      0.054     10.628      0.000
    D1                 0.243      0.036      6.736      0.000
    D2                 0.215      0.035      6.117      0.000
    D3                 0.478      0.046     10.444      0.000
    E1                 0.316      0.038      8.314      0.000
    E2                 0.183      0.032      5.647      0.000
    E3                 0.348      0.038      9.063      0.000
    F1                 0.727      0.049     14.759      0.000
    F2                 0.446      0.051      8.796      0.000
    F3                 0.304      0.050      6.037      0.000

Group MALE

 VALUE    BY
    A1                 0.817      0.031     26.680      0.000
    A2                 0.698      0.037     18.991      0.000
    A3                 0.630      0.041     15.331      0.000

 JOBSTYLE BY
    B1                 0.682      0.037     18.637      0.000
    B2                 0.814      0.029     28.076      0.000
    B3                 0.793      0.029     26.990      0.000

 TEAMWORK BY
    C1                 0.723      0.038     19.237      0.000
    C2                 0.721      0.038     18.991      0.000
    C3                 0.652      0.042     15.695      0.000

 LEADERSH BY
    D1                 0.870      0.021     41.946      0.000
    D2                 0.886      0.020     44.759      0.000
    D3                 0.722      0.032     22.769      0.000

 LEARNING BY
    E1                 0.827      0.023     36.009      0.000
    E2                 0.904      0.018     50.516      0.000
    E3                 0.807      0.024     33.903      0.000

 ENVIRONM BY
    F1                 0.522      0.047     11.075      0.000
    F2                 0.744      0.034     21.854      0.000
    F3                 0.835      0.030     27.706      0.000

 JOBSTYLE WITH
    VALUE              0.627      0.071      8.875      0.000

 TEAMWORK WITH
    VALUE              0.626      0.077      8.157      0.000
    JOBSTYLE           0.638      0.070      9.134      0.000

 LEADERSH WITH
    VALUE              0.643      0.066      9.760      0.000
    JOBSTYLE           0.425      0.077      5.531      0.000
    TEAMWORK           0.482      0.081      5.924      0.000

 LEARNING WITH
    VALUE              0.585      0.072      8.142      0.000
    JOBSTYLE           0.525      0.070      7.477      0.000
    TEAMWORK           0.628      0.067      9.343      0.000
    LEADERSH           0.523      0.068      7.745      0.000

 ENVIRONM WITH
    VALUE              0.747      0.061     12.155      0.000
    JOBSTYLE           0.449      0.083      5.375      0.000
    TEAMWORK           0.663      0.073      9.129      0.000
    LEADERSH           0.302      0.091      3.302      0.001
    LEARNING           0.392      0.087      4.522      0.000

 Means
    VALUE              0.386      0.130      2.961      0.003
    JOBSTYLE           0.372      0.127      2.926      0.003
    TEAMWORK           0.192      0.133      1.437      0.151
    LEADERSH           0.046      0.121      0.382      0.703
    LEARNING           0.347      0.121      2.862      0.004
    ENVIRONM           0.561      0.131      4.288      0.000

 Intercepts
    A1                 4.342      0.194     22.359      0.000
    A2                 4.072      0.184     22.160      0.000
    A3                 4.096      0.184     22.256      0.000
    B1                 3.347      0.157     21.314      0.000
    B2                 3.550      0.166     21.409      0.000
    B3                 3.777      0.174     21.756      0.000
    C1                 4.400      0.196     22.489      0.000
    C2                 4.124      0.185     22.254      0.000
    C3                 4.028      0.181     22.276      0.000
    D1                 5.120      0.221     23.139      0.000
    D2                 5.866      0.250     23.504      0.000
    D3                 5.267      0.225     23.425      0.000
    E1                 4.660      0.205     22.726      0.000
    E2                 4.581      0.203     22.617      0.000
    E3                 4.695      0.206     22.766      0.000
    F1                 3.503      0.162     21.637      0.000
    F2                 4.086      0.184     22.157      0.000
    F3                 4.644      0.205     22.677      0.000

 Variances
    VALUE              1.000      0.000    999.000    999.000
    JOBSTYLE           1.000      0.000    999.000    999.000
    TEAMWORK           1.000      0.000    999.000    999.000
    LEADERSH           1.000      0.000    999.000    999.000
    LEARNING           1.000      0.000    999.000    999.000
    ENVIRONM           1.000      0.000    999.000    999.000

 Residual Variances
    A1                 0.332      0.050      6.644      0.000
    A2                 0.513      0.051     10.001      0.000
    A3                 0.603      0.052     11.648      0.000
    B1                 0.535      0.050     10.741      0.000
    B2                 0.337      0.047      7.141      0.000
    B3                 0.371      0.047      7.949      0.000
    C1                 0.477      0.054      8.773      0.000
    C2                 0.481      0.055      8.792      0.000
    C3                 0.575      0.054     10.628      0.000
    D1                 0.243      0.036      6.736      0.000
    D2                 0.215      0.035      6.117      0.000
    D3                 0.478      0.046     10.444      0.000
    E1                 0.316      0.038      8.314      0.000
    E2                 0.183      0.032      5.647      0.000
    E3                 0.348      0.038      9.063      0.000
    F1                 0.727      0.049     14.759      0.000
    F2                 0.446      0.051      8.796      0.000
    F3                 0.304      0.050      6.037      0.000


STD Standardization

                                                    Two-Tailed
                    Estimate       S.E.  Est./S.E.    P-Value

Group FEMALE

 VALUE    BY
    A1                 0.798      0.051     15.630      0.000
    A2                 0.712      0.055     12.925      0.000
    A3                 0.606      0.054     11.319      0.000

 JOBSTYLE BY
    B1                 0.784      0.062     12.743      0.000
    B2                 0.930      0.059     15.834      0.000
    B3                 0.852      0.055     15.538      0.000

 TEAMWORK BY
    C1                 0.706      0.054     12.972      0.000
    C2                 0.743      0.058     12.850      0.000
    C3                 0.685      0.060     11.487      0.000

 LEADERSH BY
    D1                 0.818      0.045     18.343      0.000
    D2                 0.744      0.039     18.889      0.000
    D3                 0.660      0.047     13.989      0.000

 LEARNING BY
    E1                 0.794      0.046     17.227      0.000
    E2                 0.900      0.046     19.690      0.000
    E3                 0.782      0.047     16.734      0.000

 ENVIRONM BY
    F1                 0.602      0.065      9.194      0.000
    F2                 0.797      0.056     14.140      0.000
    F3                 0.764      0.047     16.324      0.000

 JOBSTYLE WITH
    VALUE              0.439      0.082      5.347      0.000

 TEAMWORK WITH
    VALUE              0.364      0.091      4.002      0.000
    JOBSTYLE           0.765      0.061     12.516      0.000

 LEADERSH WITH
    VALUE              0.224      0.086      2.613      0.009
    JOBSTYLE           0.494      0.074      6.644      0.000
    TEAMWORK           0.574      0.072      7.974      0.000

 LEARNING WITH
    VALUE              0.458      0.075      6.084      0.000
    JOBSTYLE           0.606      0.064      9.414      0.000
    TEAMWORK           0.566      0.071      7.948      0.000
    LEADERSH           0.608      0.058     10.409      0.000

 ENVIRONM WITH
    VALUE              0.620      0.068      9.129      0.000
    JOBSTYLE           0.269      0.088      3.057      0.002
    TEAMWORK           0.524      0.081      6.433      0.000
    LEADERSH           0.349      0.080      4.334      0.000
    LEARNING           0.437      0.074      5.922      0.000

 Means
    VALUE              0.000      0.000    999.000    999.000
    JOBSTYLE           0.000      0.000    999.000    999.000
    TEAMWORK           0.000      0.000    999.000    999.000
    LEADERSH           0.000      0.000    999.000    999.000
    LEARNING           0.000      0.000    999.000    999.000
    ENVIRONM           0.000      0.000    999.000    999.000

 Intercepts
    A1                 4.241      0.079     53.466      0.000
    A2                 4.153      0.077     53.730      0.000
    A3                 3.939      0.070     56.374      0.000
    B1                 3.852      0.085     45.133      0.000
    B2                 4.056      0.092     44.261      0.000
    B3                 4.059      0.085     47.645      0.000
    C1                 4.294      0.076     56.662      0.000
    C2                 4.255      0.080     53.361      0.000
    C3                 4.232      0.078     54.123      0.000
    D1                 4.813      0.076     63.159      0.000
    D2                 4.927      0.069     71.682      0.000
    D3                 4.817      0.068     70.844      0.000
    E1                 4.476      0.076     58.948      0.000
    E2                 4.558      0.082     55.440      0.000
    E3                 4.549      0.076     60.099      0.000
    F1                 4.038      0.080     50.767      0.000
    F2                 4.375      0.083     52.524      0.000
    F3                 4.251      0.075     56.390      0.000

 Variances
    VALUE              1.000      0.000    999.000    999.000
    JOBSTYLE           1.000      0.000    999.000    999.000
    TEAMWORK           1.000      0.000    999.000    999.000
    LEADERSH           1.000      0.000    999.000    999.000
    LEARNING           1.000      0.000    999.000    999.000
    ENVIRONM           1.000      0.000    999.000    999.000

 Residual Variances
    A1                 0.317      0.045      6.989      0.000
    A2                 0.534      0.054      9.851      0.000
    A3                 0.558      0.052     10.756      0.000
    B1                 0.709      0.068     10.411      0.000
    B2                 0.440      0.058      7.586      0.000
    B3                 0.428      0.051      8.330      0.000
    C1                 0.454      0.051      8.954      0.000
    C2                 0.512      0.057      9.002      0.000
    C3                 0.635      0.063     10.117      0.000
    D1                 0.215      0.029      7.324      0.000
    D2                 0.151      0.023      6.585      0.000
    D3                 0.400      0.038     10.668      0.000
    E1                 0.291      0.032      9.053      0.000
    E2                 0.181      0.030      6.034      0.000
    E3                 0.327      0.033      9.854      0.000
    F1                 0.966      0.085     11.403      0.000
    F2                 0.511      0.057      8.911      0.000
    F3                 0.254      0.041      6.202      0.000

Group MALE

 VALUE    BY
    A1                 0.798      0.051     15.630      0.000
    A2                 0.712      0.055     12.925      0.000
    A3                 0.606      0.054     11.319      0.000

 JOBSTYLE BY
    B1                 0.784      0.062     12.743      0.000
    B2                 0.930      0.059     15.834      0.000
    B3                 0.852      0.055     15.538      0.000

 TEAMWORK BY
    C1                 0.706      0.054     12.972      0.000
    C2                 0.743      0.058     12.850      0.000
    C3                 0.685      0.060     11.487      0.000

 LEADERSH BY
    D1                 0.818      0.045     18.343      0.000
    D2                 0.744      0.039     18.889      0.000
    D3                 0.660      0.047     13.989      0.000

 LEARNING BY
    E1                 0.794      0.046     17.227      0.000
    E2                 0.900      0.046     19.690      0.000
    E3                 0.782      0.047     16.734      0.000

 ENVIRONM BY
    F1                 0.602      0.065      9.194      0.000
    F2                 0.797      0.056     14.140      0.000
    F3                 0.764      0.047     16.324      0.000

 JOBSTYLE WITH
    VALUE              0.627      0.071      8.875      0.000

 TEAMWORK WITH
    VALUE              0.626      0.077      8.157      0.000
    JOBSTYLE           0.638      0.070      9.134      0.000

 LEADERSH WITH
    VALUE              0.643      0.066      9.760      0.000
    JOBSTYLE           0.425      0.077      5.531      0.000
    TEAMWORK           0.482      0.081      5.924      0.000

 LEARNING WITH
    VALUE              0.585      0.072      8.142      0.000
    JOBSTYLE           0.525      0.070      7.477      0.000
    TEAMWORK           0.628      0.067      9.343      0.000
    LEADERSH           0.523      0.068      7.745      0.000

 ENVIRONM WITH
    VALUE              0.747      0.061     12.155      0.000
    JOBSTYLE           0.449      0.083      5.375      0.000
    TEAMWORK           0.663      0.073      9.129      0.000
    LEADERSH           0.302      0.091      3.302      0.001
    LEARNING           0.392      0.087      4.522      0.000

 Means
    VALUE              0.386      0.130      2.961      0.003
    JOBSTYLE           0.372      0.127      2.926      0.003
    TEAMWORK           0.192      0.133      1.437      0.151
    LEADERSH           0.046      0.121      0.382      0.703
    LEARNING           0.347      0.121      2.862      0.004
    ENVIRONM           0.561      0.131      4.288      0.000

 Intercepts
    A1                 4.241      0.079     53.466      0.000
    A2                 4.153      0.077     53.730      0.000
    A3                 3.939      0.070     56.374      0.000
    B1                 3.852      0.085     45.133      0.000
    B2                 4.056      0.092     44.261      0.000
    B3                 4.059      0.085     47.645      0.000
    C1                 4.294      0.076     56.662      0.000
    C2                 4.255      0.080     53.361      0.000
    C3                 4.232      0.078     54.123      0.000
    D1                 4.813      0.076     63.159      0.000
    D2                 4.927      0.069     71.682      0.000
    D3                 4.817      0.068     70.844      0.000
    E1                 4.476      0.076     58.948      0.000
    E2                 4.558      0.082     55.440      0.000
    E3                 4.549      0.076     60.099      0.000
    F1                 4.038      0.080     50.767      0.000
    F2                 4.375      0.083     52.524      0.000
    F3                 4.251      0.075     56.390      0.000

 Variances
    VALUE              1.000      0.000    999.000    999.000
    JOBSTYLE           1.000      0.000    999.000    999.000
    TEAMWORK           1.000      0.000    999.000    999.000
    LEADERSH           1.000      0.000    999.000    999.000
    LEARNING           1.000      0.000    999.000    999.000
    ENVIRONM           1.000      0.000    999.000    999.000

 Residual Variances
    A1                 0.317      0.045      6.989      0.000
    A2                 0.534      0.054      9.851      0.000
    A3                 0.558      0.052     10.756      0.000
    B1                 0.709      0.068     10.411      0.000
    B2                 0.440      0.058      7.586      0.000
    B3                 0.428      0.051      8.330      0.000
    C1                 0.454      0.051      8.954      0.000
    C2                 0.512      0.057      9.002      0.000
    C3                 0.635      0.063     10.117      0.000
    D1                 0.215      0.029      7.324      0.000
    D2                 0.151      0.023      6.585      0.000
    D3                 0.400      0.038     10.668      0.000
    E1                 0.291      0.032      9.053      0.000
    E2                 0.181      0.030      6.034      0.000
    E3                 0.327      0.033      9.854      0.000
    F1                 0.966      0.085     11.403      0.000
    F2                 0.511      0.057      8.911      0.000
    F3                 0.254      0.041      6.202      0.000


R-SQUARE

Group FEMALE

    Observed                                        Two-Tailed
    Variable        Estimate       S.E.  Est./S.E.    P-Value

    A1                 0.668      0.050     13.340      0.000
    A2                 0.487      0.051      9.495      0.000
    A3                 0.397      0.052      7.665      0.000
    B1                 0.465      0.050      9.319      0.000
    B2                 0.663      0.047     14.038      0.000
    B3                 0.629      0.047     13.495      0.000
    C1                 0.523      0.054      9.619      0.000
    C2                 0.519      0.055      9.496      0.000
    C3                 0.425      0.054      7.848      0.000
    D1                 0.757      0.036     20.973      0.000
    D2                 0.785      0.035     22.379      0.000
    D3                 0.522      0.046     11.384      0.000
    E1                 0.684      0.038     18.005      0.000
    E2                 0.817      0.032     25.258      0.000
    E3                 0.652      0.038     16.952      0.000
    F1                 0.273      0.049      5.537      0.000
    F2                 0.554      0.051     10.927      0.000
    F3                 0.696      0.050     13.853      0.000

Group MALE

    Observed                                        Two-Tailed
    Variable        Estimate       S.E.  Est./S.E.    P-Value

    A1                 0.668      0.050     13.340      0.000
    A2                 0.487      0.051      9.495      0.000
    A3                 0.397      0.052      7.665      0.000
    B1                 0.465      0.050      9.319      0.000
    B2                 0.663      0.047     14.038      0.000
    B3                 0.629      0.047     13.495      0.000
    C1                 0.523      0.054      9.619      0.000
    C2                 0.519      0.055      9.496      0.000
    C3                 0.425      0.054      7.848      0.000
    D1                 0.757      0.036     20.973      0.000
    D2                 0.785      0.035     22.379      0.000
    D3                 0.522      0.046     11.384      0.000
    E1                 0.684      0.038     18.005      0.000
    E2                 0.817      0.032     25.258      0.000
    E3                 0.652      0.038     16.952      0.000
    F1                 0.273      0.049      5.537      0.000
    F2                 0.554      0.051     10.927      0.000
    F3                 0.696      0.050     13.853      0.000


QUALITY OF NUMERICAL RESULTS

     Condition Number for the Information Matrix              0.169E-02
       (ratio of smallest to largest eigenvalue)


DIAGRAM INFORMATION

  Use View Diagram under the Diagram menu in the Mplus Editor to view the diagram.
  If running Mplus from the Mplus Diagrammer, the diagram opens automatically.

  Diagram output
    c:\sem\ch10\mplus\ch10a.dgm

     Beginning Time:  16:37:10
        Ending Time:  16:37:10
       Elapsed Time:  00:00:00



MUTHEN & MUTHEN
3463 Stoner Ave.
Los Angeles, CA  90066

Tel: (310) 391-9971
Fax: (310) 391-8971
Web: www.StatModel.com
Support: Support@StatModel.com

Copyright (c) 1998-2017 Muthen & Muthen
