Mplus VERSION 8
MUTHEN & MUTHEN
04/01/2018  12:00 PM

INPUT INSTRUCTIONS

  TITLE:	Ch5a Confirmatory Factor Analysis using MPLUS
  DATA:   	FILE IS ch5a.dat;
  VARIABLE:	NAMES ARE a1-a3 b1-b3 c1-c3 d1-d3 e1-e3 f1-f3;
  MODEL:
   VALUE    by a1*a2-a3;
   JOBSTYLE by b1*b2-b3;
   TEAMWORK by c1*c2-c3;
   LEADERSH by d1*d2-d3;
   LEARNING by e1*e2-e3;
   ENVIRONM by f1*f2-f3;
   VALUE@1;
   JOBSTYLE@1;
   TEAMWORK@1;
   LEADERSH@1;
   LEARNING@1;
   ENVIRONM@1;

  OUTPUT:
  STANDARDIZED;



INPUT READING TERMINATED NORMALLY



Ch5a Confirmatory Factor Analysis using MPLUS

SUMMARY OF ANALYSIS

Number of groups                                                 1
Number of observations                                         313

Number of dependent variables                                   18
Number of independent variables                                  0
Number of continuous latent variables                            6

Observed dependent variables

  Continuous
   A1          A2          A3          B1          B2          B3
   C1          C2          C3          D1          D2          D3
   E1          E2          E3          F1          F2          F3

Continuous latent variables
   VALUE       JOBSTYLE    TEAMWORK    LEADERSH    LEARNING    ENVIRONM


Estimator                                                       ML
Information matrix                                        OBSERVED
Maximum number of iterations                                  1000
Convergence criterion                                    0.500D-04
Maximum number of steepest descent iterations                   20

Input data file(s)
  ch5a.dat

Input data format  FREE



UNIVARIATE SAMPLE STATISTICS


     UNIVARIATE HIGHER-ORDER MOMENT DESCRIPTIVE STATISTICS

         Variable/         Mean/     Skewness/   Minimum/ % with                Percentiles
        Sample Size      Variance    Kurtosis    Maximum  Min/Max      20%/60%    40%/80%    Median

     A1                    4.415      -0.663       1.000    0.96%       4.000      4.000      5.000
             313.000       0.965       0.627       6.000   10.22%       5.000      5.000
     A2                    4.307      -0.532       1.000    0.32%       4.000      4.000      4.000
             313.000       1.043      -0.034       6.000    8.95%       5.000      5.000
     A3                    4.073      -0.443       1.000    1.60%       3.000      4.000      4.000
             313.000       0.937       0.531       6.000    4.79%       4.000      5.000
     B1                    4.016      -0.242       1.000    1.92%       3.000      4.000      4.000
             313.000       1.338      -0.550       6.000    7.99%       5.000      5.000
     B2                    4.252      -0.477       1.000    1.92%       3.000      4.000      4.000
             313.000       1.332      -0.185       6.000   12.46%       5.000      5.000
     B3                    4.240      -0.471       1.000    1.28%       3.000      4.000      4.000
             313.000       1.179      -0.087       6.000    9.90%       5.000      5.000
     C1                    4.374      -0.534       1.000    0.96%       4.000      4.000      4.000
             313.000       0.950       0.461       6.000    9.90%       5.000      5.000
     C2                    4.339      -0.379       1.000    0.32%       4.000      4.000      4.000
             313.000       1.061      -0.177       6.000   11.82%       5.000      5.000
     C3                    4.310      -0.660       1.000    1.92%       4.000      4.000      4.000
             313.000       1.102       0.666       6.000   10.22%       5.000      5.000
     D1                    4.834      -0.862       1.000    0.64%       4.000      5.000      5.000
             313.000       0.873       1.348       6.000   24.28%       5.000      6.000
     D2                    4.949      -0.558       2.000    0.96%       4.000      5.000      5.000
             313.000       0.700       0.307       6.000   27.16%       5.000      6.000
     D3                    4.834      -0.480       2.000    0.96%       4.000      5.000      5.000
             313.000       0.829      -0.183       6.000   25.24%       5.000      6.000
     E1                    4.633      -0.680       1.000    0.96%       4.000      4.000      5.000
             313.000       0.942       0.972       6.000   18.21%       5.000      5.000
     E2                    4.735      -0.712       1.000    0.32%       4.000      5.000      5.000
             313.000       1.013       0.436       6.000   23.64%       5.000      6.000
     E3                    4.700      -0.590       1.000    0.64%       4.000      5.000      5.000
             313.000       0.951       0.363       6.000   21.41%       5.000      6.000
     F1                    4.230      -0.406       1.000    1.92%       3.000      4.000      4.000
             313.000       1.359      -0.075       6.000   14.70%       5.000      5.000
     F2                    4.626      -0.692       1.000    1.28%       4.000      4.000      5.000
             313.000       1.193       0.532       6.000   23.96%       5.000      6.000
     F3                    4.492      -0.405       1.000    0.64%       4.000      4.000      5.000
             313.000       0.883       0.475       6.000   13.74%       5.000      5.000


THE MODEL ESTIMATION TERMINATED NORMALLY



MODEL FIT INFORMATION

Number of Free Parameters                       69

Loglikelihood

          H0 Value                       -6751.785
          H1 Value                       -6630.907

Information Criteria

          Akaike (AIC)                   13641.569
          Bayesian (BIC)                 13900.057
          Sample-Size Adjusted BIC       13681.211
            (n* = (n + 2) / 24)

Chi-Square Test of Model Fit

          Value                            241.755
          Degrees of Freedom                   120
          P-Value                           0.0000

RMSEA (Root Mean Square Error Of Approximation)

          Estimate                           0.057
          90 Percent C.I.                    0.047  0.067
          Probability RMSEA <= .05           0.132

CFI/TLI

          CFI                                0.955
          TLI                                0.942

Chi-Square Test of Model Fit for the Baseline Model

          Value                           2842.819
          Degrees of Freedom                   153
          P-Value                           0.0000

SRMR (Standardized Root Mean Square Residual)

          Value                              0.049



MODEL RESULTS

                                                    Two-Tailed
                    Estimate       S.E.  Est./S.E.    P-Value

 VALUE    BY
    A1                 0.815      0.052     15.740      0.000
    A2                 0.706      0.056     12.617      0.000
    A3                 0.614      0.054     11.425      0.000

 JOBSTYLE BY
    B1                 0.789      0.062     12.752      0.000
    B2                 0.961      0.058     16.582      0.000
    B3                 0.856      0.056     15.396      0.000

 TEAMWORK BY
    C1                 0.699      0.054     13.011      0.000
    C2                 0.736      0.057     12.965      0.000
    C3                 0.696      0.059     11.825      0.000

 LEADERSH BY
    D1                 0.810      0.044     18.277      0.000
    D2                 0.741      0.039     18.866      0.000
    D3                 0.655      0.047     14.021      0.000

 LEARNING BY
    E1                 0.806      0.046     17.345      0.000
    E2                 0.912      0.046     19.835      0.000
    E3                 0.791      0.047     16.845      0.000

 ENVIRONM BY
    F1                 0.641      0.067      9.546      0.000
    F2                 0.828      0.058     14.325      0.000
    F3                 0.786      0.049     16.094      0.000

 JOBSTYLE WITH
    VALUE              0.542      0.055      9.802      0.000

 TEAMWORK WITH
    VALUE              0.494      0.063      7.825      0.000
    JOBSTYLE           0.697      0.047     14.824      0.000

 LEADERSH WITH
    VALUE              0.417      0.059      7.068      0.000
    JOBSTYLE           0.447      0.055      8.067      0.000
    TEAMWORK           0.522      0.056      9.335      0.000

 LEARNING WITH
    VALUE              0.526      0.054      9.677      0.000
    JOBSTYLE           0.575      0.048     11.974      0.000
    TEAMWORK           0.603      0.050     12.014      0.000
    LEADERSH           0.557      0.047     11.851      0.000

 ENVIRONM WITH
    VALUE              0.695      0.046     15.263      0.000
    JOBSTYLE           0.391      0.061      6.394      0.000
    TEAMWORK           0.600      0.056     10.743      0.000
    LEADERSH           0.316      0.062      5.071      0.000
    LEARNING           0.443      0.056      7.909      0.000

 Intercepts
    A1                 4.415      0.056     79.524      0.000
    A2                 4.307      0.058     74.595      0.000
    A3                 4.073      0.055     74.447      0.000
    B1                 4.016      0.065     61.414      0.000
    B2                 4.252      0.065     65.175      0.000
    B3                 4.240      0.061     69.078      0.000
    C1                 4.374      0.055     79.402      0.000
    C2                 4.339      0.058     74.518      0.000
    C3                 4.310      0.059     72.634      0.000
    D1                 4.834      0.053     91.510      0.000
    D2                 4.949      0.047    104.628      0.000
    D3                 4.834      0.051     93.948      0.000
    E1                 4.633      0.055     84.458      0.000
    E2                 4.735      0.057     83.239      0.000
    E3                 4.700      0.055     85.246      0.000
    F1                 4.230      0.066     64.190      0.000
    F2                 4.626      0.062     74.948      0.000
    F3                 4.492      0.053     84.596      0.000

 Variances
    VALUE              1.000      0.000    999.000    999.000
    JOBSTYLE           1.000      0.000    999.000    999.000
    TEAMWORK           1.000      0.000    999.000    999.000
    LEADERSH           1.000      0.000    999.000    999.000
    LEARNING           1.000      0.000    999.000    999.000
    ENVIRONM           1.000      0.000    999.000    999.000

 Residual Variances
    A1                 0.300      0.048      6.222      0.000
    A2                 0.544      0.056      9.796      0.000
    A3                 0.561      0.052     10.692      0.000
    B1                 0.716      0.068     10.512      0.000
    B2                 0.408      0.057      7.196      0.000
    B3                 0.447      0.052      8.585      0.000
    C1                 0.461      0.051      9.046      0.000
    C2                 0.519      0.057      9.116      0.000
    C3                 0.618      0.062      9.985      0.000
    D1                 0.217      0.030      7.277      0.000
    D2                 0.151      0.023      6.436      0.000
    D3                 0.399      0.037     10.665      0.000
    E1                 0.292      0.032      9.107      0.000
    E2                 0.181      0.030      6.074      0.000
    E3                 0.325      0.033      9.836      0.000
    F1                 0.948      0.084     11.257      0.000
    F2                 0.507      0.058      8.749      0.000
    F3                 0.265      0.043      6.216      0.000


STANDARDIZED MODEL RESULTS


STDYX Standardization

                                                    Two-Tailed
                    Estimate       S.E.  Est./S.E.    P-Value

 VALUE    BY
    A1                 0.830      0.032     26.314      0.000
    A2                 0.692      0.038     18.205      0.000
    A3                 0.634      0.041     15.518      0.000

 JOBSTYLE BY
    B1                 0.682      0.036     18.754      0.000
    B2                 0.833      0.027     30.700      0.000
    B3                 0.788      0.030     26.634      0.000

 TEAMWORK BY
    C1                 0.717      0.038     19.037      0.000
    C2                 0.715      0.038     18.935      0.000
    C3                 0.663      0.041     16.301      0.000

 LEADERSH BY
    D1                 0.867      0.021     40.729      0.000
    D2                 0.886      0.020     43.694      0.000
    D3                 0.720      0.032     22.644      0.000

 LEARNING BY
    E1                 0.830      0.023     36.901      0.000
    E2                 0.906      0.017     51.860      0.000
    E3                 0.811      0.023     34.623      0.000

 ENVIRONM BY
    F1                 0.550      0.046     11.828      0.000
    F2                 0.758      0.033     22.837      0.000
    F3                 0.837      0.030     27.683      0.000

 JOBSTYLE WITH
    VALUE              0.542      0.055      9.802      0.000

 TEAMWORK WITH
    VALUE              0.494      0.063      7.825      0.000
    JOBSTYLE           0.697      0.047     14.824      0.000

 LEADERSH WITH
    VALUE              0.417      0.059      7.068      0.000
    JOBSTYLE           0.447      0.055      8.067      0.000
    TEAMWORK           0.522      0.056      9.335      0.000

 LEARNING WITH
    VALUE              0.526      0.054      9.677      0.000
    JOBSTYLE           0.575      0.048     11.974      0.000
    TEAMWORK           0.603      0.050     12.014      0.000
    LEADERSH           0.557      0.047     11.851      0.000

 ENVIRONM WITH
    VALUE              0.695      0.046     15.263      0.000
    JOBSTYLE           0.391      0.061      6.394      0.000
    TEAMWORK           0.600      0.056     10.743      0.000
    LEADERSH           0.316      0.062      5.071      0.000
    LEARNING           0.443      0.056      7.909      0.000

 Intercepts
    A1                 4.495      0.188     23.867      0.000
    A2                 4.216      0.178     23.721      0.000
    A3                 4.208      0.177     23.716      0.000
    B1                 3.471      0.150     23.171      0.000
    B2                 3.684      0.158     23.358      0.000
    B3                 3.905      0.166     23.524      0.000
    C1                 4.488      0.188     23.863      0.000
    C2                 4.212      0.178     23.719      0.000
    C3                 4.106      0.174     23.656      0.000
    D1                 5.172      0.214     24.134      0.000
    D2                 5.914      0.243     24.334      0.000
    D3                 5.310      0.220     24.177      0.000
    E1                 4.774      0.199     23.989      0.000
    E2                 4.705      0.196     23.961      0.000
    E3                 4.818      0.201     24.007      0.000
    F1                 3.628      0.156     23.312      0.000
    F2                 4.236      0.179     23.732      0.000
    F3                 4.782      0.199     23.993      0.000

 Variances
    VALUE              1.000      0.000    999.000    999.000
    JOBSTYLE           1.000      0.000    999.000    999.000
    TEAMWORK           1.000      0.000    999.000    999.000
    LEADERSH           1.000      0.000    999.000    999.000
    LEARNING           1.000      0.000    999.000    999.000
    ENVIRONM           1.000      0.000    999.000    999.000

 Residual Variances
    A1                 0.311      0.052      5.950      0.000
    A2                 0.522      0.053      9.929      0.000
    A3                 0.598      0.052     11.554      0.000
    B1                 0.535      0.050     10.781      0.000
    B2                 0.306      0.045      6.775      0.000
    B3                 0.379      0.047      8.134      0.000
    C1                 0.485      0.054      8.978      0.000
    C2                 0.489      0.054      9.063      0.000
    C3                 0.560      0.054     10.394      0.000
    D1                 0.248      0.037      6.727      0.000
    D2                 0.215      0.036      6.000      0.000
    D3                 0.482      0.046     10.527      0.000
    E1                 0.311      0.037      8.311      0.000
    E2                 0.179      0.032      5.661      0.000
    E3                 0.342      0.038      8.996      0.000
    F1                 0.698      0.051     13.653      0.000
    F2                 0.425      0.050      8.445      0.000
    F3                 0.300      0.051      5.930      0.000


STDY Standardization

                                                    Two-Tailed
                    Estimate       S.E.  Est./S.E.    P-Value

 VALUE    BY
    A1                 0.830      0.032     26.314      0.000
    A2                 0.692      0.038     18.205      0.000
    A3                 0.634      0.041     15.518      0.000

 JOBSTYLE BY
    B1                 0.682      0.036     18.754      0.000
    B2                 0.833      0.027     30.700      0.000
    B3                 0.788      0.030     26.634      0.000

 TEAMWORK BY
    C1                 0.717      0.038     19.037      0.000
    C2                 0.715      0.038     18.935      0.000
    C3                 0.663      0.041     16.301      0.000

 LEADERSH BY
    D1                 0.867      0.021     40.729      0.000
    D2                 0.886      0.020     43.694      0.000
    D3                 0.720      0.032     22.644      0.000

 LEARNING BY
    E1                 0.830      0.023     36.901      0.000
    E2                 0.906      0.017     51.860      0.000
    E3                 0.811      0.023     34.623      0.000

 ENVIRONM BY
    F1                 0.550      0.046     11.828      0.000
    F2                 0.758      0.033     22.837      0.000
    F3                 0.837      0.030     27.683      0.000

 JOBSTYLE WITH
    VALUE              0.542      0.055      9.802      0.000

 TEAMWORK WITH
    VALUE              0.494      0.063      7.825      0.000
    JOBSTYLE           0.697      0.047     14.824      0.000

 LEADERSH WITH
    VALUE              0.417      0.059      7.068      0.000
    JOBSTYLE           0.447      0.055      8.067      0.000
    TEAMWORK           0.522      0.056      9.335      0.000

 LEARNING WITH
    VALUE              0.526      0.054      9.677      0.000
    JOBSTYLE           0.575      0.048     11.974      0.000
    TEAMWORK           0.603      0.050     12.014      0.000
    LEADERSH           0.557      0.047     11.851      0.000

 ENVIRONM WITH
    VALUE              0.695      0.046     15.263      0.000
    JOBSTYLE           0.391      0.061      6.394      0.000
    TEAMWORK           0.600      0.056     10.743      0.000
    LEADERSH           0.316      0.062      5.071      0.000
    LEARNING           0.443      0.056      7.909      0.000

 Intercepts
    A1                 4.495      0.188     23.867      0.000
    A2                 4.216      0.178     23.721      0.000
    A3                 4.208      0.177     23.716      0.000
    B1                 3.471      0.150     23.171      0.000
    B2                 3.684      0.158     23.358      0.000
    B3                 3.905      0.166     23.524      0.000
    C1                 4.488      0.188     23.863      0.000
    C2                 4.212      0.178     23.719      0.000
    C3                 4.106      0.174     23.656      0.000
    D1                 5.172      0.214     24.134      0.000
    D2                 5.914      0.243     24.334      0.000
    D3                 5.310      0.220     24.177      0.000
    E1                 4.774      0.199     23.989      0.000
    E2                 4.705      0.196     23.961      0.000
    E3                 4.818      0.201     24.007      0.000
    F1                 3.628      0.156     23.312      0.000
    F2                 4.236      0.179     23.732      0.000
    F3                 4.782      0.199     23.993      0.000

 Variances
    VALUE              1.000      0.000    999.000    999.000
    JOBSTYLE           1.000      0.000    999.000    999.000
    TEAMWORK           1.000      0.000    999.000    999.000
    LEADERSH           1.000      0.000    999.000    999.000
    LEARNING           1.000      0.000    999.000    999.000
    ENVIRONM           1.000      0.000    999.000    999.000

 Residual Variances
    A1                 0.311      0.052      5.950      0.000
    A2                 0.522      0.053      9.929      0.000
    A3                 0.598      0.052     11.554      0.000
    B1                 0.535      0.050     10.781      0.000
    B2                 0.306      0.045      6.775      0.000
    B3                 0.379      0.047      8.134      0.000
    C1                 0.485      0.054      8.978      0.000
    C2                 0.489      0.054      9.063      0.000
    C3                 0.560      0.054     10.394      0.000
    D1                 0.248      0.037      6.727      0.000
    D2                 0.215      0.036      6.000      0.000
    D3                 0.482      0.046     10.527      0.000
    E1                 0.311      0.037      8.311      0.000
    E2                 0.179      0.032      5.661      0.000
    E3                 0.342      0.038      8.996      0.000
    F1                 0.698      0.051     13.653      0.000
    F2                 0.425      0.050      8.445      0.000
    F3                 0.300      0.051      5.930      0.000


STD Standardization

                                                    Two-Tailed
                    Estimate       S.E.  Est./S.E.    P-Value

 VALUE    BY
    A1                 0.815      0.052     15.740      0.000
    A2                 0.706      0.056     12.617      0.000
    A3                 0.614      0.054     11.425      0.000

 JOBSTYLE BY
    B1                 0.789      0.062     12.752      0.000
    B2                 0.961      0.058     16.582      0.000
    B3                 0.856      0.056     15.396      0.000

 TEAMWORK BY
    C1                 0.699      0.054     13.011      0.000
    C2                 0.736      0.057     12.965      0.000
    C3                 0.696      0.059     11.825      0.000

 LEADERSH BY
    D1                 0.810      0.044     18.277      0.000
    D2                 0.741      0.039     18.866      0.000
    D3                 0.655      0.047     14.021      0.000

 LEARNING BY
    E1                 0.806      0.046     17.345      0.000
    E2                 0.912      0.046     19.835      0.000
    E3                 0.791      0.047     16.845      0.000

 ENVIRONM BY
    F1                 0.641      0.067      9.546      0.000
    F2                 0.828      0.058     14.325      0.000
    F3                 0.786      0.049     16.094      0.000

 JOBSTYLE WITH
    VALUE              0.542      0.055      9.802      0.000

 TEAMWORK WITH
    VALUE              0.494      0.063      7.825      0.000
    JOBSTYLE           0.697      0.047     14.824      0.000

 LEADERSH WITH
    VALUE              0.417      0.059      7.068      0.000
    JOBSTYLE           0.447      0.055      8.067      0.000
    TEAMWORK           0.522      0.056      9.335      0.000

 LEARNING WITH
    VALUE              0.526      0.054      9.677      0.000
    JOBSTYLE           0.575      0.048     11.974      0.000
    TEAMWORK           0.603      0.050     12.014      0.000
    LEADERSH           0.557      0.047     11.851      0.000

 ENVIRONM WITH
    VALUE              0.695      0.046     15.263      0.000
    JOBSTYLE           0.391      0.061      6.394      0.000
    TEAMWORK           0.600      0.056     10.743      0.000
    LEADERSH           0.316      0.062      5.071      0.000
    LEARNING           0.443      0.056      7.909      0.000

 Intercepts
    A1                 4.415      0.056     79.524      0.000
    A2                 4.307      0.058     74.595      0.000
    A3                 4.073      0.055     74.447      0.000
    B1                 4.016      0.065     61.414      0.000
    B2                 4.252      0.065     65.175      0.000
    B3                 4.240      0.061     69.078      0.000
    C1                 4.374      0.055     79.402      0.000
    C2                 4.339      0.058     74.518      0.000
    C3                 4.310      0.059     72.634      0.000
    D1                 4.834      0.053     91.510      0.000
    D2                 4.949      0.047    104.628      0.000
    D3                 4.834      0.051     93.948      0.000
    E1                 4.633      0.055     84.458      0.000
    E2                 4.735      0.057     83.239      0.000
    E3                 4.700      0.055     85.246      0.000
    F1                 4.230      0.066     64.190      0.000
    F2                 4.626      0.062     74.948      0.000
    F3                 4.492      0.053     84.596      0.000

 Variances
    VALUE              1.000      0.000    999.000    999.000
    JOBSTYLE           1.000      0.000    999.000    999.000
    TEAMWORK           1.000      0.000    999.000    999.000
    LEADERSH           1.000      0.000    999.000    999.000
    LEARNING           1.000      0.000    999.000    999.000
    ENVIRONM           1.000      0.000    999.000    999.000

 Residual Variances
    A1                 0.300      0.048      6.222      0.000
    A2                 0.544      0.056      9.796      0.000
    A3                 0.561      0.052     10.692      0.000
    B1                 0.716      0.068     10.512      0.000
    B2                 0.408      0.057      7.196      0.000
    B3                 0.447      0.052      8.585      0.000
    C1                 0.461      0.051      9.046      0.000
    C2                 0.519      0.057      9.116      0.000
    C3                 0.618      0.062      9.985      0.000
    D1                 0.217      0.030      7.277      0.000
    D2                 0.151      0.023      6.436      0.000
    D3                 0.399      0.037     10.665      0.000
    E1                 0.292      0.032      9.107      0.000
    E2                 0.181      0.030      6.074      0.000
    E3                 0.325      0.033      9.836      0.000
    F1                 0.948      0.084     11.257      0.000
    F2                 0.507      0.058      8.749      0.000
    F3                 0.265      0.043      6.216      0.000


R-SQUARE

    Observed                                        Two-Tailed
    Variable        Estimate       S.E.  Est./S.E.    P-Value

    A1                 0.689      0.052     13.157      0.000
    A2                 0.478      0.053      9.103      0.000
    A3                 0.402      0.052      7.759      0.000
    B1                 0.465      0.050      9.377      0.000
    B2                 0.694      0.045     15.350      0.000
    B3                 0.621      0.047     13.317      0.000
    C1                 0.515      0.054      9.518      0.000
    C2                 0.511      0.054      9.468      0.000
    C3                 0.440      0.054      8.150      0.000
    D1                 0.752      0.037     20.365      0.000
    D2                 0.785      0.036     21.847      0.000
    D3                 0.518      0.046     11.322      0.000
    E1                 0.689      0.037     18.451      0.000
    E2                 0.821      0.032     25.930      0.000
    E3                 0.658      0.038     17.311      0.000
    F1                 0.302      0.051      5.914      0.000
    F2                 0.575      0.050     11.418      0.000
    F3                 0.700      0.051     13.842      0.000


QUALITY OF NUMERICAL RESULTS

     Condition Number for the Information Matrix              0.547E-02
       (ratio of smallest to largest eigenvalue)


DIAGRAM INFORMATION

  Use View Diagram under the Diagram menu in the Mplus Editor to view the diagram.
  If running Mplus from the Mplus Diagrammer, the diagram opens automatically.

  Diagram output
    c:\sem\ch05\mplus\ch5a.dgm

     Beginning Time:  12:00:09
        Ending Time:  12:00:09
       Elapsed Time:  00:00:00



MUTHEN & MUTHEN
3463 Stoner Ave.
Los Angeles, CA  90066

Tel: (310) 391-9971
Fax: (310) 391-8971
Web: www.StatModel.com
Support: Support@StatModel.com

Copyright (c) 1998-2017 Muthen & Muthen
