Mplus VERSION 8
MUTHEN & MUTHEN
04/02/2018   1:20 AM

INPUT INSTRUCTIONS

  TITLE:	Ch06 Higher-Order CFA Model 6
  DATA:   	FILE IS ch6.dat;
  VARIABLE:	NAMES ARE FF1 FF2 FF3 VF1 VF2 VF3 PF1 PF2 PF3 PF4;
  MODEL:
   Figural by FF1 FF2 FF3;
   Verbal  by VF2 VF1 VF3;
   Affect  by PF1-PF4;
   Crea    by Figural* Verbal Affect;
   Crea@1;
  OUTPUT:
  STANDARDIZED;



INPUT READING TERMINATED NORMALLY



Ch06 Higher-Order CFA Model 6

SUMMARY OF ANALYSIS

Number of groups                                                 1
Number of observations                                         804

Number of dependent variables                                   10
Number of independent variables                                  0
Number of continuous latent variables                            4

Observed dependent variables

  Continuous
   FF1         FF2         FF3         VF1         VF2         VF3
   PF1         PF2         PF3         PF4

Continuous latent variables
   FIGURAL     VERBAL      AFFECT      CREA


Estimator                                                       ML
Information matrix                                        OBSERVED
Maximum number of iterations                                  1000
Convergence criterion                                    0.500D-04
Maximum number of steepest descent iterations                   20

Input data file(s)
  ch6.dat

Input data format  FREE



UNIVARIATE SAMPLE STATISTICS


     UNIVARIATE HIGHER-ORDER MOMENT DESCRIPTIVE STATISTICS

         Variable/         Mean/     Skewness/   Minimum/ % with                Percentiles
        Sample Size      Variance    Kurtosis    Maximum  Min/Max      20%/60%    40%/80%    Median

     FF1                  11.762       0.778       1.000    0.12%       7.000     10.000     11.000
             804.000      31.557       0.493      30.000    0.87%      12.000     16.000
     FF2                   8.748       0.576       1.000    0.37%       5.000      8.000      8.000
             804.000      14.781       0.480      24.000    0.12%       9.000     12.000
     FF3                  16.668       0.878       0.000    0.75%       8.000     13.000     15.000
             804.000      98.018       0.822      56.000    0.12%      17.000     25.000
     VF1                  14.160       1.185       1.000    0.75%       8.000     11.000     13.000
             804.000      60.642       2.060      50.000    0.37%      15.000     19.000
     VF2                   8.935       0.425       1.000    0.87%       6.000      8.000      9.000
             804.000      14.222      -0.053      22.000    0.12%      10.000     12.000
     VF3                   8.856       2.023       0.000    5.72%       2.000      5.000      7.000
             804.000      70.835       6.443      66.000    0.12%       8.000     14.000
     PF1                  31.067       0.001      17.000    0.12%      28.000     30.000     31.000
             804.000      16.816      -0.062      44.000    0.12%      32.000     35.000
     PF2                  43.004      -0.064      19.000    0.12%      38.000     41.000     43.000
             804.000      37.728       0.112      65.000    0.12%      45.000     48.000
     PF3                  34.356       0.085      16.000    0.12%      29.000     33.000     34.000
             804.000      39.130      -0.020      62.000    0.12%      36.000     40.000
     PF4                  36.542      -0.122      19.000    0.12%      33.000     35.000     37.000
             804.000      20.452       0.072      50.000    0.12%      38.000     40.000


THE MODEL ESTIMATION TERMINATED NORMALLY



MODEL FIT INFORMATION

Number of Free Parameters                       33

Loglikelihood

          H0 Value                      -22539.019
          H1 Value                      -22495.325

Information Criteria

          Akaike (AIC)                   45144.038
          Bayesian (BIC)                 45298.795
          Sample-Size Adjusted BIC       45194.001
            (n* = (n + 2) / 24)

Chi-Square Test of Model Fit

          Value                             87.388
          Degrees of Freedom                    32
          P-Value                           0.0000

RMSEA (Root Mean Square Error Of Approximation)

          Estimate                           0.046
          90 Percent C.I.                    0.035  0.058
          Probability RMSEA <= .05           0.677

CFI/TLI

          CFI                                0.991
          TLI                                0.987

Chi-Square Test of Model Fit for the Baseline Model

          Value                           5875.935
          Degrees of Freedom                    45
          P-Value                           0.0000

SRMR (Standardized Root Mean Square Residual)

          Value                              0.019



MODEL RESULTS

                                                    Two-Tailed
                    Estimate       S.E.  Est./S.E.    P-Value

 FIGURAL  BY
    FF1                1.000      0.000    999.000    999.000
    FF2                0.628      0.013     50.093      0.000
    FF3                1.611      0.033     49.105      0.000

 VERBAL   BY
    VF2                1.000      0.000    999.000    999.000
    VF1                2.385      0.057     42.164      0.000
    VF3                2.253      0.065     34.673      0.000

 AFFECT   BY
    PF1                1.000      0.000    999.000    999.000
    PF2                1.790      0.112     15.932      0.000
    PF3                1.496      0.106     14.090      0.000
    PF4                1.285      0.081     15.802      0.000

 CREA     BY
    FIGURAL            3.057      0.350      8.740      0.000
    VERBAL             2.620      0.280      9.353      0.000
    AFFECT             0.882      0.139      6.342      0.000

 Intercepts
    FF1               11.762      0.198     59.372      0.000
    FF2                8.748      0.136     64.516      0.000
    FF3               16.668      0.349     47.737      0.000
    VF1               14.160      0.275     51.560      0.000
    VF2                8.935      0.133     67.181      0.000
    VF3                8.856      0.297     29.835      0.000
    PF1               31.067      0.145    214.815      0.000
    PF2               43.004      0.217    198.521      0.000
    PF3               34.356      0.221    155.731      0.000
    PF4               36.542      0.159    229.116      0.000

 Variances
    CREA               1.000      0.000    999.000    999.000

 Residual Variances
    FF1                1.074      0.280      3.834      0.000
    FF2                2.746      0.175     15.732      0.000
    FF3               18.948      1.193     15.879      0.000
    VF1                0.482      0.669      0.721      0.471
    VF2                3.643      0.219     16.675      0.000
    VF3               17.133      1.038     16.499      0.000
    PF1                9.906      0.600     16.514      0.000
    PF2               15.585      1.227     12.702      0.000
    PF3               23.664      1.414     16.734      0.000
    PF4                9.042      0.671     13.475      0.000
    FIGURAL           21.136      2.156      9.803      0.000
    VERBAL             3.714      1.363      2.725      0.006
    AFFECT             6.132      0.695      8.826      0.000


STANDARDIZED MODEL RESULTS


STDYX Standardization

                                                    Two-Tailed
                    Estimate       S.E.  Est./S.E.    P-Value

 FIGURAL  BY
    FF1                0.983      0.005    214.121      0.000
    FF2                0.902      0.008    117.104      0.000
    FF3                0.898      0.008    112.619      0.000

 VERBAL   BY
    VF2                0.862      0.010     83.735      0.000
    VF1                0.996      0.006    179.773      0.000
    VF3                0.871      0.010     89.034      0.000

 AFFECT   BY
    PF1                0.641      0.026     24.574      0.000
    PF2                0.766      0.022     34.895      0.000
    PF3                0.629      0.027     23.668      0.000
    PF4                0.747      0.023     33.152      0.000

 CREA     BY
    FIGURAL            0.554      0.060      9.283      0.000
    VERBAL             0.806      0.080     10.090      0.000
    AFFECT             0.336      0.048      6.937      0.000

 Intercepts
    FF1                2.094      0.063     33.230      0.000
    FF2                2.275      0.067     34.057      0.000
    FF3                1.684      0.055     30.704      0.000
    VF1                1.818      0.057     31.653      0.000
    VF2                2.369      0.069     34.432      0.000
    VF3                1.052      0.044     23.936      0.000
    PF1                7.576      0.192     39.420      0.000
    PF2                7.001      0.178     39.306      0.000
    PF3                5.492      0.141     38.833      0.000
    PF4                8.080      0.205     39.500      0.000

 Variances
    CREA               1.000      0.000    999.000    999.000

 Residual Variances
    FF1                0.034      0.009      3.771      0.000
    FF2                0.186      0.014     13.359      0.000
    FF3                0.193      0.014     13.494      0.000
    VF1                0.008      0.011      0.721      0.471
    VF2                0.256      0.018     14.419      0.000
    VF3                0.242      0.017     14.202      0.000
    PF1                0.589      0.033     17.614      0.000
    PF2                0.413      0.034     12.281      0.000
    PF3                0.605      0.033     18.108      0.000
    PF4                0.442      0.034     13.136      0.000
    FIGURAL            0.693      0.066     10.495      0.000
    VERBAL             0.351      0.129      2.729      0.006
    AFFECT             0.887      0.032     27.317      0.000


STDY Standardization

                                                    Two-Tailed
                    Estimate       S.E.  Est./S.E.    P-Value

 FIGURAL  BY
    FF1                0.983      0.005    214.121      0.000
    FF2                0.902      0.008    117.104      0.000
    FF3                0.898      0.008    112.619      0.000

 VERBAL   BY
    VF2                0.862      0.010     83.735      0.000
    VF1                0.996      0.006    179.773      0.000
    VF3                0.871      0.010     89.034      0.000

 AFFECT   BY
    PF1                0.641      0.026     24.574      0.000
    PF2                0.766      0.022     34.895      0.000
    PF3                0.629      0.027     23.668      0.000
    PF4                0.747      0.023     33.152      0.000

 CREA     BY
    FIGURAL            0.554      0.060      9.283      0.000
    VERBAL             0.806      0.080     10.090      0.000
    AFFECT             0.336      0.048      6.937      0.000

 Intercepts
    FF1                2.094      0.063     33.230      0.000
    FF2                2.275      0.067     34.057      0.000
    FF3                1.684      0.055     30.704      0.000
    VF1                1.818      0.057     31.653      0.000
    VF2                2.369      0.069     34.432      0.000
    VF3                1.052      0.044     23.936      0.000
    PF1                7.576      0.192     39.420      0.000
    PF2                7.001      0.178     39.306      0.000
    PF3                5.492      0.141     38.833      0.000
    PF4                8.080      0.205     39.500      0.000

 Variances
    CREA               1.000      0.000    999.000    999.000

 Residual Variances
    FF1                0.034      0.009      3.771      0.000
    FF2                0.186      0.014     13.359      0.000
    FF3                0.193      0.014     13.494      0.000
    VF1                0.008      0.011      0.721      0.471
    VF2                0.256      0.018     14.419      0.000
    VF3                0.242      0.017     14.202      0.000
    PF1                0.589      0.033     17.614      0.000
    PF2                0.413      0.034     12.281      0.000
    PF3                0.605      0.033     18.108      0.000
    PF4                0.442      0.034     13.136      0.000
    FIGURAL            0.693      0.066     10.495      0.000
    VERBAL             0.351      0.129      2.729      0.006
    AFFECT             0.887      0.032     27.317      0.000


STD Standardization

                                                    Two-Tailed
                    Estimate       S.E.  Est./S.E.    P-Value

 FIGURAL  BY
    FF1                5.521      0.145     38.180      0.000
    FF2                3.469      0.106     32.864      0.000
    FF3                8.892      0.273     32.596      0.000

 VERBAL   BY
    VF2                3.253      0.107     30.384      0.000
    VF1                7.756      0.200     38.844      0.000
    VF3                7.328      0.237     30.877      0.000

 AFFECT   BY
    PF1                2.629      0.144     18.226      0.000
    PF2                4.706      0.208     22.605      0.000
    PF3                3.933      0.221     17.791      0.000
    PF4                3.378      0.154     21.918      0.000

 CREA     BY
    FIGURAL            0.554      0.060      9.283      0.000
    VERBAL             0.806      0.080     10.090      0.000
    AFFECT             0.336      0.048      6.937      0.000

 Intercepts
    FF1               11.762      0.198     59.372      0.000
    FF2                8.748      0.136     64.516      0.000
    FF3               16.668      0.349     47.737      0.000
    VF1               14.160      0.275     51.560      0.000
    VF2                8.935      0.133     67.181      0.000
    VF3                8.856      0.297     29.835      0.000
    PF1               31.067      0.145    214.815      0.000
    PF2               43.004      0.217    198.521      0.000
    PF3               34.356      0.221    155.731      0.000
    PF4               36.542      0.159    229.116      0.000

 Variances
    CREA               1.000      0.000    999.000    999.000

 Residual Variances
    FF1                1.074      0.280      3.834      0.000
    FF2                2.746      0.175     15.732      0.000
    FF3               18.948      1.193     15.879      0.000
    VF1                0.482      0.669      0.721      0.471
    VF2                3.643      0.219     16.675      0.000
    VF3               17.133      1.038     16.499      0.000
    PF1                9.906      0.600     16.514      0.000
    PF2               15.585      1.227     12.702      0.000
    PF3               23.664      1.414     16.734      0.000
    PF4                9.042      0.671     13.475      0.000
    FIGURAL            0.693      0.066     10.495      0.000
    VERBAL             0.351      0.129      2.729      0.006
    AFFECT             0.887      0.032     27.317      0.000


R-SQUARE

    Observed                                        Two-Tailed
    Variable        Estimate       S.E.  Est./S.E.    P-Value

    FF1                0.966      0.009    107.061      0.000
    FF2                0.814      0.014     58.552      0.000
    FF3                0.807      0.014     56.309      0.000
    VF1                0.992      0.011     89.887      0.000
    VF2                0.744      0.018     41.868      0.000
    VF3                0.758      0.017     44.517      0.000
    PF1                0.411      0.033     12.287      0.000
    PF2                0.587      0.034     17.448      0.000
    PF3                0.395      0.033     11.834      0.000
    PF4                0.558      0.034     16.576      0.000

     Latent                                         Two-Tailed
    Variable        Estimate       S.E.  Est./S.E.    P-Value

    FIGURAL            0.307      0.066      4.641      0.000
    VERBAL             0.649      0.129      5.045      0.000
    AFFECT             0.113      0.032      3.469      0.001


QUALITY OF NUMERICAL RESULTS

     Condition Number for the Information Matrix              0.568E-04
       (ratio of smallest to largest eigenvalue)


DIAGRAM INFORMATION

  Use View Diagram under the Diagram menu in the Mplus Editor to view the diagram.
  If running Mplus from the Mplus Diagrammer, the diagram opens automatically.

  Diagram output
    c:\sem\ch06\mplus\ch6.dgm

     Beginning Time:  01:20:57
        Ending Time:  01:20:57
       Elapsed Time:  00:00:00



MUTHEN & MUTHEN
3463 Stoner Ave.
Los Angeles, CA  90066

Tel: (310) 391-9971
Fax: (310) 391-8971
Web: www.StatModel.com
Support: Support@StatModel.com

Copyright (c) 1998-2017 Muthen & Muthen
