
                                DATE:  4/ 4/2018
                                  TIME: 22:40


                          L I S R E L  9.30 (64 Bit)

                                       BY

                         Karl G. Jöreskog & Dag Sörbom



                    This program is published exclusively by
                    Scientific Software International, Inc.
                         http://www.ssicentral.com

        Copyright by Scientific Software International, Inc., 1981-2017
          Use of this program is subject to the terms specified in the
                        Universal Copyright Convention.

 The following lines were read from file C:\SEM\Ch10\LISREL\Ch10b_base.LIS:

 Group:  Manager
 DA       NI=6 NO=121 NG=2
 CM SY FI=Ch10bm.cov; ME FI=Ch10bm.cov
 LA;
 out1 out2 out3 co1 co2 co3
 MO NX=3 NY=3 NK=1 NE=1 GA=FI PS=SY TE=SY TD=SY
 LE;      Outcome
 LK;      Commit
 FR LY(2,1) LY(3,1) LX(2,1) LX(3,1) GA(1,1)
 VA 1 LY(1,1)
 VA 1 LX(1,1)
 OU   SS SC

 Group: Manager                                                                 

                           Number of Input Variables  6
                           Number of Y - Variables    3
                           Number of X - Variables    3
                           Number of ETA - Variables  1
                           Number of KSI - Variables  1
                           Number of Observations   121
                           Number of Groups           2
 Group:  Emplyee
 DA       NI=6 NO=215
 CM SY FI=Ch10be.cov; ME FI=Ch10be.cov
 MO NX=3 NY=3 NK=1 NE=1 GA=FI PS=SY TE=SY TD=SY
 FR LY(2,1) LY(3,1) LX(2,1) LX(3,1) GA(1,1) PS(1,1) TE(1,1) TE(2,2) TE(3,3)
 FR TD(1,1) TD(2,2) TD(3,3)
 VA 1 LY(1,1)
 VA 1 LX(1,1)
 EQ GA(1,1) GA(1,1,1)
 EQ LX(3,1) LX(1,3,1)
 EQ LX(2,1) LX(1,2,1)
 EQ LY(3,1) LY(1,3,1)
 EQ LY(2,1) LY(1,2,1)
 PD
 OU    SS SC

 Group:  Emplyee                                                                

                           Number of Input Variables  6
                           Number of Y - Variables    3
                           Number of X - Variables    3
                           Number of ETA - Variables  1
                           Number of KSI - Variables  1
                           Number of Observations   215
                           Number of Groups           2

 Group: Manager                                                                 

         Covariance Matrix       

                out1       out2       out3        co1        co2        co3   
            --------   --------   --------   --------   --------   --------
     out1      0.323
     out2     -0.078      1.479
     out3      0.129      0.011      0.344
      co1      0.272     -0.378      0.142      2.673
      co2      0.192     -0.478      0.121      1.840      2.264
      co3      0.242     -0.325      0.230      1.694      1.812      2.405

 Total Variance = 9.489 Generalized Variance = 0.271                                   

 Largest Eigenvalue = 6.159 Smallest Eigenvalue = 0.195                                   

 Condition Number = 5.613

 Group:  Emplyee                                                                

         Covariance Matrix       

               VAR 1      VAR 2      VAR 3      VAR 4      VAR 5      VAR 6   
            --------   --------   --------   --------   --------   --------
    VAR 1      0.472
    VAR 2     -0.335      1.946
    VAR 3      0.154     -0.006      0.476
    VAR 4      0.413     -0.898      0.040      3.348
    VAR 5      0.486     -0.913      0.106      2.495      3.677
    VAR 6      0.397     -0.905      0.065      2.330      2.661      3.093

 Total Variance = 13.012 Generalized Variance = 1.591                                   

 Largest Eigenvalue = 8.820 Smallest Eigenvalue = 0.271                                   

 Condition Number = 5.710


 Group: Manager                                                                 

 Parameter Specifications

 LAMBDA-Y EQUALS LAMBDA-Y IN THE FOLLOWING GROUP

 LAMBDA-X EQUALS LAMBDA-X IN THE FOLLOWING GROUP

 GAMMA EQUALS GAMMA IN THE FOLLOWING GROUP

         PHI         

              Commit
            --------
                   1

         PSI         

             Outcome
            --------
                   2

         THETA-EPS   

                out1       out2       out3
            --------   --------   --------
                   3          4          5

         THETA-DELTA 

                 co1        co2        co3
            --------   --------   --------
                   6          7          8


 Group:  Emplyee                                                                

 Parameter Specifications

         LAMBDA-Y    

               ETA 1
            --------
    VAR 1          0
    VAR 2          9
    VAR 3         10

         LAMBDA-X    

               KSI 1
            --------
    VAR 4          0
    VAR 5         11
    VAR 6         12

         GAMMA       

               KSI 1
            --------
    ETA 1         13

         PHI         

               KSI 1
            --------
                  14

         PSI         

               ETA 1
            --------
                  15

         THETA-EPS   

               VAR 1      VAR 2      VAR 3
            --------   --------   --------
                  16         17         18

         THETA-DELTA 

               VAR 4      VAR 5      VAR 6
            --------   --------   --------
                  19         20         21
 


 Group: Manager                                                                 

 Number of Iterations = 10          

 LISREL Estimates (Maximum Likelihood)                           

 LAMBDA-Y EQUALS LAMBDA-Y IN THE FOLLOWING GROUP

 LAMBDA-X EQUALS LAMBDA-X IN THE FOLLOWING GROUP

 GAMMA EQUALS GAMMA IN THE FOLLOWING GROUP

         Covariance Matrix of ETA and KSI        

             Outcome     Commit   
            --------   --------
  Outcome      0.180
   Commit      0.273      1.591

         PHI         

              Commit   
            --------
               1.591
             (0.260)
               6.115
 

         PSI         

             Outcome   
            --------
               0.133
             (0.055)
               2.425
 

         Squared Multiple Correlations for Structural Equations  

             Outcome   
            --------
               0.261

         THETA-EPS   

                out1       out2       out3   
            --------   --------   --------
               0.160      1.390      0.286
             (0.056)    (0.190)    (0.040)
               2.881      7.328      7.224
 

         Squared Multiple Correlations for Y - Variables         

                out1       out2       out3   
            --------   --------   --------
               0.528      0.106      0.125

         THETA-DELTA 

                 co1        co2        co3   
            --------   --------   --------
               0.950      0.334      0.703
             (0.149)    (0.105)    (0.125)
               6.378      3.175      5.606
 

         Squared Multiple Correlations for X - Variables         

                 co1        co2        co3   
            --------   --------   --------
               0.626      0.854      0.708


                         Group Goodness of Fit Statistics

 Contribution to Chi-Square                            20.429
 Percentage Contribution to Chi-Square                 44.730
 
 Root Mean Square Residual (RMR)                       0.0780
 Standardized RMR                                      0.0714
 Goodness of Fit Index (GFI)                           0.942

 Group: Manager                                                                 

 Within Group Standardized Solution           

         LAMBDA-Y    

             Outcome   
            --------
     out1      0.424
     out2     -0.406
     out3      0.202

         LAMBDA-X    

              Commit   
            --------
      co1      1.261
      co2      1.400
      co3      1.306

         GAMMA       

              Commit   
            --------
  Outcome      0.510

         Correlation Matrix of ETA and KSI       

             Outcome     Commit   
            --------   --------
  Outcome      1.000
   Commit      0.510      1.000

         PSI         

             Outcome   
            --------
               0.739

         Regression Matrix ETA on KSI (Standardized) 

              Commit   
            --------
  Outcome      0.510

 Group: Manager                                                                 

 Within Group Completely Standardized Solution

         LAMBDA-Y    

             Outcome   
            --------
     out1      0.727
     out2     -0.326
     out3      0.353

         LAMBDA-X    

              Commit   
            --------
      co1      0.791
      co2      0.924
      co3      0.842

         GAMMA       

              Commit   
            --------
  Outcome      0.510

         Correlation Matrix of ETA and KSI       

             Outcome     Commit   
            --------   --------
  Outcome      1.000
   Commit      0.510      1.000

         PSI         

             Outcome   
            --------
               0.739

         THETA-EPS   

                out1       out2       out3   
            --------   --------   --------
               0.472      0.894      0.875

         THETA-DELTA 

                 co1        co2        co3   
            --------   --------   --------
               0.374      0.146      0.292

         Regression Matrix ETA on KSI (Standardized) 

              Commit   
            --------
  Outcome      0.510


 Group:  Emplyee                                                                

 Number of Iterations = 10          

 LISREL Estimates (Maximum Likelihood)                           

         LAMBDA-Y    

               ETA 1   
            --------
    VAR 1      1.000
 
    VAR 2     -0.958
             (0.227)
              -4.223
 
    VAR 3      0.476
             (0.112)
               4.240
 

         LAMBDA-X    

               KSI 1   
            --------
    VAR 4      1.000
 
    VAR 5      1.110
             (0.061)
              18.267
 
    VAR 6      1.035
             (0.057)
              18.046
 

         GAMMA       

               KSI 1   
            --------
    ETA 1      0.172
             (0.025)
               6.866
 

         Covariance Matrix of ETA and KSI        

               ETA 1      KSI 1   
            --------   --------
    ETA 1      0.319
    KSI 1      0.394      2.294

         PHI         

               KSI 1   
            --------
               2.294
             (0.302)
               7.601
 

         PSI         

               ETA 1   
            --------
               0.251
             (0.071)
               3.519
 

         Squared Multiple Correlations for Structural Equations  

               ETA 1   
            --------
               0.212

         THETA-EPS   

               VAR 1      VAR 2      VAR 3   
            --------   --------   --------
               0.140      1.602      0.417
             (0.068)    (0.170)    (0.044)
               2.075      9.442      9.511
 

         Squared Multiple Correlations for Y - Variables         

               VAR 1      VAR 2      VAR 3   
            --------   --------   --------
               0.694      0.155      0.148

         THETA-DELTA 

               VAR 4      VAR 5      VAR 6   
            --------   --------   --------
               1.144      0.813      0.634
             (0.141)    (0.131)    (0.110)
               8.096      6.221      5.782
 

         Squared Multiple Correlations for X - Variables         

               VAR 4      VAR 5      VAR 6   
            --------   --------   --------
               0.667      0.776      0.795

                                 Log-likelihood Values

                        Estimated Model          Saturated Model
                        ---------------          ---------------
 Number of free parameters(t)        21                       42
 -2ln(L)                       2003.941                 1958.269
 AIC (Akaike, 1974)*           2045.941                 2042.269
 BIC (Schwarz, 1978)*          2126.038                 2202.463

*LISREL uses AIC= 2t - 2ln(L) and BIC = tln(N)- 2ln(L)


                        Global Goodness-of-Fit Statistics

 Degrees of Freedom for (C1)-(C2)                      21
 Maximum Likelihood Ratio Chi-Square (C1)              45.672 (P = 0.0014)
 Browne's (1984) ADF Chi-Square (C2_NT)                50.923 (P = 0.0003)
 
 Estimated Non-centrality Parameter (NCP)              24.672
 90 Percent Confidence Interval for NCP                (8.911 ; 48.164)
 
 Minimum Fit Function Value                            0.136
 Population Discrepancy Function Value (F0)            0.0736
 90 Percent Confidence Interval for F0                 (0.0266 ; 0.144)
 Root Mean Square Error of Approximation (RMSEA)       0.0837
 90 Percent Confidence Interval for RMSEA              (0.0503 ; 0.117)
 P-Value for Test of Close Fit (RMSEA < 0.05)          0.0485
 
 Expected Cross-Validation Index (ECVI)                0.262
 90 Percent Confidence Interval for ECVI               (0.215 ; 0.332)
 ECVI for Saturated Model                              0.125
 ECVI for Independence Model                           2.329
 
 Chi-Square for Independence Model (30 df)           768.321
 
 Normed Fit Index (NFI)                                0.945
 Non-Normed Fit Index (NNFI)                           0.956
 Parsimony Normed Fit Index (PNFI)                     0.661
 Comparative Fit Index (CFI)                           0.969
 Incremental Fit Index (IFI)                           0.969
 Relative Fit Index (RFI)                              0.921
 
 Critical N (CN)                                     285.713
 


                         Group Goodness of Fit Statistics

 Contribution to Chi-Square                            25.243
 Percentage Contribution to Chi-Square                 55.270
 
 Root Mean Square Residual (RMR)                       0.204
 Standardized RMR                                      0.0925
 Goodness of Fit Index (GFI)                           0.961

 Group:  Emplyee                                                                

 Within Group Standardized Solution           

         LAMBDA-Y    

               ETA 1   
            --------
    VAR 1      0.565
    VAR 2     -0.541
    VAR 3      0.269

         LAMBDA-X    

               KSI 1   
            --------
    VAR 4      1.515
    VAR 5      1.681
    VAR 6      1.568

         GAMMA       

               KSI 1   
            --------
    ETA 1      0.460

         Correlation Matrix of ETA and KSI       

               ETA 1      KSI 1   
            --------   --------
    ETA 1      1.000
    KSI 1      0.460      1.000

         PSI         

               ETA 1   
            --------
               0.788

         Regression Matrix ETA on KSI (Standardized) 

               KSI 1   
            --------
    ETA 1      0.460

 Group:  Emplyee                                                                

 Within Group Completely Standardized Solution

         LAMBDA-Y    

               ETA 1   
            --------
    VAR 1      0.833
    VAR 2     -0.393
    VAR 3      0.384

         LAMBDA-X    

               KSI 1   
            --------
    VAR 4      0.817
    VAR 5      0.881
    VAR 6      0.892

         GAMMA       

               KSI 1   
            --------
    ETA 1      0.460

         Correlation Matrix of ETA and KSI       

               ETA 1      KSI 1   
            --------   --------
    ETA 1      1.000
    KSI 1      0.460      1.000

         PSI         

               ETA 1   
            --------
               0.788

         THETA-EPS   

               VAR 1      VAR 2      VAR 3   
            --------   --------   --------
               0.306      0.845      0.852

         THETA-DELTA 

               VAR 4      VAR 5      VAR 6   
            --------   --------   --------
               0.333      0.224      0.205

         Regression Matrix ETA on KSI (Standardized) 

               KSI 1   
            --------
    ETA 1      0.460

 Group: Manager                                                                 

 Common Metric Standardized Solution           

         LAMBDA-Y    

             Outcome   
            --------
     out1      0.519
     out2     -0.497
     out3      0.247

         LAMBDA-X    

              Commit   
            --------
      co1      1.429
      co2      1.585
      co3      1.479

         GAMMA       

              Commit   
            --------
  Outcome      0.473

         Covariance Matrix of ETA and KSI        

             Outcome     Commit   
            --------   --------
  Outcome      0.668
   Commit      0.368      0.779

         PSI         

             Outcome   
            --------
               0.494

         Regression Matrix ETA on KSI (Standardized) 

              Commit   
            --------
  Outcome      0.473

 Group: Manager                                                                 

 Common Metric Completely Standardized Solution

         LAMBDA-Y    

             Outcome   
            --------
     out1      0.803
     out2     -0.373
     out3      0.376

         LAMBDA-X    

              Commit   
            --------
      co1      0.809
      co2      0.893
      co3      0.877

         GAMMA       

              Commit   
            --------
  Outcome      0.473

         Covariance Matrix of ETA and KSI        

             Outcome     Commit   
            --------   --------
  Outcome      0.668
   Commit      0.368      0.779

         PSI         

             Outcome   
            --------
               0.494

         THETA-EPS   

                out1       out2       out3   
            --------   --------   --------
               0.385      0.784      0.664

         THETA-DELTA 

                 co1        co2        co3   
            --------   --------   --------
               0.305      0.106      0.247

         Regression Matrix ETA on KSI (Standardized) 

              Commit   
            --------
  Outcome      0.473

 Group:  Emplyee                                                                

 Common Metric Standardized Solution           

         LAMBDA-Y    

               ETA 1   
            --------
    VAR 1      0.519
    VAR 2     -0.497
    VAR 3      0.247

         LAMBDA-X    

               KSI 1   
            --------
    VAR 4      1.429
    VAR 5      1.585
    VAR 6      1.479

         GAMMA       

               KSI 1   
            --------
    ETA 1      0.473

         Covariance Matrix of ETA and KSI        

               ETA 1      KSI 1   
            --------   --------
    ETA 1      1.186
    KSI 1      0.531      1.124

         PSI         

               ETA 1   
            --------
               0.935

         Regression Matrix ETA on KSI (Standardized) 

               KSI 1   
            --------
    ETA 1      0.473

 Group:  Emplyee                                                                

 Common Metric Completely Standardized Solution

         LAMBDA-Y    

               ETA 1   
            --------
    VAR 1      0.803
    VAR 2     -0.373
    VAR 3      0.376

         LAMBDA-X    

               KSI 1   
            --------
    VAR 4      0.809
    VAR 5      0.893
    VAR 6      0.877

         GAMMA       

               KSI 1   
            --------
    ETA 1      0.473

         Covariance Matrix of ETA and KSI        

               ETA 1      KSI 1   
            --------   --------
    ETA 1      1.186
    KSI 1      0.531      1.124

         PSI         

               ETA 1   
            --------
               0.935

         THETA-EPS   

               VAR 1      VAR 2      VAR 3   
            --------   --------   --------
               0.337      0.904      0.967

         THETA-DELTA 

               VAR 4      VAR 5      VAR 6   
            --------   --------   --------
               0.367      0.258      0.223

         Regression Matrix ETA on KSI (Standardized) 

               KSI 1   
            --------
    ETA 1      0.473

                           Time used 0.016 seconds
