Mplus VERSION 8
MUTHEN & MUTHEN
04/03/2018  12:25 AM

INPUT INSTRUCTIONS

  TITLE:	Ch09 Multigroup CFA using MPLUS for female only
  DATA:   	FILE IS Ch09f.dat;
  VARIABLE:	NAMES ARE a1-a3 b1-b3 c1-c3 d1-d3 e1-e3 f1-f3;
  MODEL:
   VALUE    by a1* a2-a3;
   JOBSTYLE by b1* b2-b3;
   TEAMWORK by c1* c2-c3;
   LEADERSH by d1* d2-d3;
   LEARNING by e1* e2-e3;
   ENVIRONM by f1* f2-f3;
   VALUE@1;
   JOBSTYLE@1;
   TEAMWORK@1;
   LEADERSH@1;
   LEARNING@1;
   ENVIRONM@1;

  OUTPUT:
  STANDARDIZED;



INPUT READING TERMINATED NORMALLY



Ch09 Multigroup CFA using MPLUS for female only

SUMMARY OF ANALYSIS

Number of groups                                                 1
Number of observations                                         140

Number of dependent variables                                   18
Number of independent variables                                  0
Number of continuous latent variables                            6

Observed dependent variables

  Continuous
   A1          A2          A3          B1          B2          B3
   C1          C2          C3          D1          D2          D3
   E1          E2          E3          F1          F2          F3

Continuous latent variables
   VALUE       JOBSTYLE    TEAMWORK    LEADERSH    LEARNING    ENVIRONM


Estimator                                                       ML
Information matrix                                        OBSERVED
Maximum number of iterations                                  1000
Convergence criterion                                    0.500D-04
Maximum number of steepest descent iterations                   20

Input data file(s)
  Ch09f.dat

Input data format  FREE



UNIVARIATE SAMPLE STATISTICS


     UNIVARIATE HIGHER-ORDER MOMENT DESCRIPTIVE STATISTICS

         Variable/         Mean/     Skewness/   Minimum/ % with                Percentiles
        Sample Size      Variance    Kurtosis    Maximum  Min/Max      20%/60%    40%/80%    Median

     A1                    4.236      -0.794       1.000    2.14%       3.000      4.000      4.000
             140.000       1.066       0.811       6.000    6.43%       5.000      5.000
     A2                    4.136      -0.477       1.000    0.71%       3.000      4.000      4.000
             140.000       1.160      -0.196       6.000    7.14%       5.000      5.000
     A3                    3.971      -0.485       1.000    2.86%       3.000      4.000      4.000
             140.000       1.071       0.718       6.000    5.71%       4.000      5.000
     B1                    3.893      -0.233       1.000    2.14%       3.000      3.000      4.000
             140.000       1.339      -0.662       6.000    5.00%       4.000      5.000
     B2                    4.050      -0.443       1.000    2.86%       3.000      4.000      4.000
             140.000       1.305      -0.051       6.000    7.86%       4.000      5.000
     B3                    4.043      -0.354       1.000    2.14%       3.000      4.000      4.000
             140.000       1.270      -0.199       6.000    7.86%       4.000      5.000
     C1                    4.279      -0.575       1.000    1.43%       3.000      4.000      4.000
             140.000       1.087       0.344       6.000    9.29%       5.000      5.000
     C2                    4.343      -0.537       1.000    0.71%       3.000      4.000      4.000
             140.000       1.125       0.001       6.000   11.43%       5.000      5.000
     C3                    4.136      -0.614       1.000    2.86%       3.000      4.000      4.000
             140.000       1.232       0.465       6.000    8.57%       4.000      5.000
     D1                    4.836      -0.904       1.000    0.71%       4.000      5.000      5.000
             140.000       0.909       1.379       6.000   25.00%       5.000      6.000
     D2                    4.936      -0.522       2.000    0.71%       4.000      5.000      5.000
             140.000       0.760      -0.084       6.000   28.57%       5.000      6.000
     D3                    4.736      -0.468       2.000    2.14%       4.000      5.000      5.000
             140.000       1.009      -0.326       6.000   25.71%       5.000      6.000
     E1                    4.479      -0.750       1.000    2.14%       4.000      4.000      5.000
             140.000       1.092       1.196       6.000   15.71%       5.000      5.000
     E2                    4.543      -0.586       1.000    0.71%       4.000      4.000      5.000
             140.000       1.220       0.024       6.000   20.71%       5.000      6.000
     E3                    4.579      -0.467       1.000    0.71%       4.000      4.000      5.000
             140.000       1.015       0.039       6.000   18.57%       5.000      5.000
     F1                    4.136      -0.238       1.000    2.14%       3.000      4.000      4.000
             140.000       1.232       0.054       6.000   12.14%       4.000      5.000
     F2                    4.393      -0.555       1.000    2.14%       4.000      4.000      4.000
             140.000       1.339       0.322       6.000   19.29%       5.000      5.000
     F3                    4.221      -0.409       1.000    1.43%       4.000      4.000      4.000
             140.000       0.972       0.772       6.000    9.29%       4.000      5.000


THE MODEL ESTIMATION TERMINATED NORMALLY



MODEL FIT INFORMATION

Number of Free Parameters                       69

Loglikelihood

          H0 Value                       -3032.704
          H1 Value                       -2923.364

Information Criteria

          Akaike (AIC)                    6203.409
          Bayesian (BIC)                  6406.382
          Sample-Size Adjusted BIC        6188.075
            (n* = (n + 2) / 24)

Chi-Square Test of Model Fit

          Value                            218.681
          Degrees of Freedom                   120
          P-Value                           0.0000

RMSEA (Root Mean Square Error Of Approximation)

          Estimate                           0.077
          90 Percent C.I.                    0.060  0.093
          Probability RMSEA <= .05           0.005

CFI/TLI

          CFI                                0.930
          TLI                                0.911

Chi-Square Test of Model Fit for the Baseline Model

          Value                           1570.567
          Degrees of Freedom                   153
          P-Value                           0.0000

SRMR (Standardized Root Mean Square Residual)

          Value                              0.063



MODEL RESULTS

                                                    Two-Tailed
                    Estimate       S.E.  Est./S.E.    P-Value

 VALUE    BY
    A1                 0.939      0.076     12.290      0.000
    A2                 0.757      0.086      8.760      0.000
    A3                 0.734      0.080      9.150      0.000

 JOBSTYLE BY
    B1                 0.864      0.089      9.683      0.000
    B2                 0.907      0.086     10.558      0.000
    B3                 0.915      0.084     10.921      0.000

 TEAMWORK BY
    C1                 0.785      0.083      9.474      0.000
    C2                 0.752      0.086      8.775      0.000
    C3                 0.733      0.091      8.053      0.000

 LEADERSH BY
    D1                 0.842      0.065     12.892      0.000
    D2                 0.803      0.058     13.758      0.000
    D3                 0.770      0.074     10.416      0.000

 LEARNING BY
    E1                 0.839      0.076     11.024      0.000
    E2                 1.028      0.074     13.821      0.000
    E3                 0.787      0.073     10.713      0.000

 ENVIRONM BY
    F1                 0.723      0.089      8.112      0.000
    F2                 0.947      0.087     10.880      0.000
    F3                 0.836      0.073     11.389      0.000

 JOBSTYLE WITH
    VALUE              0.451      0.085      5.325      0.000

 TEAMWORK WITH
    VALUE              0.380      0.098      3.895      0.000
    JOBSTYLE           0.807      0.058     13.950      0.000

 LEADERSH WITH
    VALUE              0.253      0.091      2.792      0.005
    JOBSTYLE           0.521      0.076      6.853      0.000
    TEAMWORK           0.606      0.073      8.341      0.000

 LEARNING WITH
    VALUE              0.454      0.085      5.340      0.000
    JOBSTYLE           0.639      0.066      9.638      0.000
    TEAMWORK           0.619      0.073      8.530      0.000
    LEADERSH           0.626      0.063      9.969      0.000

 ENVIRONM WITH
    VALUE              0.628      0.068      9.272      0.000
    JOBSTYLE           0.327      0.093      3.537      0.000
    TEAMWORK           0.577      0.083      6.938      0.000
    LEADERSH           0.403      0.084      4.803      0.000
    LEARNING           0.495      0.076      6.468      0.000

 Intercepts
    A1                 4.236      0.087     48.545      0.000
    A2                 4.136      0.091     45.432      0.000
    A3                 3.971      0.087     45.415      0.000
    B1                 3.893      0.098     39.813      0.000
    B2                 4.050      0.097     41.954      0.000
    B3                 4.043      0.095     42.454      0.000
    C1                 4.279      0.088     48.564      0.000
    C2                 4.343      0.090     48.440      0.000
    C3                 4.136      0.094     44.095      0.000
    D1                 4.836      0.081     60.022      0.000
    D2                 4.936      0.074     66.983      0.000
    D3                 4.736      0.085     55.791      0.000
    E1                 4.479      0.088     50.701      0.000
    E2                 4.543      0.093     48.673      0.000
    E3                 4.579      0.085     53.766      0.000
    F1                 4.136      0.094     44.094      0.000
    F2                 4.393      0.098     44.926      0.000
    F3                 4.221      0.083     50.653      0.000

 Variances
    VALUE              1.000      0.000    999.000    999.000
    JOBSTYLE           1.000      0.000    999.000    999.000
    TEAMWORK           1.000      0.000    999.000    999.000
    LEADERSH           1.000      0.000    999.000    999.000
    LEARNING           1.000      0.000    999.000    999.000
    ENVIRONM           1.000      0.000    999.000    999.000

 Residual Variances
    A1                 0.185      0.073      2.539      0.011
    A2                 0.587      0.088      6.666      0.000
    A3                 0.532      0.075      7.130      0.000
    B1                 0.592      0.091      6.533      0.000
    B2                 0.483      0.081      5.945      0.000
    B3                 0.433      0.076      5.684      0.000
    C1                 0.471      0.080      5.903      0.000
    C2                 0.559      0.087      6.466      0.000
    C3                 0.694      0.100      6.969      0.000
    D1                 0.200      0.038      5.312      0.000
    D2                 0.116      0.030      3.867      0.000
    D3                 0.416      0.058      7.181      0.000
    E1                 0.389      0.060      6.518      0.000
    E2                 0.163      0.054      3.040      0.002
    E3                 0.397      0.056      7.114      0.000
    F1                 0.709      0.096      7.346      0.000
    F2                 0.442      0.084      5.234      0.000
    F3                 0.274      0.061      4.520      0.000


STANDARDIZED MODEL RESULTS


STDYX Standardization

                                                    Two-Tailed
                    Estimate       S.E.  Est./S.E.    P-Value

 VALUE    BY
    A1                 0.909      0.039     23.504      0.000
    A2                 0.703      0.054     13.077      0.000
    A3                 0.709      0.049     14.401      0.000

 JOBSTYLE BY
    B1                 0.747      0.047     15.936      0.000
    B2                 0.794      0.042     19.042      0.000
    B3                 0.812      0.040     20.511      0.000

 TEAMWORK BY
    C1                 0.753      0.050     14.949      0.000
    C2                 0.709      0.054     13.058      0.000
    C3                 0.661      0.058     11.306      0.000

 LEADERSH BY
    D1                 0.883      0.026     33.910      0.000
    D2                 0.921      0.023     40.093      0.000
    D3                 0.766      0.040     19.251      0.000

 LEARNING BY
    E1                 0.802      0.037     21.752      0.000
    E2                 0.931      0.025     37.588      0.000
    E3                 0.781      0.038     20.624      0.000

 ENVIRONM BY
    F1                 0.652      0.056     11.535      0.000
    F2                 0.818      0.041     19.937      0.000
    F3                 0.847      0.039     21.692      0.000

 JOBSTYLE WITH
    VALUE              0.451      0.085      5.325      0.000

 TEAMWORK WITH
    VALUE              0.380      0.098      3.895      0.000
    JOBSTYLE           0.807      0.058     13.950      0.000

 LEADERSH WITH
    VALUE              0.253      0.091      2.792      0.005
    JOBSTYLE           0.521      0.076      6.853      0.000
    TEAMWORK           0.606      0.073      8.341      0.000

 LEARNING WITH
    VALUE              0.454      0.085      5.340      0.000
    JOBSTYLE           0.639      0.066      9.638      0.000
    TEAMWORK           0.619      0.073      8.530      0.000
    LEADERSH           0.626      0.063      9.969      0.000

 ENVIRONM WITH
    VALUE              0.628      0.068      9.272      0.000
    JOBSTYLE           0.327      0.093      3.537      0.000
    TEAMWORK           0.577      0.083      6.938      0.000
    LEADERSH           0.403      0.084      4.803      0.000
    LEARNING           0.495      0.076      6.468      0.000

 Intercepts
    A1                 4.103      0.259     15.820      0.000
    A2                 3.840      0.245     15.702      0.000
    A3                 3.838      0.244     15.701      0.000
    B1                 3.365      0.218     15.426      0.000
    B2                 3.546      0.228     15.543      0.000
    B3                 3.588      0.230     15.568      0.000
    C1                 4.104      0.259     15.820      0.000
    C2                 4.094      0.259     15.816      0.000
    C3                 3.727      0.238     15.645      0.000
    D1                 5.073      0.315     16.119      0.000
    D2                 5.661      0.349     16.234      0.000
    D3                 4.715      0.294     16.028      0.000
    E1                 4.285      0.270     15.890      0.000
    E2                 4.114      0.260     15.824      0.000
    E3                 4.544      0.284     15.977      0.000
    F1                 3.727      0.238     15.645      0.000
    F2                 3.797      0.242     15.681      0.000
    F3                 4.281      0.269     15.889      0.000

 Variances
    VALUE              1.000      0.000    999.000    999.000
    JOBSTYLE           1.000      0.000    999.000    999.000
    TEAMWORK           1.000      0.000    999.000    999.000
    LEADERSH           1.000      0.000    999.000    999.000
    LEARNING           1.000      0.000    999.000    999.000
    ENVIRONM           1.000      0.000    999.000    999.000

 Residual Variances
    A1                 0.173      0.070      2.466      0.014
    A2                 0.506      0.076      6.691      0.000
    A3                 0.497      0.070      7.114      0.000
    B1                 0.442      0.070      6.314      0.000
    B2                 0.370      0.066      5.589      0.000
    B3                 0.341      0.064      5.308      0.000
    C1                 0.433      0.076      5.716      0.000
    C2                 0.497      0.077      6.455      0.000
    C3                 0.564      0.077      7.298      0.000
    D1                 0.221      0.046      4.799      0.000
    D2                 0.153      0.042      3.609      0.000
    D3                 0.413      0.061      6.759      0.000
    E1                 0.356      0.059      6.013      0.000
    E2                 0.134      0.046      2.903      0.004
    E3                 0.391      0.059      6.611      0.000
    F1                 0.575      0.074      7.814      0.000
    F2                 0.330      0.067      4.918      0.000
    F3                 0.282      0.066      4.257      0.000


STDY Standardization

                                                    Two-Tailed
                    Estimate       S.E.  Est./S.E.    P-Value

 VALUE    BY
    A1                 0.909      0.039     23.504      0.000
    A2                 0.703      0.054     13.077      0.000
    A3                 0.709      0.049     14.401      0.000

 JOBSTYLE BY
    B1                 0.747      0.047     15.936      0.000
    B2                 0.794      0.042     19.042      0.000
    B3                 0.812      0.040     20.511      0.000

 TEAMWORK BY
    C1                 0.753      0.050     14.949      0.000
    C2                 0.709      0.054     13.058      0.000
    C3                 0.661      0.058     11.306      0.000

 LEADERSH BY
    D1                 0.883      0.026     33.910      0.000
    D2                 0.921      0.023     40.093      0.000
    D3                 0.766      0.040     19.251      0.000

 LEARNING BY
    E1                 0.802      0.037     21.752      0.000
    E2                 0.931      0.025     37.588      0.000
    E3                 0.781      0.038     20.624      0.000

 ENVIRONM BY
    F1                 0.652      0.056     11.535      0.000
    F2                 0.818      0.041     19.937      0.000
    F3                 0.847      0.039     21.692      0.000

 JOBSTYLE WITH
    VALUE              0.451      0.085      5.325      0.000

 TEAMWORK WITH
    VALUE              0.380      0.098      3.895      0.000
    JOBSTYLE           0.807      0.058     13.950      0.000

 LEADERSH WITH
    VALUE              0.253      0.091      2.792      0.005
    JOBSTYLE           0.521      0.076      6.853      0.000
    TEAMWORK           0.606      0.073      8.341      0.000

 LEARNING WITH
    VALUE              0.454      0.085      5.340      0.000
    JOBSTYLE           0.639      0.066      9.638      0.000
    TEAMWORK           0.619      0.073      8.530      0.000
    LEADERSH           0.626      0.063      9.969      0.000

 ENVIRONM WITH
    VALUE              0.628      0.068      9.272      0.000
    JOBSTYLE           0.327      0.093      3.537      0.000
    TEAMWORK           0.577      0.083      6.938      0.000
    LEADERSH           0.403      0.084      4.803      0.000
    LEARNING           0.495      0.076      6.468      0.000

 Intercepts
    A1                 4.103      0.259     15.820      0.000
    A2                 3.840      0.245     15.702      0.000
    A3                 3.838      0.244     15.701      0.000
    B1                 3.365      0.218     15.426      0.000
    B2                 3.546      0.228     15.543      0.000
    B3                 3.588      0.230     15.568      0.000
    C1                 4.104      0.259     15.820      0.000
    C2                 4.094      0.259     15.816      0.000
    C3                 3.727      0.238     15.645      0.000
    D1                 5.073      0.315     16.119      0.000
    D2                 5.661      0.349     16.234      0.000
    D3                 4.715      0.294     16.028      0.000
    E1                 4.285      0.270     15.890      0.000
    E2                 4.114      0.260     15.824      0.000
    E3                 4.544      0.284     15.977      0.000
    F1                 3.727      0.238     15.645      0.000
    F2                 3.797      0.242     15.681      0.000
    F3                 4.281      0.269     15.889      0.000

 Variances
    VALUE              1.000      0.000    999.000    999.000
    JOBSTYLE           1.000      0.000    999.000    999.000
    TEAMWORK           1.000      0.000    999.000    999.000
    LEADERSH           1.000      0.000    999.000    999.000
    LEARNING           1.000      0.000    999.000    999.000
    ENVIRONM           1.000      0.000    999.000    999.000

 Residual Variances
    A1                 0.173      0.070      2.466      0.014
    A2                 0.506      0.076      6.691      0.000
    A3                 0.497      0.070      7.114      0.000
    B1                 0.442      0.070      6.314      0.000
    B2                 0.370      0.066      5.589      0.000
    B3                 0.341      0.064      5.308      0.000
    C1                 0.433      0.076      5.716      0.000
    C2                 0.497      0.077      6.455      0.000
    C3                 0.564      0.077      7.298      0.000
    D1                 0.221      0.046      4.799      0.000
    D2                 0.153      0.042      3.609      0.000
    D3                 0.413      0.061      6.759      0.000
    E1                 0.356      0.059      6.013      0.000
    E2                 0.134      0.046      2.903      0.004
    E3                 0.391      0.059      6.611      0.000
    F1                 0.575      0.074      7.814      0.000
    F2                 0.330      0.067      4.918      0.000
    F3                 0.282      0.066      4.257      0.000


STD Standardization

                                                    Two-Tailed
                    Estimate       S.E.  Est./S.E.    P-Value

 VALUE    BY
    A1                 0.939      0.076     12.290      0.000
    A2                 0.757      0.086      8.760      0.000
    A3                 0.734      0.080      9.150      0.000

 JOBSTYLE BY
    B1                 0.864      0.089      9.683      0.000
    B2                 0.907      0.086     10.558      0.000
    B3                 0.915      0.084     10.921      0.000

 TEAMWORK BY
    C1                 0.785      0.083      9.474      0.000
    C2                 0.752      0.086      8.775      0.000
    C3                 0.733      0.091      8.053      0.000

 LEADERSH BY
    D1                 0.842      0.065     12.892      0.000
    D2                 0.803      0.058     13.758      0.000
    D3                 0.770      0.074     10.416      0.000

 LEARNING BY
    E1                 0.839      0.076     11.024      0.000
    E2                 1.028      0.074     13.821      0.000
    E3                 0.787      0.073     10.713      0.000

 ENVIRONM BY
    F1                 0.723      0.089      8.112      0.000
    F2                 0.947      0.087     10.880      0.000
    F3                 0.836      0.073     11.389      0.000

 JOBSTYLE WITH
    VALUE              0.451      0.085      5.325      0.000

 TEAMWORK WITH
    VALUE              0.380      0.098      3.895      0.000
    JOBSTYLE           0.807      0.058     13.950      0.000

 LEADERSH WITH
    VALUE              0.253      0.091      2.792      0.005
    JOBSTYLE           0.521      0.076      6.853      0.000
    TEAMWORK           0.606      0.073      8.341      0.000

 LEARNING WITH
    VALUE              0.454      0.085      5.340      0.000
    JOBSTYLE           0.639      0.066      9.638      0.000
    TEAMWORK           0.619      0.073      8.530      0.000
    LEADERSH           0.626      0.063      9.969      0.000

 ENVIRONM WITH
    VALUE              0.628      0.068      9.272      0.000
    JOBSTYLE           0.327      0.093      3.537      0.000
    TEAMWORK           0.577      0.083      6.938      0.000
    LEADERSH           0.403      0.084      4.803      0.000
    LEARNING           0.495      0.076      6.468      0.000

 Intercepts
    A1                 4.236      0.087     48.545      0.000
    A2                 4.136      0.091     45.432      0.000
    A3                 3.971      0.087     45.415      0.000
    B1                 3.893      0.098     39.813      0.000
    B2                 4.050      0.097     41.954      0.000
    B3                 4.043      0.095     42.454      0.000
    C1                 4.279      0.088     48.564      0.000
    C2                 4.343      0.090     48.440      0.000
    C3                 4.136      0.094     44.095      0.000
    D1                 4.836      0.081     60.022      0.000
    D2                 4.936      0.074     66.983      0.000
    D3                 4.736      0.085     55.791      0.000
    E1                 4.479      0.088     50.701      0.000
    E2                 4.543      0.093     48.673      0.000
    E3                 4.579      0.085     53.766      0.000
    F1                 4.136      0.094     44.094      0.000
    F2                 4.393      0.098     44.926      0.000
    F3                 4.221      0.083     50.653      0.000

 Variances
    VALUE              1.000      0.000    999.000    999.000
    JOBSTYLE           1.000      0.000    999.000    999.000
    TEAMWORK           1.000      0.000    999.000    999.000
    LEADERSH           1.000      0.000    999.000    999.000
    LEARNING           1.000      0.000    999.000    999.000
    ENVIRONM           1.000      0.000    999.000    999.000

 Residual Variances
    A1                 0.185      0.073      2.539      0.011
    A2                 0.587      0.088      6.666      0.000
    A3                 0.532      0.075      7.130      0.000
    B1                 0.592      0.091      6.533      0.000
    B2                 0.483      0.081      5.945      0.000
    B3                 0.433      0.076      5.684      0.000
    C1                 0.471      0.080      5.903      0.000
    C2                 0.559      0.087      6.466      0.000
    C3                 0.694      0.100      6.969      0.000
    D1                 0.200      0.038      5.312      0.000
    D2                 0.116      0.030      3.867      0.000
    D3                 0.416      0.058      7.181      0.000
    E1                 0.389      0.060      6.518      0.000
    E2                 0.163      0.054      3.040      0.002
    E3                 0.397      0.056      7.114      0.000
    F1                 0.709      0.096      7.346      0.000
    F2                 0.442      0.084      5.234      0.000
    F3                 0.274      0.061      4.520      0.000


R-SQUARE

    Observed                                        Two-Tailed
    Variable        Estimate       S.E.  Est./S.E.    P-Value

    A1                 0.827      0.070     11.752      0.000
    A2                 0.494      0.076      6.538      0.000
    A3                 0.503      0.070      7.200      0.000
    B1                 0.558      0.070      7.968      0.000
    B2                 0.630      0.066      9.521      0.000
    B3                 0.659      0.064     10.256      0.000
    C1                 0.567      0.076      7.474      0.000
    C2                 0.503      0.077      6.529      0.000
    C3                 0.436      0.077      5.653      0.000
    D1                 0.779      0.046     16.955      0.000
    D2                 0.847      0.042     20.047      0.000
    D3                 0.587      0.061      9.625      0.000
    E1                 0.644      0.059     10.876      0.000
    E2                 0.866      0.046     18.794      0.000
    E3                 0.609      0.059     10.312      0.000
    F1                 0.425      0.074      5.767      0.000
    F2                 0.670      0.067      9.968      0.000
    F3                 0.718      0.066     10.846      0.000


QUALITY OF NUMERICAL RESULTS

     Condition Number for the Information Matrix              0.444E-02
       (ratio of smallest to largest eigenvalue)


DIAGRAM INFORMATION

  Use View Diagram under the Diagram menu in the Mplus Editor to view the diagram.
  If running Mplus from the Mplus Diagrammer, the diagram opens automatically.

  Diagram output
    c:\sem\ch09\mplus\ch09f.dgm

     Beginning Time:  00:25:28
        Ending Time:  00:25:29
       Elapsed Time:  00:00:01



MUTHEN & MUTHEN
3463 Stoner Ave.
Los Angeles, CA  90066

Tel: (310) 391-9971
Fax: (310) 391-8971
Web: www.StatModel.com
Support: Support@StatModel.com

Copyright (c) 1998-2017 Muthen & Muthen
