Mplus VERSION 8
MUTHEN & MUTHEN
04/03/2018  12:32 AM

INPUT INSTRUCTIONS

  TITLE:	Ch09 Multigroup CFA using MPLUS Model 2 Loading invariance model
  DATA:   	
     NGROUPS=2;
     FILE (male) IS Ch09m.dat;
     FILE (female) IS Ch09f.dat;

  VARIABLE:	NAMES ARE a1-a3 b1-b3 c1-c3 d1-d3 e1-e3 f1-f3;

  MODEL:
   VALUE    by a1* a2-a3;
   JOBSTYLE by b1* b2-b3;
   TEAMWORK by c1* c2-c3;
   LEADERSH by d1* d2-d3;
   LEARNING by e1* e2-e3;
   ENVIRONM by f1* f2-f3;
   VALUE@1 JOBSTYLE@1 TEAMWORK@1 LEADERSH@1 LEARNING@1 ENVIRONM@1;
   [a1 a2 a3 b1 b2 b3 c1 c2 c3 d1 d2 d3 e1 e2 e3 f1 f2 f3] ;
   [VALUE@0 JOBSTYLE@0 TEAMWORK@0 LEADERSH@0 LEARNING@0 ENVIRONM@0 ];


  MODEL male:
    [a1 a2 a3 b1 b2 b3 c1 c2 c3 d1 d2 d3 e1 e2 e3 f1 f2 f3] ;

  MODEL female:
   [a1 a2 a3 b1 b2 b3 c1 c2 c3 d1 d2 d3 e1 e2 e3 f1 f2 f3] ;



INPUT READING TERMINATED NORMALLY



Ch09 Multigroup CFA using MPLUS Model 2 Loading invariance model

SUMMARY OF ANALYSIS

Number of groups                                                 2
Number of observations
   Group MALE                                                  172
   Group FEMALE                                                140
   Total sample size                                           312

Number of dependent variables                                   18
Number of independent variables                                  0
Number of continuous latent variables                            6

Observed dependent variables

  Continuous
   A1          A2          A3          B1          B2          B3
   C1          C2          C3          D1          D2          D3
   E1          E2          E3          F1          F2          F3

Continuous latent variables
   VALUE       JOBSTYLE    TEAMWORK    LEADERSH    LEARNING    ENVIRONM


Estimator                                                       ML
Information matrix                                        OBSERVED
Maximum number of iterations                                  1000
Convergence criterion                                    0.500D-04
Maximum number of steepest descent iterations                   20

Input data file(s)
  Ch09m.dat
  Ch09f.dat

Input data format  FREE



UNIVARIATE SAMPLE STATISTICS


     UNIVARIATE HIGHER-ORDER MOMENT DESCRIPTIVE STATISTICS FOR MALE

         Variable/         Mean/     Skewness/   Minimum/ % with                Percentiles
        Sample Size      Variance    Kurtosis    Maximum  Min/Max      20%/60%    40%/80%    Median

     A1                    4.552      -0.433       2.000    1.74%       4.000      4.000      5.000
             172.000       0.829      -0.103       6.000   12.79%       5.000      5.000
     A2                    4.442      -0.497       2.000    3.49%       4.000      4.000      5.000
             172.000       0.909      -0.052       6.000   10.47%       5.000      5.000
     A3                    4.145      -0.337       1.000    0.58%       3.000      4.000      4.000
             172.000       0.799      -0.014       6.000    3.49%       4.000      5.000
     B1                    4.110      -0.240       1.000    1.74%       3.000      4.000      4.000
             172.000       1.319      -0.475       6.000   10.47%       5.000      5.000
     B2                    4.407      -0.533       1.000    1.16%       3.000      4.000      5.000
             172.000       1.288      -0.254       6.000   15.70%       5.000      5.000
     B3                    4.390      -0.538       1.000    0.58%       4.000      4.000      5.000
             172.000       1.040       0.027       6.000   11.05%       5.000      5.000
     C1                    4.442      -0.418       1.000    0.58%       4.000      4.000      5.000
             172.000       0.816       0.355       6.000    9.88%       5.000      5.000
     C2                    4.326      -0.231       2.000    4.07%       4.000      4.000      4.000
             172.000       0.999      -0.350       6.000   11.63%       5.000      5.000
     C3                    4.442      -0.634       1.000    1.16%       4.000      4.000      5.000
             172.000       0.944       0.731       6.000   11.05%       5.000      5.000
     D1                    4.831      -0.819       1.000    0.58%       4.000      5.000      5.000
             172.000       0.849       1.283       6.000   23.84%       5.000      6.000
     D2                    4.953      -0.583       2.000    1.16%       4.000      5.000      5.000
             172.000       0.649       0.710       6.000   25.58%       5.000      6.000
     D3                    4.913      -0.344       3.000    4.65%       4.000      5.000      5.000
             172.000       0.673      -0.477       6.000   25.00%       5.000      6.000
     E1                    4.750      -0.452       2.000    1.16%       4.000      5.000      5.000
             172.000       0.781       0.019       6.000   19.77%       5.000      5.000
     E2                    4.884      -0.667       2.000    1.74%       4.000      5.000      5.000
             172.000       0.789       0.528       6.000   25.58%       5.000      6.000
     E3                    4.797      -0.679       1.000    0.58%       4.000      5.000      5.000
             172.000       0.883       0.715       6.000   23.84%       5.000      6.000
     F1                    4.297      -0.544       1.000    1.74%       3.000      4.000      4.000
             172.000       1.441      -0.080       6.000   16.28%       5.000      5.000
     F2                    4.808      -0.739       1.000    0.58%       4.000      5.000      5.000
             172.000       0.992       0.654       6.000   27.33%       5.000      6.000
     F3                    4.703      -0.179       3.000    7.56%       4.000      5.000      5.000
             172.000       0.697      -0.544       6.000   16.86%       5.000      5.000


     UNIVARIATE HIGHER-ORDER MOMENT DESCRIPTIVE STATISTICS FOR FEMALE

         Variable/         Mean/     Skewness/   Minimum/ % with                Percentiles
        Sample Size      Variance    Kurtosis    Maximum  Min/Max      20%/60%    40%/80%    Median

     A1                    4.236      -0.794       1.000    2.14%       3.000      4.000      4.000
             140.000       1.066       0.811       6.000    6.43%       5.000      5.000
     A2                    4.136      -0.477       1.000    0.71%       3.000      4.000      4.000
             140.000       1.160      -0.196       6.000    7.14%       5.000      5.000
     A3                    3.971      -0.485       1.000    2.86%       3.000      4.000      4.000
             140.000       1.071       0.718       6.000    5.71%       4.000      5.000
     B1                    3.893      -0.233       1.000    2.14%       3.000      3.000      4.000
             140.000       1.339      -0.662       6.000    5.00%       4.000      5.000
     B2                    4.050      -0.443       1.000    2.86%       3.000      4.000      4.000
             140.000       1.305      -0.051       6.000    7.86%       4.000      5.000
     B3                    4.043      -0.354       1.000    2.14%       3.000      4.000      4.000
             140.000       1.270      -0.199       6.000    7.86%       4.000      5.000
     C1                    4.279      -0.575       1.000    1.43%       3.000      4.000      4.000
             140.000       1.087       0.344       6.000    9.29%       5.000      5.000
     C2                    4.343      -0.537       1.000    0.71%       3.000      4.000      4.000
             140.000       1.125       0.001       6.000   11.43%       5.000      5.000
     C3                    4.136      -0.614       1.000    2.86%       3.000      4.000      4.000
             140.000       1.232       0.465       6.000    8.57%       4.000      5.000
     D1                    4.836      -0.904       1.000    0.71%       4.000      5.000      5.000
             140.000       0.909       1.379       6.000   25.00%       5.000      6.000
     D2                    4.936      -0.522       2.000    0.71%       4.000      5.000      5.000
             140.000       0.760      -0.084       6.000   28.57%       5.000      6.000
     D3                    4.736      -0.468       2.000    2.14%       4.000      5.000      5.000
             140.000       1.009      -0.326       6.000   25.71%       5.000      6.000
     E1                    4.479      -0.750       1.000    2.14%       4.000      4.000      5.000
             140.000       1.092       1.196       6.000   15.71%       5.000      5.000
     E2                    4.543      -0.586       1.000    0.71%       4.000      4.000      5.000
             140.000       1.220       0.024       6.000   20.71%       5.000      6.000
     E3                    4.579      -0.467       1.000    0.71%       4.000      4.000      5.000
             140.000       1.015       0.039       6.000   18.57%       5.000      5.000
     F1                    4.136      -0.238       1.000    2.14%       3.000      4.000      4.000
             140.000       1.232       0.054       6.000   12.14%       4.000      5.000
     F2                    4.393      -0.555       1.000    2.14%       4.000      4.000      4.000
             140.000       1.339       0.322       6.000   19.29%       5.000      5.000
     F3                    4.221      -0.409       1.000    1.43%       4.000      4.000      4.000
             140.000       0.972       0.772       6.000    9.29%       4.000      5.000


THE MODEL ESTIMATION TERMINATED NORMALLY



MODEL FIT INFORMATION

Number of Free Parameters                      120

Loglikelihood

          H0 Value                       -6672.058
          H1 Value                       -6447.803

Information Criteria

          Akaike (AIC)                   13584.116
          Bayesian (BIC)                 14033.277
          Sample-Size Adjusted BIC       13652.677
            (n* = (n + 2) / 24)

Chi-Square Test of Model Fit

          Value                            448.511
          Degrees of Freedom                   258
          P-Value                           0.0000

Chi-Square Contribution From Each Group

          MALE                             213.339
          FEMALE                           235.171

RMSEA (Root Mean Square Error Of Approximation)

          Estimate                           0.069
          90 Percent C.I.                    0.058  0.079
          Probability RMSEA <= .05           0.003

CFI/TLI

          CFI                                0.929
          TLI                                0.916

Chi-Square Test of Model Fit for the Baseline Model

          Value                           2997.338
          Degrees of Freedom                   306
          P-Value                           0.0000

SRMR (Standardized Root Mean Square Residual)

          Value                              0.124



MODEL RESULTS

                                                    Two-Tailed
                    Estimate       S.E.  Est./S.E.    P-Value

Group MALE

 VALUE    BY
    A1                 0.818      0.053     15.573      0.000
    A2                 0.697      0.056     12.345      0.000
    A3                 0.619      0.054     11.466      0.000

 JOBSTYLE BY
    B1                 0.801      0.062     12.856      0.000
    B2                 0.939      0.060     15.587      0.000
    B3                 0.846      0.056     15.096      0.000

 TEAMWORK BY
    C1                 0.700      0.055     12.789      0.000
    C2                 0.762      0.058     13.174      0.000
    C3                 0.675      0.060     11.330      0.000

 LEADERSH BY
    D1                 0.819      0.045     18.362      0.000
    D2                 0.750      0.039     18.995      0.000
    D3                 0.657      0.047     13.842      0.000

 LEARNING BY
    E1                 0.804      0.046     17.391      0.000
    E2                 0.882      0.047     18.600      0.000
    E3                 0.806      0.048     16.872      0.000

 ENVIRONM BY
    F1                 0.645      0.065      9.914      0.000
    F2                 0.812      0.058     13.991      0.000
    F3                 0.751      0.048     15.648      0.000

 JOBSTYLE WITH
    VALUE              0.640      0.071      8.999      0.000

 TEAMWORK WITH
    VALUE              0.626      0.077      8.133      0.000
    JOBSTYLE           0.634      0.069      9.222      0.000

 LEADERSH WITH
    VALUE              0.661      0.067      9.919      0.000
    JOBSTYLE           0.436      0.077      5.633      0.000
    TEAMWORK           0.492      0.081      6.110      0.000

 LEARNING WITH
    VALUE              0.585      0.072      8.081      0.000
    JOBSTYLE           0.529      0.069      7.718      0.000
    TEAMWORK           0.609      0.066      9.174      0.000
    LEADERSH           0.533      0.066      8.033      0.000

 ENVIRONM WITH
    VALUE              0.760      0.063     11.979      0.000
    JOBSTYLE           0.457      0.084      5.457      0.000
    TEAMWORK           0.652      0.074      8.846      0.000
    LEADERSH           0.316      0.093      3.404      0.001
    LEARNING           0.389      0.086      4.502      0.000

 Means
    VALUE              0.000      0.000    999.000    999.000
    JOBSTYLE           0.000      0.000    999.000    999.000
    TEAMWORK           0.000      0.000    999.000    999.000
    LEADERSH           0.000      0.000    999.000    999.000
    LEARNING           0.000      0.000    999.000    999.000
    ENVIRONM           0.000      0.000    999.000    999.000

 Intercepts
    A1                 4.552      0.077     58.890      0.000
    A2                 4.442      0.077     57.548      0.000
    A3                 4.145      0.074     56.174      0.000
    B1                 4.110      0.091     45.047      0.000
    B2                 4.407      0.087     50.750      0.000
    B3                 4.390      0.082     53.752      0.000
    C1                 4.442      0.073     60.708      0.000
    C2                 4.326      0.078     55.725      0.000
    C3                 4.442      0.077     57.554      0.000
    D1                 4.831      0.073     66.461      0.000
    D2                 4.953      0.065     75.687      0.000
    D3                 4.913      0.068     72.397      0.000
    E1                 4.750      0.070     67.380      0.000
    E2                 4.884      0.075     65.395      0.000
    E3                 4.797      0.072     66.172      0.000
    F1                 4.297      0.095     45.350      0.000
    F2                 4.808      0.083     57.855      0.000
    F3                 4.703      0.069     68.018      0.000

 Variances
    VALUE              1.000      0.000    999.000    999.000
    JOBSTYLE           1.000      0.000    999.000    999.000
    TEAMWORK           1.000      0.000    999.000    999.000
    LEADERSH           1.000      0.000    999.000    999.000
    LEARNING           1.000      0.000    999.000    999.000
    ENVIRONM           1.000      0.000    999.000    999.000

 Residual Variances
    A1                 0.358      0.058      6.164      0.000
    A2                 0.539      0.069      7.833      0.000
    A3                 0.554      0.067      8.238      0.000
    B1                 0.791      0.100      7.941      0.000
    B2                 0.416      0.077      5.390      0.000
    B3                 0.431      0.068      6.320      0.000
    C1                 0.430      0.062      6.957      0.000
    C2                 0.456      0.070      6.540      0.000
    C3                 0.569      0.074      7.659      0.000
    D1                 0.238      0.041      5.841      0.000
    D2                 0.175      0.032      5.494      0.000
    D3                 0.360      0.046      7.853      0.000
    E1                 0.209      0.033      6.278      0.000
    E2                 0.182      0.034      5.407      0.000
    E3                 0.253      0.037      6.772      0.000
    F1                 1.128      0.132      8.541      0.000
    F2                 0.529      0.075      7.008      0.000
    F3                 0.259      0.049      5.263      0.000

Group FEMALE

 VALUE    BY
    A1                 0.818      0.053     15.573      0.000
    A2                 0.697      0.056     12.345      0.000
    A3                 0.619      0.054     11.466      0.000

 JOBSTYLE BY
    B1                 0.801      0.062     12.856      0.000
    B2                 0.939      0.060     15.587      0.000
    B3                 0.846      0.056     15.096      0.000

 TEAMWORK BY
    C1                 0.700      0.055     12.789      0.000
    C2                 0.762      0.058     13.174      0.000
    C3                 0.675      0.060     11.330      0.000

 LEADERSH BY
    D1                 0.819      0.045     18.362      0.000
    D2                 0.750      0.039     18.995      0.000
    D3                 0.657      0.047     13.842      0.000

 LEARNING BY
    E1                 0.804      0.046     17.391      0.000
    E2                 0.882      0.047     18.600      0.000
    E3                 0.806      0.048     16.872      0.000

 ENVIRONM BY
    F1                 0.645      0.065      9.914      0.000
    F2                 0.812      0.058     13.991      0.000
    F3                 0.751      0.048     15.648      0.000

 JOBSTYLE WITH
    VALUE              0.420      0.082      5.147      0.000

 TEAMWORK WITH
    VALUE              0.339      0.093      3.659      0.000
    JOBSTYLE           0.781      0.063     12.438      0.000

 LEADERSH WITH
    VALUE              0.216      0.083      2.619      0.009
    JOBSTYLE           0.486      0.074      6.521      0.000
    TEAMWORK           0.572      0.073      7.832      0.000

 LEARNING WITH
    VALUE              0.428      0.080      5.320      0.000
    JOBSTYLE           0.617      0.066      9.322      0.000
    TEAMWORK           0.582      0.074      7.818      0.000
    LEADERSH           0.610      0.060     10.149      0.000

 ENVIRONM WITH
    VALUE              0.593      0.068      8.754      0.000
    JOBSTYLE           0.273      0.088      3.112      0.002
    TEAMWORK           0.536      0.083      6.485      0.000
    LEADERSH           0.360      0.079      4.567      0.000
    LEARNING           0.446      0.075      5.947      0.000

 Means
    VALUE              0.000      0.000    999.000    999.000
    JOBSTYLE           0.000      0.000    999.000    999.000
    TEAMWORK           0.000      0.000    999.000    999.000
    LEADERSH           0.000      0.000    999.000    999.000
    LEARNING           0.000      0.000    999.000    999.000
    ENVIRONM           0.000      0.000    999.000    999.000

 Intercepts
    A1                 4.236      0.080     53.125      0.000
    A2                 4.136      0.087     47.722      0.000
    A3                 3.971      0.081     48.772      0.000
    B1                 3.893      0.094     41.359      0.000
    B2                 4.050      0.098     41.460      0.000
    B3                 4.043      0.091     44.338      0.000
    C1                 4.279      0.084     51.138      0.000
    C2                 4.343      0.090     48.521      0.000
    C3                 4.136      0.091     45.552      0.000
    D1                 4.836      0.078     61.729      0.000
    D2                 4.936      0.070     70.653      0.000
    D3                 4.736      0.079     60.190      0.000
    E1                 4.479      0.085     52.534      0.000
    E2                 4.543      0.085     53.739      0.000
    E3                 4.579      0.086     53.140      0.000
    F1                 4.136      0.090     46.082      0.000
    F2                 4.393      0.090     48.961      0.000
    F3                 4.221      0.077     54.702      0.000

 Variances
    VALUE              1.000      0.000    999.000    999.000
    JOBSTYLE           1.000      0.000    999.000    999.000
    TEAMWORK           1.000      0.000    999.000    999.000
    LEADERSH           1.000      0.000    999.000    999.000
    LEARNING           1.000      0.000    999.000    999.000
    ENVIRONM           1.000      0.000    999.000    999.000

 Residual Variances
    A1                 0.220      0.068      3.230      0.001
    A2                 0.566      0.085      6.627      0.000
    A3                 0.545      0.076      7.186      0.000
    B1                 0.599      0.088      6.794      0.000
    B2                 0.455      0.081      5.651      0.000
    B3                 0.448      0.074      6.076      0.000
    C1                 0.490      0.077      6.358      0.000
    C2                 0.541      0.086      6.290      0.000
    C3                 0.698      0.098      7.128      0.000
    D1                 0.188      0.038      5.003      0.000
    D2                 0.121      0.030      4.101      0.000
    D3                 0.434      0.059      7.362      0.000
    E1                 0.372      0.058      6.428      0.000
    E2                 0.223      0.050      4.415      0.000
    E3                 0.389      0.058      6.650      0.000
    F1                 0.712      0.097      7.370      0.000
    F2                 0.468      0.081      5.740      0.000
    F3                 0.270      0.058      4.678      0.000


QUALITY OF NUMERICAL RESULTS

     Condition Number for the Information Matrix              0.588E-02
       (ratio of smallest to largest eigenvalue)


DIAGRAM INFORMATION

  Use View Diagram under the Diagram menu in the Mplus Editor to view the diagram.
  If running Mplus from the Mplus Diagrammer, the diagram opens automatically.

  Diagram output
    c:\sem\ch09\mplus\ch09mg2.dgm

     Beginning Time:  00:32:09
        Ending Time:  00:32:09
       Elapsed Time:  00:00:00



MUTHEN & MUTHEN
3463 Stoner Ave.
Los Angeles, CA  90066

Tel: (310) 391-9971
Fax: (310) 391-8971
Web: www.StatModel.com
Support: Support@StatModel.com

Copyright (c) 1998-2017 Muthen & Muthen
