Mplus VERSION 8
MUTHEN & MUTHEN
04/03/2018  12:33 AM

INPUT INSTRUCTIONS

  TITLE:	Ch09 Multigroup CFA using MPLUS Model 3 Loading and Error variance invariance model
  DATA:   	
     NGROUPS=2;
     FILE (male) IS Ch09m.dat;
     FILE (female) IS Ch09f.dat;

  VARIABLE:	NAMES ARE a1-a3 b1-b3 c1-c3 d1-d3 e1-e3 f1-f3;

  MODEL:
   VALUE    by a1* a2-a3;
   JOBSTYLE by b1* b2-b3;
   TEAMWORK by c1* c2-c3;
   LEADERSH by d1* d2-d3;
   LEARNING by e1* e2-e3;
   ENVIRONM by f1* f2-f3;
   a1(1); a2(2); a3(3); b1(4); b2(5); b3(6); c1(7); c2(8); c3(9);
   d1(10); d2(11); d3(12); e1(13); e2(14); e3(15); f1(16); f2(17); f3(18);
   VALUE@1 JOBSTYLE@1 TEAMWORK@1 LEADERSH@1 LEARNING@1 ENVIRONM@1;
   [a1 a2 a3 b1 b2 b3 c1 c2 c3 d1 d2 d3 e1 e2 e3 f1 f2 f3] ;
   [VALUE@0 JOBSTYLE@0 TEAMWORK@0 LEADERSH@0 LEARNING@0 ENVIRONM@0 ];


  MODEL male:
    [a1 a2 a3 b1 b2 b3 c1 c2 c3 d1 d2 d3 e1 e2 e3 f1 f2 f3] ;


  MODEL female:
   [a1 a2 a3 b1 b2 b3 c1 c2 c3 d1 d2 d3 e1 e2 e3 f1 f2 f3] ;



INPUT READING TERMINATED NORMALLY



Ch09 Multigroup CFA using MPLUS Model 3 Loading and Error variance invariance model

SUMMARY OF ANALYSIS

Number of groups                                                 2
Number of observations
   Group MALE                                                  172
   Group FEMALE                                                140
   Total sample size                                           312

Number of dependent variables                                   18
Number of independent variables                                  0
Number of continuous latent variables                            6

Observed dependent variables

  Continuous
   A1          A2          A3          B1          B2          B3
   C1          C2          C3          D1          D2          D3
   E1          E2          E3          F1          F2          F3

Continuous latent variables
   VALUE       JOBSTYLE    TEAMWORK    LEADERSH    LEARNING    ENVIRONM


Estimator                                                       ML
Information matrix                                        OBSERVED
Maximum number of iterations                                  1000
Convergence criterion                                    0.500D-04
Maximum number of steepest descent iterations                   20

Input data file(s)
  Ch09m.dat
  Ch09f.dat

Input data format  FREE



UNIVARIATE SAMPLE STATISTICS


     UNIVARIATE HIGHER-ORDER MOMENT DESCRIPTIVE STATISTICS FOR MALE

         Variable/         Mean/     Skewness/   Minimum/ % with                Percentiles
        Sample Size      Variance    Kurtosis    Maximum  Min/Max      20%/60%    40%/80%    Median

     A1                    4.552      -0.433       2.000    1.74%       4.000      4.000      5.000
             172.000       0.829      -0.103       6.000   12.79%       5.000      5.000
     A2                    4.442      -0.497       2.000    3.49%       4.000      4.000      5.000
             172.000       0.909      -0.052       6.000   10.47%       5.000      5.000
     A3                    4.145      -0.337       1.000    0.58%       3.000      4.000      4.000
             172.000       0.799      -0.014       6.000    3.49%       4.000      5.000
     B1                    4.110      -0.240       1.000    1.74%       3.000      4.000      4.000
             172.000       1.319      -0.475       6.000   10.47%       5.000      5.000
     B2                    4.407      -0.533       1.000    1.16%       3.000      4.000      5.000
             172.000       1.288      -0.254       6.000   15.70%       5.000      5.000
     B3                    4.390      -0.538       1.000    0.58%       4.000      4.000      5.000
             172.000       1.040       0.027       6.000   11.05%       5.000      5.000
     C1                    4.442      -0.418       1.000    0.58%       4.000      4.000      5.000
             172.000       0.816       0.355       6.000    9.88%       5.000      5.000
     C2                    4.326      -0.231       2.000    4.07%       4.000      4.000      4.000
             172.000       0.999      -0.350       6.000   11.63%       5.000      5.000
     C3                    4.442      -0.634       1.000    1.16%       4.000      4.000      5.000
             172.000       0.944       0.731       6.000   11.05%       5.000      5.000
     D1                    4.831      -0.819       1.000    0.58%       4.000      5.000      5.000
             172.000       0.849       1.283       6.000   23.84%       5.000      6.000
     D2                    4.953      -0.583       2.000    1.16%       4.000      5.000      5.000
             172.000       0.649       0.710       6.000   25.58%       5.000      6.000
     D3                    4.913      -0.344       3.000    4.65%       4.000      5.000      5.000
             172.000       0.673      -0.477       6.000   25.00%       5.000      6.000
     E1                    4.750      -0.452       2.000    1.16%       4.000      5.000      5.000
             172.000       0.781       0.019       6.000   19.77%       5.000      5.000
     E2                    4.884      -0.667       2.000    1.74%       4.000      5.000      5.000
             172.000       0.789       0.528       6.000   25.58%       5.000      6.000
     E3                    4.797      -0.679       1.000    0.58%       4.000      5.000      5.000
             172.000       0.883       0.715       6.000   23.84%       5.000      6.000
     F1                    4.297      -0.544       1.000    1.74%       3.000      4.000      4.000
             172.000       1.441      -0.080       6.000   16.28%       5.000      5.000
     F2                    4.808      -0.739       1.000    0.58%       4.000      5.000      5.000
             172.000       0.992       0.654       6.000   27.33%       5.000      6.000
     F3                    4.703      -0.179       3.000    7.56%       4.000      5.000      5.000
             172.000       0.697      -0.544       6.000   16.86%       5.000      5.000


     UNIVARIATE HIGHER-ORDER MOMENT DESCRIPTIVE STATISTICS FOR FEMALE

         Variable/         Mean/     Skewness/   Minimum/ % with                Percentiles
        Sample Size      Variance    Kurtosis    Maximum  Min/Max      20%/60%    40%/80%    Median

     A1                    4.236      -0.794       1.000    2.14%       3.000      4.000      4.000
             140.000       1.066       0.811       6.000    6.43%       5.000      5.000
     A2                    4.136      -0.477       1.000    0.71%       3.000      4.000      4.000
             140.000       1.160      -0.196       6.000    7.14%       5.000      5.000
     A3                    3.971      -0.485       1.000    2.86%       3.000      4.000      4.000
             140.000       1.071       0.718       6.000    5.71%       4.000      5.000
     B1                    3.893      -0.233       1.000    2.14%       3.000      3.000      4.000
             140.000       1.339      -0.662       6.000    5.00%       4.000      5.000
     B2                    4.050      -0.443       1.000    2.86%       3.000      4.000      4.000
             140.000       1.305      -0.051       6.000    7.86%       4.000      5.000
     B3                    4.043      -0.354       1.000    2.14%       3.000      4.000      4.000
             140.000       1.270      -0.199       6.000    7.86%       4.000      5.000
     C1                    4.279      -0.575       1.000    1.43%       3.000      4.000      4.000
             140.000       1.087       0.344       6.000    9.29%       5.000      5.000
     C2                    4.343      -0.537       1.000    0.71%       3.000      4.000      4.000
             140.000       1.125       0.001       6.000   11.43%       5.000      5.000
     C3                    4.136      -0.614       1.000    2.86%       3.000      4.000      4.000
             140.000       1.232       0.465       6.000    8.57%       4.000      5.000
     D1                    4.836      -0.904       1.000    0.71%       4.000      5.000      5.000
             140.000       0.909       1.379       6.000   25.00%       5.000      6.000
     D2                    4.936      -0.522       2.000    0.71%       4.000      5.000      5.000
             140.000       0.760      -0.084       6.000   28.57%       5.000      6.000
     D3                    4.736      -0.468       2.000    2.14%       4.000      5.000      5.000
             140.000       1.009      -0.326       6.000   25.71%       5.000      6.000
     E1                    4.479      -0.750       1.000    2.14%       4.000      4.000      5.000
             140.000       1.092       1.196       6.000   15.71%       5.000      5.000
     E2                    4.543      -0.586       1.000    0.71%       4.000      4.000      5.000
             140.000       1.220       0.024       6.000   20.71%       5.000      6.000
     E3                    4.579      -0.467       1.000    0.71%       4.000      4.000      5.000
             140.000       1.015       0.039       6.000   18.57%       5.000      5.000
     F1                    4.136      -0.238       1.000    2.14%       3.000      4.000      4.000
             140.000       1.232       0.054       6.000   12.14%       4.000      5.000
     F2                    4.393      -0.555       1.000    2.14%       4.000      4.000      4.000
             140.000       1.339       0.322       6.000   19.29%       5.000      5.000
     F3                    4.221      -0.409       1.000    1.43%       4.000      4.000      4.000
             140.000       0.972       0.772       6.000    9.29%       4.000      5.000


THE MODEL ESTIMATION TERMINATED NORMALLY



MODEL FIT INFORMATION

Number of Free Parameters                      102

Loglikelihood

          H0 Value                       -6688.391
          H1 Value                       -6447.803

Information Criteria

          Akaike (AIC)                   13580.782
          Bayesian (BIC)                 13962.568
          Sample-Size Adjusted BIC       13639.058
            (n* = (n + 2) / 24)

Chi-Square Test of Model Fit

          Value                            481.176
          Degrees of Freedom                   276
          P-Value                           0.0000

Chi-Square Contribution From Each Group

          MALE                             230.220
          FEMALE                           250.957

RMSEA (Root Mean Square Error Of Approximation)

          Estimate                           0.069
          90 Percent C.I.                    0.059  0.079
          Probability RMSEA <= .05           0.002

CFI/TLI

          CFI                                0.924
          TLI                                0.915

Chi-Square Test of Model Fit for the Baseline Model

          Value                           2997.338
          Degrees of Freedom                   306
          P-Value                           0.0000

SRMR (Standardized Root Mean Square Residual)

          Value                              0.128



MODEL RESULTS

                                                    Two-Tailed
                    Estimate       S.E.  Est./S.E.    P-Value

Group MALE

 VALUE    BY
    A1                 0.797      0.051     15.476      0.000
    A2                 0.707      0.056     12.651      0.000
    A3                 0.614      0.054     11.304      0.000

 JOBSTYLE BY
    B1                 0.794      0.062     12.735      0.000
    B2                 0.929      0.059     15.663      0.000
    B3                 0.848      0.055     15.308      0.000

 TEAMWORK BY
    C1                 0.703      0.054     12.935      0.000
    C2                 0.759      0.057     13.226      0.000
    C3                 0.676      0.059     11.383      0.000

 LEADERSH BY
    D1                 0.818      0.045     18.364      0.000
    D2                 0.744      0.039     18.894      0.000
    D3                 0.660      0.047     14.052      0.000

 LEARNING BY
    E1                 0.795      0.046     17.117      0.000
    E2                 0.897      0.046     19.540      0.000
    E3                 0.788      0.047     16.719      0.000

 ENVIRONM BY
    F1                 0.637      0.068      9.406      0.000
    F2                 0.806      0.058     13.965      0.000
    F3                 0.750      0.048     15.652      0.000

 JOBSTYLE WITH
    VALUE              0.627      0.071      8.858      0.000

 TEAMWORK WITH
    VALUE              0.625      0.076      8.186      0.000
    JOBSTYLE           0.636      0.070      9.136      0.000

 LEADERSH WITH
    VALUE              0.643      0.066      9.754      0.000
    JOBSTYLE           0.425      0.077      5.529      0.000
    TEAMWORK           0.482      0.081      5.951      0.000

 LEARNING WITH
    VALUE              0.585      0.072      8.160      0.000
    JOBSTYLE           0.525      0.070      7.484      0.000
    TEAMWORK           0.626      0.067      9.345      0.000
    LEADERSH           0.523      0.067      7.764      0.000

 ENVIRONM WITH
    VALUE              0.750      0.061     12.204      0.000
    JOBSTYLE           0.448      0.084      5.344      0.000
    TEAMWORK           0.663      0.073      9.139      0.000
    LEADERSH           0.306      0.091      3.355      0.001
    LEARNING           0.397      0.087      4.579      0.000

 Means
    VALUE              0.000      0.000    999.000    999.000
    JOBSTYLE           0.000      0.000    999.000    999.000
    TEAMWORK           0.000      0.000    999.000    999.000
    LEADERSH           0.000      0.000    999.000    999.000
    LEARNING           0.000      0.000    999.000    999.000
    ENVIRONM           0.000      0.000    999.000    999.000

 Intercepts
    A1                 4.552      0.074     61.176      0.000
    A2                 4.442      0.078     57.244      0.000
    A3                 4.145      0.074     56.345      0.000
    B1                 4.110      0.088     46.676      0.000
    B2                 4.407      0.087     50.620      0.000
    B3                 4.390      0.082     53.683      0.000
    C1                 4.442      0.074     59.763      0.000
    C2                 4.326      0.079     54.843      0.000
    C3                 4.442      0.079     55.933      0.000
    D1                 4.831      0.072     67.386      0.000
    D2                 4.953      0.064     77.339      0.000
    D3                 4.913      0.069     70.777      0.000
    E1                 4.750      0.073     64.826      0.000
    E2                 4.884      0.076     64.506      0.000
    E3                 4.797      0.074     64.701      0.000
    F1                 4.297      0.089     48.481      0.000
    F2                 4.808      0.082     58.708      0.000
    F3                 4.703      0.069     67.881      0.000

 Variances
    VALUE              1.000      0.000    999.000    999.000
    JOBSTYLE           1.000      0.000    999.000    999.000
    TEAMWORK           1.000      0.000    999.000    999.000
    LEADERSH           1.000      0.000    999.000    999.000
    LEARNING           1.000      0.000    999.000    999.000
    ENVIRONM           1.000      0.000    999.000    999.000

 Residual Variances
    A1                 0.318      0.045      6.989      0.000
    A2                 0.535      0.054      9.869      0.000
    A3                 0.554      0.052     10.684      0.000
    B1                 0.703      0.068     10.321      0.000
    B2                 0.441      0.058      7.585      0.000
    B3                 0.430      0.051      8.373      0.000
    C1                 0.456      0.050      9.047      0.000
    C2                 0.494      0.056      8.831      0.000
    C3                 0.628      0.061     10.210      0.000
    D1                 0.214      0.029      7.325      0.000
    D2                 0.151      0.023      6.601      0.000
    D3                 0.394      0.037     10.658      0.000
    E1                 0.291      0.032      9.051      0.000
    E2                 0.182      0.030      6.101      0.000
    E3                 0.325      0.033      9.781      0.000
    F1                 0.945      0.084     11.226      0.000
    F2                 0.505      0.058      8.753      0.000
    F3                 0.264      0.040      6.512      0.000

Group FEMALE

 VALUE    BY
    A1                 0.797      0.051     15.476      0.000
    A2                 0.707      0.056     12.651      0.000
    A3                 0.614      0.054     11.304      0.000

 JOBSTYLE BY
    B1                 0.794      0.062     12.735      0.000
    B2                 0.929      0.059     15.663      0.000
    B3                 0.848      0.055     15.308      0.000

 TEAMWORK BY
    C1                 0.703      0.054     12.935      0.000
    C2                 0.759      0.057     13.226      0.000
    C3                 0.676      0.059     11.383      0.000

 LEADERSH BY
    D1                 0.818      0.045     18.364      0.000
    D2                 0.744      0.039     18.894      0.000
    D3                 0.660      0.047     14.052      0.000

 LEARNING BY
    E1                 0.795      0.046     17.117      0.000
    E2                 0.897      0.046     19.540      0.000
    E3                 0.788      0.047     16.719      0.000

 ENVIRONM BY
    F1                 0.637      0.068      9.406      0.000
    F2                 0.806      0.058     13.965      0.000
    F3                 0.750      0.048     15.652      0.000

 JOBSTYLE WITH
    VALUE              0.439      0.082      5.340      0.000

 TEAMWORK WITH
    VALUE              0.360      0.091      3.963      0.000
    JOBSTYLE           0.762      0.061     12.431      0.000

 LEADERSH WITH
    VALUE              0.223      0.086      2.608      0.009
    JOBSTYLE           0.494      0.074      6.656      0.000
    TEAMWORK           0.573      0.072      7.997      0.000

 LEARNING WITH
    VALUE              0.457      0.075      6.072      0.000
    JOBSTYLE           0.607      0.064      9.423      0.000
    TEAMWORK           0.562      0.071      7.881      0.000
    LEADERSH           0.609      0.058     10.430      0.000

 ENVIRONM WITH
    VALUE              0.617      0.068      9.048      0.000
    JOBSTYLE           0.270      0.088      3.061      0.002
    TEAMWORK           0.526      0.081      6.495      0.000
    LEADERSH           0.353      0.080      4.399      0.000
    LEARNING           0.439      0.074      5.932      0.000

 Means
    VALUE              0.000      0.000    999.000    999.000
    JOBSTYLE           0.000      0.000    999.000    999.000
    TEAMWORK           0.000      0.000    999.000    999.000
    LEADERSH           0.000      0.000    999.000    999.000
    LEARNING           0.000      0.000    999.000    999.000
    ENVIRONM           0.000      0.000    999.000    999.000

 Intercepts
    A1                 4.236      0.082     51.354      0.000
    A2                 4.136      0.086     48.086      0.000
    A3                 3.971      0.082     48.701      0.000
    B1                 3.893      0.098     39.881      0.000
    B2                 4.050      0.096     41.970      0.000
    B3                 4.043      0.091     44.607      0.000
    C1                 4.279      0.082     51.936      0.000
    C2                 4.343      0.087     49.676      0.000
    C3                 4.136      0.088     46.984      0.000
    D1                 4.836      0.079     60.849      0.000
    D2                 4.936      0.071     69.525      0.000
    D3                 4.736      0.077     61.553      0.000
    E1                 4.479      0.081     55.144      0.000
    E2                 4.543      0.084     54.135      0.000
    E3                 4.579      0.082     55.720      0.000
    F1                 4.136      0.098     42.102      0.000
    F2                 4.393      0.091     48.391      0.000
    F3                 4.221      0.077     54.965      0.000

 Variances
    VALUE              1.000      0.000    999.000    999.000
    JOBSTYLE           1.000      0.000    999.000    999.000
    TEAMWORK           1.000      0.000    999.000    999.000
    LEADERSH           1.000      0.000    999.000    999.000
    LEARNING           1.000      0.000    999.000    999.000
    ENVIRONM           1.000      0.000    999.000    999.000

 Residual Variances
    A1                 0.318      0.045      6.989      0.000
    A2                 0.535      0.054      9.869      0.000
    A3                 0.554      0.052     10.684      0.000
    B1                 0.703      0.068     10.321      0.000
    B2                 0.441      0.058      7.585      0.000
    B3                 0.430      0.051      8.373      0.000
    C1                 0.456      0.050      9.047      0.000
    C2                 0.494      0.056      8.831      0.000
    C3                 0.628      0.061     10.210      0.000
    D1                 0.214      0.029      7.325      0.000
    D2                 0.151      0.023      6.601      0.000
    D3                 0.394      0.037     10.658      0.000
    E1                 0.291      0.032      9.051      0.000
    E2                 0.182      0.030      6.101      0.000
    E3                 0.325      0.033      9.781      0.000
    F1                 0.945      0.084     11.226      0.000
    F2                 0.505      0.058      8.753      0.000
    F3                 0.264      0.040      6.512      0.000


QUALITY OF NUMERICAL RESULTS

     Condition Number for the Information Matrix              0.567E-02
       (ratio of smallest to largest eigenvalue)


DIAGRAM INFORMATION

  Use View Diagram under the Diagram menu in the Mplus Editor to view the diagram.
  If running Mplus from the Mplus Diagrammer, the diagram opens automatically.

  Diagram output
    c:\sem\ch09\mplus\ch09mg3.dgm

     Beginning Time:  00:33:28
        Ending Time:  00:33:28
       Elapsed Time:  00:00:00



MUTHEN & MUTHEN
3463 Stoner Ave.
Los Angeles, CA  90066

Tel: (310) 391-9971
Fax: (310) 391-8971
Web: www.StatModel.com
Support: Support@StatModel.com

Copyright (c) 1998-2017 Muthen & Muthen
