Mplus VERSION 8
MUTHEN & MUTHEN
04/03/2018  12:34 AM

INPUT INSTRUCTIONS

  TITLE:	Ch09 Multigroup CFA using MPLUS Model 4 Loading and Error covraiance variance invar
  DATA:   	
     NGROUPS=2;
     FILE (male) IS Ch09m.dat;
     FILE (female) IS Ch09f.dat;

  VARIABLE:	NAMES ARE a1-a3 b1-b3 c1-c3 d1-d3 e1-e3 f1-f3;

  MODEL:
   VALUE    by a1* a2-a3;
   JOBSTYLE by b1* b2-b3;
   TEAMWORK by c1* c2-c3;
   LEADERSH by d1* d2-d3;
   LEARNING by e1* e2-e3;
   ENVIRONM by f1* f2-f3;
   VALUE with JOBSTYLE (19);
   VALUE with TEAMWORK (20);
   VALUE with LEADERSH (21);
   VALUE with LEARNING (22);
   VALUE with ENVIRONM (23);
  JOBSTYLE with TEAMWORK (24);
  JOBSTYLE with LEADERSH (25);
  JOBSTYLE with LEARNING (26);
  JOBSTYLE with ENVIRONM (27);
  TEAMWORK with LEADERSH (28);
  TEAMWORK with LEARNING (29);
  TEAMWORK with ENVIRONM (30);
  LEADERSH with LEARNING (31);
  LEADERSH with ENVIRONM (32);
  LEARNING with ENVIRONM (33);
   a1(1); a2(2); a3(3); b1(4); b2(5); b3(6); c1(7); c2(8); c3(9);
   d1(10); d2(11); d3(12); e1(13); e2(14); e3(15); f1(16); f2(17); f3(18);
   VALUE@1 JOBSTYLE@1 TEAMWORK@1 LEADERSH@1 LEARNING@1 ENVIRONM@1;
   [a1 a2 a3 b1 b2 b3 c1 c2 c3 d1 d2 d3 e1 e2 e3 f1 f2 f3] ;
   [VALUE@0 JOBSTYLE@0 TEAMWORK@0 LEADERSH@0 LEARNING@0 ENVIRONM@0 ];


  MODEL male:
    [a1 a2 a3 b1 b2 b3 c1 c2 c3 d1 d2 d3 e1 e2 e3 f1 f2 f3] ;


  MODEL female:
   [a1 a2 a3 b1 b2 b3 c1 c2 c3 d1 d2 d3 e1 e2 e3 f1 f2 f3] ;



*** WARNING
  Input line exceeded 90 characters. Some input may be truncated.
  TITLE:	Ch09 Multigroup CFA using MPLUS Model 4 Loading and Error covraiance variance invari
   1 WARNING(S) FOUND IN THE INPUT INSTRUCTIONS



Ch09 Multigroup CFA using MPLUS Model 4 Loading and Error covraiance variance invari

SUMMARY OF ANALYSIS

Number of groups                                                 2
Number of observations
   Group MALE                                                  172
   Group FEMALE                                                140
   Total sample size                                           312

Number of dependent variables                                   18
Number of independent variables                                  0
Number of continuous latent variables                            6

Observed dependent variables

  Continuous
   A1          A2          A3          B1          B2          B3
   C1          C2          C3          D1          D2          D3
   E1          E2          E3          F1          F2          F3

Continuous latent variables
   VALUE       JOBSTYLE    TEAMWORK    LEADERSH    LEARNING    ENVIRONM


Estimator                                                       ML
Information matrix                                        OBSERVED
Maximum number of iterations                                  1000
Convergence criterion                                    0.500D-04
Maximum number of steepest descent iterations                   20

Input data file(s)
  Ch09m.dat
  Ch09f.dat

Input data format  FREE



UNIVARIATE SAMPLE STATISTICS


     UNIVARIATE HIGHER-ORDER MOMENT DESCRIPTIVE STATISTICS FOR MALE

         Variable/         Mean/     Skewness/   Minimum/ % with                Percentiles
        Sample Size      Variance    Kurtosis    Maximum  Min/Max      20%/60%    40%/80%    Median

     A1                    4.552      -0.433       2.000    1.74%       4.000      4.000      5.000
             172.000       0.829      -0.103       6.000   12.79%       5.000      5.000
     A2                    4.442      -0.497       2.000    3.49%       4.000      4.000      5.000
             172.000       0.909      -0.052       6.000   10.47%       5.000      5.000
     A3                    4.145      -0.337       1.000    0.58%       3.000      4.000      4.000
             172.000       0.799      -0.014       6.000    3.49%       4.000      5.000
     B1                    4.110      -0.240       1.000    1.74%       3.000      4.000      4.000
             172.000       1.319      -0.475       6.000   10.47%       5.000      5.000
     B2                    4.407      -0.533       1.000    1.16%       3.000      4.000      5.000
             172.000       1.288      -0.254       6.000   15.70%       5.000      5.000
     B3                    4.390      -0.538       1.000    0.58%       4.000      4.000      5.000
             172.000       1.040       0.027       6.000   11.05%       5.000      5.000
     C1                    4.442      -0.418       1.000    0.58%       4.000      4.000      5.000
             172.000       0.816       0.355       6.000    9.88%       5.000      5.000
     C2                    4.326      -0.231       2.000    4.07%       4.000      4.000      4.000
             172.000       0.999      -0.350       6.000   11.63%       5.000      5.000
     C3                    4.442      -0.634       1.000    1.16%       4.000      4.000      5.000
             172.000       0.944       0.731       6.000   11.05%       5.000      5.000
     D1                    4.831      -0.819       1.000    0.58%       4.000      5.000      5.000
             172.000       0.849       1.283       6.000   23.84%       5.000      6.000
     D2                    4.953      -0.583       2.000    1.16%       4.000      5.000      5.000
             172.000       0.649       0.710       6.000   25.58%       5.000      6.000
     D3                    4.913      -0.344       3.000    4.65%       4.000      5.000      5.000
             172.000       0.673      -0.477       6.000   25.00%       5.000      6.000
     E1                    4.750      -0.452       2.000    1.16%       4.000      5.000      5.000
             172.000       0.781       0.019       6.000   19.77%       5.000      5.000
     E2                    4.884      -0.667       2.000    1.74%       4.000      5.000      5.000
             172.000       0.789       0.528       6.000   25.58%       5.000      6.000
     E3                    4.797      -0.679       1.000    0.58%       4.000      5.000      5.000
             172.000       0.883       0.715       6.000   23.84%       5.000      6.000
     F1                    4.297      -0.544       1.000    1.74%       3.000      4.000      4.000
             172.000       1.441      -0.080       6.000   16.28%       5.000      5.000
     F2                    4.808      -0.739       1.000    0.58%       4.000      5.000      5.000
             172.000       0.992       0.654       6.000   27.33%       5.000      6.000
     F3                    4.703      -0.179       3.000    7.56%       4.000      5.000      5.000
             172.000       0.697      -0.544       6.000   16.86%       5.000      5.000


     UNIVARIATE HIGHER-ORDER MOMENT DESCRIPTIVE STATISTICS FOR FEMALE

         Variable/         Mean/     Skewness/   Minimum/ % with                Percentiles
        Sample Size      Variance    Kurtosis    Maximum  Min/Max      20%/60%    40%/80%    Median

     A1                    4.236      -0.794       1.000    2.14%       3.000      4.000      4.000
             140.000       1.066       0.811       6.000    6.43%       5.000      5.000
     A2                    4.136      -0.477       1.000    0.71%       3.000      4.000      4.000
             140.000       1.160      -0.196       6.000    7.14%       5.000      5.000
     A3                    3.971      -0.485       1.000    2.86%       3.000      4.000      4.000
             140.000       1.071       0.718       6.000    5.71%       4.000      5.000
     B1                    3.893      -0.233       1.000    2.14%       3.000      3.000      4.000
             140.000       1.339      -0.662       6.000    5.00%       4.000      5.000
     B2                    4.050      -0.443       1.000    2.86%       3.000      4.000      4.000
             140.000       1.305      -0.051       6.000    7.86%       4.000      5.000
     B3                    4.043      -0.354       1.000    2.14%       3.000      4.000      4.000
             140.000       1.270      -0.199       6.000    7.86%       4.000      5.000
     C1                    4.279      -0.575       1.000    1.43%       3.000      4.000      4.000
             140.000       1.087       0.344       6.000    9.29%       5.000      5.000
     C2                    4.343      -0.537       1.000    0.71%       3.000      4.000      4.000
             140.000       1.125       0.001       6.000   11.43%       5.000      5.000
     C3                    4.136      -0.614       1.000    2.86%       3.000      4.000      4.000
             140.000       1.232       0.465       6.000    8.57%       4.000      5.000
     D1                    4.836      -0.904       1.000    0.71%       4.000      5.000      5.000
             140.000       0.909       1.379       6.000   25.00%       5.000      6.000
     D2                    4.936      -0.522       2.000    0.71%       4.000      5.000      5.000
             140.000       0.760      -0.084       6.000   28.57%       5.000      6.000
     D3                    4.736      -0.468       2.000    2.14%       4.000      5.000      5.000
             140.000       1.009      -0.326       6.000   25.71%       5.000      6.000
     E1                    4.479      -0.750       1.000    2.14%       4.000      4.000      5.000
             140.000       1.092       1.196       6.000   15.71%       5.000      5.000
     E2                    4.543      -0.586       1.000    0.71%       4.000      4.000      5.000
             140.000       1.220       0.024       6.000   20.71%       5.000      6.000
     E3                    4.579      -0.467       1.000    0.71%       4.000      4.000      5.000
             140.000       1.015       0.039       6.000   18.57%       5.000      5.000
     F1                    4.136      -0.238       1.000    2.14%       3.000      4.000      4.000
             140.000       1.232       0.054       6.000   12.14%       4.000      5.000
     F2                    4.393      -0.555       1.000    2.14%       4.000      4.000      4.000
             140.000       1.339       0.322       6.000   19.29%       5.000      5.000
     F3                    4.221      -0.409       1.000    1.43%       4.000      4.000      4.000
             140.000       0.972       0.772       6.000    9.29%       4.000      5.000


THE MODEL ESTIMATION TERMINATED NORMALLY



MODEL FIT INFORMATION

Number of Free Parameters                       87

Loglikelihood

          H0 Value                       -6708.937
          H1 Value                       -6447.803

Information Criteria

          Akaike (AIC)                   13591.874
          Bayesian (BIC)                 13917.516
          Sample-Size Adjusted BIC       13641.581
            (n* = (n + 2) / 24)

Chi-Square Test of Model Fit

          Value                            522.269
          Degrees of Freedom                   291
          P-Value                           0.0000

Chi-Square Contribution From Each Group

          MALE                             251.686
          FEMALE                           270.583

RMSEA (Root Mean Square Error Of Approximation)

          Estimate                           0.071
          90 Percent C.I.                    0.061  0.081
          Probability RMSEA <= .05           0.000

CFI/TLI

          CFI                                0.914
          TLI                                0.910

Chi-Square Test of Model Fit for the Baseline Model

          Value                           2997.338
          Degrees of Freedom                   306
          P-Value                           0.0000

SRMR (Standardized Root Mean Square Residual)

          Value                              0.127



MODEL RESULTS

                                                    Two-Tailed
                    Estimate       S.E.  Est./S.E.    P-Value

Group MALE

 VALUE    BY
    A1                 0.795      0.052     15.329      0.000
    A2                 0.691      0.056     12.311      0.000
    A3                 0.603      0.054     11.197      0.000

 JOBSTYLE BY
    B1                 0.784      0.062     12.632      0.000
    B2                 0.941      0.058     16.265      0.000
    B3                 0.833      0.055     15.063      0.000

 TEAMWORK BY
    C1                 0.690      0.054     12.884      0.000
    C2                 0.749      0.056     13.259      0.000
    C3                 0.673      0.058     11.507      0.000

 LEADERSH BY
    D1                 0.815      0.044     18.353      0.000
    D2                 0.740      0.039     18.822      0.000
    D3                 0.654      0.047     14.029      0.000

 LEARNING BY
    E1                 0.792      0.046     17.125      0.000
    E2                 0.894      0.046     19.629      0.000
    E3                 0.788      0.047     16.798      0.000

 ENVIRONM BY
    F1                 0.639      0.067      9.468      0.000
    F2                 0.801      0.058     13.874      0.000
    F3                 0.745      0.048     15.480      0.000

 VALUE    WITH
    JOBSTYLE           0.520      0.057      9.073      0.000
    TEAMWORK           0.475      0.064      7.377      0.000
    LEADERSH           0.419      0.059      7.044      0.000
    LEARNING           0.507      0.056      9.038      0.000
    ENVIRONM           0.677      0.048     14.069      0.000

 JOBSTYLE WITH
    TEAMWORK           0.687      0.048     14.253      0.000
    LEADERSH           0.449      0.056      8.064      0.000
    LEARNING           0.558      0.050     11.271      0.000
    ENVIRONM           0.353      0.064      5.550      0.000

 TEAMWORK WITH
    LEADERSH           0.520      0.056      9.260      0.000
    LEARNING           0.591      0.051     11.552      0.000
    ENVIRONM           0.589      0.057     10.323      0.000

 LEADERSH WITH
    LEARNING           0.560      0.047     11.942      0.000
    ENVIRONM           0.321      0.063      5.104      0.000

 LEARNING WITH
    ENVIRONM           0.416      0.058      7.138      0.000

 Means
    VALUE              0.000      0.000    999.000    999.000
    JOBSTYLE           0.000      0.000    999.000    999.000
    TEAMWORK           0.000      0.000    999.000    999.000
    LEADERSH           0.000      0.000    999.000    999.000
    LEARNING           0.000      0.000    999.000    999.000
    ENVIRONM           0.000      0.000    999.000    999.000

 Intercepts
    A1                 4.552      0.074     61.740      0.000
    A2                 4.442      0.077     57.626      0.000
    A3                 4.145      0.073     56.659      0.000
    B1                 4.110      0.088     46.782      0.000
    B2                 4.407      0.087     50.781      0.000
    B3                 4.390      0.082     53.845      0.000
    C1                 4.442      0.074     60.159      0.000
    C2                 4.326      0.078     55.218      0.000
    C3                 4.442      0.079     56.233      0.000
    D1                 4.831      0.071     67.697      0.000
    D2                 4.953      0.064     77.710      0.000
    D3                 4.913      0.069     71.003      0.000
    E1                 4.750      0.073     64.931      0.000
    E2                 4.884      0.076     64.630      0.000
    E3                 4.797      0.074     64.801      0.000
    F1                 4.297      0.088     48.549      0.000
    F2                 4.808      0.082     58.863      0.000
    F3                 4.703      0.069     68.097      0.000

 Variances
    VALUE              1.000      0.000    999.000    999.000
    JOBSTYLE           1.000      0.000    999.000    999.000
    TEAMWORK           1.000      0.000    999.000    999.000
    LEADERSH           1.000      0.000    999.000    999.000
    LEARNING           1.000      0.000    999.000    999.000
    ENVIRONM           1.000      0.000    999.000    999.000

 Residual Variances
    A1                 0.303      0.049      6.215      0.000
    A2                 0.544      0.056      9.732      0.000
    A3                 0.558      0.053     10.615      0.000
    B1                 0.713      0.068     10.415      0.000
    B2                 0.411      0.057      7.214      0.000
    B3                 0.449      0.052      8.621      0.000
    C1                 0.462      0.051      9.149      0.000
    C2                 0.495      0.056      8.822      0.000
    C3                 0.621      0.061     10.141      0.000
    D1                 0.212      0.030      7.125      0.000
    D2                 0.152      0.023      6.492      0.000
    D3                 0.396      0.037     10.654      0.000
    E1                 0.294      0.032      9.138      0.000
    E2                 0.182      0.030      6.137      0.000
    E3                 0.321      0.033      9.707      0.000
    F1                 0.939      0.084     11.139      0.000
    F2                 0.507      0.058      8.710      0.000
    F3                 0.266      0.042      6.389      0.000

Group FEMALE

 VALUE    BY
    A1                 0.795      0.052     15.329      0.000
    A2                 0.691      0.056     12.311      0.000
    A3                 0.603      0.054     11.197      0.000

 JOBSTYLE BY
    B1                 0.784      0.062     12.632      0.000
    B2                 0.941      0.058     16.265      0.000
    B3                 0.833      0.055     15.063      0.000

 TEAMWORK BY
    C1                 0.690      0.054     12.884      0.000
    C2                 0.749      0.056     13.259      0.000
    C3                 0.673      0.058     11.507      0.000

 LEADERSH BY
    D1                 0.815      0.044     18.353      0.000
    D2                 0.740      0.039     18.822      0.000
    D3                 0.654      0.047     14.029      0.000

 LEARNING BY
    E1                 0.792      0.046     17.125      0.000
    E2                 0.894      0.046     19.629      0.000
    E3                 0.788      0.047     16.798      0.000

 ENVIRONM BY
    F1                 0.639      0.067      9.468      0.000
    F2                 0.801      0.058     13.874      0.000
    F3                 0.745      0.048     15.480      0.000

 VALUE    WITH
    JOBSTYLE           0.520      0.057      9.073      0.000
    TEAMWORK           0.475      0.064      7.377      0.000
    LEADERSH           0.419      0.059      7.044      0.000
    LEARNING           0.507      0.056      9.038      0.000
    ENVIRONM           0.677      0.048     14.069      0.000

 JOBSTYLE WITH
    TEAMWORK           0.687      0.048     14.253      0.000
    LEADERSH           0.449      0.056      8.064      0.000
    LEARNING           0.558      0.050     11.271      0.000
    ENVIRONM           0.353      0.064      5.550      0.000

 TEAMWORK WITH
    LEADERSH           0.520      0.056      9.260      0.000
    LEARNING           0.591      0.051     11.552      0.000
    ENVIRONM           0.589      0.057     10.323      0.000

 LEADERSH WITH
    LEARNING           0.560      0.047     11.942      0.000
    ENVIRONM           0.321      0.063      5.104      0.000

 LEARNING WITH
    ENVIRONM           0.416      0.058      7.138      0.000

 Means
    VALUE              0.000      0.000    999.000    999.000
    JOBSTYLE           0.000      0.000    999.000    999.000
    TEAMWORK           0.000      0.000    999.000    999.000
    LEADERSH           0.000      0.000    999.000    999.000
    LEARNING           0.000      0.000    999.000    999.000
    ENVIRONM           0.000      0.000    999.000    999.000

 Intercepts
    A1                 4.236      0.082     51.828      0.000
    A2                 4.136      0.085     48.407      0.000
    A3                 3.971      0.081     48.973      0.000
    B1                 3.893      0.097     39.972      0.000
    B2                 4.050      0.096     42.104      0.000
    B3                 4.043      0.090     44.742      0.000
    C1                 4.279      0.082     52.280      0.000
    C2                 4.343      0.087     50.017      0.000
    C3                 4.136      0.088     47.236      0.000
    D1                 4.836      0.079     61.130      0.000
    D2                 4.936      0.071     69.858      0.000
    D3                 4.736      0.077     61.750      0.000
    E1                 4.479      0.081     55.233      0.000
    E2                 4.543      0.084     54.239      0.000
    E3                 4.579      0.082     55.807      0.000
    F1                 4.136      0.098     42.161      0.000
    F2                 4.393      0.091     48.519      0.000
    F3                 4.221      0.077     55.140      0.000

 Variances
    VALUE              1.000      0.000    999.000    999.000
    JOBSTYLE           1.000      0.000    999.000    999.000
    TEAMWORK           1.000      0.000    999.000    999.000
    LEADERSH           1.000      0.000    999.000    999.000
    LEARNING           1.000      0.000    999.000    999.000
    ENVIRONM           1.000      0.000    999.000    999.000

 Residual Variances
    A1                 0.303      0.049      6.215      0.000
    A2                 0.544      0.056      9.732      0.000
    A3                 0.558      0.053     10.615      0.000
    B1                 0.713      0.068     10.415      0.000
    B2                 0.411      0.057      7.214      0.000
    B3                 0.449      0.052      8.621      0.000
    C1                 0.462      0.051      9.149      0.000
    C2                 0.495      0.056      8.822      0.000
    C3                 0.621      0.061     10.141      0.000
    D1                 0.212      0.030      7.125      0.000
    D2                 0.152      0.023      6.492      0.000
    D3                 0.396      0.037     10.654      0.000
    E1                 0.294      0.032      9.138      0.000
    E2                 0.182      0.030      6.137      0.000
    E3                 0.321      0.033      9.707      0.000
    F1                 0.939      0.084     11.139      0.000
    F2                 0.507      0.058      8.710      0.000
    F3                 0.266      0.042      6.389      0.000


QUALITY OF NUMERICAL RESULTS

     Condition Number for the Information Matrix              0.986E-02
       (ratio of smallest to largest eigenvalue)


DIAGRAM INFORMATION

  Use View Diagram under the Diagram menu in the Mplus Editor to view the diagram.
  If running Mplus from the Mplus Diagrammer, the diagram opens automatically.

  Diagram output
    c:\sem\ch09\mplus\ch09mg4.dgm

     Beginning Time:  00:34:05
        Ending Time:  00:34:05
       Elapsed Time:  00:00:00



MUTHEN & MUTHEN
3463 Stoner Ave.
Los Angeles, CA  90066

Tel: (310) 391-9971
Fax: (310) 391-8971
Web: www.StatModel.com
Support: Support@StatModel.com

Copyright (c) 1998-2017 Muthen & Muthen
