Mplus VERSION 8
MUTHEN & MUTHEN
04/03/2018  12:24 AM

INPUT INSTRUCTIONS

  TITLE:	Ch09 Multigroup CFA using MPLUS
  DATA:   	FILE IS Ch09all.dat;
  VARIABLE:	NAMES ARE a1-a3 b1-b3 c1-c3 d1-d3 e1-e3 f1-f3;
  MODEL:
   VALUE    by a1* a2-a3;
   JOBSTYLE by b1* b2-b3;
   TEAMWORK by c1* c2-c3;
   LEADERSH by d1* d2-d3;
   LEARNING by e1* e2-e3;
   ENVIRONM by f1* f2-f3;
   VALUE@1;
   JOBSTYLE@1;
   TEAMWORK@1;
   LEADERSH@1;
   LEARNING@1;
   ENVIRONM@1;

  OUTPUT:
  TECH1
  STANDARDIZED;



INPUT READING TERMINATED NORMALLY



Ch09 Multigroup CFA using MPLUS

SUMMARY OF ANALYSIS

Number of groups                                                 1
Number of observations                                         312

Number of dependent variables                                   18
Number of independent variables                                  0
Number of continuous latent variables                            6

Observed dependent variables

  Continuous
   A1          A2          A3          B1          B2          B3
   C1          C2          C3          D1          D2          D3
   E1          E2          E3          F1          F2          F3

Continuous latent variables
   VALUE       JOBSTYLE    TEAMWORK    LEADERSH    LEARNING    ENVIRONM


Estimator                                                       ML
Information matrix                                        OBSERVED
Maximum number of iterations                                  1000
Convergence criterion                                    0.500D-04
Maximum number of steepest descent iterations                   20

Input data file(s)
  Ch09all.dat

Input data format  FREE



UNIVARIATE SAMPLE STATISTICS


     UNIVARIATE HIGHER-ORDER MOMENT DESCRIPTIVE STATISTICS

         Variable/         Mean/     Skewness/   Minimum/ % with                Percentiles
        Sample Size      Variance    Kurtosis    Maximum  Min/Max      20%/60%    40%/80%    Median

     A1                    4.410      -0.668       1.000    0.96%       4.000      4.000      5.000
             312.000       0.960       0.641       6.000    9.94%       5.000      5.000
     A2                    4.304      -0.527       1.000    0.32%       4.000      4.000      4.000
             312.000       1.045      -0.040       6.000    8.97%       5.000      5.000
     A3                    4.067      -0.457       1.000    1.60%       3.000      4.000      4.000
             312.000       0.928       0.547       6.000    4.49%       4.000      5.000
     B1                    4.013      -0.236       1.000    1.92%       3.000      4.000      4.000
             312.000       1.340      -0.550       6.000    8.01%       4.000      5.000
     B2                    4.247      -0.479       1.000    1.92%       3.000      4.000      4.000
             312.000       1.327      -0.179       6.000   12.18%       5.000      5.000
     B3                    4.234      -0.474       1.000    1.28%       3.000      4.000      4.000
             312.000       1.173      -0.079       6.000    9.62%       5.000      5.000
     C1                    4.369      -0.539       1.000    0.96%       4.000      4.000      4.000
             312.000       0.944       0.475       6.000    9.62%       5.000      5.000
     C2                    4.333      -0.381       1.000    0.32%       4.000      4.000      4.000
             312.000       1.056      -0.168       6.000   11.54%       5.000      5.000
     C3                    4.304      -0.665       1.000    1.92%       4.000      4.000      4.000
             312.000       1.096       0.680       6.000    9.94%       5.000      5.000
     D1                    4.833      -0.859       1.000    0.64%       4.000      5.000      5.000
             312.000       0.876       1.333       6.000   24.36%       5.000      6.000
     D2                    4.946      -0.556       2.000    0.96%       4.000      5.000      5.000
             312.000       0.699       0.313       6.000   26.92%       5.000      6.000
     D3                    4.833      -0.477       2.000    0.96%       4.000      5.000      5.000
             312.000       0.831      -0.192       6.000   25.32%       5.000      6.000
     E1                    4.628      -0.681       1.000    0.96%       4.000      4.000      5.000
             312.000       0.939       0.985       6.000   17.95%       5.000      5.000
     E2                    4.731      -0.710       1.000    0.32%       4.000      5.000      5.000
             312.000       1.011       0.440       6.000   23.40%       5.000      6.000
     E3                    4.699      -0.586       1.000    0.64%       4.000      5.000      5.000
             312.000       0.954       0.352       6.000   21.47%       5.000      6.000
     F1                    4.224      -0.407       1.000    1.92%       3.000      4.000      4.000
             312.000       1.354      -0.066       6.000   14.42%       5.000      5.000
     F2                    4.622      -0.690       1.000    1.28%       4.000      4.000      5.000
             312.000       1.190       0.537       6.000   23.72%       5.000      6.000
     F3                    4.487      -0.407       1.000    0.64%       4.000      4.000      4.500
             312.000       0.878       0.492       6.000   13.46%       5.000      5.000


THE MODEL ESTIMATION TERMINATED NORMALLY



MODEL FIT INFORMATION

Number of Free Parameters                       69

Loglikelihood

          H0 Value                       -6732.635
          H1 Value                       -6611.207

Information Criteria

          Akaike (AIC)                   13603.269
          Bayesian (BIC)                 13861.536
          Sample-Size Adjusted BIC       13642.691
            (n* = (n + 2) / 24)

Chi-Square Test of Model Fit

          Value                            242.856
          Degrees of Freedom                   120
          P-Value                           0.0000

RMSEA (Root Mean Square Error Of Approximation)

          Estimate                           0.057
          90 Percent C.I.                    0.047  0.068
          Probability RMSEA <= .05           0.121

CFI/TLI

          CFI                                0.954
          TLI                                0.941

Chi-Square Test of Model Fit for the Baseline Model

          Value                           2816.197
          Degrees of Freedom                   153
          P-Value                           0.0000

SRMR (Standardized Root Mean Square Residual)

          Value                              0.050



MODEL RESULTS

                                                    Two-Tailed
                    Estimate       S.E.  Est./S.E.    P-Value

 VALUE    BY
    A1                 0.811      0.052     15.612      0.000
    A2                 0.709      0.056     12.606      0.000
    A3                 0.606      0.054     11.281      0.000

 JOBSTYLE BY
    B1                 0.789      0.062     12.714      0.000
    B2                 0.958      0.058     16.487      0.000
    B3                 0.851      0.056     15.293      0.000

 TEAMWORK BY
    C1                 0.694      0.054     12.883      0.000
    C2                 0.732      0.057     12.843      0.000
    C3                 0.690      0.059     11.691      0.000

 LEADERSH BY
    D1                 0.813      0.044     18.301      0.000
    D2                 0.740      0.039     18.835      0.000
    D3                 0.656      0.047     14.000      0.000

 LEARNING BY
    E1                 0.803      0.046     17.280      0.000
    E2                 0.910      0.046     19.774      0.000
    E3                 0.794      0.047     16.877      0.000

 ENVIRONM BY
    F1                 0.634      0.067      9.426      0.000
    F2                 0.826      0.058     14.242      0.000
    F3                 0.783      0.049     15.977      0.000

 JOBSTYLE WITH
    VALUE              0.537      0.056      9.627      0.000

 TEAMWORK WITH
    VALUE              0.487      0.064      7.624      0.000
    JOBSTYLE           0.693      0.048     14.549      0.000

 LEADERSH WITH
    VALUE              0.416      0.059      7.015      0.000
    JOBSTYLE           0.446      0.056      7.999      0.000
    TEAMWORK           0.521      0.056      9.257      0.000

 LEARNING WITH
    VALUE              0.523      0.055      9.559      0.000
    JOBSTYLE           0.572      0.048     11.835      0.000
    TEAMWORK           0.601      0.051     11.855      0.000
    LEADERSH           0.555      0.047     11.785      0.000

 ENVIRONM WITH
    VALUE              0.692      0.046     15.003      0.000
    JOBSTYLE           0.384      0.062      6.223      0.000
    TEAMWORK           0.594      0.057     10.495      0.000
    LEADERSH           0.313      0.063      5.001      0.000
    LEARNING           0.439      0.056      7.780      0.000

 Intercepts
    A1                 4.410      0.055     79.511      0.000
    A2                 4.304      0.058     74.373      0.000
    A3                 4.067      0.055     74.571      0.000
    B1                 4.013      0.066     61.241      0.000
    B2                 4.247      0.065     65.120      0.000
    B3                 4.234      0.061     69.057      0.000
    C1                 4.369      0.055     79.409      0.000
    C2                 4.333      0.058     74.500      0.000
    C3                 4.304      0.059     72.613      0.000
    D1                 4.833      0.053     91.213      0.000
    D2                 4.946      0.047    104.487      0.000
    D3                 4.833      0.052     93.642      0.000
    E1                 4.628      0.055     84.378      0.000
    E2                 4.731      0.057     83.112      0.000
    E3                 4.699      0.055     84.969      0.000
    F1                 4.224      0.066     64.137      0.000
    F2                 4.622      0.062     74.827      0.000
    F3                 4.487      0.053     84.585      0.000

 Variances
    VALUE              1.000      0.000    999.000    999.000
    JOBSTYLE           1.000      0.000    999.000    999.000
    TEAMWORK           1.000      0.000    999.000    999.000
    LEADERSH           1.000      0.000    999.000    999.000
    LEARNING           1.000      0.000    999.000    999.000
    ENVIRONM           1.000      0.000    999.000    999.000

 Residual Variances
    A1                 0.303      0.049      6.229      0.000
    A2                 0.543      0.056      9.706      0.000
    A3                 0.561      0.052     10.697      0.000
    B1                 0.717      0.068     10.471      0.000
    B2                 0.409      0.057      7.184      0.000
    B3                 0.449      0.052      8.583      0.000
    C1                 0.462      0.051      9.025      0.000
    C2                 0.520      0.057      9.092      0.000
    C3                 0.620      0.062      9.972      0.000
    D1                 0.215      0.030      7.205      0.000
    D2                 0.151      0.023      6.454      0.000
    D3                 0.400      0.038     10.646      0.000
    E1                 0.293      0.032      9.128      0.000
    E2                 0.183      0.030      6.106      0.000
    E3                 0.323      0.033      9.760      0.000
    F1                 0.951      0.085     11.252      0.000
    F2                 0.508      0.058      8.695      0.000
    F3                 0.266      0.043      6.190      0.000


STANDARDIZED MODEL RESULTS


STDYX Standardization

                                                    Two-Tailed
                    Estimate       S.E.  Est./S.E.    P-Value

 VALUE    BY
    A1                 0.828      0.032     25.906      0.000
    A2                 0.693      0.038     18.181      0.000
    A3                 0.629      0.041     15.219      0.000

 JOBSTYLE BY
    B1                 0.682      0.037     18.669      0.000
    B2                 0.832      0.027     30.330      0.000
    B3                 0.786      0.030     26.286      0.000

 TEAMWORK BY
    C1                 0.714      0.038     18.719      0.000
    C2                 0.712      0.038     18.634      0.000
    C3                 0.659      0.041     16.009      0.000

 LEADERSH BY
    D1                 0.869      0.021     40.951      0.000
    D2                 0.885      0.020     43.674      0.000
    D3                 0.720      0.032     22.612      0.000

 LEARNING BY
    E1                 0.829      0.023     36.649      0.000
    E2                 0.905      0.018     51.584      0.000
    E3                 0.813      0.023     34.854      0.000

 ENVIRONM BY
    F1                 0.545      0.047     11.625      0.000
    F2                 0.757      0.034     22.587      0.000
    F3                 0.835      0.031     27.263      0.000

 JOBSTYLE WITH
    VALUE              0.537      0.056      9.627      0.000

 TEAMWORK WITH
    VALUE              0.487      0.064      7.624      0.000
    JOBSTYLE           0.693      0.048     14.549      0.000

 LEADERSH WITH
    VALUE              0.416      0.059      7.015      0.000
    JOBSTYLE           0.446      0.056      7.999      0.000
    TEAMWORK           0.521      0.056      9.257      0.000

 LEARNING WITH
    VALUE              0.523      0.055      9.559      0.000
    JOBSTYLE           0.572      0.048     11.835      0.000
    TEAMWORK           0.601      0.051     11.855      0.000
    LEADERSH           0.555      0.047     11.785      0.000

 ENVIRONM WITH
    VALUE              0.692      0.046     15.003      0.000
    JOBSTYLE           0.384      0.062      6.223      0.000
    TEAMWORK           0.594      0.057     10.495      0.000
    LEADERSH           0.313      0.063      5.001      0.000
    LEARNING           0.439      0.056      7.780      0.000

 Intercepts
    A1                 4.501      0.189     23.832      0.000
    A2                 4.211      0.178     23.680      0.000
    A3                 4.222      0.178     23.686      0.000
    B1                 3.467      0.150     23.130      0.000
    B2                 3.687      0.158     23.323      0.000
    B3                 3.910      0.166     23.490      0.000
    C1                 4.496      0.189     23.829      0.000
    C2                 4.218      0.178     23.684      0.000
    C3                 4.111      0.174     23.621      0.000
    D1                 5.164      0.214     24.093      0.000
    D2                 5.915      0.243     24.295      0.000
    D3                 5.301      0.220     24.136      0.000
    E1                 4.777      0.199     23.952      0.000
    E2                 4.705      0.197     23.923      0.000
    E3                 4.810      0.201     23.966      0.000
    F1                 3.631      0.156     23.277      0.000
    F2                 4.236      0.179     23.695      0.000
    F3                 4.789      0.200     23.957      0.000

 Variances
    VALUE              1.000      0.000    999.000    999.000
    JOBSTYLE           1.000      0.000    999.000    999.000
    TEAMWORK           1.000      0.000    999.000    999.000
    LEADERSH           1.000      0.000    999.000    999.000
    LEARNING           1.000      0.000    999.000    999.000
    ENVIRONM           1.000      0.000    999.000    999.000

 Residual Variances
    A1                 0.315      0.053      5.961      0.000
    A2                 0.519      0.053      9.821      0.000
    A3                 0.604      0.052     11.624      0.000
    B1                 0.535      0.050     10.738      0.000
    B2                 0.309      0.046      6.768      0.000
    B3                 0.383      0.047      8.144      0.000
    C1                 0.490      0.055      8.976      0.000
    C2                 0.493      0.054      9.058      0.000
    C3                 0.565      0.054     10.415      0.000
    D1                 0.246      0.037      6.663      0.000
    D2                 0.216      0.036      6.014      0.000
    D3                 0.482      0.046     10.507      0.000
    E1                 0.313      0.038      8.332      0.000
    E2                 0.181      0.032      5.688      0.000
    E3                 0.339      0.038      8.920      0.000
    F1                 0.703      0.051     13.736      0.000
    F2                 0.427      0.051      8.401      0.000
    F3                 0.302      0.051      5.910      0.000


STDY Standardization

                                                    Two-Tailed
                    Estimate       S.E.  Est./S.E.    P-Value

 VALUE    BY
    A1                 0.828      0.032     25.906      0.000
    A2                 0.693      0.038     18.181      0.000
    A3                 0.629      0.041     15.219      0.000

 JOBSTYLE BY
    B1                 0.682      0.037     18.669      0.000
    B2                 0.832      0.027     30.330      0.000
    B3                 0.786      0.030     26.286      0.000

 TEAMWORK BY
    C1                 0.714      0.038     18.719      0.000
    C2                 0.712      0.038     18.634      0.000
    C3                 0.659      0.041     16.009      0.000

 LEADERSH BY
    D1                 0.869      0.021     40.951      0.000
    D2                 0.885      0.020     43.674      0.000
    D3                 0.720      0.032     22.612      0.000

 LEARNING BY
    E1                 0.829      0.023     36.649      0.000
    E2                 0.905      0.018     51.584      0.000
    E3                 0.813      0.023     34.854      0.000

 ENVIRONM BY
    F1                 0.545      0.047     11.625      0.000
    F2                 0.757      0.034     22.587      0.000
    F3                 0.835      0.031     27.263      0.000

 JOBSTYLE WITH
    VALUE              0.537      0.056      9.627      0.000

 TEAMWORK WITH
    VALUE              0.487      0.064      7.624      0.000
    JOBSTYLE           0.693      0.048     14.549      0.000

 LEADERSH WITH
    VALUE              0.416      0.059      7.015      0.000
    JOBSTYLE           0.446      0.056      7.999      0.000
    TEAMWORK           0.521      0.056      9.257      0.000

 LEARNING WITH
    VALUE              0.523      0.055      9.559      0.000
    JOBSTYLE           0.572      0.048     11.835      0.000
    TEAMWORK           0.601      0.051     11.855      0.000
    LEADERSH           0.555      0.047     11.785      0.000

 ENVIRONM WITH
    VALUE              0.692      0.046     15.003      0.000
    JOBSTYLE           0.384      0.062      6.223      0.000
    TEAMWORK           0.594      0.057     10.495      0.000
    LEADERSH           0.313      0.063      5.001      0.000
    LEARNING           0.439      0.056      7.780      0.000

 Intercepts
    A1                 4.501      0.189     23.832      0.000
    A2                 4.211      0.178     23.680      0.000
    A3                 4.222      0.178     23.686      0.000
    B1                 3.467      0.150     23.130      0.000
    B2                 3.687      0.158     23.323      0.000
    B3                 3.910      0.166     23.490      0.000
    C1                 4.496      0.189     23.829      0.000
    C2                 4.218      0.178     23.684      0.000
    C3                 4.111      0.174     23.621      0.000
    D1                 5.164      0.214     24.093      0.000
    D2                 5.915      0.243     24.295      0.000
    D3                 5.301      0.220     24.136      0.000
    E1                 4.777      0.199     23.952      0.000
    E2                 4.705      0.197     23.923      0.000
    E3                 4.810      0.201     23.966      0.000
    F1                 3.631      0.156     23.277      0.000
    F2                 4.236      0.179     23.695      0.000
    F3                 4.789      0.200     23.957      0.000

 Variances
    VALUE              1.000      0.000    999.000    999.000
    JOBSTYLE           1.000      0.000    999.000    999.000
    TEAMWORK           1.000      0.000    999.000    999.000
    LEADERSH           1.000      0.000    999.000    999.000
    LEARNING           1.000      0.000    999.000    999.000
    ENVIRONM           1.000      0.000    999.000    999.000

 Residual Variances
    A1                 0.315      0.053      5.961      0.000
    A2                 0.519      0.053      9.821      0.000
    A3                 0.604      0.052     11.624      0.000
    B1                 0.535      0.050     10.738      0.000
    B2                 0.309      0.046      6.768      0.000
    B3                 0.383      0.047      8.144      0.000
    C1                 0.490      0.055      8.976      0.000
    C2                 0.493      0.054      9.058      0.000
    C3                 0.565      0.054     10.415      0.000
    D1                 0.246      0.037      6.663      0.000
    D2                 0.216      0.036      6.014      0.000
    D3                 0.482      0.046     10.507      0.000
    E1                 0.313      0.038      8.332      0.000
    E2                 0.181      0.032      5.688      0.000
    E3                 0.339      0.038      8.920      0.000
    F1                 0.703      0.051     13.736      0.000
    F2                 0.427      0.051      8.401      0.000
    F3                 0.302      0.051      5.910      0.000


STD Standardization

                                                    Two-Tailed
                    Estimate       S.E.  Est./S.E.    P-Value

 VALUE    BY
    A1                 0.811      0.052     15.612      0.000
    A2                 0.709      0.056     12.606      0.000
    A3                 0.606      0.054     11.281      0.000

 JOBSTYLE BY
    B1                 0.789      0.062     12.714      0.000
    B2                 0.958      0.058     16.487      0.000
    B3                 0.851      0.056     15.293      0.000

 TEAMWORK BY
    C1                 0.694      0.054     12.883      0.000
    C2                 0.732      0.057     12.843      0.000
    C3                 0.690      0.059     11.691      0.000

 LEADERSH BY
    D1                 0.813      0.044     18.301      0.000
    D2                 0.740      0.039     18.835      0.000
    D3                 0.656      0.047     14.000      0.000

 LEARNING BY
    E1                 0.803      0.046     17.280      0.000
    E2                 0.910      0.046     19.774      0.000
    E3                 0.794      0.047     16.877      0.000

 ENVIRONM BY
    F1                 0.634      0.067      9.426      0.000
    F2                 0.826      0.058     14.242      0.000
    F3                 0.783      0.049     15.977      0.000

 JOBSTYLE WITH
    VALUE              0.537      0.056      9.627      0.000

 TEAMWORK WITH
    VALUE              0.487      0.064      7.624      0.000
    JOBSTYLE           0.693      0.048     14.549      0.000

 LEADERSH WITH
    VALUE              0.416      0.059      7.015      0.000
    JOBSTYLE           0.446      0.056      7.999      0.000
    TEAMWORK           0.521      0.056      9.257      0.000

 LEARNING WITH
    VALUE              0.523      0.055      9.559      0.000
    JOBSTYLE           0.572      0.048     11.835      0.000
    TEAMWORK           0.601      0.051     11.855      0.000
    LEADERSH           0.555      0.047     11.785      0.000

 ENVIRONM WITH
    VALUE              0.692      0.046     15.003      0.000
    JOBSTYLE           0.384      0.062      6.223      0.000
    TEAMWORK           0.594      0.057     10.495      0.000
    LEADERSH           0.313      0.063      5.001      0.000
    LEARNING           0.439      0.056      7.780      0.000

 Intercepts
    A1                 4.410      0.055     79.511      0.000
    A2                 4.304      0.058     74.373      0.000
    A3                 4.067      0.055     74.571      0.000
    B1                 4.013      0.066     61.241      0.000
    B2                 4.247      0.065     65.120      0.000
    B3                 4.234      0.061     69.057      0.000
    C1                 4.369      0.055     79.409      0.000
    C2                 4.333      0.058     74.500      0.000
    C3                 4.304      0.059     72.613      0.000
    D1                 4.833      0.053     91.213      0.000
    D2                 4.946      0.047    104.487      0.000
    D3                 4.833      0.052     93.642      0.000
    E1                 4.628      0.055     84.378      0.000
    E2                 4.731      0.057     83.112      0.000
    E3                 4.699      0.055     84.969      0.000
    F1                 4.224      0.066     64.137      0.000
    F2                 4.622      0.062     74.827      0.000
    F3                 4.487      0.053     84.585      0.000

 Variances
    VALUE              1.000      0.000    999.000    999.000
    JOBSTYLE           1.000      0.000    999.000    999.000
    TEAMWORK           1.000      0.000    999.000    999.000
    LEADERSH           1.000      0.000    999.000    999.000
    LEARNING           1.000      0.000    999.000    999.000
    ENVIRONM           1.000      0.000    999.000    999.000

 Residual Variances
    A1                 0.303      0.049      6.229      0.000
    A2                 0.543      0.056      9.706      0.000
    A3                 0.561      0.052     10.697      0.000
    B1                 0.717      0.068     10.471      0.000
    B2                 0.409      0.057      7.184      0.000
    B3                 0.449      0.052      8.583      0.000
    C1                 0.462      0.051      9.025      0.000
    C2                 0.520      0.057      9.092      0.000
    C3                 0.620      0.062      9.972      0.000
    D1                 0.215      0.030      7.205      0.000
    D2                 0.151      0.023      6.454      0.000
    D3                 0.400      0.038     10.646      0.000
    E1                 0.293      0.032      9.128      0.000
    E2                 0.183      0.030      6.106      0.000
    E3                 0.323      0.033      9.760      0.000
    F1                 0.951      0.085     11.252      0.000
    F2                 0.508      0.058      8.695      0.000
    F3                 0.266      0.043      6.190      0.000


R-SQUARE

    Observed                                        Two-Tailed
    Variable        Estimate       S.E.  Est./S.E.    P-Value

    A1                 0.685      0.053     12.953      0.000
    A2                 0.481      0.053      9.091      0.000
    A3                 0.396      0.052      7.609      0.000
    B1                 0.465      0.050      9.335      0.000
    B2                 0.691      0.046     15.165      0.000
    B3                 0.617      0.047     13.143      0.000
    C1                 0.510      0.055      9.360      0.000
    C2                 0.507      0.054      9.317      0.000
    C3                 0.435      0.054      8.004      0.000
    D1                 0.754      0.037     20.476      0.000
    D2                 0.784      0.036     21.837      0.000
    D3                 0.518      0.046     11.306      0.000
    E1                 0.687      0.038     18.325      0.000
    E2                 0.819      0.032     25.792      0.000
    E3                 0.661      0.038     17.427      0.000
    F1                 0.297      0.051      5.813      0.000
    F2                 0.573      0.051     11.293      0.000
    F3                 0.698      0.051     13.631      0.000


QUALITY OF NUMERICAL RESULTS

     Condition Number for the Information Matrix              0.545E-02
       (ratio of smallest to largest eigenvalue)


TECHNICAL 1 OUTPUT


     PARAMETER SPECIFICATION


           NU
              A1            A2            A3            B1            B2
              ________      ________      ________      ________      ________
                  1             2             3             4             5


           NU
              B3            C1            C2            C3            D1
              ________      ________      ________      ________      ________
                  6             7             8             9            10


           NU
              D2            D3            E1            E2            E3
              ________      ________      ________      ________      ________
                 11            12            13            14            15


           NU
              F1            F2            F3
              ________      ________      ________
                 16            17            18


           LAMBDA
              VALUE         JOBSTYLE      TEAMWORK      LEADERSH      LEARNING
              ________      ________      ________      ________      ________
 A1                19             0             0             0             0
 A2                20             0             0             0             0
 A3                21             0             0             0             0
 B1                 0            22             0             0             0
 B2                 0            23             0             0             0
 B3                 0            24             0             0             0
 C1                 0             0            25             0             0
 C2                 0             0            26             0             0
 C3                 0             0            27             0             0
 D1                 0             0             0            28             0
 D2                 0             0             0            29             0
 D3                 0             0             0            30             0
 E1                 0             0             0             0            31
 E2                 0             0             0             0            32
 E3                 0             0             0             0            33
 F1                 0             0             0             0             0
 F2                 0             0             0             0             0
 F3                 0             0             0             0             0


           LAMBDA
              ENVIRONM
              ________
 A1                 0
 A2                 0
 A3                 0
 B1                 0
 B2                 0
 B3                 0
 C1                 0
 C2                 0
 C3                 0
 D1                 0
 D2                 0
 D3                 0
 E1                 0
 E2                 0
 E3                 0
 F1                34
 F2                35
 F3                36


           THETA
              A1            A2            A3            B1            B2
              ________      ________      ________      ________      ________
 A1                37
 A2                 0            38
 A3                 0             0            39
 B1                 0             0             0            40
 B2                 0             0             0             0            41
 B3                 0             0             0             0             0
 C1                 0             0             0             0             0
 C2                 0             0             0             0             0
 C3                 0             0             0             0             0
 D1                 0             0             0             0             0
 D2                 0             0             0             0             0
 D3                 0             0             0             0             0
 E1                 0             0             0             0             0
 E2                 0             0             0             0             0
 E3                 0             0             0             0             0
 F1                 0             0             0             0             0
 F2                 0             0             0             0             0
 F3                 0             0             0             0             0


           THETA
              B3            C1            C2            C3            D1
              ________      ________      ________      ________      ________
 B3                42
 C1                 0            43
 C2                 0             0            44
 C3                 0             0             0            45
 D1                 0             0             0             0            46
 D2                 0             0             0             0             0
 D3                 0             0             0             0             0
 E1                 0             0             0             0             0
 E2                 0             0             0             0             0
 E3                 0             0             0             0             0
 F1                 0             0             0             0             0
 F2                 0             0             0             0             0
 F3                 0             0             0             0             0


           THETA
              D2            D3            E1            E2            E3
              ________      ________      ________      ________      ________
 D2                47
 D3                 0            48
 E1                 0             0            49
 E2                 0             0             0            50
 E3                 0             0             0             0            51
 F1                 0             0             0             0             0
 F2                 0             0             0             0             0
 F3                 0             0             0             0             0


           THETA
              F1            F2            F3
              ________      ________      ________
 F1                52
 F2                 0            53
 F3                 0             0            54


           ALPHA
              VALUE         JOBSTYLE      TEAMWORK      LEADERSH      LEARNING
              ________      ________      ________      ________      ________
                  0             0             0             0             0


           ALPHA
              ENVIRONM
              ________
                  0


           BETA
              VALUE         JOBSTYLE      TEAMWORK      LEADERSH      LEARNING
              ________      ________      ________      ________      ________
 VALUE              0             0             0             0             0
 JOBSTYLE           0             0             0             0             0
 TEAMWORK           0             0             0             0             0
 LEADERSH           0             0             0             0             0
 LEARNING           0             0             0             0             0
 ENVIRONM           0             0             0             0             0


           BETA
              ENVIRONM
              ________
 VALUE              0
 JOBSTYLE           0
 TEAMWORK           0
 LEADERSH           0
 LEARNING           0
 ENVIRONM           0


           PSI
              VALUE         JOBSTYLE      TEAMWORK      LEADERSH      LEARNING
              ________      ________      ________      ________      ________
 VALUE              0
 JOBSTYLE          55             0
 TEAMWORK          56            57             0
 LEADERSH          58            59            60             0
 LEARNING          61            62            63            64             0
 ENVIRONM          65            66            67            68            69


           PSI
              ENVIRONM
              ________
 ENVIRONM           0


     STARTING VALUES


           NU
              A1            A2            A3            B1            B2
              ________      ________      ________      ________      ________
                4.410         4.304         4.067         4.013         4.247


           NU
              B3            C1            C2            C3            D1
              ________      ________      ________      ________      ________
                4.234         4.369         4.333         4.304         4.833


           NU
              D2            D3            E1            E2            E3
              ________      ________      ________      ________      ________
                4.946         4.833         4.628         4.731         4.699


           NU
              F1            F2            F3
              ________      ________      ________
                4.224         4.622         4.487


           LAMBDA
              VALUE         JOBSTYLE      TEAMWORK      LEADERSH      LEARNING
              ________      ________      ________      ________      ________
 A1             1.000         0.000         0.000         0.000         0.000
 A2             1.000         0.000         0.000         0.000         0.000
 A3             1.000         0.000         0.000         0.000         0.000
 B1             0.000         1.000         0.000         0.000         0.000
 B2             0.000         1.000         0.000         0.000         0.000
 B3             0.000         1.000         0.000         0.000         0.000
 C1             0.000         0.000         1.000         0.000         0.000
 C2             0.000         0.000         1.000         0.000         0.000
 C3             0.000         0.000         1.000         0.000         0.000
 D1             0.000         0.000         0.000         1.000         0.000
 D2             0.000         0.000         0.000         1.000         0.000
 D3             0.000         0.000         0.000         1.000         0.000
 E1             0.000         0.000         0.000         0.000         1.000
 E2             0.000         0.000         0.000         0.000         1.000
 E3             0.000         0.000         0.000         0.000         1.000
 F1             0.000         0.000         0.000         0.000         0.000
 F2             0.000         0.000         0.000         0.000         0.000
 F3             0.000         0.000         0.000         0.000         0.000


           LAMBDA
              ENVIRONM
              ________
 A1             0.000
 A2             0.000
 A3             0.000
 B1             0.000
 B2             0.000
 B3             0.000
 C1             0.000
 C2             0.000
 C3             0.000
 D1             0.000
 D2             0.000
 D3             0.000
 E1             0.000
 E2             0.000
 E3             0.000
 F1             1.000
 F2             1.000
 F3             1.000


           THETA
              A1            A2            A3            B1            B2
              ________      ________      ________      ________      ________
 A1             0.480
 A2             0.000         0.523
 A3             0.000         0.000         0.464
 B1             0.000         0.000         0.000         0.670
 B2             0.000         0.000         0.000         0.000         0.663
 B3             0.000         0.000         0.000         0.000         0.000
 C1             0.000         0.000         0.000         0.000         0.000
 C2             0.000         0.000         0.000         0.000         0.000
 C3             0.000         0.000         0.000         0.000         0.000
 D1             0.000         0.000         0.000         0.000         0.000
 D2             0.000         0.000         0.000         0.000         0.000
 D3             0.000         0.000         0.000         0.000         0.000
 E1             0.000         0.000         0.000         0.000         0.000
 E2             0.000         0.000         0.000         0.000         0.000
 E3             0.000         0.000         0.000         0.000         0.000
 F1             0.000         0.000         0.000         0.000         0.000
 F2             0.000         0.000         0.000         0.000         0.000
 F3             0.000         0.000         0.000         0.000         0.000


           THETA
              B3            C1            C2            C3            D1
              ________      ________      ________      ________      ________
 B3             0.586
 C1             0.000         0.472
 C2             0.000         0.000         0.528
 C3             0.000         0.000         0.000         0.548
 D1             0.000         0.000         0.000         0.000         0.438
 D2             0.000         0.000         0.000         0.000         0.000
 D3             0.000         0.000         0.000         0.000         0.000
 E1             0.000         0.000         0.000         0.000         0.000
 E2             0.000         0.000         0.000         0.000         0.000
 E3             0.000         0.000         0.000         0.000         0.000
 F1             0.000         0.000         0.000         0.000         0.000
 F2             0.000         0.000         0.000         0.000         0.000
 F3             0.000         0.000         0.000         0.000         0.000


           THETA
              D2            D3            E1            E2            E3
              ________      ________      ________      ________      ________
 D2             0.349
 D3             0.000         0.416
 E1             0.000         0.000         0.469
 E2             0.000         0.000         0.000         0.505
 E3             0.000         0.000         0.000         0.000         0.477
 F1             0.000         0.000         0.000         0.000         0.000
 F2             0.000         0.000         0.000         0.000         0.000
 F3             0.000         0.000         0.000         0.000         0.000


           THETA
              F1            F2            F3
              ________      ________      ________
 F1             0.677
 F2             0.000         0.595
 F3             0.000         0.000         0.439


           ALPHA
              VALUE         JOBSTYLE      TEAMWORK      LEADERSH      LEARNING
              ________      ________      ________      ________      ________
                0.000         0.000         0.000         0.000         0.000


           ALPHA
              ENVIRONM
              ________
                0.000


           BETA
              VALUE         JOBSTYLE      TEAMWORK      LEADERSH      LEARNING
              ________      ________      ________      ________      ________
 VALUE          0.000         0.000         0.000         0.000         0.000
 JOBSTYLE       0.000         0.000         0.000         0.000         0.000
 TEAMWORK       0.000         0.000         0.000         0.000         0.000
 LEADERSH       0.000         0.000         0.000         0.000         0.000
 LEARNING       0.000         0.000         0.000         0.000         0.000
 ENVIRONM       0.000         0.000         0.000         0.000         0.000


           BETA
              ENVIRONM
              ________
 VALUE          0.000
 JOBSTYLE       0.000
 TEAMWORK       0.000
 LEADERSH       0.000
 LEARNING       0.000
 ENVIRONM       0.000


           PSI
              VALUE         JOBSTYLE      TEAMWORK      LEADERSH      LEARNING
              ________      ________      ________      ________      ________
 VALUE          1.000
 JOBSTYLE       0.000         1.000
 TEAMWORK       0.000         0.000         1.000
 LEADERSH       0.000         0.000         0.000         1.000
 LEARNING       0.000         0.000         0.000         0.000         1.000
 ENVIRONM       0.000         0.000         0.000         0.000         0.000


           PSI
              ENVIRONM
              ________
 ENVIRONM       1.000


DIAGRAM INFORMATION

  Use View Diagram under the Diagram menu in the Mplus Editor to view the diagram.
  If running Mplus from the Mplus Diagrammer, the diagram opens automatically.

  Diagram output
    c:\sem\ch09\mplus\ch09all.dgm

     Beginning Time:  00:24:15
        Ending Time:  00:24:15
       Elapsed Time:  00:00:00



MUTHEN & MUTHEN
3463 Stoner Ave.
Los Angeles, CA  90066

Tel: (310) 391-9971
Fax: (310) 391-8971
Web: www.StatModel.com
Support: Support@StatModel.com

Copyright (c) 1998-2017 Muthen & Muthen
