Mplus VERSION 8
MUTHEN & MUTHEN
04/03/2018  12:25 AM

INPUT INSTRUCTIONS

  TITLE:	Ch09 Multigroup CFA using MPLUS for male only
  DATA:   	FILE IS Ch09m.dat;
  VARIABLE:	NAMES ARE a1-a3 b1-b3 c1-c3 d1-d3 e1-e3 f1-f3;
  MODEL:
   VALUE    by a1* a2-a3;
   JOBSTYLE by b1* b2-b3;
   TEAMWORK by c1* c2-c3;
   LEADERSH by d1* d2-d3;
   LEARNING by e1* e2-e3;
   ENVIRONM by f1* f2-f3;
   VALUE@1;
   JOBSTYLE@1;
   TEAMWORK@1;
   LEADERSH@1;
   LEARNING@1;
   ENVIRONM@1;

  OUTPUT:
  STANDARDIZED;



INPUT READING TERMINATED NORMALLY



Ch09 Multigroup CFA using MPLUS for male only

SUMMARY OF ANALYSIS

Number of groups                                                 1
Number of observations                                         172

Number of dependent variables                                   18
Number of independent variables                                  0
Number of continuous latent variables                            6

Observed dependent variables

  Continuous
   A1          A2          A3          B1          B2          B3
   C1          C2          C3          D1          D2          D3
   E1          E2          E3          F1          F2          F3

Continuous latent variables
   VALUE       JOBSTYLE    TEAMWORK    LEADERSH    LEARNING    ENVIRONM


Estimator                                                       ML
Information matrix                                        OBSERVED
Maximum number of iterations                                  1000
Convergence criterion                                    0.500D-04
Maximum number of steepest descent iterations                   20

Input data file(s)
  Ch09m.dat

Input data format  FREE



UNIVARIATE SAMPLE STATISTICS


     UNIVARIATE HIGHER-ORDER MOMENT DESCRIPTIVE STATISTICS

         Variable/         Mean/     Skewness/   Minimum/ % with                Percentiles
        Sample Size      Variance    Kurtosis    Maximum  Min/Max      20%/60%    40%/80%    Median

     A1                    4.552      -0.433       2.000    1.74%       4.000      4.000      5.000
             172.000       0.829      -0.103       6.000   12.79%       5.000      5.000
     A2                    4.442      -0.497       2.000    3.49%       4.000      4.000      5.000
             172.000       0.909      -0.052       6.000   10.47%       5.000      5.000
     A3                    4.145      -0.337       1.000    0.58%       3.000      4.000      4.000
             172.000       0.799      -0.014       6.000    3.49%       4.000      5.000
     B1                    4.110      -0.240       1.000    1.74%       3.000      4.000      4.000
             172.000       1.319      -0.475       6.000   10.47%       5.000      5.000
     B2                    4.407      -0.533       1.000    1.16%       3.000      4.000      5.000
             172.000       1.288      -0.254       6.000   15.70%       5.000      5.000
     B3                    4.390      -0.538       1.000    0.58%       4.000      4.000      5.000
             172.000       1.040       0.027       6.000   11.05%       5.000      5.000
     C1                    4.442      -0.418       1.000    0.58%       4.000      4.000      5.000
             172.000       0.816       0.355       6.000    9.88%       5.000      5.000
     C2                    4.326      -0.231       2.000    4.07%       4.000      4.000      4.000
             172.000       0.999      -0.350       6.000   11.63%       5.000      5.000
     C3                    4.442      -0.634       1.000    1.16%       4.000      4.000      5.000
             172.000       0.944       0.731       6.000   11.05%       5.000      5.000
     D1                    4.831      -0.819       1.000    0.58%       4.000      5.000      5.000
             172.000       0.849       1.283       6.000   23.84%       5.000      6.000
     D2                    4.953      -0.583       2.000    1.16%       4.000      5.000      5.000
             172.000       0.649       0.710       6.000   25.58%       5.000      6.000
     D3                    4.913      -0.344       3.000    4.65%       4.000      5.000      5.000
             172.000       0.673      -0.477       6.000   25.00%       5.000      6.000
     E1                    4.750      -0.452       2.000    1.16%       4.000      5.000      5.000
             172.000       0.781       0.019       6.000   19.77%       5.000      5.000
     E2                    4.884      -0.667       2.000    1.74%       4.000      5.000      5.000
             172.000       0.789       0.528       6.000   25.58%       5.000      6.000
     E3                    4.797      -0.679       1.000    0.58%       4.000      5.000      5.000
             172.000       0.883       0.715       6.000   23.84%       5.000      6.000
     F1                    4.297      -0.544       1.000    1.74%       3.000      4.000      4.000
             172.000       1.441      -0.080       6.000   16.28%       5.000      5.000
     F2                    4.808      -0.739       1.000    0.58%       4.000      5.000      5.000
             172.000       0.992       0.654       6.000   27.33%       5.000      6.000
     F3                    4.703      -0.179       3.000    7.56%       4.000      5.000      5.000
             172.000       0.697      -0.544       6.000   16.86%       5.000      5.000


THE MODEL ESTIMATION TERMINATED NORMALLY



MODEL FIT INFORMATION

Number of Free Parameters                       69

Loglikelihood

          H0 Value                       -3621.794
          H1 Value                       -3524.439

Information Criteria

          Akaike (AIC)                    7381.588
          Bayesian (BIC)                  7598.765
          Sample-Size Adjusted BIC        7380.277
            (n* = (n + 2) / 24)

Chi-Square Test of Model Fit

          Value                            194.711
          Degrees of Freedom                   120
          P-Value                           0.0000

RMSEA (Root Mean Square Error Of Approximation)

          Estimate                           0.060
          90 Percent C.I.                    0.044  0.075
          Probability RMSEA <= .05           0.138

CFI/TLI

          CFI                                0.941
          TLI                                0.925

Chi-Square Test of Model Fit for the Baseline Model

          Value                           1426.771
          Degrees of Freedom                   153
          P-Value                           0.0000

SRMR (Standardized Root Mean Square Residual)

          Value                              0.060



MODEL RESULTS

                                                    Two-Tailed
                    Estimate       S.E.  Est./S.E.    P-Value

 VALUE    BY
    A1                 0.673      0.068      9.881      0.000
    A2                 0.615      0.073      8.441      0.000
    A3                 0.482      0.071      6.825      0.000

 JOBSTYLE BY
    B1                 0.701      0.088      8.002      0.000
    B2                 0.979      0.080     12.226      0.000
    B3                 0.751      0.075     10.026      0.000

 TEAMWORK BY
    C1                 0.612      0.069      8.839      0.000
    C2                 0.754      0.075     10.067      0.000
    C3                 0.609      0.075      8.073      0.000

 LEADERSH BY
    D1                 0.797      0.061     13.165      0.000
    D2                 0.682      0.053     12.808      0.000
    D3                 0.548      0.059      9.259      0.000

 LEARNING BY
    E1                 0.759      0.056     13.576      0.000
    E2                 0.768      0.056     13.688      0.000
    E3                 0.807      0.059     13.565      0.000

 ENVIRONM BY
    F1                 0.559      0.102      5.477      0.000
    F2                 0.668      0.077      8.649      0.000
    F3                 0.659      0.065     10.177      0.000

 JOBSTYLE WITH
    VALUE              0.604      0.077      7.876      0.000

 TEAMWORK WITH
    VALUE              0.565      0.086      6.596      0.000
    JOBSTYLE           0.601      0.073      8.290      0.000

 LEADERSH WITH
    VALUE              0.627      0.072      8.686      0.000
    JOBSTYLE           0.377      0.080      4.701      0.000
    TEAMWORK           0.426      0.084      5.045      0.000

 LEARNING WITH
    VALUE              0.525      0.079      6.652      0.000
    JOBSTYLE           0.491      0.071      6.906      0.000
    TEAMWORK           0.555      0.072      7.695      0.000
    LEADERSH           0.477      0.070      6.814      0.000

 ENVIRONM WITH
    VALUE              0.717      0.076      9.475      0.000
    JOBSTYLE           0.395      0.087      4.512      0.000
    TEAMWORK           0.596      0.083      7.182      0.000
    LEADERSH           0.224      0.094      2.388      0.017
    LEARNING           0.314      0.089      3.533      0.000

 Intercepts
    A1                 4.552      0.069     65.586      0.000
    A2                 4.442      0.073     61.087      0.000
    A3                 4.145      0.068     60.834      0.000
    B1                 4.110      0.088     46.935      0.000
    B2                 4.407      0.087     50.930      0.000
    B3                 4.390      0.078     56.447      0.000
    C1                 4.442      0.069     64.473      0.000
    C2                 4.326      0.076     56.768      0.000
    C3                 4.442      0.074     59.948      0.000
    D1                 4.831      0.070     68.748      0.000
    D2                 4.953      0.061     80.641      0.000
    D3                 4.913      0.063     78.561      0.000
    E1                 4.750      0.067     70.512      0.000
    E2                 4.884      0.068     72.116      0.000
    E3                 4.797      0.072     66.943      0.000
    F1                 4.297      0.092     46.938      0.000
    F2                 4.808      0.076     63.304      0.000
    F3                 4.703      0.064     73.889      0.000

 Variances
    VALUE              1.000      0.000    999.000    999.000
    JOBSTYLE           1.000      0.000    999.000    999.000
    TEAMWORK           1.000      0.000    999.000    999.000
    LEADERSH           1.000      0.000    999.000    999.000
    LEARNING           1.000      0.000    999.000    999.000
    ENVIRONM           1.000      0.000    999.000    999.000

 Residual Variances
    A1                 0.376      0.061      6.187      0.000
    A2                 0.532      0.070      7.544      0.000
    A3                 0.566      0.068      8.271      0.000
    B1                 0.828      0.104      7.973      0.000
    B2                 0.329      0.088      3.727      0.000
    B3                 0.476      0.073      6.512      0.000
    C1                 0.442      0.063      7.024      0.000
    C2                 0.430      0.074      5.808      0.000
    C3                 0.573      0.076      7.569      0.000
    D1                 0.214      0.045      4.772      0.000
    D2                 0.184      0.034      5.379      0.000
    D3                 0.372      0.047      7.983      0.000
    E1                 0.204      0.033      6.134      0.000
    E2                 0.200      0.033      6.008      0.000
    E3                 0.232      0.037      6.224      0.000
    F1                 1.129      0.136      8.304      0.000
    F2                 0.547      0.078      6.990      0.000
    F3                 0.263      0.057      4.634      0.000


STANDARDIZED MODEL RESULTS


STDYX Standardization

                                                    Two-Tailed
                    Estimate       S.E.  Est./S.E.    P-Value

 VALUE    BY
    A1                 0.739      0.051     14.591      0.000
    A2                 0.644      0.057     11.376      0.000
    A3                 0.540      0.065      8.322      0.000

 JOBSTYLE BY
    B1                 0.610      0.058     10.504      0.000
    B2                 0.863      0.041     20.872      0.000
    B3                 0.736      0.049     15.111      0.000

 TEAMWORK BY
    C1                 0.677      0.056     12.178      0.000
    C2                 0.755      0.050     14.976      0.000
    C3                 0.627      0.059     10.595      0.000

 LEADERSH BY
    D1                 0.865      0.032     26.717      0.000
    D2                 0.847      0.033     25.453      0.000
    D3                 0.668      0.050     13.434      0.000

 LEARNING BY
    E1                 0.860      0.027     31.596      0.000
    E2                 0.864      0.027     32.289      0.000
    E3                 0.858      0.027     31.656      0.000

 ENVIRONM BY
    F1                 0.465      0.075      6.217      0.000
    F2                 0.670      0.057     11.739      0.000
    F3                 0.789      0.053     14.822      0.000

 JOBSTYLE WITH
    VALUE              0.604      0.077      7.876      0.000

 TEAMWORK WITH
    VALUE              0.565      0.086      6.596      0.000
    JOBSTYLE           0.601      0.073      8.290      0.000

 LEADERSH WITH
    VALUE              0.627      0.072      8.686      0.000
    JOBSTYLE           0.377      0.080      4.701      0.000
    TEAMWORK           0.426      0.084      5.045      0.000

 LEARNING WITH
    VALUE              0.525      0.079      6.652      0.000
    JOBSTYLE           0.491      0.071      6.906      0.000
    TEAMWORK           0.555      0.072      7.695      0.000
    LEADERSH           0.477      0.070      6.814      0.000

 ENVIRONM WITH
    VALUE              0.717      0.076      9.475      0.000
    JOBSTYLE           0.395      0.087      4.512      0.000
    TEAMWORK           0.596      0.083      7.182      0.000
    LEADERSH           0.224      0.094      2.388      0.017
    LEARNING           0.314      0.089      3.533      0.000

 Intercepts
    A1                 5.001      0.280     17.847      0.000
    A2                 4.658      0.262     17.747      0.000
    A3                 4.639      0.261     17.741      0.000
    B1                 3.579      0.207     17.249      0.000
    B2                 3.883      0.223     17.428      0.000
    B3                 4.304      0.244     17.620      0.000
    C1                 4.916      0.276     17.824      0.000
    C2                 4.329      0.246     17.630      0.000
    C3                 4.571      0.258     17.719      0.000
    D1                 5.242      0.293     17.907      0.000
    D2                 6.149      0.340     18.075      0.000
    D3                 5.990      0.332     18.051      0.000
    E1                 5.377      0.300     17.937      0.000
    E2                 5.499      0.306     17.963      0.000
    E3                 5.104      0.286     17.874      0.000
    F1                 3.579      0.207     17.249      0.000
    F2                 4.827      0.271     17.799      0.000
    F3                 5.634      0.313     17.989      0.000

 Variances
    VALUE              1.000      0.000    999.000    999.000
    JOBSTYLE           1.000      0.000    999.000    999.000
    TEAMWORK           1.000      0.000    999.000    999.000
    LEADERSH           1.000      0.000    999.000    999.000
    LEARNING           1.000      0.000    999.000    999.000
    ENVIRONM           1.000      0.000    999.000    999.000

 Residual Variances
    A1                 0.454      0.075      6.064      0.000
    A2                 0.585      0.073      8.006      0.000
    A3                 0.709      0.070     10.119      0.000
    B1                 0.628      0.071      8.851      0.000
    B2                 0.256      0.071      3.588      0.000
    B3                 0.458      0.072      6.381      0.000
    C1                 0.542      0.075      7.199      0.000
    C2                 0.430      0.076      5.656      0.000
    C3                 0.607      0.074      8.172      0.000
    D1                 0.251      0.056      4.486      0.000
    D2                 0.283      0.056      5.024      0.000
    D3                 0.553      0.067      8.318      0.000
    E1                 0.261      0.047      5.579      0.000
    E2                 0.253      0.046      5.467      0.000
    E3                 0.263      0.047      5.650      0.000
    F1                 0.783      0.070     11.244      0.000
    F2                 0.551      0.077      7.201      0.000
    F3                 0.378      0.084      4.498      0.000


STDY Standardization

                                                    Two-Tailed
                    Estimate       S.E.  Est./S.E.    P-Value

 VALUE    BY
    A1                 0.739      0.051     14.591      0.000
    A2                 0.644      0.057     11.376      0.000
    A3                 0.540      0.065      8.322      0.000

 JOBSTYLE BY
    B1                 0.610      0.058     10.504      0.000
    B2                 0.863      0.041     20.872      0.000
    B3                 0.736      0.049     15.111      0.000

 TEAMWORK BY
    C1                 0.677      0.056     12.178      0.000
    C2                 0.755      0.050     14.976      0.000
    C3                 0.627      0.059     10.595      0.000

 LEADERSH BY
    D1                 0.865      0.032     26.717      0.000
    D2                 0.847      0.033     25.453      0.000
    D3                 0.668      0.050     13.434      0.000

 LEARNING BY
    E1                 0.860      0.027     31.596      0.000
    E2                 0.864      0.027     32.289      0.000
    E3                 0.858      0.027     31.656      0.000

 ENVIRONM BY
    F1                 0.465      0.075      6.217      0.000
    F2                 0.670      0.057     11.739      0.000
    F3                 0.789      0.053     14.822      0.000

 JOBSTYLE WITH
    VALUE              0.604      0.077      7.876      0.000

 TEAMWORK WITH
    VALUE              0.565      0.086      6.596      0.000
    JOBSTYLE           0.601      0.073      8.290      0.000

 LEADERSH WITH
    VALUE              0.627      0.072      8.686      0.000
    JOBSTYLE           0.377      0.080      4.701      0.000
    TEAMWORK           0.426      0.084      5.045      0.000

 LEARNING WITH
    VALUE              0.525      0.079      6.652      0.000
    JOBSTYLE           0.491      0.071      6.906      0.000
    TEAMWORK           0.555      0.072      7.695      0.000
    LEADERSH           0.477      0.070      6.814      0.000

 ENVIRONM WITH
    VALUE              0.717      0.076      9.475      0.000
    JOBSTYLE           0.395      0.087      4.512      0.000
    TEAMWORK           0.596      0.083      7.182      0.000
    LEADERSH           0.224      0.094      2.388      0.017
    LEARNING           0.314      0.089      3.533      0.000

 Intercepts
    A1                 5.001      0.280     17.847      0.000
    A2                 4.658      0.262     17.747      0.000
    A3                 4.639      0.261     17.741      0.000
    B1                 3.579      0.207     17.249      0.000
    B2                 3.883      0.223     17.428      0.000
    B3                 4.304      0.244     17.620      0.000
    C1                 4.916      0.276     17.824      0.000
    C2                 4.329      0.246     17.630      0.000
    C3                 4.571      0.258     17.719      0.000
    D1                 5.242      0.293     17.907      0.000
    D2                 6.149      0.340     18.075      0.000
    D3                 5.990      0.332     18.051      0.000
    E1                 5.377      0.300     17.937      0.000
    E2                 5.499      0.306     17.963      0.000
    E3                 5.104      0.286     17.874      0.000
    F1                 3.579      0.207     17.249      0.000
    F2                 4.827      0.271     17.799      0.000
    F3                 5.634      0.313     17.989      0.000

 Variances
    VALUE              1.000      0.000    999.000    999.000
    JOBSTYLE           1.000      0.000    999.000    999.000
    TEAMWORK           1.000      0.000    999.000    999.000
    LEADERSH           1.000      0.000    999.000    999.000
    LEARNING           1.000      0.000    999.000    999.000
    ENVIRONM           1.000      0.000    999.000    999.000

 Residual Variances
    A1                 0.454      0.075      6.064      0.000
    A2                 0.585      0.073      8.006      0.000
    A3                 0.709      0.070     10.119      0.000
    B1                 0.628      0.071      8.851      0.000
    B2                 0.256      0.071      3.588      0.000
    B3                 0.458      0.072      6.381      0.000
    C1                 0.542      0.075      7.199      0.000
    C2                 0.430      0.076      5.656      0.000
    C3                 0.607      0.074      8.172      0.000
    D1                 0.251      0.056      4.486      0.000
    D2                 0.283      0.056      5.024      0.000
    D3                 0.553      0.067      8.318      0.000
    E1                 0.261      0.047      5.579      0.000
    E2                 0.253      0.046      5.467      0.000
    E3                 0.263      0.047      5.650      0.000
    F1                 0.783      0.070     11.244      0.000
    F2                 0.551      0.077      7.201      0.000
    F3                 0.378      0.084      4.498      0.000


STD Standardization

                                                    Two-Tailed
                    Estimate       S.E.  Est./S.E.    P-Value

 VALUE    BY
    A1                 0.673      0.068      9.881      0.000
    A2                 0.615      0.073      8.441      0.000
    A3                 0.482      0.071      6.825      0.000

 JOBSTYLE BY
    B1                 0.701      0.088      8.002      0.000
    B2                 0.979      0.080     12.226      0.000
    B3                 0.751      0.075     10.026      0.000

 TEAMWORK BY
    C1                 0.612      0.069      8.839      0.000
    C2                 0.754      0.075     10.067      0.000
    C3                 0.609      0.075      8.073      0.000

 LEADERSH BY
    D1                 0.797      0.061     13.165      0.000
    D2                 0.682      0.053     12.808      0.000
    D3                 0.548      0.059      9.259      0.000

 LEARNING BY
    E1                 0.759      0.056     13.576      0.000
    E2                 0.768      0.056     13.688      0.000
    E3                 0.807      0.059     13.565      0.000

 ENVIRONM BY
    F1                 0.559      0.102      5.477      0.000
    F2                 0.668      0.077      8.649      0.000
    F3                 0.659      0.065     10.177      0.000

 JOBSTYLE WITH
    VALUE              0.604      0.077      7.876      0.000

 TEAMWORK WITH
    VALUE              0.565      0.086      6.596      0.000
    JOBSTYLE           0.601      0.073      8.290      0.000

 LEADERSH WITH
    VALUE              0.627      0.072      8.686      0.000
    JOBSTYLE           0.377      0.080      4.701      0.000
    TEAMWORK           0.426      0.084      5.045      0.000

 LEARNING WITH
    VALUE              0.525      0.079      6.652      0.000
    JOBSTYLE           0.491      0.071      6.906      0.000
    TEAMWORK           0.555      0.072      7.695      0.000
    LEADERSH           0.477      0.070      6.814      0.000

 ENVIRONM WITH
    VALUE              0.717      0.076      9.475      0.000
    JOBSTYLE           0.395      0.087      4.512      0.000
    TEAMWORK           0.596      0.083      7.182      0.000
    LEADERSH           0.224      0.094      2.388      0.017
    LEARNING           0.314      0.089      3.533      0.000

 Intercepts
    A1                 4.552      0.069     65.586      0.000
    A2                 4.442      0.073     61.087      0.000
    A3                 4.145      0.068     60.834      0.000
    B1                 4.110      0.088     46.935      0.000
    B2                 4.407      0.087     50.930      0.000
    B3                 4.390      0.078     56.447      0.000
    C1                 4.442      0.069     64.473      0.000
    C2                 4.326      0.076     56.768      0.000
    C3                 4.442      0.074     59.948      0.000
    D1                 4.831      0.070     68.748      0.000
    D2                 4.953      0.061     80.641      0.000
    D3                 4.913      0.063     78.561      0.000
    E1                 4.750      0.067     70.512      0.000
    E2                 4.884      0.068     72.116      0.000
    E3                 4.797      0.072     66.943      0.000
    F1                 4.297      0.092     46.938      0.000
    F2                 4.808      0.076     63.304      0.000
    F3                 4.703      0.064     73.889      0.000

 Variances
    VALUE              1.000      0.000    999.000    999.000
    JOBSTYLE           1.000      0.000    999.000    999.000
    TEAMWORK           1.000      0.000    999.000    999.000
    LEADERSH           1.000      0.000    999.000    999.000
    LEARNING           1.000      0.000    999.000    999.000
    ENVIRONM           1.000      0.000    999.000    999.000

 Residual Variances
    A1                 0.376      0.061      6.187      0.000
    A2                 0.532      0.070      7.544      0.000
    A3                 0.566      0.068      8.271      0.000
    B1                 0.828      0.104      7.973      0.000
    B2                 0.329      0.088      3.727      0.000
    B3                 0.476      0.073      6.512      0.000
    C1                 0.442      0.063      7.024      0.000
    C2                 0.430      0.074      5.808      0.000
    C3                 0.573      0.076      7.569      0.000
    D1                 0.214      0.045      4.772      0.000
    D2                 0.184      0.034      5.379      0.000
    D3                 0.372      0.047      7.983      0.000
    E1                 0.204      0.033      6.134      0.000
    E2                 0.200      0.033      6.008      0.000
    E3                 0.232      0.037      6.224      0.000
    F1                 1.129      0.136      8.304      0.000
    F2                 0.547      0.078      6.990      0.000
    F3                 0.263      0.057      4.634      0.000


R-SQUARE

    Observed                                        Two-Tailed
    Variable        Estimate       S.E.  Est./S.E.    P-Value

    A1                 0.546      0.075      7.295      0.000
    A2                 0.415      0.073      5.688      0.000
    A3                 0.291      0.070      4.161      0.000
    B1                 0.372      0.071      5.252      0.000
    B2                 0.744      0.071     10.436      0.000
    B3                 0.542      0.072      7.555      0.000
    C1                 0.458      0.075      6.089      0.000
    C2                 0.570      0.076      7.488      0.000
    C3                 0.393      0.074      5.297      0.000
    D1                 0.749      0.056     13.359      0.000
    D2                 0.717      0.056     12.727      0.000
    D3                 0.447      0.067      6.717      0.000
    E1                 0.739      0.047     15.798      0.000
    E2                 0.747      0.046     16.145      0.000
    E3                 0.737      0.047     15.828      0.000
    F1                 0.217      0.070      3.108      0.002
    F2                 0.449      0.077      5.869      0.000
    F3                 0.622      0.084      7.411      0.000


QUALITY OF NUMERICAL RESULTS

     Condition Number for the Information Matrix              0.615E-02
       (ratio of smallest to largest eigenvalue)


DIAGRAM INFORMATION

  Use View Diagram under the Diagram menu in the Mplus Editor to view the diagram.
  If running Mplus from the Mplus Diagrammer, the diagram opens automatically.

  Diagram output
    c:\sem\ch09\mplus\ch09m.dgm

     Beginning Time:  00:25:56
        Ending Time:  00:25:56
       Elapsed Time:  00:00:00



MUTHEN & MUTHEN
3463 Stoner Ave.
Los Angeles, CA  90066

Tel: (310) 391-9971
Fax: (310) 391-8971
Web: www.StatModel.com
Support: Support@StatModel.com

Copyright (c) 1998-2017 Muthen & Muthen
