Mplus VERSION 8
MUTHEN & MUTHEN
04/05/2018  11:22 PM

INPUT INSTRUCTIONS

  TITLE:	Ch11 One Factor LGM
  DATA:   	FILE IS Ch11a.cov; TYPE=COVA means; NOBS = 200;
  VARIABLE:	NAMES ARE RT1-RT4;
  MODEL:      I | RT1@1 RT2@1 RT3@1 RT4@1;
  !            RT1-RT4 (EQ);    !•O¥›Æt≈‹≤ß¨€µ•
  OUTPUT:     TECH1; SAMPSTAT;



INPUT READING TERMINATED NORMALLY



Ch11 One Factor LGM

SUMMARY OF ANALYSIS

Number of groups                                                 1
Number of observations                                         200

Number of dependent variables                                    4
Number of independent variables                                  0
Number of continuous latent variables                            1

Observed dependent variables

  Continuous
   RT1         RT2         RT3         RT4

Continuous latent variables
   I


Estimator                                                       ML
Information matrix                                        EXPECTED
Maximum number of iterations                                  1000
Convergence criterion                                    0.500D-04
Maximum number of steepest descent iterations                   20

Input data file(s)
  Ch11a.cov

Input data format  FREE


SAMPLE STATISTICS


     SAMPLE STATISTICS


           Means/Intercepts/Thresholds
              RT1           RT2           RT3           RT4
              ________      ________      ________      ________
               37.480        53.300        54.820        52.630


           Covariances/Correlations/Residual Correlations
              RT1           RT2           RT3           RT4
              ________      ________      ________      ________
 RT1          307.460
 RT2          296.520       377.210
 RT3          295.020       365.100       392.470
 RT4          291.020       355.880       358.250       376.840


THE MODEL ESTIMATION TERMINATED NORMALLY



MODEL FIT INFORMATION

Number of Free Parameters                        6

Loglikelihood

          H0 Value                       -3044.936
          H1 Value                       -2877.892

Information Criteria

          Akaike (AIC)                    6101.872
          Bayesian (BIC)                  6121.662
          Sample-Size Adjusted BIC        6102.653
            (n* = (n + 2) / 24)

Chi-Square Test of Model Fit

          Value                            334.088
          Degrees of Freedom                     8
          P-Value                           0.0000

RMSEA (Root Mean Square Error Of Approximation)

          Estimate                           0.451
          90 Percent C.I.                    0.411  0.493
          Probability RMSEA <= .05           0.000

CFI/TLI

          CFI                                0.732
          TLI                                0.799

Chi-Square Test of Model Fit for the Baseline Model

          Value                           1223.593
          Degrees of Freedom                     6
          P-Value                           0.0000

SRMR (Standardized Root Mean Square Residual)

          Value                              0.420



MODEL RESULTS

                                                    Two-Tailed
                    Estimate       S.E.  Est./S.E.    P-Value

 I        |
    RT1                1.000      0.000    999.000    999.000
    RT2                1.000      0.000    999.000    999.000
    RT3                1.000      0.000    999.000    999.000
    RT4                1.000      0.000    999.000    999.000

 Means
    I                 53.152      1.346     39.476      0.000

 Intercepts
    RT1                0.000      0.000    999.000    999.000
    RT2                0.000      0.000    999.000    999.000
    RT3                0.000      0.000    999.000    999.000
    RT4                0.000      0.000    999.000    999.000

 Variances
    I                355.786     36.264      9.811      0.000

 Residual Variances
    RT1              331.161     33.803      9.797      0.000
    RT2               13.364      2.919      4.578      0.000
    RT3               30.244      4.043      7.481      0.000
    RT4               27.550      3.833      7.188      0.000


QUALITY OF NUMERICAL RESULTS

     Condition Number for the Information Matrix              0.123E-01
       (ratio of smallest to largest eigenvalue)


TECHNICAL 1 OUTPUT


     PARAMETER SPECIFICATION


           NU
              RT1           RT2           RT3           RT4
              ________      ________      ________      ________
                  0             0             0             0


           LAMBDA
              I
              ________
 RT1                0
 RT2                0
 RT3                0
 RT4                0


           THETA
              RT1           RT2           RT3           RT4
              ________      ________      ________      ________
 RT1                1
 RT2                0             2
 RT3                0             0             3
 RT4                0             0             0             4


           ALPHA
              I
              ________
                  5


           BETA
              I
              ________
 I                  0


           PSI
              I
              ________
 I                  6


     STARTING VALUES


           NU
              RT1           RT2           RT3           RT4
              ________      ________      ________      ________
                0.000         0.000         0.000         0.000


           LAMBDA
              I
              ________
 RT1            1.000
 RT2            1.000
 RT3            1.000
 RT4            1.000


           THETA
              RT1           RT2           RT3           RT4
              ________      ________      ________      ________
 RT1          153.730
 RT2            0.000       188.605
 RT3            0.000         0.000       196.235
 RT4            0.000         0.000         0.000       188.420


           ALPHA
              I
              ________
                0.000


           BETA
              I
              ________
 I              0.000


           PSI
              I
              ________
 I              0.050


DIAGRAM INFORMATION

  Use View Diagram under the Diagram menu in the Mplus Editor to view the diagram.
  If running Mplus from the Mplus Diagrammer, the diagram opens automatically.

  Diagram output
    c:\sem\ch11\mplus\ch11a.dgm

     Beginning Time:  23:22:42
        Ending Time:  23:22:42
       Elapsed Time:  00:00:00



MUTHEN & MUTHEN
3463 Stoner Ave.
Los Angeles, CA  90066

Tel: (310) 391-9971
Fax: (310) 391-8971
Web: www.StatModel.com
Support: Support@StatModel.com

Copyright (c) 1998-2017 Muthen & Muthen
